[0.222s] [34mcolcon[0m [1;30mDEBUG[0m [32mCommand line arguments: ['/usr/bin/colcon', 'build'][0m
[0.223s] [34mcolcon[0m [1;30mDEBUG[0m [32mParsed command line arguments: Namespace(log_base=None, log_level=None, verb_name='build', build_base='build', install_base='install', merge_install=False, symlink_install=False, test_result_base=None, continue_on_error=False, executor='parallel', parallel_workers=8, event_handlers=None, ignore_user_meta=False, metas=['./colcon.meta'], base_paths=['.'], packages_ignore=None, packages_ignore_regex=None, paths=None, packages_up_to=None, packages_up_to_regex=None, packages_above=None, packages_above_and_dependencies=None, packages_above_depth=None, packages_select_by_dep=None, packages_skip_by_dep=None, packages_skip_up_to=None, packages_select_build_failed=False, packages_skip_build_finished=False, packages_select_test_failures=False, packages_skip_test_passed=False, packages_select=None, packages_skip=None, packages_select_regex=None, packages_skip_regex=None, packages_start=None, packages_end=None, allow_overriding=[], cmake_args=None, cmake_target=None, cmake_target_skip_unavailable=False, cmake_clean_cache=False, cmake_clean_first=False, cmake_force_configure=False, ament_cmake_args=None, catkin_cmake_args=None, catkin_skip_building_tests=False, mixin_files=None, mixin=None, verb_parser=<colcon_mixin.mixin.mixin_argument.MixinArgumentDecorator object at 0xffff8a435090>, verb_extension=<colcon_core.verb.build.BuildVerb object at 0xffff8a5ee6e0>, main=<bound method BuildVerb.main of <colcon_core.verb.build.BuildVerb object at 0xffff8a5ee6e0>>, mixin_verb=('build',))[0m
[0.545s] [34mcolcon.colcon_core.package_discovery[0m [1;30mLevel 1[0m discover_packages(colcon_meta) check parameters
[0.545s] [34mcolcon.colcon_core.package_discovery[0m [1;30mLevel 1[0m discover_packages(recursive) check parameters
[0.545s] [34mcolcon.colcon_core.package_discovery[0m [1;30mLevel 1[0m discover_packages(ignore) check parameters
[0.545s] [34mcolcon.colcon_core.package_discovery[0m [1;30mLevel 1[0m discover_packages(path) check parameters
[0.545s] [34mcolcon.colcon_core.package_discovery[0m [1;30mLevel 1[0m discover_packages(colcon_meta) discover
[0.546s] [34mcolcon.colcon_core.package_discovery[0m [1;30mLevel 1[0m discover_packages(recursive) discover
[0.546s] [34mcolcon.colcon_core.package_discovery[0m [1;30mINFO[0m Crawling recursively for packages in '/home/robocatsorin/Desktop/RobotCode2025/ros2_ws'
[0.546s] [34mcolcon.colcon_core.package_identification[0m [1;30mLevel 1[0m _identify(.) by extensions ['ignore', 'ignore_ament_install']
[0.546s] [34mcolcon.colcon_core.package_identification[0m [1;30mLevel 1[0m _identify(.) by extension 'ignore'
[0.546s] [34mcolcon.colcon_core.package_identification[0m [1;30mLevel 1[0m _identify(.) by extension 'ignore_ament_install'
[0.546s] [34mcolcon.colcon_core.package_identification[0m [1;30mLevel 1[0m _identify(.) by extensions ['colcon_pkg']
[0.546s] [34mcolcon.colcon_core.package_identification[0m [1;30mLevel 1[0m _identify(.) by extension 'colcon_pkg'
[0.546s] [34mcolcon.colcon_core.package_identification[0m [1;30mLevel 1[0m _identify(.) by extensions ['colcon_meta']
[0.547s] [34mcolcon.colcon_core.package_identification[0m [1;30mLevel 1[0m _identify(.) by extension 'colcon_meta'
[0.547s] [34mcolcon.colcon_core.package_identification[0m [1;30mLevel 1[0m _identify(.) by extensions ['ros']
[0.547s] [34mcolcon.colcon_core.package_identification[0m [1;30mLevel 1[0m _identify(.) by extension 'ros'
[0.567s] [34mcolcon.colcon_core.package_identification[0m [1;30mLevel 1[0m _identify(.) by extensions ['cmake', 'python']
[0.567s] [34mcolcon.colcon_core.package_identification[0m [1;30mLevel 1[0m _identify(.) by extension 'cmake'
[0.567s] [34mcolcon.colcon_core.package_identification[0m [1;30mLevel 1[0m _identify(.) by extension 'python'
[0.567s] [34mcolcon.colcon_core.package_identification[0m [1;30mLevel 1[0m _identify(.) by extensions ['python_setup_py']
[0.568s] [34mcolcon.colcon_core.package_identification[0m [1;30mLevel 1[0m _identify(.) by extension 'python_setup_py'
[0.568s] [34mcolcon.colcon_core.package_identification[0m [1;30mLevel 1[0m _identify(build) by extensions ['ignore', 'ignore_ament_install']
[0.568s] [34mcolcon.colcon_core.package_identification[0m [1;30mLevel 1[0m _identify(build) by extension 'ignore'
[0.568s] [34mcolcon.colcon_core.package_identification[0m [1;30mLevel 1[0m _identify(build) ignored
[0.568s] [34mcolcon.colcon_core.package_identification[0m [1;30mLevel 1[0m _identify(install) by extensions ['ignore', 'ignore_ament_install']
[0.569s] [34mcolcon.colcon_core.package_identification[0m [1;30mLevel 1[0m _identify(install) by extension 'ignore'
[0.569s] [34mcolcon.colcon_core.package_identification[0m [1;30mLevel 1[0m _identify(install) ignored
[0.569s] [34mcolcon.colcon_core.package_identification[0m [1;30mLevel 1[0m _identify(launch) by extensions ['ignore', 'ignore_ament_install']
[0.569s] [34mcolcon.colcon_core.package_identification[0m [1;30mLevel 1[0m _identify(launch) by extension 'ignore'
[0.569s] [34mcolcon.colcon_core.package_identification[0m [1;30mLevel 1[0m _identify(launch) by extension 'ignore_ament_install'
[0.569s] [34mcolcon.colcon_core.package_identification[0m [1;30mLevel 1[0m _identify(launch) by extensions ['colcon_pkg']
[0.569s] [34mcolcon.colcon_core.package_identification[0m [1;30mLevel 1[0m _identify(launch) by extension 'colcon_pkg'
[0.569s] [34mcolcon.colcon_core.package_identification[0m [1;30mLevel 1[0m _identify(launch) by extensions ['colcon_meta']
[0.570s] [34mcolcon.colcon_core.package_identification[0m [1;30mLevel 1[0m _identify(launch) by extension 'colcon_meta'
[0.570s] [34mcolcon.colcon_core.package_identification[0m [1;30mLevel 1[0m _identify(launch) by extensions ['ros']
[0.570s] [34mcolcon.colcon_core.package_identification[0m [1;30mLevel 1[0m _identify(launch) by extension 'ros'
[0.570s] [34mcolcon.colcon_core.package_identification[0m [1;30mLevel 1[0m _identify(launch) by extensions ['cmake', 'python']
[0.570s] [34mcolcon.colcon_core.package_identification[0m [1;30mLevel 1[0m _identify(launch) by extension 'cmake'
[0.570s] [34mcolcon.colcon_core.package_identification[0m [1;30mLevel 1[0m _identify(launch) by extension 'python'
[0.570s] [34mcolcon.colcon_core.package_identification[0m [1;30mLevel 1[0m _identify(launch) by extensions ['python_setup_py']
[0.570s] [34mcolcon.colcon_core.package_identification[0m [1;30mLevel 1[0m _identify(launch) by extension 'python_setup_py'
[0.570s] [34mcolcon.colcon_core.package_identification[0m [1;30mLevel 1[0m _identify(launch/__pycache__) by extensions ['ignore', 'ignore_ament_install']
[0.570s] [34mcolcon.colcon_core.package_identification[0m [1;30mLevel 1[0m _identify(launch/__pycache__) by extension 'ignore'
[0.571s] [34mcolcon.colcon_core.package_identification[0m [1;30mLevel 1[0m _identify(launch/__pycache__) by extension 'ignore_ament_install'
[0.571s] [34mcolcon.colcon_core.package_identification[0m [1;30mLevel 1[0m _identify(launch/__pycache__) by extensions ['colcon_pkg']
[0.571s] [34mcolcon.colcon_core.package_identification[0m [1;30mLevel 1[0m _identify(launch/__pycache__) by extension 'colcon_pkg'
[0.571s] [34mcolcon.colcon_core.package_identification[0m [1;30mLevel 1[0m _identify(launch/__pycache__) by extensions ['colcon_meta']
[0.571s] [34mcolcon.colcon_core.package_identification[0m [1;30mLevel 1[0m _identify(launch/__pycache__) by extension 'colcon_meta'
[0.571s] [34mcolcon.colcon_core.package_identification[0m [1;30mLevel 1[0m _identify(launch/__pycache__) by extensions ['ros']
[0.571s] [34mcolcon.colcon_core.package_identification[0m [1;30mLevel 1[0m _identify(launch/__pycache__) by extension 'ros'
[0.571s] [34mcolcon.colcon_core.package_identification[0m [1;30mLevel 1[0m _identify(launch/__pycache__) by extensions ['cmake', 'python']
[0.571s] [34mcolcon.colcon_core.package_identification[0m [1;30mLevel 1[0m _identify(launch/__pycache__) by extension 'cmake'
[0.571s] [34mcolcon.colcon_core.package_identification[0m [1;30mLevel 1[0m _identify(launch/__pycache__) by extension 'python'
[0.571s] [34mcolcon.colcon_core.package_identification[0m [1;30mLevel 1[0m _identify(launch/__pycache__) by extensions ['python_setup_py']
[0.572s] [34mcolcon.colcon_core.package_identification[0m [1;30mLevel 1[0m _identify(launch/__pycache__) by extension 'python_setup_py'
[0.572s] [34mcolcon.colcon_core.package_identification[0m [1;30mLevel 1[0m _identify(log) by extensions ['ignore', 'ignore_ament_install']
[0.572s] [34mcolcon.colcon_core.package_identification[0m [1;30mLevel 1[0m _identify(log) by extension 'ignore'
[0.572s] [34mcolcon.colcon_core.package_identification[0m [1;30mLevel 1[0m _identify(log) ignored
[0.572s] [34mcolcon.colcon_core.package_identification[0m [1;30mLevel 1[0m _identify(models) by extensions ['ignore', 'ignore_ament_install']
[0.572s] [34mcolcon.colcon_core.package_identification[0m [1;30mLevel 1[0m _identify(models) by extension 'ignore'
[0.573s] [34mcolcon.colcon_core.package_identification[0m [1;30mLevel 1[0m _identify(models) by extension 'ignore_ament_install'
[0.573s] [34mcolcon.colcon_core.package_identification[0m [1;30mLevel 1[0m _identify(models) by extensions ['colcon_pkg']
[0.573s] [34mcolcon.colcon_core.package_identification[0m [1;30mLevel 1[0m _identify(models) by extension 'colcon_pkg'
[0.573s] [34mcolcon.colcon_core.package_identification[0m [1;30mLevel 1[0m _identify(models) by extensions ['colcon_meta']
[0.573s] [34mcolcon.colcon_core.package_identification[0m [1;30mLevel 1[0m _identify(models) by extension 'colcon_meta'
[0.573s] [34mcolcon.colcon_core.package_identification[0m [1;30mLevel 1[0m _identify(models) by extensions ['ros']
[0.573s] [34mcolcon.colcon_core.package_identification[0m [1;30mLevel 1[0m _identify(models) by extension 'ros'
[0.573s] [34mcolcon.colcon_core.package_identification[0m [1;30mLevel 1[0m _identify(models) by extensions ['cmake', 'python']
[0.573s] [34mcolcon.colcon_core.package_identification[0m [1;30mLevel 1[0m _identify(models) by extension 'cmake'
[0.573s] [34mcolcon.colcon_core.package_identification[0m [1;30mLevel 1[0m _identify(models) by extension 'python'
[0.573s] [34mcolcon.colcon_core.package_identification[0m [1;30mLevel 1[0m _identify(models) by extensions ['python_setup_py']
[0.574s] [34mcolcon.colcon_core.package_identification[0m [1;30mLevel 1[0m _identify(models) by extension 'python_setup_py'
[0.574s] [34mcolcon.colcon_core.package_identification[0m [1;30mLevel 1[0m _identify(src) by extensions ['ignore', 'ignore_ament_install']
[0.574s] [34mcolcon.colcon_core.package_identification[0m [1;30mLevel 1[0m _identify(src) by extension 'ignore'
[0.574s] [34mcolcon.colcon_core.package_identification[0m [1;30mLevel 1[0m _identify(src) by extension 'ignore_ament_install'
[0.574s] [34mcolcon.colcon_core.package_identification[0m [1;30mLevel 1[0m _identify(src) by extensions ['colcon_pkg']
[0.574s] [34mcolcon.colcon_core.package_identification[0m [1;30mLevel 1[0m _identify(src) by extension 'colcon_pkg'
[0.574s] [34mcolcon.colcon_core.package_identification[0m [1;30mLevel 1[0m _identify(src) by extensions ['colcon_meta']
[0.574s] [34mcolcon.colcon_core.package_identification[0m [1;30mLevel 1[0m _identify(src) by extension 'colcon_meta'
[0.574s] [34mcolcon.colcon_core.package_identification[0m [1;30mLevel 1[0m _identify(src) by extensions ['ros']
[0.574s] [34mcolcon.colcon_core.package_identification[0m [1;30mLevel 1[0m _identify(src) by extension 'ros'
[0.575s] [34mcolcon.colcon_core.package_identification[0m [1;30mLevel 1[0m _identify(src) by extensions ['cmake', 'python']
[0.575s] [34mcolcon.colcon_core.package_identification[0m [1;30mLevel 1[0m _identify(src) by extension 'cmake'
[0.575s] [34mcolcon.colcon_core.package_identification[0m [1;30mLevel 1[0m _identify(src) by extension 'python'
[0.575s] [34mcolcon.colcon_core.package_identification[0m [1;30mLevel 1[0m _identify(src) by extensions ['python_setup_py']
[0.575s] [34mcolcon.colcon_core.package_identification[0m [1;30mLevel 1[0m _identify(src) by extension 'python_setup_py'
[0.575s] [34mcolcon.colcon_core.package_identification[0m [1;30mLevel 1[0m _identify(src/cpp_subcontroller) by extensions ['ignore', 'ignore_ament_install']
[0.575s] [34mcolcon.colcon_core.package_identification[0m [1;30mLevel 1[0m _identify(src/cpp_subcontroller) by extension 'ignore'
[0.575s] [34mcolcon.colcon_core.package_identification[0m [1;30mLevel 1[0m _identify(src/cpp_subcontroller) by extension 'ignore_ament_install'
[0.575s] [34mcolcon.colcon_core.package_identification[0m [1;30mLevel 1[0m _identify(src/cpp_subcontroller) by extensions ['colcon_pkg']
[0.575s] [34mcolcon.colcon_core.package_identification[0m [1;30mLevel 1[0m _identify(src/cpp_subcontroller) by extension 'colcon_pkg'
[0.576s] [34mcolcon.colcon_core.package_identification[0m [1;30mLevel 1[0m _identify(src/cpp_subcontroller) by extensions ['colcon_meta']
[0.576s] [34mcolcon.colcon_core.package_identification[0m [1;30mLevel 1[0m _identify(src/cpp_subcontroller) by extension 'colcon_meta'
[0.576s] [34mcolcon.colcon_core.package_identification[0m [1;30mLevel 1[0m _identify(src/cpp_subcontroller) by extensions ['ros']
[0.576s] [34mcolcon.colcon_core.package_identification[0m [1;30mLevel 1[0m _identify(src/cpp_subcontroller) by extension 'ros'
[0.600s] [34mcolcon.colcon_core.package_identification[0m [1;30mDEBUG[0m [32mPackage 'src/cpp_subcontroller' with type 'ros.ament_cmake' and name 'cpp_subcontroller'[0m
[0.600s] [34mcolcon.colcon_core.package_identification[0m [1;30mLevel 1[0m _identify(src/custom_interfaces) by extensions ['ignore', 'ignore_ament_install']
[0.601s] [34mcolcon.colcon_core.package_identification[0m [1;30mLevel 1[0m _identify(src/custom_interfaces) by extension 'ignore'
[0.601s] [34mcolcon.colcon_core.package_identification[0m [1;30mLevel 1[0m _identify(src/custom_interfaces) by extension 'ignore_ament_install'
[0.601s] [34mcolcon.colcon_core.package_identification[0m [1;30mLevel 1[0m _identify(src/custom_interfaces) by extensions ['colcon_pkg']
[0.601s] [34mcolcon.colcon_core.package_identification[0m [1;30mLevel 1[0m _identify(src/custom_interfaces) by extension 'colcon_pkg'
[0.601s] [34mcolcon.colcon_core.package_identification[0m [1;30mLevel 1[0m _identify(src/custom_interfaces) by extensions ['colcon_meta']
[0.601s] [34mcolcon.colcon_core.package_identification[0m [1;30mLevel 1[0m _identify(src/custom_interfaces) by extension 'colcon_meta'
[0.601s] [34mcolcon.colcon_core.package_identification[0m [1;30mLevel 1[0m _identify(src/custom_interfaces) by extensions ['ros']
[0.601s] [34mcolcon.colcon_core.package_identification[0m [1;30mLevel 1[0m _identify(src/custom_interfaces) by extension 'ros'
[0.603s] [34mcolcon.colcon_core.package_identification[0m [1;30mDEBUG[0m [32mPackage 'src/custom_interfaces' with type 'ros.ament_cmake' and name 'custom_interfaces'[0m
[0.603s] [34mcolcon.colcon_core.package_identification[0m [1;30mLevel 1[0m _identify(src/py_motors) by extensions ['ignore', 'ignore_ament_install']
[0.603s] [34mcolcon.colcon_core.package_identification[0m [1;30mLevel 1[0m _identify(src/py_motors) by extension 'ignore'
[0.603s] [34mcolcon.colcon_core.package_identification[0m [1;30mLevel 1[0m _identify(src/py_motors) by extension 'ignore_ament_install'
[0.603s] [34mcolcon.colcon_core.package_identification[0m [1;30mLevel 1[0m _identify(src/py_motors) by extensions ['colcon_pkg']
[0.603s] [34mcolcon.colcon_core.package_identification[0m [1;30mLevel 1[0m _identify(src/py_motors) by extension 'colcon_pkg'
[0.604s] [34mcolcon.colcon_core.package_identification[0m [1;30mLevel 1[0m _identify(src/py_motors) by extensions ['colcon_meta']
[0.604s] [34mcolcon.colcon_core.package_identification[0m [1;30mLevel 1[0m _identify(src/py_motors) by extension 'colcon_meta'
[0.604s] [34mcolcon.colcon_core.package_identification[0m [1;30mLevel 1[0m _identify(src/py_motors) by extensions ['ros']
[0.604s] [34mcolcon.colcon_core.package_identification[0m [1;30mLevel 1[0m _identify(src/py_motors) by extension 'ros'
[0.605s] [34mcolcon.colcon_core.package_identification[0m [1;30mDEBUG[0m [32mPackage 'src/py_motors' with type 'ros.ament_python' and name 'py_motors'[0m
[0.605s] [34mcolcon.colcon_core.package_identification[0m [1;30mLevel 1[0m _identify(src/py_objectdetection) by extensions ['ignore', 'ignore_ament_install']
[0.605s] [34mcolcon.colcon_core.package_identification[0m [1;30mLevel 1[0m _identify(src/py_objectdetection) by extension 'ignore'
[0.605s] [34mcolcon.colcon_core.package_identification[0m [1;30mLevel 1[0m _identify(src/py_objectdetection) by extension 'ignore_ament_install'
[0.606s] [34mcolcon.colcon_core.package_identification[0m [1;30mLevel 1[0m _identify(src/py_objectdetection) by extensions ['colcon_pkg']
[0.606s] [34mcolcon.colcon_core.package_identification[0m [1;30mLevel 1[0m _identify(src/py_objectdetection) by extension 'colcon_pkg'
[0.606s] [34mcolcon.colcon_core.package_identification[0m [1;30mLevel 1[0m _identify(src/py_objectdetection) by extensions ['colcon_meta']
[0.606s] [34mcolcon.colcon_core.package_identification[0m [1;30mLevel 1[0m _identify(src/py_objectdetection) by extension 'colcon_meta'
[0.606s] [34mcolcon.colcon_core.package_identification[0m [1;30mLevel 1[0m _identify(src/py_objectdetection) by extensions ['ros']
[0.606s] [34mcolcon.colcon_core.package_identification[0m [1;30mLevel 1[0m _identify(src/py_objectdetection) by extension 'ros'
[0.607s] [34mcolcon.colcon_core.package_identification[0m [1;30mDEBUG[0m [32mPackage 'src/py_objectdetection' with type 'ros.ament_python' and name 'py_objectdetection'[0m
[0.607s] [34mcolcon.colcon_core.package_identification[0m [1;30mLevel 1[0m _identify(src/py_sensors) by extensions ['ignore', 'ignore_ament_install']
[0.607s] [34mcolcon.colcon_core.package_identification[0m [1;30mLevel 1[0m _identify(src/py_sensors) by extension 'ignore'
[0.608s] [34mcolcon.colcon_core.package_identification[0m [1;30mLevel 1[0m _identify(src/py_sensors) by extension 'ignore_ament_install'
[0.608s] [34mcolcon.colcon_core.package_identification[0m [1;30mLevel 1[0m _identify(src/py_sensors) by extensions ['colcon_pkg']
[0.608s] [34mcolcon.colcon_core.package_identification[0m [1;30mLevel 1[0m _identify(src/py_sensors) by extension 'colcon_pkg'
[0.608s] [34mcolcon.colcon_core.package_identification[0m [1;30mLevel 1[0m _identify(src/py_sensors) by extensions ['colcon_meta']
[0.608s] [34mcolcon.colcon_core.package_identification[0m [1;30mLevel 1[0m _identify(src/py_sensors) by extension 'colcon_meta'
[0.608s] [34mcolcon.colcon_core.package_identification[0m [1;30mLevel 1[0m _identify(src/py_sensors) by extensions ['ros']
[0.608s] [34mcolcon.colcon_core.package_identification[0m [1;30mLevel 1[0m _identify(src/py_sensors) by extension 'ros'
[0.609s] [34mcolcon.colcon_core.package_identification[0m [1;30mDEBUG[0m [32mPackage 'src/py_sensors' with type 'ros.ament_python' and name 'py_sensors'[0m
[0.609s] [34mcolcon.colcon_core.package_identification[0m [1;30mLevel 1[0m _identify(src/usb_cam) by extensions ['ignore', 'ignore_ament_install']
[0.609s] [34mcolcon.colcon_core.package_identification[0m [1;30mLevel 1[0m _identify(src/usb_cam) by extension 'ignore'
[0.609s] [34mcolcon.colcon_core.package_identification[0m [1;30mLevel 1[0m _identify(src/usb_cam) by extension 'ignore_ament_install'
[0.610s] [34mcolcon.colcon_core.package_identification[0m [1;30mLevel 1[0m _identify(src/usb_cam) by extensions ['colcon_pkg']
[0.610s] [34mcolcon.colcon_core.package_identification[0m [1;30mLevel 1[0m _identify(src/usb_cam) by extension 'colcon_pkg'
[0.610s] [34mcolcon.colcon_core.package_identification[0m [1;30mLevel 1[0m _identify(src/usb_cam) by extensions ['colcon_meta']
[0.610s] [34mcolcon.colcon_core.package_identification[0m [1;30mLevel 1[0m _identify(src/usb_cam) by extension 'colcon_meta'
[0.610s] [34mcolcon.colcon_core.package_identification[0m [1;30mLevel 1[0m _identify(src/usb_cam) by extensions ['ros']
[0.610s] [34mcolcon.colcon_core.package_identification[0m [1;30mLevel 1[0m _identify(src/usb_cam) by extension 'ros'
[0.613s] [34mcolcon.colcon_core.package_identification[0m [1;30mDEBUG[0m [32mPackage 'src/usb_cam' with type 'ros.ament_cmake' and name 'usb_cam'[0m
[0.613s] [34mcolcon.colcon_core.package_identification[0m [1;30mLevel 1[0m _identify(ultralyticsplus) by extensions ['ignore', 'ignore_ament_install']
[0.613s] [34mcolcon.colcon_core.package_identification[0m [1;30mLevel 1[0m _identify(ultralyticsplus) by extension 'ignore'
[0.613s] [34mcolcon.colcon_core.package_identification[0m [1;30mLevel 1[0m _identify(ultralyticsplus) by extension 'ignore_ament_install'
[0.613s] [34mcolcon.colcon_core.package_identification[0m [1;30mLevel 1[0m _identify(ultralyticsplus) by extensions ['colcon_pkg']
[0.613s] [34mcolcon.colcon_core.package_identification[0m [1;30mLevel 1[0m _identify(ultralyticsplus) by extension 'colcon_pkg'
[0.613s] [34mcolcon.colcon_core.package_identification[0m [1;30mLevel 1[0m _identify(ultralyticsplus) by extensions ['colcon_meta']
[0.613s] [34mcolcon.colcon_core.package_identification[0m [1;30mLevel 1[0m _identify(ultralyticsplus) by extension 'colcon_meta'
[0.614s] [34mcolcon.colcon_core.package_identification[0m [1;30mLevel 1[0m _identify(ultralyticsplus) by extensions ['ros']
[0.614s] [34mcolcon.colcon_core.package_identification[0m [1;30mLevel 1[0m _identify(ultralyticsplus) by extension 'ros'
[0.614s] [34mcolcon.colcon_core.package_identification[0m [1;30mLevel 1[0m _identify(ultralyticsplus) by extensions ['cmake', 'python']
[0.614s] [34mcolcon.colcon_core.package_identification[0m [1;30mLevel 1[0m _identify(ultralyticsplus) by extension 'cmake'
[0.614s] [34mcolcon.colcon_core.package_identification[0m [1;30mLevel 1[0m _identify(ultralyticsplus) by extension 'python'
[0.614s] [34mcolcon.colcon_core.package_identification[0m [1;30mLevel 1[0m _identify(ultralyticsplus) by extensions ['python_setup_py']
[0.614s] [34mcolcon.colcon_core.package_identification[0m [1;30mLevel 1[0m _identify(ultralyticsplus) by extension 'python_setup_py'
[0.614s] [34mcolcon.colcon_core.package_discovery[0m [1;30mLevel 1[0m discover_packages(recursive) using defaults
[0.614s] [34mcolcon.colcon_core.package_discovery[0m [1;30mLevel 1[0m discover_packages(ignore) discover
[0.614s] [34mcolcon.colcon_core.package_discovery[0m [1;30mLevel 1[0m discover_packages(ignore) using defaults
[0.614s] [34mcolcon.colcon_core.package_discovery[0m [1;30mLevel 1[0m discover_packages(path) discover
[0.615s] [34mcolcon.colcon_core.package_discovery[0m [1;30mLevel 1[0m discover_packages(path) using defaults
[0.644s] [34mcolcon.colcon_core.package_discovery[0m [1;30mLevel 1[0m discover_packages(prefix_path) check parameters
[0.644s] [34mcolcon.colcon_core.package_discovery[0m [1;30mLevel 1[0m discover_packages(prefix_path) discover
[0.648s] [34mcolcon.colcon_installed_package_information.package_discovery[0m [1;30mDEBUG[0m [32mFound 6 installed packages in /home/robocatsorin/Desktop/RobotCode2025/ros2_ws/install[0m
[0.650s] [34mcolcon.colcon_installed_package_information.package_discovery[0m [1;30mDEBUG[0m [32mFound 284 installed packages in /opt/ros/humble[0m
[0.653s] [34mcolcon.colcon_core.package_discovery[0m [1;30mLevel 1[0m discover_packages(prefix_path) using defaults
[0.720s] [34mcolcon.colcon_core.verb[0m [1;30mLevel 5[0m set package 'custom_interfaces' build argument 'cmake_args' from command line to 'None'
[0.720s] [34mcolcon.colcon_core.verb[0m [1;30mLevel 5[0m set package 'custom_interfaces' build argument 'cmake_target' from command line to 'None'
[0.721s] [34mcolcon.colcon_core.verb[0m [1;30mLevel 5[0m set package 'custom_interfaces' build argument 'cmake_target_skip_unavailable' from command line to 'False'
[0.721s] [34mcolcon.colcon_core.verb[0m [1;30mLevel 5[0m set package 'custom_interfaces' build argument 'cmake_clean_cache' from command line to 'False'
[0.721s] [34mcolcon.colcon_core.verb[0m [1;30mLevel 5[0m set package 'custom_interfaces' build argument 'cmake_clean_first' from command line to 'False'
[0.721s] [34mcolcon.colcon_core.verb[0m [1;30mLevel 5[0m set package 'custom_interfaces' build argument 'cmake_force_configure' from command line to 'False'
[0.721s] [34mcolcon.colcon_core.verb[0m [1;30mLevel 5[0m set package 'custom_interfaces' build argument 'ament_cmake_args' from command line to 'None'
[0.721s] [34mcolcon.colcon_core.verb[0m [1;30mLevel 5[0m set package 'custom_interfaces' build argument 'catkin_cmake_args' from command line to 'None'
[0.721s] [34mcolcon.colcon_core.verb[0m [1;30mLevel 5[0m set package 'custom_interfaces' build argument 'catkin_skip_building_tests' from command line to 'False'
[0.721s] [34mcolcon.colcon_core.verb[0m [1;30mDEBUG[0m [32mBuilding package 'custom_interfaces' with the following arguments: {'ament_cmake_args': None, 'build_base': '/home/robocatsorin/Desktop/RobotCode2025/ros2_ws/build/custom_interfaces', 'catkin_cmake_args': None, 'catkin_skip_building_tests': False, 'cmake_args': None, 'cmake_clean_cache': False, 'cmake_clean_first': False, 'cmake_force_configure': False, 'cmake_target': None, 'cmake_target_skip_unavailable': False, 'install_base': '/home/robocatsorin/Desktop/RobotCode2025/ros2_ws/install/custom_interfaces', 'merge_install': False, 'path': '/home/robocatsorin/Desktop/RobotCode2025/ros2_ws/src/custom_interfaces', 'symlink_install': False, 'test_result_base': None}[0m
[0.722s] [34mcolcon.colcon_core.verb[0m [1;30mLevel 5[0m set package 'usb_cam' build argument 'cmake_args' from command line to 'None'
[0.722s] [34mcolcon.colcon_core.verb[0m [1;30mLevel 5[0m set package 'usb_cam' build argument 'cmake_target' from command line to 'None'
[0.722s] [34mcolcon.colcon_core.verb[0m [1;30mLevel 5[0m set package 'usb_cam' build argument 'cmake_target_skip_unavailable' from command line to 'False'
[0.722s] [34mcolcon.colcon_core.verb[0m [1;30mLevel 5[0m set package 'usb_cam' build argument 'cmake_clean_cache' from command line to 'False'
[0.722s] [34mcolcon.colcon_core.verb[0m [1;30mLevel 5[0m set package 'usb_cam' build argument 'cmake_clean_first' from command line to 'False'
[0.722s] [34mcolcon.colcon_core.verb[0m [1;30mLevel 5[0m set package 'usb_cam' build argument 'cmake_force_configure' from command line to 'False'
[0.722s] [34mcolcon.colcon_core.verb[0m [1;30mLevel 5[0m set package 'usb_cam' build argument 'ament_cmake_args' from command line to 'None'
[0.722s] [34mcolcon.colcon_core.verb[0m [1;30mLevel 5[0m set package 'usb_cam' build argument 'catkin_cmake_args' from command line to 'None'
[0.722s] [34mcolcon.colcon_core.verb[0m [1;30mLevel 5[0m set package 'usb_cam' build argument 'catkin_skip_building_tests' from command line to 'False'
[0.722s] [34mcolcon.colcon_core.verb[0m [1;30mDEBUG[0m [32mBuilding package 'usb_cam' with the following arguments: {'ament_cmake_args': None, 'build_base': '/home/robocatsorin/Desktop/RobotCode2025/ros2_ws/build/usb_cam', 'catkin_cmake_args': None, 'catkin_skip_building_tests': False, 'cmake_args': None, 'cmake_clean_cache': False, 'cmake_clean_first': False, 'cmake_force_configure': False, 'cmake_target': None, 'cmake_target_skip_unavailable': False, 'install_base': '/home/robocatsorin/Desktop/RobotCode2025/ros2_ws/install/usb_cam', 'merge_install': False, 'path': '/home/robocatsorin/Desktop/RobotCode2025/ros2_ws/src/usb_cam', 'symlink_install': False, 'test_result_base': None}[0m
[0.723s] [34mcolcon.colcon_core.verb[0m [1;30mLevel 5[0m set package 'cpp_subcontroller' build argument 'cmake_args' from command line to 'None'
[0.723s] [34mcolcon.colcon_core.verb[0m [1;30mLevel 5[0m set package 'cpp_subcontroller' build argument 'cmake_target' from command line to 'None'
[0.723s] [34mcolcon.colcon_core.verb[0m [1;30mLevel 5[0m set package 'cpp_subcontroller' build argument 'cmake_target_skip_unavailable' from command line to 'False'
[0.723s] [34mcolcon.colcon_core.verb[0m [1;30mLevel 5[0m set package 'cpp_subcontroller' build argument 'cmake_clean_cache' from command line to 'False'
[0.723s] [34mcolcon.colcon_core.verb[0m [1;30mLevel 5[0m set package 'cpp_subcontroller' build argument 'cmake_clean_first' from command line to 'False'
[0.723s] [34mcolcon.colcon_core.verb[0m [1;30mLevel 5[0m set package 'cpp_subcontroller' build argument 'cmake_force_configure' from command line to 'False'
[0.723s] [34mcolcon.colcon_core.verb[0m [1;30mLevel 5[0m set package 'cpp_subcontroller' build argument 'ament_cmake_args' from command line to 'None'
[0.723s] [34mcolcon.colcon_core.verb[0m [1;30mLevel 5[0m set package 'cpp_subcontroller' build argument 'catkin_cmake_args' from command line to 'None'
[0.723s] [34mcolcon.colcon_core.verb[0m [1;30mLevel 5[0m set package 'cpp_subcontroller' build argument 'catkin_skip_building_tests' from command line to 'False'
[0.723s] [34mcolcon.colcon_core.verb[0m [1;30mDEBUG[0m [32mBuilding package 'cpp_subcontroller' with the following arguments: {'ament_cmake_args': None, 'build_base': '/home/robocatsorin/Desktop/RobotCode2025/ros2_ws/build/cpp_subcontroller', 'catkin_cmake_args': None, 'catkin_skip_building_tests': False, 'cmake_args': None, 'cmake_clean_cache': False, 'cmake_clean_first': False, 'cmake_force_configure': False, 'cmake_target': None, 'cmake_target_skip_unavailable': False, 'install_base': '/home/robocatsorin/Desktop/RobotCode2025/ros2_ws/install/cpp_subcontroller', 'merge_install': False, 'path': '/home/robocatsorin/Desktop/RobotCode2025/ros2_ws/src/cpp_subcontroller', 'symlink_install': False, 'test_result_base': None}[0m
[0.724s] [34mcolcon.colcon_core.verb[0m [1;30mLevel 5[0m set package 'py_motors' build argument 'cmake_args' from command line to 'None'
[0.724s] [34mcolcon.colcon_core.verb[0m [1;30mLevel 5[0m set package 'py_motors' build argument 'cmake_target' from command line to 'None'
[0.724s] [34mcolcon.colcon_core.verb[0m [1;30mLevel 5[0m set package 'py_motors' build argument 'cmake_target_skip_unavailable' from command line to 'False'
[0.724s] [34mcolcon.colcon_core.verb[0m [1;30mLevel 5[0m set package 'py_motors' build argument 'cmake_clean_cache' from command line to 'False'
[0.724s] [34mcolcon.colcon_core.verb[0m [1;30mLevel 5[0m set package 'py_motors' build argument 'cmake_clean_first' from command line to 'False'
[0.724s] [34mcolcon.colcon_core.verb[0m [1;30mLevel 5[0m set package 'py_motors' build argument 'cmake_force_configure' from command line to 'False'
[0.724s] [34mcolcon.colcon_core.verb[0m [1;30mLevel 5[0m set package 'py_motors' build argument 'ament_cmake_args' from command line to 'None'
[0.724s] [34mcolcon.colcon_core.verb[0m [1;30mLevel 5[0m set package 'py_motors' build argument 'catkin_cmake_args' from command line to 'None'
[0.724s] [34mcolcon.colcon_core.verb[0m [1;30mLevel 5[0m set package 'py_motors' build argument 'catkin_skip_building_tests' from command line to 'False'
[0.724s] [34mcolcon.colcon_core.verb[0m [1;30mDEBUG[0m [32mBuilding package 'py_motors' with the following arguments: {'ament_cmake_args': None, 'build_base': '/home/robocatsorin/Desktop/RobotCode2025/ros2_ws/build/py_motors', 'catkin_cmake_args': None, 'catkin_skip_building_tests': False, 'cmake_args': None, 'cmake_clean_cache': False, 'cmake_clean_first': False, 'cmake_force_configure': False, 'cmake_target': None, 'cmake_target_skip_unavailable': False, 'install_base': '/home/robocatsorin/Desktop/RobotCode2025/ros2_ws/install/py_motors', 'merge_install': False, 'path': '/home/robocatsorin/Desktop/RobotCode2025/ros2_ws/src/py_motors', 'symlink_install': False, 'test_result_base': None}[0m
[0.725s] [34mcolcon.colcon_core.verb[0m [1;30mLevel 5[0m set package 'py_objectdetection' build argument 'cmake_args' from command line to 'None'
[0.725s] [34mcolcon.colcon_core.verb[0m [1;30mLevel 5[0m set package 'py_objectdetection' build argument 'cmake_target' from command line to 'None'
[0.725s] [34mcolcon.colcon_core.verb[0m [1;30mLevel 5[0m set package 'py_objectdetection' build argument 'cmake_target_skip_unavailable' from command line to 'False'
[0.725s] [34mcolcon.colcon_core.verb[0m [1;30mLevel 5[0m set package 'py_objectdetection' build argument 'cmake_clean_cache' from command line to 'False'
[0.725s] [34mcolcon.colcon_core.verb[0m [1;30mLevel 5[0m set package 'py_objectdetection' build argument 'cmake_clean_first' from command line to 'False'
[0.725s] [34mcolcon.colcon_core.verb[0m [1;30mLevel 5[0m set package 'py_objectdetection' build argument 'cmake_force_configure' from command line to 'False'
[0.725s] [34mcolcon.colcon_core.verb[0m [1;30mLevel 5[0m set package 'py_objectdetection' build argument 'ament_cmake_args' from command line to 'None'
[0.725s] [34mcolcon.colcon_core.verb[0m [1;30mLevel 5[0m set package 'py_objectdetection' build argument 'catkin_cmake_args' from command line to 'None'
[0.725s] [34mcolcon.colcon_core.verb[0m [1;30mLevel 5[0m set package 'py_objectdetection' build argument 'catkin_skip_building_tests' from command line to 'False'
[0.725s] [34mcolcon.colcon_core.verb[0m [1;30mDEBUG[0m [32mBuilding package 'py_objectdetection' with the following arguments: {'ament_cmake_args': None, 'build_base': '/home/robocatsorin/Desktop/RobotCode2025/ros2_ws/build/py_objectdetection', 'catkin_cmake_args': None, 'catkin_skip_building_tests': False, 'cmake_args': None, 'cmake_clean_cache': False, 'cmake_clean_first': False, 'cmake_force_configure': False, 'cmake_target': None, 'cmake_target_skip_unavailable': False, 'install_base': '/home/robocatsorin/Desktop/RobotCode2025/ros2_ws/install/py_objectdetection', 'merge_install': False, 'path': '/home/robocatsorin/Desktop/RobotCode2025/ros2_ws/src/py_objectdetection', 'symlink_install': False, 'test_result_base': None}[0m
[0.726s] [34mcolcon.colcon_core.verb[0m [1;30mLevel 5[0m set package 'py_sensors' build argument 'cmake_args' from command line to 'None'
[0.726s] [34mcolcon.colcon_core.verb[0m [1;30mLevel 5[0m set package 'py_sensors' build argument 'cmake_target' from command line to 'None'
[0.726s] [34mcolcon.colcon_core.verb[0m [1;30mLevel 5[0m set package 'py_sensors' build argument 'cmake_target_skip_unavailable' from command line to 'False'
[0.726s] [34mcolcon.colcon_core.verb[0m [1;30mLevel 5[0m set package 'py_sensors' build argument 'cmake_clean_cache' from command line to 'False'
[0.726s] [34mcolcon.colcon_core.verb[0m [1;30mLevel 5[0m set package 'py_sensors' build argument 'cmake_clean_first' from command line to 'False'
[0.726s] [34mcolcon.colcon_core.verb[0m [1;30mLevel 5[0m set package 'py_sensors' build argument 'cmake_force_configure' from command line to 'False'
[0.726s] [34mcolcon.colcon_core.verb[0m [1;30mLevel 5[0m set package 'py_sensors' build argument 'ament_cmake_args' from command line to 'None'
[0.726s] [34mcolcon.colcon_core.verb[0m [1;30mLevel 5[0m set package 'py_sensors' build argument 'catkin_cmake_args' from command line to 'None'
[0.726s] [34mcolcon.colcon_core.verb[0m [1;30mLevel 5[0m set package 'py_sensors' build argument 'catkin_skip_building_tests' from command line to 'False'
[0.726s] [34mcolcon.colcon_core.verb[0m [1;30mDEBUG[0m [32mBuilding package 'py_sensors' with the following arguments: {'ament_cmake_args': None, 'build_base': '/home/robocatsorin/Desktop/RobotCode2025/ros2_ws/build/py_sensors', 'catkin_cmake_args': None, 'catkin_skip_building_tests': False, 'cmake_args': None, 'cmake_clean_cache': False, 'cmake_clean_first': False, 'cmake_force_configure': False, 'cmake_target': None, 'cmake_target_skip_unavailable': False, 'install_base': '/home/robocatsorin/Desktop/RobotCode2025/ros2_ws/install/py_sensors', 'merge_install': False, 'path': '/home/robocatsorin/Desktop/RobotCode2025/ros2_ws/src/py_sensors', 'symlink_install': False, 'test_result_base': None}[0m
[0.727s] [34mcolcon.colcon_core.executor[0m [1;30mINFO[0m Executing jobs using 'parallel' executor
[0.729s] [34mcolcon.colcon_parallel_executor.executor.parallel[0m [1;30mDEBUG[0m [32mrun_until_complete[0m
[0.729s] [34mcolcon.colcon_ros.task.ament_cmake.build[0m [1;30mINFO[0m Building ROS package in '/home/robocatsorin/Desktop/RobotCode2025/ros2_ws/src/custom_interfaces' with build type 'ament_cmake'
[0.729s] [34mcolcon.colcon_cmake.task.cmake.build[0m [1;30mINFO[0m Building CMake package in '/home/robocatsorin/Desktop/RobotCode2025/ros2_ws/src/custom_interfaces'
[0.734s] [34mcolcon.colcon_core.plugin_system[0m [1;30mINFO[0m Skipping extension 'colcon_core.shell.bat': Not used on non-Windows systems
[0.734s] [34mcolcon.colcon_core.shell[0m [1;30mINFO[0m Skip shell extension 'powershell' for command environment: Not usable outside of PowerShell
[0.734s] [34mcolcon.colcon_core.shell[0m [1;30mDEBUG[0m [32mSkip shell extension 'dsv' for command environment[0m
[0.741s] [34mcolcon.colcon_ros.task.ament_cmake.build[0m [1;30mINFO[0m Building ROS package in '/home/robocatsorin/Desktop/RobotCode2025/ros2_ws/src/usb_cam' with build type 'ament_cmake'
[0.741s] [34mcolcon.colcon_cmake.task.cmake.build[0m [1;30mINFO[0m Building CMake package in '/home/robocatsorin/Desktop/RobotCode2025/ros2_ws/src/usb_cam'
[0.742s] [34mcolcon.colcon_core.shell[0m [1;30mINFO[0m Skip shell extension 'powershell' for command environment: Not usable outside of PowerShell
[0.742s] [34mcolcon.colcon_core.shell[0m [1;30mDEBUG[0m [32mSkip shell extension 'dsv' for command environment[0m
[0.757s] [34mcolcon.colcon_core.event_handler.log_command[0m [1;30mDEBUG[0m [32mInvoking command in '/home/robocatsorin/Desktop/RobotCode2025/ros2_ws/build/custom_interfaces': CMAKE_PREFIX_PATH=${CMAKE_PREFIX_PATH}:/home/robocatsorin/Desktop/RobotCode2025/ros2_ws/install/py_sensors:/home/robocatsorin/Desktop/RobotCode2025/ros2_ws/install/py_objectdetection:/home/robocatsorin/Desktop/RobotCode2025/ros2_ws/install/py_motors:/opt/ros/humble /usr/bin/cmake --build /home/robocatsorin/Desktop/RobotCode2025/ros2_ws/build/custom_interfaces -- -j8 -l8[0m
[0.765s] [34mcolcon.colcon_core.event_handler.log_command[0m [1;30mDEBUG[0m [32mInvoking command in '/home/robocatsorin/Desktop/RobotCode2025/ros2_ws/build/usb_cam': CMAKE_PREFIX_PATH=${CMAKE_PREFIX_PATH}:/home/robocatsorin/Desktop/RobotCode2025/ros2_ws/install/py_sensors:/home/robocatsorin/Desktop/RobotCode2025/ros2_ws/install/py_objectdetection:/home/robocatsorin/Desktop/RobotCode2025/ros2_ws/install/py_motors:/opt/ros/humble /usr/bin/cmake --build /home/robocatsorin/Desktop/RobotCode2025/ros2_ws/build/usb_cam -- -j8 -l8[0m
[0.952s] [34mcolcon.colcon_core.event_handler.log_command[0m [1;30mDEBUG[0m [32mInvoked command in '/home/robocatsorin/Desktop/RobotCode2025/ros2_ws/build/usb_cam' returned '0': CMAKE_PREFIX_PATH=${CMAKE_PREFIX_PATH}:/home/robocatsorin/Desktop/RobotCode2025/ros2_ws/install/py_sensors:/home/robocatsorin/Desktop/RobotCode2025/ros2_ws/install/py_objectdetection:/home/robocatsorin/Desktop/RobotCode2025/ros2_ws/install/py_motors:/opt/ros/humble /usr/bin/cmake --build /home/robocatsorin/Desktop/RobotCode2025/ros2_ws/build/usb_cam -- -j8 -l8[0m
[0.973s] [34mcolcon.colcon_core.event_handler.log_command[0m [1;30mDEBUG[0m [32mInvoking command in '/home/robocatsorin/Desktop/RobotCode2025/ros2_ws/build/usb_cam': CMAKE_PREFIX_PATH=${CMAKE_PREFIX_PATH}:/home/robocatsorin/Desktop/RobotCode2025/ros2_ws/install/py_sensors:/home/robocatsorin/Desktop/RobotCode2025/ros2_ws/install/py_objectdetection:/home/robocatsorin/Desktop/RobotCode2025/ros2_ws/install/py_motors:/opt/ros/humble /usr/bin/cmake --install /home/robocatsorin/Desktop/RobotCode2025/ros2_ws/build/usb_cam[0m
[1.002s] [34mcolcon.colcon_core.environment[0m [1;30mLevel 1[0m create_environment_scripts_only(usb_cam)
[1.003s] [34mcolcon.colcon_core.event_handler.log_command[0m [1;30mDEBUG[0m [32mInvoked command in '/home/robocatsorin/Desktop/RobotCode2025/ros2_ws/build/usb_cam' returned '0': CMAKE_PREFIX_PATH=${CMAKE_PREFIX_PATH}:/home/robocatsorin/Desktop/RobotCode2025/ros2_ws/install/py_sensors:/home/robocatsorin/Desktop/RobotCode2025/ros2_ws/install/py_objectdetection:/home/robocatsorin/Desktop/RobotCode2025/ros2_ws/install/py_motors:/opt/ros/humble /usr/bin/cmake --install /home/robocatsorin/Desktop/RobotCode2025/ros2_ws/build/usb_cam[0m
[1.008s] [34mcolcon.colcon_core.environment[0m [1;30mLevel 1[0m checking '/home/robocatsorin/Desktop/RobotCode2025/ros2_ws/install/usb_cam' for CMake module files
[1.010s] [34mcolcon.colcon_core.environment[0m [1;30mLevel 1[0m checking '/home/robocatsorin/Desktop/RobotCode2025/ros2_ws/install/usb_cam' for CMake config files
[1.011s] [34mcolcon.colcon_core.shell[0m [1;30mLevel 1[0m create_environment_hook('usb_cam', 'cmake_prefix_path')
[1.012s] [34mcolcon.colcon_core.shell[0m [1;30mINFO[0m Creating environment hook '/home/robocatsorin/Desktop/RobotCode2025/ros2_ws/install/usb_cam/share/usb_cam/hook/cmake_prefix_path.ps1'
[1.013s] [34mcolcon.colcon_core.shell[0m [1;30mINFO[0m Creating environment descriptor '/home/robocatsorin/Desktop/RobotCode2025/ros2_ws/install/usb_cam/share/usb_cam/hook/cmake_prefix_path.dsv'
[1.015s] [34mcolcon.colcon_core.shell[0m [1;30mINFO[0m Creating environment hook '/home/robocatsorin/Desktop/RobotCode2025/ros2_ws/install/usb_cam/share/usb_cam/hook/cmake_prefix_path.sh'
[1.018s] [34mcolcon.colcon_core.environment[0m [1;30mLevel 1[0m checking '/home/robocatsorin/Desktop/RobotCode2025/ros2_ws/install/usb_cam/lib'
[1.019s] [34mcolcon.colcon_core.shell[0m [1;30mLevel 1[0m create_environment_hook('usb_cam', 'ld_library_path_lib')
[1.019s] [34mcolcon.colcon_core.shell[0m [1;30mINFO[0m Creating environment hook '/home/robocatsorin/Desktop/RobotCode2025/ros2_ws/install/usb_cam/share/usb_cam/hook/ld_library_path_lib.ps1'
[1.021s] [34mcolcon.colcon_core.shell[0m [1;30mINFO[0m Creating environment descriptor '/home/robocatsorin/Desktop/RobotCode2025/ros2_ws/install/usb_cam/share/usb_cam/hook/ld_library_path_lib.dsv'
[1.022s] [34mcolcon.colcon_core.shell[0m [1;30mINFO[0m Creating environment hook '/home/robocatsorin/Desktop/RobotCode2025/ros2_ws/install/usb_cam/share/usb_cam/hook/ld_library_path_lib.sh'
[1.023s] [34mcolcon.colcon_core.environment[0m [1;30mLevel 1[0m checking '/home/robocatsorin/Desktop/RobotCode2025/ros2_ws/install/usb_cam/bin'
[1.023s] [34mcolcon.colcon_core.environment[0m [1;30mLevel 1[0m checking '/home/robocatsorin/Desktop/RobotCode2025/ros2_ws/install/usb_cam/lib/pkgconfig/usb_cam.pc'
[1.024s] [34mcolcon.colcon_core.environment[0m [1;30mLevel 1[0m checking '/home/robocatsorin/Desktop/RobotCode2025/ros2_ws/install/usb_cam/lib/python3.10/site-packages'
[1.025s] [34mcolcon.colcon_core.environment[0m [1;30mLevel 1[0m checking '/home/robocatsorin/Desktop/RobotCode2025/ros2_ws/install/usb_cam/bin'
[1.026s] [34mcolcon.colcon_core.shell[0m [1;30mINFO[0m Creating package script '/home/robocatsorin/Desktop/RobotCode2025/ros2_ws/install/usb_cam/share/usb_cam/package.ps1'
[1.028s] [34mcolcon.colcon_core.shell[0m [1;30mINFO[0m Creating package descriptor '/home/robocatsorin/Desktop/RobotCode2025/ros2_ws/install/usb_cam/share/usb_cam/package.dsv'
[1.031s] [34mcolcon.colcon_core.shell[0m [1;30mINFO[0m Creating package script '/home/robocatsorin/Desktop/RobotCode2025/ros2_ws/install/usb_cam/share/usb_cam/package.sh'
[1.033s] [34mcolcon.colcon_core.shell[0m [1;30mINFO[0m Creating package script '/home/robocatsorin/Desktop/RobotCode2025/ros2_ws/install/usb_cam/share/usb_cam/package.bash'
[1.035s] [34mcolcon.colcon_core.shell[0m [1;30mINFO[0m Creating package script '/home/robocatsorin/Desktop/RobotCode2025/ros2_ws/install/usb_cam/share/usb_cam/package.zsh'
[1.037s] [34mcolcon.colcon_core.environment[0m [1;30mLevel 1[0m create_file_with_runtime_dependencies(/home/robocatsorin/Desktop/RobotCode2025/ros2_ws/install/usb_cam/share/colcon-core/packages/usb_cam)
[1.039s] [34mcolcon.colcon_core.environment[0m [1;30mLevel 1[0m create_environment_scripts_only(usb_cam)
[1.040s] [34mcolcon.colcon_core.environment[0m [1;30mLevel 1[0m checking '/home/robocatsorin/Desktop/RobotCode2025/ros2_ws/install/usb_cam' for CMake module files
[1.041s] [34mcolcon.colcon_core.environment[0m [1;30mLevel 1[0m checking '/home/robocatsorin/Desktop/RobotCode2025/ros2_ws/install/usb_cam' for CMake config files
[1.042s] [34mcolcon.colcon_core.shell[0m [1;30mLevel 1[0m create_environment_hook('usb_cam', 'cmake_prefix_path')
[1.043s] [34mcolcon.colcon_core.shell[0m [1;30mINFO[0m Creating environment hook '/home/robocatsorin/Desktop/RobotCode2025/ros2_ws/install/usb_cam/share/usb_cam/hook/cmake_prefix_path.ps1'
[1.044s] [34mcolcon.colcon_core.shell[0m [1;30mINFO[0m Creating environment descriptor '/home/robocatsorin/Desktop/RobotCode2025/ros2_ws/install/usb_cam/share/usb_cam/hook/cmake_prefix_path.dsv'
[1.045s] [34mcolcon.colcon_core.shell[0m [1;30mINFO[0m Creating environment hook '/home/robocatsorin/Desktop/RobotCode2025/ros2_ws/install/usb_cam/share/usb_cam/hook/cmake_prefix_path.sh'
[1.047s] [34mcolcon.colcon_core.environment[0m [1;30mLevel 1[0m checking '/home/robocatsorin/Desktop/RobotCode2025/ros2_ws/install/usb_cam/lib'
[1.047s] [34mcolcon.colcon_core.shell[0m [1;30mLevel 1[0m create_environment_hook('usb_cam', 'ld_library_path_lib')
[1.048s] [34mcolcon.colcon_core.shell[0m [1;30mINFO[0m Creating environment hook '/home/robocatsorin/Desktop/RobotCode2025/ros2_ws/install/usb_cam/share/usb_cam/hook/ld_library_path_lib.ps1'
[1.049s] [34mcolcon.colcon_core.shell[0m [1;30mINFO[0m Creating environment descriptor '/home/robocatsorin/Desktop/RobotCode2025/ros2_ws/install/usb_cam/share/usb_cam/hook/ld_library_path_lib.dsv'
[1.050s] [34mcolcon.colcon_core.shell[0m [1;30mINFO[0m Creating environment hook '/home/robocatsorin/Desktop/RobotCode2025/ros2_ws/install/usb_cam/share/usb_cam/hook/ld_library_path_lib.sh'
[1.051s] [34mcolcon.colcon_core.environment[0m [1;30mLevel 1[0m checking '/home/robocatsorin/Desktop/RobotCode2025/ros2_ws/install/usb_cam/bin'
[1.051s] [34mcolcon.colcon_core.environment[0m [1;30mLevel 1[0m checking '/home/robocatsorin/Desktop/RobotCode2025/ros2_ws/install/usb_cam/lib/pkgconfig/usb_cam.pc'
[1.052s] [34mcolcon.colcon_core.environment[0m [1;30mLevel 1[0m checking '/home/robocatsorin/Desktop/RobotCode2025/ros2_ws/install/usb_cam/lib/python3.10/site-packages'
[1.052s] [34mcolcon.colcon_core.environment[0m [1;30mLevel 1[0m checking '/home/robocatsorin/Desktop/RobotCode2025/ros2_ws/install/usb_cam/bin'
[1.053s] [34mcolcon.colcon_core.shell[0m [1;30mINFO[0m Creating package script '/home/robocatsorin/Desktop/RobotCode2025/ros2_ws/install/usb_cam/share/usb_cam/package.ps1'
[1.054s] [34mcolcon.colcon_core.shell[0m [1;30mINFO[0m Creating package descriptor '/home/robocatsorin/Desktop/RobotCode2025/ros2_ws/install/usb_cam/share/usb_cam/package.dsv'
[1.055s] [34mcolcon.colcon_core.shell[0m [1;30mINFO[0m Creating package script '/home/robocatsorin/Desktop/RobotCode2025/ros2_ws/install/usb_cam/share/usb_cam/package.sh'
[1.057s] [34mcolcon.colcon_core.shell[0m [1;30mINFO[0m Creating package script '/home/robocatsorin/Desktop/RobotCode2025/ros2_ws/install/usb_cam/share/usb_cam/package.bash'
[1.058s] [34mcolcon.colcon_core.shell[0m [1;30mINFO[0m Creating package script '/home/robocatsorin/Desktop/RobotCode2025/ros2_ws/install/usb_cam/share/usb_cam/package.zsh'
[1.059s] [34mcolcon.colcon_core.environment[0m [1;30mLevel 1[0m create_file_with_runtime_dependencies(/home/robocatsorin/Desktop/RobotCode2025/ros2_ws/install/usb_cam/share/colcon-core/packages/usb_cam)
[13.275s] [34mcolcon.colcon_core.event_handler.log_command[0m [1;30mDEBUG[0m [32mInvoked command in '/home/robocatsorin/Desktop/RobotCode2025/ros2_ws/build/custom_interfaces' returned '0': CMAKE_PREFIX_PATH=${CMAKE_PREFIX_PATH}:/home/robocatsorin/Desktop/RobotCode2025/ros2_ws/install/py_sensors:/home/robocatsorin/Desktop/RobotCode2025/ros2_ws/install/py_objectdetection:/home/robocatsorin/Desktop/RobotCode2025/ros2_ws/install/py_motors:/opt/ros/humble /usr/bin/cmake --build /home/robocatsorin/Desktop/RobotCode2025/ros2_ws/build/custom_interfaces -- -j8 -l8[0m
[13.281s] [34mcolcon.colcon_core.event_handler.log_command[0m [1;30mDEBUG[0m [32mInvoking command in '/home/robocatsorin/Desktop/RobotCode2025/ros2_ws/build/custom_interfaces': CMAKE_PREFIX_PATH=${CMAKE_PREFIX_PATH}:/home/robocatsorin/Desktop/RobotCode2025/ros2_ws/install/py_sensors:/home/robocatsorin/Desktop/RobotCode2025/ros2_ws/install/py_objectdetection:/home/robocatsorin/Desktop/RobotCode2025/ros2_ws/install/py_motors:/opt/ros/humble /usr/bin/cmake --install /home/robocatsorin/Desktop/RobotCode2025/ros2_ws/build/custom_interfaces[0m
[13.472s] [34mcolcon.colcon_core.environment[0m [1;30mLevel 1[0m create_environment_scripts_only(custom_interfaces)
[13.472s] [34mcolcon.colcon_core.environment[0m [1;30mLevel 1[0m checking '/home/robocatsorin/Desktop/RobotCode2025/ros2_ws/install/custom_interfaces' for CMake module files
[13.473s] [34mcolcon.colcon_core.event_handler.log_command[0m [1;30mDEBUG[0m [32mInvoked command in '/home/robocatsorin/Desktop/RobotCode2025/ros2_ws/build/custom_interfaces' returned '0': CMAKE_PREFIX_PATH=${CMAKE_PREFIX_PATH}:/home/robocatsorin/Desktop/RobotCode2025/ros2_ws/install/py_sensors:/home/robocatsorin/Desktop/RobotCode2025/ros2_ws/install/py_objectdetection:/home/robocatsorin/Desktop/RobotCode2025/ros2_ws/install/py_motors:/opt/ros/humble /usr/bin/cmake --install /home/robocatsorin/Desktop/RobotCode2025/ros2_ws/build/custom_interfaces[0m
[13.474s] [34mcolcon.colcon_core.environment[0m [1;30mLevel 1[0m checking '/home/robocatsorin/Desktop/RobotCode2025/ros2_ws/install/custom_interfaces' for CMake config files
[13.475s] [34mcolcon.colcon_core.shell[0m [1;30mLevel 1[0m create_environment_hook('custom_interfaces', 'cmake_prefix_path')
[13.476s] [34mcolcon.colcon_core.shell[0m [1;30mINFO[0m Creating environment hook '/home/robocatsorin/Desktop/RobotCode2025/ros2_ws/install/custom_interfaces/share/custom_interfaces/hook/cmake_prefix_path.ps1'
[13.477s] [34mcolcon.colcon_core.shell[0m [1;30mINFO[0m Creating environment descriptor '/home/robocatsorin/Desktop/RobotCode2025/ros2_ws/install/custom_interfaces/share/custom_interfaces/hook/cmake_prefix_path.dsv'
[13.478s] [34mcolcon.colcon_core.shell[0m [1;30mINFO[0m Creating environment hook '/home/robocatsorin/Desktop/RobotCode2025/ros2_ws/install/custom_interfaces/share/custom_interfaces/hook/cmake_prefix_path.sh'
[13.479s] [34mcolcon.colcon_core.environment[0m [1;30mLevel 1[0m checking '/home/robocatsorin/Desktop/RobotCode2025/ros2_ws/install/custom_interfaces/lib'
[13.479s] [34mcolcon.colcon_core.shell[0m [1;30mLevel 1[0m create_environment_hook('custom_interfaces', 'ld_library_path_lib')
[13.479s] [34mcolcon.colcon_core.shell[0m [1;30mINFO[0m Creating environment hook '/home/robocatsorin/Desktop/RobotCode2025/ros2_ws/install/custom_interfaces/share/custom_interfaces/hook/ld_library_path_lib.ps1'
[13.480s] [34mcolcon.colcon_core.shell[0m [1;30mINFO[0m Creating environment descriptor '/home/robocatsorin/Desktop/RobotCode2025/ros2_ws/install/custom_interfaces/share/custom_interfaces/hook/ld_library_path_lib.dsv'
[13.481s] [34mcolcon.colcon_core.shell[0m [1;30mINFO[0m Creating environment hook '/home/robocatsorin/Desktop/RobotCode2025/ros2_ws/install/custom_interfaces/share/custom_interfaces/hook/ld_library_path_lib.sh'
[13.482s] [34mcolcon.colcon_core.environment[0m [1;30mLevel 1[0m checking '/home/robocatsorin/Desktop/RobotCode2025/ros2_ws/install/custom_interfaces/bin'
[13.482s] [34mcolcon.colcon_core.environment[0m [1;30mLevel 1[0m checking '/home/robocatsorin/Desktop/RobotCode2025/ros2_ws/install/custom_interfaces/lib/pkgconfig/custom_interfaces.pc'
[13.482s] [34mcolcon.colcon_core.environment[0m [1;30mLevel 1[0m checking '/home/robocatsorin/Desktop/RobotCode2025/ros2_ws/install/custom_interfaces/lib/python3.10/site-packages'
[13.483s] [34mcolcon.colcon_core.environment[0m [1;30mLevel 1[0m checking '/home/robocatsorin/Desktop/RobotCode2025/ros2_ws/install/custom_interfaces/bin'
[13.483s] [34mcolcon.colcon_core.shell[0m [1;30mINFO[0m Creating package script '/home/robocatsorin/Desktop/RobotCode2025/ros2_ws/install/custom_interfaces/share/custom_interfaces/package.ps1'
[13.484s] [34mcolcon.colcon_core.shell[0m [1;30mINFO[0m Creating package descriptor '/home/robocatsorin/Desktop/RobotCode2025/ros2_ws/install/custom_interfaces/share/custom_interfaces/package.dsv'
[13.485s] [34mcolcon.colcon_core.shell[0m [1;30mINFO[0m Creating package script '/home/robocatsorin/Desktop/RobotCode2025/ros2_ws/install/custom_interfaces/share/custom_interfaces/package.sh'
[13.486s] [34mcolcon.colcon_core.shell[0m [1;30mINFO[0m Creating package script '/home/robocatsorin/Desktop/RobotCode2025/ros2_ws/install/custom_interfaces/share/custom_interfaces/package.bash'
[13.487s] [34mcolcon.colcon_core.shell[0m [1;30mINFO[0m Creating package script '/home/robocatsorin/Desktop/RobotCode2025/ros2_ws/install/custom_interfaces/share/custom_interfaces/package.zsh'
[13.488s] [34mcolcon.colcon_core.environment[0m [1;30mLevel 1[0m create_file_with_runtime_dependencies(/home/robocatsorin/Desktop/RobotCode2025/ros2_ws/install/custom_interfaces/share/colcon-core/packages/custom_interfaces)
[13.489s] [34mcolcon.colcon_core.environment[0m [1;30mLevel 1[0m create_environment_scripts_only(custom_interfaces)
[13.489s] [34mcolcon.colcon_core.environment[0m [1;30mLevel 1[0m checking '/home/robocatsorin/Desktop/RobotCode2025/ros2_ws/install/custom_interfaces' for CMake module files
[13.491s] [34mcolcon.colcon_core.environment[0m [1;30mLevel 1[0m checking '/home/robocatsorin/Desktop/RobotCode2025/ros2_ws/install/custom_interfaces' for CMake config files
[13.492s] [34mcolcon.colcon_core.shell[0m [1;30mLevel 1[0m create_environment_hook('custom_interfaces', 'cmake_prefix_path')
[13.492s] [34mcolcon.colcon_core.shell[0m [1;30mINFO[0m Creating environment hook '/home/robocatsorin/Desktop/RobotCode2025/ros2_ws/install/custom_interfaces/share/custom_interfaces/hook/cmake_prefix_path.ps1'
[13.493s] [34mcolcon.colcon_core.shell[0m [1;30mINFO[0m Creating environment descriptor '/home/robocatsorin/Desktop/RobotCode2025/ros2_ws/install/custom_interfaces/share/custom_interfaces/hook/cmake_prefix_path.dsv'
[13.494s] [34mcolcon.colcon_core.shell[0m [1;30mINFO[0m Creating environment hook '/home/robocatsorin/Desktop/RobotCode2025/ros2_ws/install/custom_interfaces/share/custom_interfaces/hook/cmake_prefix_path.sh'
[13.495s] [34mcolcon.colcon_core.environment[0m [1;30mLevel 1[0m checking '/home/robocatsorin/Desktop/RobotCode2025/ros2_ws/install/custom_interfaces/lib'
[13.495s] [34mcolcon.colcon_core.shell[0m [1;30mLevel 1[0m create_environment_hook('custom_interfaces', 'ld_library_path_lib')
[13.496s] [34mcolcon.colcon_core.shell[0m [1;30mINFO[0m Creating environment hook '/home/robocatsorin/Desktop/RobotCode2025/ros2_ws/install/custom_interfaces/share/custom_interfaces/hook/ld_library_path_lib.ps1'
[13.497s] [34mcolcon.colcon_core.shell[0m [1;30mINFO[0m Creating environment descriptor '/home/robocatsorin/Desktop/RobotCode2025/ros2_ws/install/custom_interfaces/share/custom_interfaces/hook/ld_library_path_lib.dsv'
[13.497s] [34mcolcon.colcon_core.shell[0m [1;30mINFO[0m Creating environment hook '/home/robocatsorin/Desktop/RobotCode2025/ros2_ws/install/custom_interfaces/share/custom_interfaces/hook/ld_library_path_lib.sh'
[13.498s] [34mcolcon.colcon_core.environment[0m [1;30mLevel 1[0m checking '/home/robocatsorin/Desktop/RobotCode2025/ros2_ws/install/custom_interfaces/bin'
[13.498s] [34mcolcon.colcon_core.environment[0m [1;30mLevel 1[0m checking '/home/robocatsorin/Desktop/RobotCode2025/ros2_ws/install/custom_interfaces/lib/pkgconfig/custom_interfaces.pc'
[13.499s] [34mcolcon.colcon_core.environment[0m [1;30mLevel 1[0m checking '/home/robocatsorin/Desktop/RobotCode2025/ros2_ws/install/custom_interfaces/lib/python3.10/site-packages'
[13.499s] [34mcolcon.colcon_core.environment[0m [1;30mLevel 1[0m checking '/home/robocatsorin/Desktop/RobotCode2025/ros2_ws/install/custom_interfaces/bin'
[13.500s] [34mcolcon.colcon_core.shell[0m [1;30mINFO[0m Creating package script '/home/robocatsorin/Desktop/RobotCode2025/ros2_ws/install/custom_interfaces/share/custom_interfaces/package.ps1'
[13.501s] [34mcolcon.colcon_core.shell[0m [1;30mINFO[0m Creating package descriptor '/home/robocatsorin/Desktop/RobotCode2025/ros2_ws/install/custom_interfaces/share/custom_interfaces/package.dsv'
[13.502s] [34mcolcon.colcon_core.shell[0m [1;30mINFO[0m Creating package script '/home/robocatsorin/Desktop/RobotCode2025/ros2_ws/install/custom_interfaces/share/custom_interfaces/package.sh'
[13.503s] [34mcolcon.colcon_core.shell[0m [1;30mINFO[0m Creating package script '/home/robocatsorin/Desktop/RobotCode2025/ros2_ws/install/custom_interfaces/share/custom_interfaces/package.bash'
[13.503s] [34mcolcon.colcon_core.shell[0m [1;30mINFO[0m Creating package script '/home/robocatsorin/Desktop/RobotCode2025/ros2_ws/install/custom_interfaces/share/custom_interfaces/package.zsh'
[13.504s] [34mcolcon.colcon_core.environment[0m [1;30mLevel 1[0m create_file_with_runtime_dependencies(/home/robocatsorin/Desktop/RobotCode2025/ros2_ws/install/custom_interfaces/share/colcon-core/packages/custom_interfaces)
[13.505s] [34mcolcon.colcon_ros.task.ament_cmake.build[0m [1;30mINFO[0m Building ROS package in '/home/robocatsorin/Desktop/RobotCode2025/ros2_ws/src/cpp_subcontroller' with build type 'ament_cmake'
[13.505s] [34mcolcon.colcon_cmake.task.cmake.build[0m [1;30mINFO[0m Building CMake package in '/home/robocatsorin/Desktop/RobotCode2025/ros2_ws/src/cpp_subcontroller'
[13.506s] [34mcolcon.colcon_core.shell[0m [1;30mINFO[0m Skip shell extension 'powershell' for command environment: Not usable outside of PowerShell
[13.506s] [34mcolcon.colcon_core.shell[0m [1;30mDEBUG[0m [32mSkip shell extension 'dsv' for command environment[0m
[13.513s] [34mcolcon.colcon_ros.task.ament_python.build[0m [1;30mINFO[0m Building ROS package in '/home/robocatsorin/Desktop/RobotCode2025/ros2_ws/src/py_motors' with build type 'ament_python'
[13.513s] [34mcolcon.colcon_core.shell[0m [1;30mLevel 1[0m create_environment_hook('py_motors', 'ament_prefix_path')
[13.514s] [34mcolcon.colcon_core.shell[0m [1;30mINFO[0m Creating environment hook '/home/robocatsorin/Desktop/RobotCode2025/ros2_ws/install/py_motors/share/py_motors/hook/ament_prefix_path.ps1'
[13.515s] [34mcolcon.colcon_core.shell[0m [1;30mINFO[0m Creating environment descriptor '/home/robocatsorin/Desktop/RobotCode2025/ros2_ws/install/py_motors/share/py_motors/hook/ament_prefix_path.dsv'
[13.516s] [34mcolcon.colcon_core.shell[0m [1;30mINFO[0m Creating environment hook '/home/robocatsorin/Desktop/RobotCode2025/ros2_ws/install/py_motors/share/py_motors/hook/ament_prefix_path.sh'
[13.517s] [34mcolcon.colcon_core.shell[0m [1;30mINFO[0m Skip shell extension 'powershell' for command environment: Not usable outside of PowerShell
[13.517s] [34mcolcon.colcon_core.shell[0m [1;30mDEBUG[0m [32mSkip shell extension 'dsv' for command environment[0m
[13.524s] [34mcolcon.colcon_ros.task.ament_python.build[0m [1;30mINFO[0m Building ROS package in '/home/robocatsorin/Desktop/RobotCode2025/ros2_ws/src/py_objectdetection' with build type 'ament_python'
[13.524s] [34mcolcon.colcon_core.shell[0m [1;30mLevel 1[0m create_environment_hook('py_objectdetection', 'ament_prefix_path')
[13.524s] [34mcolcon.colcon_core.shell[0m [1;30mINFO[0m Creating environment hook '/home/robocatsorin/Desktop/RobotCode2025/ros2_ws/install/py_objectdetection/share/py_objectdetection/hook/ament_prefix_path.ps1'
[13.526s] [34mcolcon.colcon_core.shell[0m [1;30mINFO[0m Creating environment descriptor '/home/robocatsorin/Desktop/RobotCode2025/ros2_ws/install/py_objectdetection/share/py_objectdetection/hook/ament_prefix_path.dsv'
[13.527s] [34mcolcon.colcon_core.shell[0m [1;30mINFO[0m Creating environment hook '/home/robocatsorin/Desktop/RobotCode2025/ros2_ws/install/py_objectdetection/share/py_objectdetection/hook/ament_prefix_path.sh'
[13.528s] [34mcolcon.colcon_core.shell[0m [1;30mINFO[0m Skip shell extension 'powershell' for command environment: Not usable outside of PowerShell
[13.528s] [34mcolcon.colcon_core.shell[0m [1;30mDEBUG[0m [32mSkip shell extension 'dsv' for command environment[0m
[13.535s] [34mcolcon.colcon_ros.task.ament_python.build[0m [1;30mINFO[0m Building ROS package in '/home/robocatsorin/Desktop/RobotCode2025/ros2_ws/src/py_sensors' with build type 'ament_python'
[13.535s] [34mcolcon.colcon_core.shell[0m [1;30mLevel 1[0m create_environment_hook('py_sensors', 'ament_prefix_path')
[13.536s] [34mcolcon.colcon_core.shell[0m [1;30mINFO[0m Creating environment hook '/home/robocatsorin/Desktop/RobotCode2025/ros2_ws/install/py_sensors/share/py_sensors/hook/ament_prefix_path.ps1'
[13.537s] [34mcolcon.colcon_core.shell[0m [1;30mINFO[0m Creating environment descriptor '/home/robocatsorin/Desktop/RobotCode2025/ros2_ws/install/py_sensors/share/py_sensors/hook/ament_prefix_path.dsv'
[13.538s] [34mcolcon.colcon_core.shell[0m [1;30mINFO[0m Creating environment hook '/home/robocatsorin/Desktop/RobotCode2025/ros2_ws/install/py_sensors/share/py_sensors/hook/ament_prefix_path.sh'
[13.539s] [34mcolcon.colcon_core.shell[0m [1;30mINFO[0m Skip shell extension 'powershell' for command environment: Not usable outside of PowerShell
[13.539s] [34mcolcon.colcon_core.shell[0m [1;30mDEBUG[0m [32mSkip shell extension 'dsv' for command environment[0m
[13.552s] [34mcolcon.colcon_core.event_handler.log_command[0m [1;30mDEBUG[0m [32mInvoking command in '/home/robocatsorin/Desktop/RobotCode2025/ros2_ws/build/cpp_subcontroller': CMAKE_PREFIX_PATH=/home/robocatsorin/Desktop/RobotCode2025/ros2_ws/install/custom_interfaces:/home/robocatsorin/Desktop/RobotCode2025/ros2_ws/install/usb_cam:/home/robocatsorin/Desktop/RobotCode2025/ros2_ws/install/cpp_subcontroller:/home/robocatsorin/Desktop/RobotCode2025/ros2_ws/install/py_sensors:/home/robocatsorin/Desktop/RobotCode2025/ros2_ws/install/py_objectdetection:/home/robocatsorin/Desktop/RobotCode2025/ros2_ws/install/py_motors:/opt/ros/humble LD_LIBRARY_PATH=/home/robocatsorin/Desktop/RobotCode2025/ros2_ws/install/custom_interfaces/lib:/home/robocatsorin/Desktop/RobotCode2025/ros2_ws/install/usb_cam/lib:/opt/ros/humble/opt/rviz_ogre_vendor/lib:/opt/ros/humble/lib/aarch64-linux-gnu:/opt/ros/humble/lib:/usr/local/cuda-12.6/lib64 /usr/bin/cmake --build /home/robocatsorin/Desktop/RobotCode2025/ros2_ws/build/cpp_subcontroller -- -j8 -l8[0m
[14.107s] [34mcolcon.colcon_core.task.python.build[0m [1;30mINFO[0m Building Python package in '/home/robocatsorin/Desktop/RobotCode2025/ros2_ws/src/py_motors'
[14.108s] [34mcolcon.colcon_core.shell[0m [1;30mINFO[0m Skip shell extension 'powershell' for command environment: Not usable outside of PowerShell
[14.108s] [34mcolcon.colcon_core.shell[0m [1;30mDEBUG[0m [32mSkip shell extension 'dsv' for command environment[0m
[14.672s] [34mcolcon.colcon_core.task.python.build[0m [1;30mINFO[0m Building Python package in '/home/robocatsorin/Desktop/RobotCode2025/ros2_ws/src/py_objectdetection'
[14.673s] [34mcolcon.colcon_core.shell[0m [1;30mINFO[0m Skip shell extension 'powershell' for command environment: Not usable outside of PowerShell
[14.673s] [34mcolcon.colcon_core.shell[0m [1;30mDEBUG[0m [32mSkip shell extension 'dsv' for command environment[0m
[15.315s] [34mcolcon.colcon_core.task.python.build[0m [1;30mINFO[0m Building Python package in '/home/robocatsorin/Desktop/RobotCode2025/ros2_ws/src/py_sensors'
[15.315s] [34mcolcon.colcon_core.shell[0m [1;30mINFO[0m Skip shell extension 'powershell' for command environment: Not usable outside of PowerShell
[15.316s] [34mcolcon.colcon_core.shell[0m [1;30mDEBUG[0m [32mSkip shell extension 'dsv' for command environment[0m
[16.300s] [34mcolcon.colcon_core.event_handler.log_command[0m [1;30mDEBUG[0m [32mInvoking command in '/home/robocatsorin/Desktop/RobotCode2025/ros2_ws/src/py_objectdetection': CMAKE_PREFIX_PATH=/home/robocatsorin/Desktop/RobotCode2025/ros2_ws/install/custom_interfaces:/home/robocatsorin/Desktop/RobotCode2025/ros2_ws/install/usb_cam:/home/robocatsorin/Desktop/RobotCode2025/ros2_ws/install/cpp_subcontroller LD_LIBRARY_PATH=/home/robocatsorin/Desktop/RobotCode2025/ros2_ws/install/custom_interfaces/lib:/home/robocatsorin/Desktop/RobotCode2025/ros2_ws/install/usb_cam/lib:/opt/ros/humble/opt/rviz_ogre_vendor/lib:/opt/ros/humble/lib/aarch64-linux-gnu:/opt/ros/humble/lib:/usr/local/cuda-12.6/lib64 PYTHONPATH=/home/robocatsorin/Desktop/RobotCode2025/ros2_ws/build/py_objectdetection/prefix_override:/usr/lib/python3/dist-packages/colcon_core/task/python/colcon_distutils_commands:/home/robocatsorin/Desktop/RobotCode2025/ros2_ws/install/py_objectdetection/lib/python3.10/site-packages:${PYTHONPATH} /usr/bin/python3 -W ignore:setup.py install is deprecated -W ignore:easy_install command is deprecated setup.py egg_info --egg-base ../../build/py_objectdetection build --build-base /home/robocatsorin/Desktop/RobotCode2025/ros2_ws/build/py_objectdetection/build install --record /home/robocatsorin/Desktop/RobotCode2025/ros2_ws/build/py_objectdetection/install.log --single-version-externally-managed install_data[0m
[16.367s] [34mcolcon.colcon_core.event_handler.log_command[0m [1;30mDEBUG[0m [32mInvoking command in '/home/robocatsorin/Desktop/RobotCode2025/ros2_ws/src/py_motors': CMAKE_PREFIX_PATH=/home/robocatsorin/Desktop/RobotCode2025/ros2_ws/install/custom_interfaces:/home/robocatsorin/Desktop/RobotCode2025/ros2_ws/install/usb_cam:/home/robocatsorin/Desktop/RobotCode2025/ros2_ws/install/cpp_subcontroller LD_LIBRARY_PATH=/home/robocatsorin/Desktop/RobotCode2025/ros2_ws/install/custom_interfaces/lib:/home/robocatsorin/Desktop/RobotCode2025/ros2_ws/install/usb_cam/lib:/opt/ros/humble/opt/rviz_ogre_vendor/lib:/opt/ros/humble/lib/aarch64-linux-gnu:/opt/ros/humble/lib:/usr/local/cuda-12.6/lib64 PYTHONPATH=/home/robocatsorin/Desktop/RobotCode2025/ros2_ws/build/py_motors/prefix_override:/usr/lib/python3/dist-packages/colcon_core/task/python/colcon_distutils_commands:/home/robocatsorin/Desktop/RobotCode2025/ros2_ws/install/py_motors/lib/python3.10/site-packages:${PYTHONPATH} /usr/bin/python3 -W ignore:setup.py install is deprecated -W ignore:easy_install command is deprecated setup.py egg_info --egg-base ../../build/py_motors build --build-base /home/robocatsorin/Desktop/RobotCode2025/ros2_ws/build/py_motors/build install --record /home/robocatsorin/Desktop/RobotCode2025/ros2_ws/build/py_motors/install.log --single-version-externally-managed install_data[0m
[16.514s] [34mcolcon.colcon_core.event_handler.log_command[0m [1;30mDEBUG[0m [32mInvoking command in '/home/robocatsorin/Desktop/RobotCode2025/ros2_ws/src/py_sensors': CMAKE_PREFIX_PATH=/home/robocatsorin/Desktop/RobotCode2025/ros2_ws/install/custom_interfaces:/home/robocatsorin/Desktop/RobotCode2025/ros2_ws/install/usb_cam:/home/robocatsorin/Desktop/RobotCode2025/ros2_ws/install/cpp_subcontroller LD_LIBRARY_PATH=/home/robocatsorin/Desktop/RobotCode2025/ros2_ws/install/custom_interfaces/lib:/home/robocatsorin/Desktop/RobotCode2025/ros2_ws/install/usb_cam/lib:/opt/ros/humble/opt/rviz_ogre_vendor/lib:/opt/ros/humble/lib/aarch64-linux-gnu:/opt/ros/humble/lib:/usr/local/cuda-12.6/lib64 PYTHONPATH=/home/robocatsorin/Desktop/RobotCode2025/ros2_ws/build/py_sensors/prefix_override:/usr/lib/python3/dist-packages/colcon_core/task/python/colcon_distutils_commands:/home/robocatsorin/Desktop/RobotCode2025/ros2_ws/install/py_sensors/lib/python3.10/site-packages:${PYTHONPATH} /usr/bin/python3 -W ignore:setup.py install is deprecated -W ignore:easy_install command is deprecated setup.py egg_info --egg-base ../../build/py_sensors build --build-base /home/robocatsorin/Desktop/RobotCode2025/ros2_ws/build/py_sensors/build install --record /home/robocatsorin/Desktop/RobotCode2025/ros2_ws/build/py_sensors/install.log --single-version-externally-managed install_data[0m
[17.124s] [34mcolcon.colcon_core.environment[0m [1;30mLevel 1[0m checking '/home/robocatsorin/Desktop/RobotCode2025/ros2_ws/install/py_motors' for CMake module files
[17.125s] [34mcolcon.colcon_core.environment[0m [1;30mLevel 1[0m checking '/home/robocatsorin/Desktop/RobotCode2025/ros2_ws/install/py_motors' for CMake config files
[17.127s] [34mcolcon.colcon_core.environment[0m [1;30mLevel 1[0m checking '/home/robocatsorin/Desktop/RobotCode2025/ros2_ws/install/py_motors/lib'
[17.127s] [34mcolcon.colcon_core.environment[0m [1;30mLevel 1[0m checking '/home/robocatsorin/Desktop/RobotCode2025/ros2_ws/install/py_motors/bin'
[17.127s] [34mcolcon.colcon_core.environment[0m [1;30mLevel 1[0m checking '/home/robocatsorin/Desktop/RobotCode2025/ros2_ws/install/py_motors/lib/pkgconfig/py_motors.pc'
[17.128s] [34mcolcon.colcon_core.environment[0m [1;30mLevel 1[0m checking '/home/robocatsorin/Desktop/RobotCode2025/ros2_ws/install/py_motors/lib/python3.10/site-packages'
[17.128s] [34mcolcon.colcon_core.shell[0m [1;30mLevel 1[0m create_environment_hook('py_motors', 'pythonpath')
[17.128s] [34mcolcon.colcon_core.shell[0m [1;30mINFO[0m Creating environment hook '/home/robocatsorin/Desktop/RobotCode2025/ros2_ws/install/py_motors/share/py_motors/hook/pythonpath.ps1'
[17.131s] [34mcolcon.colcon_core.event_handler.log_command[0m [1;30mDEBUG[0m [32mInvoked command in '/home/robocatsorin/Desktop/RobotCode2025/ros2_ws/src/py_motors' returned '0': CMAKE_PREFIX_PATH=/home/robocatsorin/Desktop/RobotCode2025/ros2_ws/install/custom_interfaces:/home/robocatsorin/Desktop/RobotCode2025/ros2_ws/install/usb_cam:/home/robocatsorin/Desktop/RobotCode2025/ros2_ws/install/cpp_subcontroller LD_LIBRARY_PATH=/home/robocatsorin/Desktop/RobotCode2025/ros2_ws/install/custom_interfaces/lib:/home/robocatsorin/Desktop/RobotCode2025/ros2_ws/install/usb_cam/lib:/opt/ros/humble/opt/rviz_ogre_vendor/lib:/opt/ros/humble/lib/aarch64-linux-gnu:/opt/ros/humble/lib:/usr/local/cuda-12.6/lib64 PYTHONPATH=/home/robocatsorin/Desktop/RobotCode2025/ros2_ws/build/py_motors/prefix_override:/usr/lib/python3/dist-packages/colcon_core/task/python/colcon_distutils_commands:/home/robocatsorin/Desktop/RobotCode2025/ros2_ws/install/py_motors/lib/python3.10/site-packages:${PYTHONPATH} /usr/bin/python3 -W ignore:setup.py install is deprecated -W ignore:easy_install command is deprecated setup.py egg_info --egg-base ../../build/py_motors build --build-base /home/robocatsorin/Desktop/RobotCode2025/ros2_ws/build/py_motors/build install --record /home/robocatsorin/Desktop/RobotCode2025/ros2_ws/build/py_motors/install.log --single-version-externally-managed install_data[0m
[17.134s] [34mcolcon.colcon_core.shell[0m [1;30mINFO[0m Creating environment descriptor '/home/robocatsorin/Desktop/RobotCode2025/ros2_ws/install/py_motors/share/py_motors/hook/pythonpath.dsv'
[17.136s] [34mcolcon.colcon_core.shell[0m [1;30mINFO[0m Creating environment hook '/home/robocatsorin/Desktop/RobotCode2025/ros2_ws/install/py_motors/share/py_motors/hook/pythonpath.sh'
[17.142s] [34mcolcon.colcon_core.environment[0m [1;30mLevel 1[0m checking '/home/robocatsorin/Desktop/RobotCode2025/ros2_ws/install/py_motors/bin'
[17.143s] [34mcolcon.colcon_core.environment[0m [1;30mLevel 1[0m create_environment_scripts_only(py_motors)
[17.144s] [34mcolcon.colcon_core.shell[0m [1;30mINFO[0m Creating package script '/home/robocatsorin/Desktop/RobotCode2025/ros2_ws/install/py_motors/share/py_motors/package.ps1'
[17.150s] [34mcolcon.colcon_core.shell[0m [1;30mINFO[0m Creating package descriptor '/home/robocatsorin/Desktop/RobotCode2025/ros2_ws/install/py_motors/share/py_motors/package.dsv'
[17.152s] [34mcolcon.colcon_core.shell[0m [1;30mINFO[0m Creating package script '/home/robocatsorin/Desktop/RobotCode2025/ros2_ws/install/py_motors/share/py_motors/package.sh'
[17.155s] [34mcolcon.colcon_core.shell[0m [1;30mINFO[0m Creating package script '/home/robocatsorin/Desktop/RobotCode2025/ros2_ws/install/py_motors/share/py_motors/package.bash'
[17.156s] [34mcolcon.colcon_core.shell[0m [1;30mINFO[0m Creating package script '/home/robocatsorin/Desktop/RobotCode2025/ros2_ws/install/py_motors/share/py_motors/package.zsh'
[17.158s] [34mcolcon.colcon_core.environment[0m [1;30mLevel 1[0m create_file_with_runtime_dependencies(/home/robocatsorin/Desktop/RobotCode2025/ros2_ws/install/py_motors/share/colcon-core/packages/py_motors)
[17.174s] [34mcolcon.colcon_core.environment[0m [1;30mLevel 1[0m checking '/home/robocatsorin/Desktop/RobotCode2025/ros2_ws/install/py_objectdetection' for CMake module files
[17.176s] [34mcolcon.colcon_core.environment[0m [1;30mLevel 1[0m checking '/home/robocatsorin/Desktop/RobotCode2025/ros2_ws/install/py_objectdetection' for CMake config files
[17.176s] [34mcolcon.colcon_core.event_handler.log_command[0m [1;30mDEBUG[0m [32mInvoked command in '/home/robocatsorin/Desktop/RobotCode2025/ros2_ws/src/py_objectdetection' returned '0': CMAKE_PREFIX_PATH=/home/robocatsorin/Desktop/RobotCode2025/ros2_ws/install/custom_interfaces:/home/robocatsorin/Desktop/RobotCode2025/ros2_ws/install/usb_cam:/home/robocatsorin/Desktop/RobotCode2025/ros2_ws/install/cpp_subcontroller LD_LIBRARY_PATH=/home/robocatsorin/Desktop/RobotCode2025/ros2_ws/install/custom_interfaces/lib:/home/robocatsorin/Desktop/RobotCode2025/ros2_ws/install/usb_cam/lib:/opt/ros/humble/opt/rviz_ogre_vendor/lib:/opt/ros/humble/lib/aarch64-linux-gnu:/opt/ros/humble/lib:/usr/local/cuda-12.6/lib64 PYTHONPATH=/home/robocatsorin/Desktop/RobotCode2025/ros2_ws/build/py_objectdetection/prefix_override:/usr/lib/python3/dist-packages/colcon_core/task/python/colcon_distutils_commands:/home/robocatsorin/Desktop/RobotCode2025/ros2_ws/install/py_objectdetection/lib/python3.10/site-packages:${PYTHONPATH} /usr/bin/python3 -W ignore:setup.py install is deprecated -W ignore:easy_install command is deprecated setup.py egg_info --egg-base ../../build/py_objectdetection build --build-base /home/robocatsorin/Desktop/RobotCode2025/ros2_ws/build/py_objectdetection/build install --record /home/robocatsorin/Desktop/RobotCode2025/ros2_ws/build/py_objectdetection/install.log --single-version-externally-managed install_data[0m
[17.178s] [34mcolcon.colcon_core.environment[0m [1;30mLevel 1[0m checking '/home/robocatsorin/Desktop/RobotCode2025/ros2_ws/install/py_objectdetection/lib'
[17.178s] [34mcolcon.colcon_core.environment[0m [1;30mLevel 1[0m checking '/home/robocatsorin/Desktop/RobotCode2025/ros2_ws/install/py_objectdetection/bin'
[17.179s] [34mcolcon.colcon_core.environment[0m [1;30mLevel 1[0m checking '/home/robocatsorin/Desktop/RobotCode2025/ros2_ws/install/py_objectdetection/lib/pkgconfig/py_objectdetection.pc'
[17.179s] [34mcolcon.colcon_core.environment[0m [1;30mLevel 1[0m checking '/home/robocatsorin/Desktop/RobotCode2025/ros2_ws/install/py_objectdetection/lib/python3.10/site-packages'
[17.179s] [34mcolcon.colcon_core.shell[0m [1;30mLevel 1[0m create_environment_hook('py_objectdetection', 'pythonpath')
[17.180s] [34mcolcon.colcon_core.shell[0m [1;30mINFO[0m Creating environment hook '/home/robocatsorin/Desktop/RobotCode2025/ros2_ws/install/py_objectdetection/share/py_objectdetection/hook/pythonpath.ps1'
[17.181s] [34mcolcon.colcon_core.shell[0m [1;30mINFO[0m Creating environment descriptor '/home/robocatsorin/Desktop/RobotCode2025/ros2_ws/install/py_objectdetection/share/py_objectdetection/hook/pythonpath.dsv'
[17.182s] [34mcolcon.colcon_core.shell[0m [1;30mINFO[0m Creating environment hook '/home/robocatsorin/Desktop/RobotCode2025/ros2_ws/install/py_objectdetection/share/py_objectdetection/hook/pythonpath.sh'
[17.184s] [34mcolcon.colcon_core.environment[0m [1;30mLevel 1[0m checking '/home/robocatsorin/Desktop/RobotCode2025/ros2_ws/install/py_objectdetection/bin'
[17.184s] [34mcolcon.colcon_core.environment[0m [1;30mLevel 1[0m create_environment_scripts_only(py_objectdetection)
[17.185s] [34mcolcon.colcon_core.shell[0m [1;30mINFO[0m Creating package script '/home/robocatsorin/Desktop/RobotCode2025/ros2_ws/install/py_objectdetection/share/py_objectdetection/package.ps1'
[17.186s] [34mcolcon.colcon_core.shell[0m [1;30mINFO[0m Creating package descriptor '/home/robocatsorin/Desktop/RobotCode2025/ros2_ws/install/py_objectdetection/share/py_objectdetection/package.dsv'
[17.187s] [34mcolcon.colcon_core.shell[0m [1;30mINFO[0m Creating package script '/home/robocatsorin/Desktop/RobotCode2025/ros2_ws/install/py_objectdetection/share/py_objectdetection/package.sh'
[17.188s] [34mcolcon.colcon_core.shell[0m [1;30mINFO[0m Creating package script '/home/robocatsorin/Desktop/RobotCode2025/ros2_ws/install/py_objectdetection/share/py_objectdetection/package.bash'
[17.189s] [34mcolcon.colcon_core.shell[0m [1;30mINFO[0m Creating package script '/home/robocatsorin/Desktop/RobotCode2025/ros2_ws/install/py_objectdetection/share/py_objectdetection/package.zsh'
[17.190s] [34mcolcon.colcon_core.environment[0m [1;30mLevel 1[0m create_file_with_runtime_dependencies(/home/robocatsorin/Desktop/RobotCode2025/ros2_ws/install/py_objectdetection/share/colcon-core/packages/py_objectdetection)
[17.292s] [34mcolcon.colcon_core.environment[0m [1;30mLevel 1[0m checking '/home/robocatsorin/Desktop/RobotCode2025/ros2_ws/install/py_sensors' for CMake module files
[17.293s] [34mcolcon.colcon_core.environment[0m [1;30mLevel 1[0m checking '/home/robocatsorin/Desktop/RobotCode2025/ros2_ws/install/py_sensors' for CMake config files
[17.294s] [34mcolcon.colcon_core.environment[0m [1;30mLevel 1[0m checking '/home/robocatsorin/Desktop/RobotCode2025/ros2_ws/install/py_sensors/lib'
[17.295s] [34mcolcon.colcon_core.environment[0m [1;30mLevel 1[0m checking '/home/robocatsorin/Desktop/RobotCode2025/ros2_ws/install/py_sensors/bin'
[17.295s] [34mcolcon.colcon_core.environment[0m [1;30mLevel 1[0m checking '/home/robocatsorin/Desktop/RobotCode2025/ros2_ws/install/py_sensors/lib/pkgconfig/py_sensors.pc'
[17.296s] [34mcolcon.colcon_core.environment[0m [1;30mLevel 1[0m checking '/home/robocatsorin/Desktop/RobotCode2025/ros2_ws/install/py_sensors/lib/python3.10/site-packages'
[17.298s] [34mcolcon.colcon_core.event_handler.log_command[0m [1;30mDEBUG[0m [32mInvoked command in '/home/robocatsorin/Desktop/RobotCode2025/ros2_ws/src/py_sensors' returned '0': CMAKE_PREFIX_PATH=/home/robocatsorin/Desktop/RobotCode2025/ros2_ws/install/custom_interfaces:/home/robocatsorin/Desktop/RobotCode2025/ros2_ws/install/usb_cam:/home/robocatsorin/Desktop/RobotCode2025/ros2_ws/install/cpp_subcontroller LD_LIBRARY_PATH=/home/robocatsorin/Desktop/RobotCode2025/ros2_ws/install/custom_interfaces/lib:/home/robocatsorin/Desktop/RobotCode2025/ros2_ws/install/usb_cam/lib:/opt/ros/humble/opt/rviz_ogre_vendor/lib:/opt/ros/humble/lib/aarch64-linux-gnu:/opt/ros/humble/lib:/usr/local/cuda-12.6/lib64 PYTHONPATH=/home/robocatsorin/Desktop/RobotCode2025/ros2_ws/build/py_sensors/prefix_override:/usr/lib/python3/dist-packages/colcon_core/task/python/colcon_distutils_commands:/home/robocatsorin/Desktop/RobotCode2025/ros2_ws/install/py_sensors/lib/python3.10/site-packages:${PYTHONPATH} /usr/bin/python3 -W ignore:setup.py install is deprecated -W ignore:easy_install command is deprecated setup.py egg_info --egg-base ../../build/py_sensors build --build-base /home/robocatsorin/Desktop/RobotCode2025/ros2_ws/build/py_sensors/build install --record /home/robocatsorin/Desktop/RobotCode2025/ros2_ws/build/py_sensors/install.log --single-version-externally-managed install_data[0m
[17.299s] [34mcolcon.colcon_core.shell[0m [1;30mLevel 1[0m create_environment_hook('py_sensors', 'pythonpath')
[17.300s] [34mcolcon.colcon_core.shell[0m [1;30mINFO[0m Creating environment hook '/home/robocatsorin/Desktop/RobotCode2025/ros2_ws/install/py_sensors/share/py_sensors/hook/pythonpath.ps1'
[17.302s] [34mcolcon.colcon_core.shell[0m [1;30mINFO[0m Creating environment descriptor '/home/robocatsorin/Desktop/RobotCode2025/ros2_ws/install/py_sensors/share/py_sensors/hook/pythonpath.dsv'
[17.303s] [34mcolcon.colcon_core.shell[0m [1;30mINFO[0m Creating environment hook '/home/robocatsorin/Desktop/RobotCode2025/ros2_ws/install/py_sensors/share/py_sensors/hook/pythonpath.sh'
[17.306s] [34mcolcon.colcon_core.environment[0m [1;30mLevel 1[0m checking '/home/robocatsorin/Desktop/RobotCode2025/ros2_ws/install/py_sensors/bin'
[17.306s] [34mcolcon.colcon_core.environment[0m [1;30mLevel 1[0m create_environment_scripts_only(py_sensors)
[17.307s] [34mcolcon.colcon_core.shell[0m [1;30mINFO[0m Creating package script '/home/robocatsorin/Desktop/RobotCode2025/ros2_ws/install/py_sensors/share/py_sensors/package.ps1'
[17.309s] [34mcolcon.colcon_core.shell[0m [1;30mINFO[0m Creating package descriptor '/home/robocatsorin/Desktop/RobotCode2025/ros2_ws/install/py_sensors/share/py_sensors/package.dsv'
[17.311s] [34mcolcon.colcon_core.shell[0m [1;30mINFO[0m Creating package script '/home/robocatsorin/Desktop/RobotCode2025/ros2_ws/install/py_sensors/share/py_sensors/package.sh'
[17.313s] [34mcolcon.colcon_core.shell[0m [1;30mINFO[0m Creating package script '/home/robocatsorin/Desktop/RobotCode2025/ros2_ws/install/py_sensors/share/py_sensors/package.bash'
[17.315s] [34mcolcon.colcon_core.shell[0m [1;30mINFO[0m Creating package script '/home/robocatsorin/Desktop/RobotCode2025/ros2_ws/install/py_sensors/share/py_sensors/package.zsh'
[17.317s] [34mcolcon.colcon_core.environment[0m [1;30mLevel 1[0m create_file_with_runtime_dependencies(/home/robocatsorin/Desktop/RobotCode2025/ros2_ws/install/py_sensors/share/colcon-core/packages/py_sensors)
[35.564s] [34mcolcon.colcon_core.event_handler.log_command[0m [1;30mDEBUG[0m [32mInvoked command in '/home/robocatsorin/Desktop/RobotCode2025/ros2_ws/build/cpp_subcontroller' returned '0': CMAKE_PREFIX_PATH=/home/robocatsorin/Desktop/RobotCode2025/ros2_ws/install/custom_interfaces:/home/robocatsorin/Desktop/RobotCode2025/ros2_ws/install/usb_cam:/home/robocatsorin/Desktop/RobotCode2025/ros2_ws/install/cpp_subcontroller:/home/robocatsorin/Desktop/RobotCode2025/ros2_ws/install/py_sensors:/home/robocatsorin/Desktop/RobotCode2025/ros2_ws/install/py_objectdetection:/home/robocatsorin/Desktop/RobotCode2025/ros2_ws/install/py_motors:/opt/ros/humble LD_LIBRARY_PATH=/home/robocatsorin/Desktop/RobotCode2025/ros2_ws/install/custom_interfaces/lib:/home/robocatsorin/Desktop/RobotCode2025/ros2_ws/install/usb_cam/lib:/opt/ros/humble/opt/rviz_ogre_vendor/lib:/opt/ros/humble/lib/aarch64-linux-gnu:/opt/ros/humble/lib:/usr/local/cuda-12.6/lib64 /usr/bin/cmake --build /home/robocatsorin/Desktop/RobotCode2025/ros2_ws/build/cpp_subcontroller -- -j8 -l8[0m
[35.567s] [34mcolcon.colcon_core.event_handler.log_command[0m [1;30mDEBUG[0m [32mInvoking command in '/home/robocatsorin/Desktop/RobotCode2025/ros2_ws/build/cpp_subcontroller': CMAKE_PREFIX_PATH=/home/robocatsorin/Desktop/RobotCode2025/ros2_ws/install/custom_interfaces:/home/robocatsorin/Desktop/RobotCode2025/ros2_ws/install/usb_cam:/home/robocatsorin/Desktop/RobotCode2025/ros2_ws/install/cpp_subcontroller:/home/robocatsorin/Desktop/RobotCode2025/ros2_ws/install/py_sensors:/home/robocatsorin/Desktop/RobotCode2025/ros2_ws/install/py_objectdetection:/home/robocatsorin/Desktop/RobotCode2025/ros2_ws/install/py_motors:/opt/ros/humble LD_LIBRARY_PATH=/home/robocatsorin/Desktop/RobotCode2025/ros2_ws/install/custom_interfaces/lib:/home/robocatsorin/Desktop/RobotCode2025/ros2_ws/install/usb_cam/lib:/opt/ros/humble/opt/rviz_ogre_vendor/lib:/opt/ros/humble/lib/aarch64-linux-gnu:/opt/ros/humble/lib:/usr/local/cuda-12.6/lib64 /usr/bin/cmake --install /home/robocatsorin/Desktop/RobotCode2025/ros2_ws/build/cpp_subcontroller[0m
[35.604s] [34mcolcon.colcon_core.environment[0m [1;30mLevel 1[0m create_environment_scripts_only(cpp_subcontroller)
[35.605s] [34mcolcon.colcon_core.environment[0m [1;30mLevel 1[0m checking '/home/robocatsorin/Desktop/RobotCode2025/ros2_ws/install/cpp_subcontroller' for CMake module files
[35.606s] [34mcolcon.colcon_core.event_handler.log_command[0m [1;30mDEBUG[0m [32mInvoked command in '/home/robocatsorin/Desktop/RobotCode2025/ros2_ws/build/cpp_subcontroller' returned '0': CMAKE_PREFIX_PATH=/home/robocatsorin/Desktop/RobotCode2025/ros2_ws/install/custom_interfaces:/home/robocatsorin/Desktop/RobotCode2025/ros2_ws/install/usb_cam:/home/robocatsorin/Desktop/RobotCode2025/ros2_ws/install/cpp_subcontroller:/home/robocatsorin/Desktop/RobotCode2025/ros2_ws/install/py_sensors:/home/robocatsorin/Desktop/RobotCode2025/ros2_ws/install/py_objectdetection:/home/robocatsorin/Desktop/RobotCode2025/ros2_ws/install/py_motors:/opt/ros/humble LD_LIBRARY_PATH=/home/robocatsorin/Desktop/RobotCode2025/ros2_ws/install/custom_interfaces/lib:/home/robocatsorin/Desktop/RobotCode2025/ros2_ws/install/usb_cam/lib:/opt/ros/humble/opt/rviz_ogre_vendor/lib:/opt/ros/humble/lib/aarch64-linux-gnu:/opt/ros/humble/lib:/usr/local/cuda-12.6/lib64 /usr/bin/cmake --install /home/robocatsorin/Desktop/RobotCode2025/ros2_ws/build/cpp_subcontroller[0m
[35.607s] [34mcolcon.colcon_core.environment[0m [1;30mLevel 1[0m checking '/home/robocatsorin/Desktop/RobotCode2025/ros2_ws/install/cpp_subcontroller' for CMake config files
[35.608s] [34mcolcon.colcon_core.shell[0m [1;30mLevel 1[0m create_environment_hook('cpp_subcontroller', 'cmake_prefix_path')
[35.609s] [34mcolcon.colcon_core.shell[0m [1;30mINFO[0m Creating environment hook '/home/robocatsorin/Desktop/RobotCode2025/ros2_ws/install/cpp_subcontroller/share/cpp_subcontroller/hook/cmake_prefix_path.ps1'
[35.610s] [34mcolcon.colcon_core.shell[0m [1;30mINFO[0m Creating environment descriptor '/home/robocatsorin/Desktop/RobotCode2025/ros2_ws/install/cpp_subcontroller/share/cpp_subcontroller/hook/cmake_prefix_path.dsv'
[35.611s] [34mcolcon.colcon_core.shell[0m [1;30mINFO[0m Creating environment hook '/home/robocatsorin/Desktop/RobotCode2025/ros2_ws/install/cpp_subcontroller/share/cpp_subcontroller/hook/cmake_prefix_path.sh'
[35.613s] [34mcolcon.colcon_core.environment[0m [1;30mLevel 1[0m checking '/home/robocatsorin/Desktop/RobotCode2025/ros2_ws/install/cpp_subcontroller/lib'
[35.613s] [34mcolcon.colcon_core.environment[0m [1;30mLevel 1[0m checking '/home/robocatsorin/Desktop/RobotCode2025/ros2_ws/install/cpp_subcontroller/bin'
[35.613s] [34mcolcon.colcon_core.environment[0m [1;30mLevel 1[0m checking '/home/robocatsorin/Desktop/RobotCode2025/ros2_ws/install/cpp_subcontroller/lib/pkgconfig/cpp_subcontroller.pc'
[35.614s] [34mcolcon.colcon_core.environment[0m [1;30mLevel 1[0m checking '/home/robocatsorin/Desktop/RobotCode2025/ros2_ws/install/cpp_subcontroller/lib/python3.10/site-packages'
[35.614s] [34mcolcon.colcon_core.environment[0m [1;30mLevel 1[0m checking '/home/robocatsorin/Desktop/RobotCode2025/ros2_ws/install/cpp_subcontroller/bin'
[35.615s] [34mcolcon.colcon_core.shell[0m [1;30mINFO[0m Creating package script '/home/robocatsorin/Desktop/RobotCode2025/ros2_ws/install/cpp_subcontroller/share/cpp_subcontroller/package.ps1'
[35.616s] [34mcolcon.colcon_core.shell[0m [1;30mINFO[0m Creating package descriptor '/home/robocatsorin/Desktop/RobotCode2025/ros2_ws/install/cpp_subcontroller/share/cpp_subcontroller/package.dsv'
[35.617s] [34mcolcon.colcon_core.shell[0m [1;30mINFO[0m Creating package script '/home/robocatsorin/Desktop/RobotCode2025/ros2_ws/install/cpp_subcontroller/share/cpp_subcontroller/package.sh'
[35.618s] [34mcolcon.colcon_core.shell[0m [1;30mINFO[0m Creating package script '/home/robocatsorin/Desktop/RobotCode2025/ros2_ws/install/cpp_subcontroller/share/cpp_subcontroller/package.bash'
[35.619s] [34mcolcon.colcon_core.shell[0m [1;30mINFO[0m Creating package script '/home/robocatsorin/Desktop/RobotCode2025/ros2_ws/install/cpp_subcontroller/share/cpp_subcontroller/package.zsh'
[35.620s] [34mcolcon.colcon_core.environment[0m [1;30mLevel 1[0m create_file_with_runtime_dependencies(/home/robocatsorin/Desktop/RobotCode2025/ros2_ws/install/cpp_subcontroller/share/colcon-core/packages/cpp_subcontroller)
[35.621s] [34mcolcon.colcon_core.environment[0m [1;30mLevel 1[0m create_environment_scripts_only(cpp_subcontroller)
[35.621s] [34mcolcon.colcon_core.environment[0m [1;30mLevel 1[0m checking '/home/robocatsorin/Desktop/RobotCode2025/ros2_ws/install/cpp_subcontroller' for CMake module files
[35.623s] [34mcolcon.colcon_core.environment[0m [1;30mLevel 1[0m checking '/home/robocatsorin/Desktop/RobotCode2025/ros2_ws/install/cpp_subcontroller' for CMake config files
[35.623s] [34mcolcon.colcon_core.shell[0m [1;30mLevel 1[0m create_environment_hook('cpp_subcontroller', 'cmake_prefix_path')
[35.624s] [34mcolcon.colcon_core.shell[0m [1;30mINFO[0m Creating environment hook '/home/robocatsorin/Desktop/RobotCode2025/ros2_ws/install/cpp_subcontroller/share/cpp_subcontroller/hook/cmake_prefix_path.ps1'
[35.814s] [34mcolcon.colcon_core.shell[0m [1;30mINFO[0m Creating environment descriptor '/home/robocatsorin/Desktop/RobotCode2025/ros2_ws/install/cpp_subcontroller/share/cpp_subcontroller/hook/cmake_prefix_path.dsv'
[35.815s] [34mcolcon.colcon_core.shell[0m [1;30mINFO[0m Creating environment hook '/home/robocatsorin/Desktop/RobotCode2025/ros2_ws/install/cpp_subcontroller/share/cpp_subcontroller/hook/cmake_prefix_path.sh'
[35.817s] [34mcolcon.colcon_core.environment[0m [1;30mLevel 1[0m checking '/home/robocatsorin/Desktop/RobotCode2025/ros2_ws/install/cpp_subcontroller/lib'
[35.817s] [34mcolcon.colcon_core.environment[0m [1;30mLevel 1[0m checking '/home/robocatsorin/Desktop/RobotCode2025/ros2_ws/install/cpp_subcontroller/bin'
[35.817s] [34mcolcon.colcon_core.environment[0m [1;30mLevel 1[0m checking '/home/robocatsorin/Desktop/RobotCode2025/ros2_ws/install/cpp_subcontroller/lib/pkgconfig/cpp_subcontroller.pc'
[35.818s] [34mcolcon.colcon_core.environment[0m [1;30mLevel 1[0m checking '/home/robocatsorin/Desktop/RobotCode2025/ros2_ws/install/cpp_subcontroller/lib/python3.10/site-packages'
[35.818s] [34mcolcon.colcon_core.environment[0m [1;30mLevel 1[0m checking '/home/robocatsorin/Desktop/RobotCode2025/ros2_ws/install/cpp_subcontroller/bin'
[35.819s] [34mcolcon.colcon_core.shell[0m [1;30mINFO[0m Creating package script '/home/robocatsorin/Desktop/RobotCode2025/ros2_ws/install/cpp_subcontroller/share/cpp_subcontroller/package.ps1'
[36.241s] [34mcolcon.colcon_core.shell[0m [1;30mINFO[0m Creating package descriptor '/home/robocatsorin/Desktop/RobotCode2025/ros2_ws/install/cpp_subcontroller/share/cpp_subcontroller/package.dsv'
[36.243s] [34mcolcon.colcon_core.shell[0m [1;30mINFO[0m Creating package script '/home/robocatsorin/Desktop/RobotCode2025/ros2_ws/install/cpp_subcontroller/share/cpp_subcontroller/package.sh'
[36.245s] [34mcolcon.colcon_core.shell[0m [1;30mINFO[0m Creating package script '/home/robocatsorin/Desktop/RobotCode2025/ros2_ws/install/cpp_subcontroller/share/cpp_subcontroller/package.bash'
[36.256s] [34mcolcon.colcon_core.shell[0m [1;30mINFO[0m Creating package script '/home/robocatsorin/Desktop/RobotCode2025/ros2_ws/install/cpp_subcontroller/share/cpp_subcontroller/package.zsh'
[36.257s] [34mcolcon.colcon_core.environment[0m [1;30mLevel 1[0m create_file_with_runtime_dependencies(/home/robocatsorin/Desktop/RobotCode2025/ros2_ws/install/cpp_subcontroller/share/colcon-core/packages/cpp_subcontroller)
[36.258s] [34mcolcon.colcon_parallel_executor.executor.parallel[0m [1;30mDEBUG[0m [32mclosing loop[0m
[36.260s] [34mcolcon.colcon_parallel_executor.executor.parallel[0m [1;30mDEBUG[0m [32mloop closed[0m
[36.260s] [34mcolcon.colcon_parallel_executor.executor.parallel[0m [1;30mDEBUG[0m [32mrun_until_complete finished with '0'[0m
[36.260s] [34mcolcon.colcon_core.event_reactor[0m [1;30mDEBUG[0m [32mjoining thread[0m
[36.271s] [34mcolcon.colcon_core.plugin_system[0m [1;30mINFO[0m Skipping extension 'colcon_notification.desktop_notification.terminal_notifier': Not used on non-Darwin systems
[36.272s] [34mcolcon.colcon_core.plugin_system[0m [1;30mINFO[0m Skipping extension 'colcon_notification.desktop_notification.win32': Not used on non-Windows systems
[36.272s] [34mcolcon.colcon_notification.desktop_notification[0m [1;30mINFO[0m Sending desktop notification using 'notify2'
[36.312s] [34mcolcon.colcon_core.event_reactor[0m [1;30mDEBUG[0m [32mjoined thread[0m
[36.313s] [34mcolcon.colcon_core.shell[0m [1;30mINFO[0m Creating prefix script '/home/robocatsorin/Desktop/RobotCode2025/ros2_ws/install/local_setup.ps1'
[36.316s] [34mcolcon.colcon_core.shell[0m [1;30mINFO[0m Creating prefix util module '/home/robocatsorin/Desktop/RobotCode2025/ros2_ws/install/_local_setup_util_ps1.py'
[36.321s] [34mcolcon.colcon_core.shell[0m [1;30mINFO[0m Creating prefix chain script '/home/robocatsorin/Desktop/RobotCode2025/ros2_ws/install/setup.ps1'
[36.325s] [34mcolcon.colcon_core.shell[0m [1;30mINFO[0m Creating prefix script '/home/robocatsorin/Desktop/RobotCode2025/ros2_ws/install/local_setup.sh'
[36.328s] [34mcolcon.colcon_core.shell[0m [1;30mINFO[0m Creating prefix util module '/home/robocatsorin/Desktop/RobotCode2025/ros2_ws/install/_local_setup_util_sh.py'
[36.330s] [34mcolcon.colcon_core.shell[0m [1;30mINFO[0m Creating prefix chain script '/home/robocatsorin/Desktop/RobotCode2025/ros2_ws/install/setup.sh'
[36.333s] [34mcolcon.colcon_core.shell[0m [1;30mINFO[0m Creating prefix script '/home/robocatsorin/Desktop/RobotCode2025/ros2_ws/install/local_setup.bash'
[36.335s] [34mcolcon.colcon_core.shell[0m [1;30mINFO[0m Creating prefix chain script '/home/robocatsorin/Desktop/RobotCode2025/ros2_ws/install/setup.bash'
[36.339s] [34mcolcon.colcon_core.shell[0m [1;30mINFO[0m Creating prefix script '/home/robocatsorin/Desktop/RobotCode2025/ros2_ws/install/local_setup.zsh'
[36.341s] [34mcolcon.colcon_core.shell[0m [1;30mINFO[0m Creating prefix chain script '/home/robocatsorin/Desktop/RobotCode2025/ros2_ws/install/setup.zsh'
