[2.783s] Invoking command in '/home/robocatsorin/Desktop/RobotCode2025/ros2_ws/src/py_objectdetection': CMAKE_PREFIX_PATH=/home/robocatsorin/Desktop/RobotCode2025/ros2_ws/install/custom_interfaces:/home/robocatsorin/Desktop/RobotCode2025/ros2_ws/install/usb_cam:/home/robocatsorin/Desktop/RobotCode2025/ros2_ws/install/cpp_subcontroller LD_LIBRARY_PATH=/home/robocatsorin/Desktop/RobotCode2025/ros2_ws/install/custom_interfaces/lib:/home/robocatsorin/Desktop/RobotCode2025/ros2_ws/install/usb_cam/lib:/opt/ros/humble/opt/rviz_ogre_vendor/lib:/opt/ros/humble/lib/aarch64-linux-gnu:/opt/ros/humble/lib:/usr/local/cuda-12.6/lib64 PYTHONPATH=/home/robocatsorin/Desktop/RobotCode2025/ros2_ws/build/py_objectdetection/prefix_override:/usr/lib/python3/dist-packages/colcon_core/task/python/colcon_distutils_commands:/home/robocatsorin/Desktop/RobotCode2025/ros2_ws/install/py_objectdetection/lib/python3.10/site-packages:${PYTHONPATH} /usr/bin/python3 -W ignore:setup.py install is deprecated -W ignore:easy_install command is deprecated setup.py egg_info --egg-base ../../build/py_objectdetection build --build-base /home/robocatsorin/Desktop/RobotCode2025/ros2_ws/build/py_objectdetection/build install --record /home/robocatsorin/Desktop/RobotCode2025/ros2_ws/build/py_objectdetection/install.log --single-version-externally-managed install_data
[3.402s] running egg_info
[3.404s] writing ../../build/py_objectdetection/py_objectdetection.egg-info/PKG-INFO
[3.406s] writing dependency_links to ../../build/py_objectdetection/py_objectdetection.egg-info/dependency_links.txt
[3.408s] writing entry points to ../../build/py_objectdetection/py_objectdetection.egg-info/entry_points.txt
[3.409s] writing requirements to ../../build/py_objectdetection/py_objectdetection.egg-info/requires.txt
[3.410s] writing top-level names to ../../build/py_objectdetection/py_objectdetection.egg-info/top_level.txt
[3.416s] reading manifest file '../../build/py_objectdetection/py_objectdetection.egg-info/SOURCES.txt'
[3.417s] adding license file 'LICENSE'
[3.420s] writing manifest file '../../build/py_objectdetection/py_objectdetection.egg-info/SOURCES.txt'
[3.421s] running build
[3.421s] running build_py
[3.423s] copying py_objectdetection/depth_image_to_map.py -> /home/robocatsorin/Desktop/RobotCode2025/ros2_ws/build/py_objectdetection/build/lib/py_objectdetection
[3.425s] running install
[3.426s] running install_lib
[3.429s] copying /home/robocatsorin/Desktop/RobotCode2025/ros2_ws/build/py_objectdetection/build/lib/py_objectdetection/depth_image_to_map.py -> /home/robocatsorin/Desktop/RobotCode2025/ros2_ws/install/py_objectdetection/lib/python3.10/site-packages/py_objectdetection
[3.433s] byte-compiling /home/robocatsorin/Desktop/RobotCode2025/ros2_ws/install/py_objectdetection/lib/python3.10/site-packages/py_objectdetection/depth_image_to_map.py to depth_image_to_map.cpython-310.pyc
[3.436s] running install_data
[3.437s] running install_egg_info
[3.443s] removing '/home/robocatsorin/Desktop/RobotCode2025/ros2_ws/install/py_objectdetection/lib/python3.10/site-packages/py_objectdetection-0.0.0-py3.10.egg-info' (and everything under it)
[3.451s] Copying ../../build/py_objectdetection/py_objectdetection.egg-info to /home/robocatsorin/Desktop/RobotCode2025/ros2_ws/install/py_objectdetection/lib/python3.10/site-packages/py_objectdetection-0.0.0-py3.10.egg-info
[3.470s] running install_scripts
[3.544s] Installing detector script to /home/robocatsorin/Desktop/RobotCode2025/ros2_ws/install/py_objectdetection/lib/py_objectdetection
[3.553s] Installing mapper script to /home/robocatsorin/Desktop/RobotCode2025/ros2_ws/install/py_objectdetection/lib/py_objectdetection
[3.554s] writing list of installed files to '/home/robocatsorin/Desktop/RobotCode2025/ros2_ws/build/py_objectdetection/install.log'
[3.652s] Invoked command in '/home/robocatsorin/Desktop/RobotCode2025/ros2_ws/src/py_objectdetection' returned '0': CMAKE_PREFIX_PATH=/home/robocatsorin/Desktop/RobotCode2025/ros2_ws/install/custom_interfaces:/home/robocatsorin/Desktop/RobotCode2025/ros2_ws/install/usb_cam:/home/robocatsorin/Desktop/RobotCode2025/ros2_ws/install/cpp_subcontroller LD_LIBRARY_PATH=/home/robocatsorin/Desktop/RobotCode2025/ros2_ws/install/custom_interfaces/lib:/home/robocatsorin/Desktop/RobotCode2025/ros2_ws/install/usb_cam/lib:/opt/ros/humble/opt/rviz_ogre_vendor/lib:/opt/ros/humble/lib/aarch64-linux-gnu:/opt/ros/humble/lib:/usr/local/cuda-12.6/lib64 PYTHONPATH=/home/robocatsorin/Desktop/RobotCode2025/ros2_ws/build/py_objectdetection/prefix_override:/usr/lib/python3/dist-packages/colcon_core/task/python/colcon_distutils_commands:/home/robocatsorin/Desktop/RobotCode2025/ros2_ws/install/py_objectdetection/lib/python3.10/site-packages:${PYTHONPATH} /usr/bin/python3 -W ignore:setup.py install is deprecated -W ignore:easy_install command is deprecated setup.py egg_info --egg-base ../../build/py_objectdetection build --build-base /home/robocatsorin/Desktop/RobotCode2025/ros2_ws/build/py_objectdetection/build install --record /home/robocatsorin/Desktop/RobotCode2025/ros2_ws/build/py_objectdetection/install.log --single-version-externally-managed install_data
