[0.988s] Invoking command in '/home/robocats/Desktop/RobotCode2025/ros2_ws/src/py_sensors': LD_LIBRARY_PATH=/home/robocats/Desktop/RobotCode2025/ros2_ws/install/custom_interfaces/lib:/opt/ros/humble/opt/rviz_ogre_vendor/lib:/opt/ros/humble/lib/aarch64-linux-gnu:/opt/ros/humble/lib:/usr/local/cuda-12.2/lib64 PYTHONPATH=/home/robocats/Desktop/RobotCode2025/ros2_ws/build/py_sensors/prefix_override:/usr/lib/python3/dist-packages/colcon_core/task/python/colcon_distutils_commands:/home/robocats/Desktop/RobotCode2025/ros2_ws/install/py_sensors/lib/python3.10/site-packages:${PYTHONPATH} /usr/bin/python3 -W ignore:setup.py install is deprecated -W ignore:easy_install command is deprecated setup.py egg_info --egg-base ../../build/py_sensors build --build-base /home/robocats/Desktop/RobotCode2025/ros2_ws/build/py_sensors/build install --record /home/robocats/Desktop/RobotCode2025/ros2_ws/build/py_sensors/install.log --single-version-externally-managed install_data
[1.354s] running egg_info
[1.355s] writing ../../build/py_sensors/py_sensors.egg-info/PKG-INFO
[1.355s] writing dependency_links to ../../build/py_sensors/py_sensors.egg-info/dependency_links.txt
[1.356s] writing entry points to ../../build/py_sensors/py_sensors.egg-info/entry_points.txt
[1.356s] writing requirements to ../../build/py_sensors/py_sensors.egg-info/requires.txt
[1.356s] writing top-level names to ../../build/py_sensors/py_sensors.egg-info/top_level.txt
[1.359s] reading manifest file '../../build/py_sensors/py_sensors.egg-info/SOURCES.txt'
[1.360s] adding license file 'LICENSE'
[1.360s] writing manifest file '../../build/py_sensors/py_sensors.egg-info/SOURCES.txt'
[1.361s] running build
[1.361s] running build_py
[1.361s] copying py_sensors/BAR02.py -> /home/robocats/Desktop/RobotCode2025/ros2_ws/build/py_sensors/build/lib/py_sensors
[1.362s] running install
[1.362s] running install_lib
[1.363s] copying /home/robocats/Desktop/RobotCode2025/ros2_ws/build/py_sensors/build/lib/py_sensors/BAR02.py -> /home/robocats/Desktop/RobotCode2025/ros2_ws/install/py_sensors/lib/python3.10/site-packages/py_sensors
[1.366s] byte-compiling /home/robocats/Desktop/RobotCode2025/ros2_ws/install/py_sensors/lib/python3.10/site-packages/py_sensors/BAR02.py to BAR02.cpython-310.pyc
[1.368s] running install_data
[1.368s] running install_egg_info
[1.370s] removing '/home/robocats/Desktop/RobotCode2025/ros2_ws/install/py_sensors/lib/python3.10/site-packages/py_sensors-0.0.0-py3.10.egg-info' (and everything under it)
[1.371s] Copying ../../build/py_sensors/py_sensors.egg-info to /home/robocats/Desktop/RobotCode2025/ros2_ws/install/py_sensors/lib/python3.10/site-packages/py_sensors-0.0.0-py3.10.egg-info
[1.372s] running install_scripts
[1.402s] Installing bar02 script to /home/robocats/Desktop/RobotCode2025/ros2_ws/install/py_sensors/lib/py_sensors
[1.402s] Installing imu script to /home/robocats/Desktop/RobotCode2025/ros2_ws/install/py_sensors/lib/py_sensors
[1.403s] writing list of installed files to '/home/robocats/Desktop/RobotCode2025/ros2_ws/build/py_sensors/install.log'
[1.462s] Invoked command in '/home/robocats/Desktop/RobotCode2025/ros2_ws/src/py_sensors' returned '0': LD_LIBRARY_PATH=/home/robocats/Desktop/RobotCode2025/ros2_ws/install/custom_interfaces/lib:/opt/ros/humble/opt/rviz_ogre_vendor/lib:/opt/ros/humble/lib/aarch64-linux-gnu:/opt/ros/humble/lib:/usr/local/cuda-12.2/lib64 PYTHONPATH=/home/robocats/Desktop/RobotCode2025/ros2_ws/build/py_sensors/prefix_override:/usr/lib/python3/dist-packages/colcon_core/task/python/colcon_distutils_commands:/home/robocats/Desktop/RobotCode2025/ros2_ws/install/py_sensors/lib/python3.10/site-packages:${PYTHONPATH} /usr/bin/python3 -W ignore:setup.py install is deprecated -W ignore:easy_install command is deprecated setup.py egg_info --egg-base ../../build/py_sensors build --build-base /home/robocats/Desktop/RobotCode2025/ros2_ws/build/py_sensors/build install --record /home/robocats/Desktop/RobotCode2025/ros2_ws/build/py_sensors/install.log --single-version-externally-managed install_data
