[2.712s] Invoking command in '/home/robocatsorin/Desktop/RobotCode2025/ros2_ws/src/py_motors': AMENT_PREFIX_PATH=/home/robocatsorin/Desktop/RobotCode2025/ros2_ws/install/custom_interfaces:${AMENT_PREFIX_PATH} CMAKE_PREFIX_PATH=/home/robocatsorin/Desktop/RobotCode2025/ros2_ws/install/custom_interfaces LD_LIBRARY_PATH=/home/robocatsorin/Desktop/RobotCode2025/ros2_ws/install/custom_interfaces/lib:/opt/ros/humble/opt/rviz_ogre_vendor/lib:/opt/ros/humble/lib/aarch64-linux-gnu:/opt/ros/humble/lib:/usr/local/cuda-12.6/lib64 PYTHONPATH=/home/robocatsorin/Desktop/RobotCode2025/ros2_ws/build/py_motors/prefix_override:/usr/lib/python3/dist-packages/colcon_core/task/python/colcon_distutils_commands:/home/robocatsorin/Desktop/RobotCode2025/ros2_ws/install/py_motors/lib/python3.10/site-packages:/home/robocatsorin/Desktop/RobotCode2025/ros2_ws/install/custom_interfaces/local/lib/python3.10/dist-packages:${PYTHONPATH} /usr/bin/python3 -W ignore:setup.py install is deprecated -W ignore:easy_install command is deprecated setup.py egg_info --egg-base ../../build/py_motors build --build-base /home/robocatsorin/Desktop/RobotCode2025/ros2_ws/build/py_motors/build install --record /home/robocatsorin/Desktop/RobotCode2025/ros2_ws/build/py_motors/install.log --single-version-externally-managed install_data
[3.411s] running egg_info
[3.412s] creating ../../build/py_motors/py_motors.egg-info
[3.419s] writing ../../build/py_motors/py_motors.egg-info/PKG-INFO
[3.420s] writing dependency_links to ../../build/py_motors/py_motors.egg-info/dependency_links.txt
[3.420s] writing entry points to ../../build/py_motors/py_motors.egg-info/entry_points.txt
[3.424s] writing requirements to ../../build/py_motors/py_motors.egg-info/requires.txt
[3.425s] writing top-level names to ../../build/py_motors/py_motors.egg-info/top_level.txt
[3.425s] writing manifest file '../../build/py_motors/py_motors.egg-info/SOURCES.txt'
[3.425s] reading manifest file '../../build/py_motors/py_motors.egg-info/SOURCES.txt'
[3.425s] adding license file 'LICENSE'
[3.426s] writing manifest file '../../build/py_motors/py_motors.egg-info/SOURCES.txt'
[3.426s] running build
[3.426s] running build_py
[3.426s] creating /home/robocatsorin/Desktop/RobotCode2025/ros2_ws/build/py_motors/build
[3.426s] creating /home/robocatsorin/Desktop/RobotCode2025/ros2_ws/build/py_motors/build/lib
[3.426s] creating /home/robocatsorin/Desktop/RobotCode2025/ros2_ws/build/py_motors/build/lib/py_motors
[3.426s] copying py_motors/motor_conductor.py -> /home/robocatsorin/Desktop/RobotCode2025/ros2_ws/build/py_motors/build/lib/py_motors
[3.427s] copying py_motors/motor_controller.py -> /home/robocatsorin/Desktop/RobotCode2025/ros2_ws/build/py_motors/build/lib/py_motors
[3.427s] copying py_motors/MotorCommands.py -> /home/robocatsorin/Desktop/RobotCode2025/ros2_ws/build/py_motors/build/lib/py_motors
[3.427s] copying py_motors/__init__.py -> /home/robocatsorin/Desktop/RobotCode2025/ros2_ws/build/py_motors/build/lib/py_motors
[3.427s] copying py_motors/torpedo_controller.py -> /home/robocatsorin/Desktop/RobotCode2025/ros2_ws/build/py_motors/build/lib/py_motors
[3.427s] running install
[3.428s] running install_lib
[3.430s] creating /home/robocatsorin/Desktop/RobotCode2025/ros2_ws/install/py_motors/lib/python3.10/site-packages/py_motors
[3.431s] copying /home/robocatsorin/Desktop/RobotCode2025/ros2_ws/build/py_motors/build/lib/py_motors/motor_conductor.py -> /home/robocatsorin/Desktop/RobotCode2025/ros2_ws/install/py_motors/lib/python3.10/site-packages/py_motors
[3.431s] copying /home/robocatsorin/Desktop/RobotCode2025/ros2_ws/build/py_motors/build/lib/py_motors/motor_controller.py -> /home/robocatsorin/Desktop/RobotCode2025/ros2_ws/install/py_motors/lib/python3.10/site-packages/py_motors
[3.431s] copying /home/robocatsorin/Desktop/RobotCode2025/ros2_ws/build/py_motors/build/lib/py_motors/MotorCommands.py -> /home/robocatsorin/Desktop/RobotCode2025/ros2_ws/install/py_motors/lib/python3.10/site-packages/py_motors
[3.431s] copying /home/robocatsorin/Desktop/RobotCode2025/ros2_ws/build/py_motors/build/lib/py_motors/__init__.py -> /home/robocatsorin/Desktop/RobotCode2025/ros2_ws/install/py_motors/lib/python3.10/site-packages/py_motors
[3.431s] copying /home/robocatsorin/Desktop/RobotCode2025/ros2_ws/build/py_motors/build/lib/py_motors/torpedo_controller.py -> /home/robocatsorin/Desktop/RobotCode2025/ros2_ws/install/py_motors/lib/python3.10/site-packages/py_motors
[3.433s] byte-compiling /home/robocatsorin/Desktop/RobotCode2025/ros2_ws/install/py_motors/lib/python3.10/site-packages/py_motors/motor_conductor.py to motor_conductor.cpython-310.pyc
[3.444s] byte-compiling /home/robocatsorin/Desktop/RobotCode2025/ros2_ws/install/py_motors/lib/python3.10/site-packages/py_motors/motor_controller.py to motor_controller.cpython-310.pyc
[3.444s] byte-compiling /home/robocatsorin/Desktop/RobotCode2025/ros2_ws/install/py_motors/lib/python3.10/site-packages/py_motors/MotorCommands.py to MotorCommands.cpython-310.pyc
[3.444s] byte-compiling /home/robocatsorin/Desktop/RobotCode2025/ros2_ws/install/py_motors/lib/python3.10/site-packages/py_motors/__init__.py to __init__.cpython-310.pyc
[3.444s] byte-compiling /home/robocatsorin/Desktop/RobotCode2025/ros2_ws/install/py_motors/lib/python3.10/site-packages/py_motors/torpedo_controller.py to torpedo_controller.cpython-310.pyc
[3.445s] running install_data
[3.445s] creating /home/robocatsorin/Desktop/RobotCode2025/ros2_ws/install/py_motors/share/ament_index
[3.445s] creating /home/robocatsorin/Desktop/RobotCode2025/ros2_ws/install/py_motors/share/ament_index/resource_index
[3.445s] creating /home/robocatsorin/Desktop/RobotCode2025/ros2_ws/install/py_motors/share/ament_index/resource_index/packages
[3.445s] copying resource/py_motors -> /home/robocatsorin/Desktop/RobotCode2025/ros2_ws/install/py_motors/share/ament_index/resource_index/packages
[3.445s] copying package.xml -> /home/robocatsorin/Desktop/RobotCode2025/ros2_ws/install/py_motors/share/py_motors
[3.445s] running install_egg_info
[3.445s] Copying ../../build/py_motors/py_motors.egg-info to /home/robocatsorin/Desktop/RobotCode2025/ros2_ws/install/py_motors/lib/python3.10/site-packages/py_motors-0.0.0-py3.10.egg-info
[3.447s] running install_scripts
[3.499s] Installing motor_conductor script to /home/robocatsorin/Desktop/RobotCode2025/ros2_ws/install/py_motors/lib/py_motors
[3.500s] Installing motor_controller script to /home/robocatsorin/Desktop/RobotCode2025/ros2_ws/install/py_motors/lib/py_motors
[3.502s] writing list of installed files to '/home/robocatsorin/Desktop/RobotCode2025/ros2_ws/build/py_motors/install.log'
[3.594s] Invoked command in '/home/robocatsorin/Desktop/RobotCode2025/ros2_ws/src/py_motors' returned '0': AMENT_PREFIX_PATH=/home/robocatsorin/Desktop/RobotCode2025/ros2_ws/install/custom_interfaces:${AMENT_PREFIX_PATH} CMAKE_PREFIX_PATH=/home/robocatsorin/Desktop/RobotCode2025/ros2_ws/install/custom_interfaces LD_LIBRARY_PATH=/home/robocatsorin/Desktop/RobotCode2025/ros2_ws/install/custom_interfaces/lib:/opt/ros/humble/opt/rviz_ogre_vendor/lib:/opt/ros/humble/lib/aarch64-linux-gnu:/opt/ros/humble/lib:/usr/local/cuda-12.6/lib64 PYTHONPATH=/home/robocatsorin/Desktop/RobotCode2025/ros2_ws/build/py_motors/prefix_override:/usr/lib/python3/dist-packages/colcon_core/task/python/colcon_distutils_commands:/home/robocatsorin/Desktop/RobotCode2025/ros2_ws/install/py_motors/lib/python3.10/site-packages:/home/robocatsorin/Desktop/RobotCode2025/ros2_ws/install/custom_interfaces/local/lib/python3.10/dist-packages:${PYTHONPATH} /usr/bin/python3 -W ignore:setup.py install is deprecated -W ignore:easy_install command is deprecated setup.py egg_info --egg-base ../../build/py_motors build --build-base /home/robocatsorin/Desktop/RobotCode2025/ros2_ws/build/py_motors/build install --record /home/robocatsorin/Desktop/RobotCode2025/ros2_ws/build/py_motors/install.log --single-version-externally-managed install_data
