[2.446s] Invoking command in '/home/robocatsorin/Desktop/RobotCode2025/ros2_ws/src/py_sensors': AMENT_PREFIX_PATH=/home/robocatsorin/Desktop/RobotCode2025/ros2_ws/install/custom_interfaces:${AMENT_PREFIX_PATH} CMAKE_PREFIX_PATH=/home/robocatsorin/Desktop/RobotCode2025/ros2_ws/install/custom_interfaces LD_LIBRARY_PATH=/home/robocatsorin/Desktop/RobotCode2025/ros2_ws/install/custom_interfaces/lib:/opt/ros/humble/opt/rviz_ogre_vendor/lib:/opt/ros/humble/lib/aarch64-linux-gnu:/opt/ros/humble/lib:/usr/local/cuda-12.6/lib64 PYTHONPATH=/home/robocatsorin/Desktop/RobotCode2025/ros2_ws/build/py_sensors/prefix_override:/usr/lib/python3/dist-packages/colcon_core/task/python/colcon_distutils_commands:/home/robocatsorin/Desktop/RobotCode2025/ros2_ws/install/py_sensors/lib/python3.10/site-packages:/home/robocatsorin/Desktop/RobotCode2025/ros2_ws/install/custom_interfaces/local/lib/python3.10/dist-packages:${PYTHONPATH} /usr/bin/python3 -W ignore:setup.py install is deprecated -W ignore:easy_install command is deprecated setup.py egg_info --egg-base ../../build/py_sensors build --build-base /home/robocatsorin/Desktop/RobotCode2025/ros2_ws/build/py_sensors/build install --record /home/robocatsorin/Desktop/RobotCode2025/ros2_ws/build/py_sensors/install.log --single-version-externally-managed install_data
[2.940s] running egg_info
[2.941s] creating ../../build/py_sensors/py_sensors.egg-info
[2.942s] writing ../../build/py_sensors/py_sensors.egg-info/PKG-INFO
[2.942s] writing dependency_links to ../../build/py_sensors/py_sensors.egg-info/dependency_links.txt
[2.943s] writing entry points to ../../build/py_sensors/py_sensors.egg-info/entry_points.txt
[2.943s] writing requirements to ../../build/py_sensors/py_sensors.egg-info/requires.txt
[2.943s] writing top-level names to ../../build/py_sensors/py_sensors.egg-info/top_level.txt
[2.943s] writing manifest file '../../build/py_sensors/py_sensors.egg-info/SOURCES.txt'
[2.947s] reading manifest file '../../build/py_sensors/py_sensors.egg-info/SOURCES.txt'
[2.947s] adding license file 'LICENSE'
[2.948s] writing manifest file '../../build/py_sensors/py_sensors.egg-info/SOURCES.txt'
[2.949s] running build
[2.949s] running build_py
[2.949s] creating /home/robocatsorin/Desktop/RobotCode2025/ros2_ws/build/py_sensors/build
[2.950s] creating /home/robocatsorin/Desktop/RobotCode2025/ros2_ws/build/py_sensors/build/lib
[2.950s] creating /home/robocatsorin/Desktop/RobotCode2025/ros2_ws/build/py_sensors/build/lib/py_sensors
[2.950s] copying py_sensors/__init__.py -> /home/robocatsorin/Desktop/RobotCode2025/ros2_ws/build/py_sensors/build/lib/py_sensors
[2.950s] copying py_sensors/depth_publisher.py -> /home/robocatsorin/Desktop/RobotCode2025/ros2_ws/build/py_sensors/build/lib/py_sensors
[2.951s] copying py_sensors/BNO.py -> /home/robocatsorin/Desktop/RobotCode2025/ros2_ws/build/py_sensors/build/lib/py_sensors
[2.951s] copying py_sensors/imu_publisher.py -> /home/robocatsorin/Desktop/RobotCode2025/ros2_ws/build/py_sensors/build/lib/py_sensors
[2.951s] copying py_sensors/BAR02.py -> /home/robocatsorin/Desktop/RobotCode2025/ros2_ws/build/py_sensors/build/lib/py_sensors
[2.951s] creating /home/robocatsorin/Desktop/RobotCode2025/ros2_ws/build/py_sensors/build/lib/py_sensors/ms5837
[2.951s] copying py_sensors/ms5837/__init__.py -> /home/robocatsorin/Desktop/RobotCode2025/ros2_ws/build/py_sensors/build/lib/py_sensors/ms5837
[2.951s] copying py_sensors/ms5837/ms5837.py -> /home/robocatsorin/Desktop/RobotCode2025/ros2_ws/build/py_sensors/build/lib/py_sensors/ms5837
[2.952s] running install
[2.952s] running install_lib
[2.955s] creating /home/robocatsorin/Desktop/RobotCode2025/ros2_ws/install/py_sensors/lib/python3.10/site-packages/py_sensors
[2.955s] copying /home/robocatsorin/Desktop/RobotCode2025/ros2_ws/build/py_sensors/build/lib/py_sensors/__init__.py -> /home/robocatsorin/Desktop/RobotCode2025/ros2_ws/install/py_sensors/lib/python3.10/site-packages/py_sensors
[2.955s] creating /home/robocatsorin/Desktop/RobotCode2025/ros2_ws/install/py_sensors/lib/python3.10/site-packages/py_sensors/ms5837
[2.955s] copying /home/robocatsorin/Desktop/RobotCode2025/ros2_ws/build/py_sensors/build/lib/py_sensors/ms5837/__init__.py -> /home/robocatsorin/Desktop/RobotCode2025/ros2_ws/install/py_sensors/lib/python3.10/site-packages/py_sensors/ms5837
[2.955s] copying /home/robocatsorin/Desktop/RobotCode2025/ros2_ws/build/py_sensors/build/lib/py_sensors/ms5837/ms5837.py -> /home/robocatsorin/Desktop/RobotCode2025/ros2_ws/install/py_sensors/lib/python3.10/site-packages/py_sensors/ms5837
[2.956s] copying /home/robocatsorin/Desktop/RobotCode2025/ros2_ws/build/py_sensors/build/lib/py_sensors/depth_publisher.py -> /home/robocatsorin/Desktop/RobotCode2025/ros2_ws/install/py_sensors/lib/python3.10/site-packages/py_sensors
[2.956s] copying /home/robocatsorin/Desktop/RobotCode2025/ros2_ws/build/py_sensors/build/lib/py_sensors/BNO.py -> /home/robocatsorin/Desktop/RobotCode2025/ros2_ws/install/py_sensors/lib/python3.10/site-packages/py_sensors
[2.956s] copying /home/robocatsorin/Desktop/RobotCode2025/ros2_ws/build/py_sensors/build/lib/py_sensors/imu_publisher.py -> /home/robocatsorin/Desktop/RobotCode2025/ros2_ws/install/py_sensors/lib/python3.10/site-packages/py_sensors
[2.956s] copying /home/robocatsorin/Desktop/RobotCode2025/ros2_ws/build/py_sensors/build/lib/py_sensors/BAR02.py -> /home/robocatsorin/Desktop/RobotCode2025/ros2_ws/install/py_sensors/lib/python3.10/site-packages/py_sensors
[2.957s] byte-compiling /home/robocatsorin/Desktop/RobotCode2025/ros2_ws/install/py_sensors/lib/python3.10/site-packages/py_sensors/__init__.py to __init__.cpython-310.pyc
[2.957s] byte-compiling /home/robocatsorin/Desktop/RobotCode2025/ros2_ws/install/py_sensors/lib/python3.10/site-packages/py_sensors/ms5837/__init__.py to __init__.cpython-310.pyc
[2.958s] byte-compiling /home/robocatsorin/Desktop/RobotCode2025/ros2_ws/install/py_sensors/lib/python3.10/site-packages/py_sensors/ms5837/ms5837.py to ms5837.cpython-310.pyc
[2.961s] byte-compiling /home/robocatsorin/Desktop/RobotCode2025/ros2_ws/install/py_sensors/lib/python3.10/site-packages/py_sensors/depth_publisher.py to depth_publisher.cpython-310.pyc
[2.962s] byte-compiling /home/robocatsorin/Desktop/RobotCode2025/ros2_ws/install/py_sensors/lib/python3.10/site-packages/py_sensors/BNO.py to BNO.cpython-310.pyc
[2.962s] byte-compiling /home/robocatsorin/Desktop/RobotCode2025/ros2_ws/install/py_sensors/lib/python3.10/site-packages/py_sensors/imu_publisher.py to imu_publisher.cpython-310.pyc
[2.963s] byte-compiling /home/robocatsorin/Desktop/RobotCode2025/ros2_ws/install/py_sensors/lib/python3.10/site-packages/py_sensors/BAR02.py to BAR02.cpython-310.pyc
[2.964s] running install_data
[2.964s] creating /home/robocatsorin/Desktop/RobotCode2025/ros2_ws/install/py_sensors/share/ament_index
[2.964s] creating /home/robocatsorin/Desktop/RobotCode2025/ros2_ws/install/py_sensors/share/ament_index/resource_index
[2.965s] creating /home/robocatsorin/Desktop/RobotCode2025/ros2_ws/install/py_sensors/share/ament_index/resource_index/packages
[2.965s] copying resource/py_sensors -> /home/robocatsorin/Desktop/RobotCode2025/ros2_ws/install/py_sensors/share/ament_index/resource_index/packages
[2.965s] copying package.xml -> /home/robocatsorin/Desktop/RobotCode2025/ros2_ws/install/py_sensors/share/py_sensors
[2.965s] running install_egg_info
[2.970s] Copying ../../build/py_sensors/py_sensors.egg-info to /home/robocatsorin/Desktop/RobotCode2025/ros2_ws/install/py_sensors/lib/python3.10/site-packages/py_sensors-0.0.0-py3.10.egg-info
[2.971s] running install_scripts
[3.015s] Installing bar02 script to /home/robocatsorin/Desktop/RobotCode2025/ros2_ws/install/py_sensors/lib/py_sensors
[3.015s] Installing camera script to /home/robocatsorin/Desktop/RobotCode2025/ros2_ws/install/py_sensors/lib/py_sensors
[3.015s] Installing imu script to /home/robocatsorin/Desktop/RobotCode2025/ros2_ws/install/py_sensors/lib/py_sensors
[3.016s] writing list of installed files to '/home/robocatsorin/Desktop/RobotCode2025/ros2_ws/build/py_sensors/install.log'
[3.115s] Invoked command in '/home/robocatsorin/Desktop/RobotCode2025/ros2_ws/src/py_sensors' returned '0': AMENT_PREFIX_PATH=/home/robocatsorin/Desktop/RobotCode2025/ros2_ws/install/custom_interfaces:${AMENT_PREFIX_PATH} CMAKE_PREFIX_PATH=/home/robocatsorin/Desktop/RobotCode2025/ros2_ws/install/custom_interfaces LD_LIBRARY_PATH=/home/robocatsorin/Desktop/RobotCode2025/ros2_ws/install/custom_interfaces/lib:/opt/ros/humble/opt/rviz_ogre_vendor/lib:/opt/ros/humble/lib/aarch64-linux-gnu:/opt/ros/humble/lib:/usr/local/cuda-12.6/lib64 PYTHONPATH=/home/robocatsorin/Desktop/RobotCode2025/ros2_ws/build/py_sensors/prefix_override:/usr/lib/python3/dist-packages/colcon_core/task/python/colcon_distutils_commands:/home/robocatsorin/Desktop/RobotCode2025/ros2_ws/install/py_sensors/lib/python3.10/site-packages:/home/robocatsorin/Desktop/RobotCode2025/ros2_ws/install/custom_interfaces/local/lib/python3.10/dist-packages:${PYTHONPATH} /usr/bin/python3 -W ignore:setup.py install is deprecated -W ignore:easy_install command is deprecated setup.py egg_info --egg-base ../../build/py_sensors build --build-base /home/robocatsorin/Desktop/RobotCode2025/ros2_ws/build/py_sensors/build install --record /home/robocatsorin/Desktop/RobotCode2025/ros2_ws/build/py_sensors/install.log --single-version-externally-managed install_data
