[0.025s] Invoking command in '/home/robocatsorin/Desktop/RobotCode2025/ros2_ws/build/usb_cam': CMAKE_PREFIX_PATH=${CMAKE_PREFIX_PATH}:/home/robocatsorin/Desktop/RobotCode2025/ros2_ws/install/py_sensors:/home/robocatsorin/Desktop/RobotCode2025/ros2_ws/install/py_objectdetection:/home/robocatsorin/Desktop/RobotCode2025/ros2_ws/install/py_motors:/opt/ros/humble /usr/bin/cmake --build /home/robocatsorin/Desktop/RobotCode2025/ros2_ws/build/usb_cam -- -j8 -l8
[0.131s] [ 28%] Built target gtest
[0.138s] [ 28%] Built target usb_cam
[0.144s] [ 42%] Built target gtest_main
[0.145s] [ 57%] Built target usb_cam_node_exe
[0.201s] [ 71%] Built target test_usb_cam_utils
[0.206s] [ 85%] Built target test_pixel_formats
[0.217s] [100%] Built target usb_cam_node
[0.245s] Invoked command in '/home/robocatsorin/Desktop/RobotCode2025/ros2_ws/build/usb_cam' returned '0': CMAKE_PREFIX_PATH=${CMAKE_PREFIX_PATH}:/home/robocatsorin/Desktop/RobotCode2025/ros2_ws/install/py_sensors:/home/robocatsorin/Desktop/RobotCode2025/ros2_ws/install/py_objectdetection:/home/robocatsorin/Desktop/RobotCode2025/ros2_ws/install/py_motors:/opt/ros/humble /usr/bin/cmake --build /home/robocatsorin/Desktop/RobotCode2025/ros2_ws/build/usb_cam -- -j8 -l8
[0.266s] Invoking command in '/home/robocatsorin/Desktop/RobotCode2025/ros2_ws/build/usb_cam': CMAKE_PREFIX_PATH=${CMAKE_PREFIX_PATH}:/home/robocatsorin/Desktop/RobotCode2025/ros2_ws/install/py_sensors:/home/robocatsorin/Desktop/RobotCode2025/ros2_ws/install/py_objectdetection:/home/robocatsorin/Desktop/RobotCode2025/ros2_ws/install/py_motors:/opt/ros/humble /usr/bin/cmake --install /home/robocatsorin/Desktop/RobotCode2025/ros2_ws/build/usb_cam
[0.285s] -- Install configuration: ""
[0.285s] -- Up-to-date: /home/robocatsorin/Desktop/RobotCode2025/ros2_ws/install/usb_cam/share/usb_cam/environment/library_path.sh
[0.285s] -- Up-to-date: /home/robocatsorin/Desktop/RobotCode2025/ros2_ws/install/usb_cam/share/usb_cam/environment/library_path.dsv
[0.286s] -- Up-to-date: /home/robocatsorin/Desktop/RobotCode2025/ros2_ws/install/usb_cam/lib/usb_cam/usb_cam_node_exe
[0.286s] -- Up-to-date: /home/robocatsorin/Desktop/RobotCode2025/ros2_ws/install/usb_cam/lib/usb_cam/show_image.py
[0.286s] -- Up-to-date: /home/robocatsorin/Desktop/RobotCode2025/ros2_ws/install/usb_cam/lib/libusb_cam.so
[0.286s] -- Up-to-date: /home/robocatsorin/Desktop/RobotCode2025/ros2_ws/install/usb_cam/lib/libusb_cam_node.so
[0.286s] -- Up-to-date: /home/robocatsorin/Desktop/RobotCode2025/ros2_ws/install/usb_cam/include
[0.287s] -- Up-to-date: /home/robocatsorin/Desktop/RobotCode2025/ros2_ws/install/usb_cam/include/usb_cam
[0.287s] -- Up-to-date: /home/robocatsorin/Desktop/RobotCode2025/ros2_ws/install/usb_cam/include/usb_cam/usb_cam.hpp
[0.288s] -- Up-to-date: /home/robocatsorin/Desktop/RobotCode2025/ros2_ws/install/usb_cam/include/usb_cam/utils.hpp
[0.288s] -- Up-to-date: /home/robocatsorin/Desktop/RobotCode2025/ros2_ws/install/usb_cam/include/usb_cam/conversions.hpp
[0.288s] -- Up-to-date: /home/robocatsorin/Desktop/RobotCode2025/ros2_ws/install/usb_cam/include/usb_cam/usb_cam_node.hpp
[0.290s] -- Up-to-date: /home/robocatsorin/Desktop/RobotCode2025/ros2_ws/install/usb_cam/include/usb_cam/constants.hpp
[0.291s] -- Up-to-date: /home/robocatsorin/Desktop/RobotCode2025/ros2_ws/install/usb_cam/include/usb_cam/formats
[0.291s] -- Up-to-date: /home/robocatsorin/Desktop/RobotCode2025/ros2_ws/install/usb_cam/include/usb_cam/formats/rgb.hpp
[0.291s] -- Up-to-date: /home/robocatsorin/Desktop/RobotCode2025/ros2_ws/install/usb_cam/include/usb_cam/formats/mjpeg.hpp
[0.291s] -- Up-to-date: /home/robocatsorin/Desktop/RobotCode2025/ros2_ws/install/usb_cam/include/usb_cam/formats/utils.hpp
[0.292s] -- Up-to-date: /home/robocatsorin/Desktop/RobotCode2025/ros2_ws/install/usb_cam/include/usb_cam/formats/yuyv.hpp
[0.292s] -- Up-to-date: /home/robocatsorin/Desktop/RobotCode2025/ros2_ws/install/usb_cam/include/usb_cam/formats/av_pixel_format_helper.hpp
[0.292s] -- Up-to-date: /home/robocatsorin/Desktop/RobotCode2025/ros2_ws/install/usb_cam/include/usb_cam/formats/mono.hpp
[0.292s] -- Up-to-date: /home/robocatsorin/Desktop/RobotCode2025/ros2_ws/install/usb_cam/include/usb_cam/formats/uyvy.hpp
[0.292s] -- Up-to-date: /home/robocatsorin/Desktop/RobotCode2025/ros2_ws/install/usb_cam/include/usb_cam/formats/pixel_format_base.hpp
[0.292s] -- Up-to-date: /home/robocatsorin/Desktop/RobotCode2025/ros2_ws/install/usb_cam/include/usb_cam/formats/m420.hpp
[0.292s] -- Up-to-date: /home/robocatsorin/Desktop/RobotCode2025/ros2_ws/install/usb_cam/lib/libusb_cam_node.so
[0.292s] -- Up-to-date: /home/robocatsorin/Desktop/RobotCode2025/ros2_ws/install/usb_cam/share/usb_cam/launch
[0.293s] -- Up-to-date: /home/robocatsorin/Desktop/RobotCode2025/ros2_ws/install/usb_cam/share/usb_cam/launch/__init__.py
[0.293s] -- Up-to-date: /home/robocatsorin/Desktop/RobotCode2025/ros2_ws/install/usb_cam/share/usb_cam/launch/camera_config.py
[0.293s] -- Up-to-date: /home/robocatsorin/Desktop/RobotCode2025/ros2_ws/install/usb_cam/share/usb_cam/launch/camera.launch.py
[0.293s] -- Up-to-date: /home/robocatsorin/Desktop/RobotCode2025/ros2_ws/install/usb_cam/share/usb_cam/config
[0.293s] -- Up-to-date: /home/robocatsorin/Desktop/RobotCode2025/ros2_ws/install/usb_cam/share/usb_cam/config/params.yaml
[0.293s] -- Up-to-date: /home/robocatsorin/Desktop/RobotCode2025/ros2_ws/install/usb_cam/share/usb_cam/config/camera_info.yaml
[0.293s] -- Up-to-date: /home/robocatsorin/Desktop/RobotCode2025/ros2_ws/install/usb_cam/share/usb_cam/config/params_forward_camera.yaml
[0.293s] -- Up-to-date: /home/robocatsorin/Desktop/RobotCode2025/ros2_ws/install/usb_cam/share/usb_cam/config/params_realsense_camera_1.yaml
[0.293s] -- Up-to-date: /home/robocatsorin/Desktop/RobotCode2025/ros2_ws/install/usb_cam/share/usb_cam/config/params_bottom_camera.yaml
[0.294s] -- Up-to-date: /home/robocatsorin/Desktop/RobotCode2025/ros2_ws/install/usb_cam/share/usb_cam/config/params_realsense_camera_2.yaml
[0.294s] -- Up-to-date: /home/robocatsorin/Desktop/RobotCode2025/ros2_ws/install/usb_cam/share/ament_index/resource_index/package_run_dependencies/usb_cam
[0.295s] -- Up-to-date: /home/robocatsorin/Desktop/RobotCode2025/ros2_ws/install/usb_cam/share/ament_index/resource_index/parent_prefix_path/usb_cam
[0.295s] -- Up-to-date: /home/robocatsorin/Desktop/RobotCode2025/ros2_ws/install/usb_cam/share/usb_cam/environment/ament_prefix_path.sh
[0.296s] -- Up-to-date: /home/robocatsorin/Desktop/RobotCode2025/ros2_ws/install/usb_cam/share/usb_cam/environment/ament_prefix_path.dsv
[0.297s] -- Up-to-date: /home/robocatsorin/Desktop/RobotCode2025/ros2_ws/install/usb_cam/share/usb_cam/environment/path.sh
[0.297s] -- Up-to-date: /home/robocatsorin/Desktop/RobotCode2025/ros2_ws/install/usb_cam/share/usb_cam/environment/path.dsv
[0.297s] -- Up-to-date: /home/robocatsorin/Desktop/RobotCode2025/ros2_ws/install/usb_cam/share/usb_cam/local_setup.bash
[0.298s] -- Up-to-date: /home/robocatsorin/Desktop/RobotCode2025/ros2_ws/install/usb_cam/share/usb_cam/local_setup.sh
[0.298s] -- Up-to-date: /home/robocatsorin/Desktop/RobotCode2025/ros2_ws/install/usb_cam/share/usb_cam/local_setup.zsh
[0.298s] -- Up-to-date: /home/robocatsorin/Desktop/RobotCode2025/ros2_ws/install/usb_cam/share/usb_cam/local_setup.dsv
[0.299s] -- Installing: /home/robocatsorin/Desktop/RobotCode2025/ros2_ws/install/usb_cam/share/usb_cam/package.dsv
[0.299s] -- Up-to-date: /home/robocatsorin/Desktop/RobotCode2025/ros2_ws/install/usb_cam/share/ament_index/resource_index/packages/usb_cam
[0.299s] -- Up-to-date: /home/robocatsorin/Desktop/RobotCode2025/ros2_ws/install/usb_cam/share/ament_index/resource_index/rclcpp_components/usb_cam
[0.300s] -- Up-to-date: /home/robocatsorin/Desktop/RobotCode2025/ros2_ws/install/usb_cam/share/usb_cam/cmake/ament_cmake_export_libraries-extras.cmake
[0.302s] -- Up-to-date: /home/robocatsorin/Desktop/RobotCode2025/ros2_ws/install/usb_cam/share/usb_cam/cmake/ament_cmake_export_dependencies-extras.cmake
[0.302s] -- Up-to-date: /home/robocatsorin/Desktop/RobotCode2025/ros2_ws/install/usb_cam/share/usb_cam/cmake/ament_cmake_export_include_directories-extras.cmake
[0.303s] -- Up-to-date: /home/robocatsorin/Desktop/RobotCode2025/ros2_ws/install/usb_cam/share/usb_cam/cmake/usb_camConfig.cmake
[0.303s] -- Up-to-date: /home/robocatsorin/Desktop/RobotCode2025/ros2_ws/install/usb_cam/share/usb_cam/cmake/usb_camConfig-version.cmake
[0.303s] -- Up-to-date: /home/robocatsorin/Desktop/RobotCode2025/ros2_ws/install/usb_cam/share/usb_cam/package.xml
[0.303s] Invoked command in '/home/robocatsorin/Desktop/RobotCode2025/ros2_ws/build/usb_cam' returned '0': CMAKE_PREFIX_PATH=${CMAKE_PREFIX_PATH}:/home/robocatsorin/Desktop/RobotCode2025/ros2_ws/install/py_sensors:/home/robocatsorin/Desktop/RobotCode2025/ros2_ws/install/py_objectdetection:/home/robocatsorin/Desktop/RobotCode2025/ros2_ws/install/py_motors:/opt/ros/humble /usr/bin/cmake --install /home/robocatsorin/Desktop/RobotCode2025/ros2_ws/build/usb_cam
