[0.022s] Invoking command in '/home/robocatsorin/Desktop/RobotCode2025/ros2_ws/build/usb_cam': CMAKE_PREFIX_PATH=${CMAKE_PREFIX_PATH}:/home/robocatsorin/Desktop/RobotCode2025/ros2_ws/install/py_sensors:/home/robocatsorin/Desktop/RobotCode2025/ros2_ws/install/py_objectdetection:/home/robocatsorin/Desktop/RobotCode2025/ros2_ws/install/py_motors:/opt/ros/humble /usr/bin/cmake --build /home/robocatsorin/Desktop/RobotCode2025/ros2_ws/build/usb_cam -- -j8 -l8
[0.120s] [ 21%] [32mBuilding CXX object CMakeFiles/usb_cam.dir/src/usb_cam.cpp.o[0m
[0.120s] [ 21%] [32mBuilding CXX object CMakeFiles/usb_cam_node_exe.dir/rclcpp_components/node_main_usb_cam_node_exe.cpp.o[0m
[0.120s] [ 21%] [32mBuilding CXX object gtest/CMakeFiles/gtest_main.dir/src/gtest_main.cc.o[0m
[0.123s] [ 28%] [32mBuilding CXX object gtest/CMakeFiles/gtest.dir/src/gtest-all.cc.o[0m
[2.035s] [ 35%] [32m[1mLinking CXX static library libgtest_main.a[0m
[2.102s] [ 35%] Built target gtest_main
[4.849s] [ 42%] [32m[1mLinking CXX shared library libusb_cam.so[0m
[5.240s] [ 42%] Built target usb_cam
[5.282s] [ 50%] [32mBuilding CXX object CMakeFiles/usb_cam_node.dir/src/usb_cam_node.cpp.o[0m
[8.353s] [ 57%] [32m[1mLinking CXX static library libgtest.a[0m
[9.191s] [ 64%] [32m[1mLinking CXX executable usb_cam_node_exe[0m
[10.369s] [ 64%] Built target gtest
[10.466s] [ 71%] [32mBuilding CXX object CMakeFiles/test_usb_cam_utils.dir/test/test_usb_cam_utils.cpp.o[0m
[10.467s] [ 78%] [32mBuilding CXX object CMakeFiles/test_pixel_formats.dir/test/test_pixel_formats.cpp.o[0m
[13.434s] [ 78%] Built target usb_cam_node_exe
[16.580s] [ 85%] [32m[1mLinking CXX executable test_usb_cam_utils[0m
[17.466s] [ 85%] Built target test_usb_cam_utils
[17.630s] [ 92%] [32m[1mLinking CXX executable test_pixel_formats[0m
[18.226s] [ 92%] Built target test_pixel_formats
[25.477s] [100%] [32m[1mLinking CXX shared library libusb_cam_node.so[0m
[26.338s] [100%] Built target usb_cam_node
[26.363s] Invoked command in '/home/robocatsorin/Desktop/RobotCode2025/ros2_ws/build/usb_cam' returned '0': CMAKE_PREFIX_PATH=${CMAKE_PREFIX_PATH}:/home/robocatsorin/Desktop/RobotCode2025/ros2_ws/install/py_sensors:/home/robocatsorin/Desktop/RobotCode2025/ros2_ws/install/py_objectdetection:/home/robocatsorin/Desktop/RobotCode2025/ros2_ws/install/py_motors:/opt/ros/humble /usr/bin/cmake --build /home/robocatsorin/Desktop/RobotCode2025/ros2_ws/build/usb_cam -- -j8 -l8
[26.364s] Invoking command in '/home/robocatsorin/Desktop/RobotCode2025/ros2_ws/build/usb_cam': CMAKE_PREFIX_PATH=${CMAKE_PREFIX_PATH}:/home/robocatsorin/Desktop/RobotCode2025/ros2_ws/install/py_sensors:/home/robocatsorin/Desktop/RobotCode2025/ros2_ws/install/py_objectdetection:/home/robocatsorin/Desktop/RobotCode2025/ros2_ws/install/py_motors:/opt/ros/humble /usr/bin/cmake --install /home/robocatsorin/Desktop/RobotCode2025/ros2_ws/build/usb_cam
[26.378s] -- Install configuration: ""
[26.379s] -- Up-to-date: /home/robocatsorin/Desktop/RobotCode2025/ros2_ws/install/usb_cam/share/usb_cam/environment/library_path.sh
[26.379s] -- Installing: /home/robocatsorin/Desktop/RobotCode2025/ros2_ws/install/usb_cam/share/usb_cam/environment/library_path.dsv
[26.380s] -- Installing: /home/robocatsorin/Desktop/RobotCode2025/ros2_ws/install/usb_cam/lib/usb_cam/usb_cam_node_exe
[26.383s] -- Set runtime path of "/home/robocatsorin/Desktop/RobotCode2025/ros2_ws/install/usb_cam/lib/usb_cam/usb_cam_node_exe" to ""
[26.383s] -- Up-to-date: /home/robocatsorin/Desktop/RobotCode2025/ros2_ws/install/usb_cam/lib/usb_cam/show_image.py
[26.384s] -- Installing: /home/robocatsorin/Desktop/RobotCode2025/ros2_ws/install/usb_cam/lib/libusb_cam.so
[26.386s] -- Installing: /home/robocatsorin/Desktop/RobotCode2025/ros2_ws/install/usb_cam/lib/libusb_cam_node.so
[26.397s] -- Set runtime path of "/home/robocatsorin/Desktop/RobotCode2025/ros2_ws/install/usb_cam/lib/libusb_cam_node.so" to ""
[26.398s] -- Up-to-date: /home/robocatsorin/Desktop/RobotCode2025/ros2_ws/install/usb_cam/include
[26.398s] -- Up-to-date: /home/robocatsorin/Desktop/RobotCode2025/ros2_ws/install/usb_cam/include/usb_cam
[26.398s] -- Up-to-date: /home/robocatsorin/Desktop/RobotCode2025/ros2_ws/install/usb_cam/include/usb_cam/usb_cam.hpp
[26.398s] -- Up-to-date: /home/robocatsorin/Desktop/RobotCode2025/ros2_ws/install/usb_cam/include/usb_cam/utils.hpp
[26.398s] -- Up-to-date: /home/robocatsorin/Desktop/RobotCode2025/ros2_ws/install/usb_cam/include/usb_cam/conversions.hpp
[26.399s] -- Up-to-date: /home/robocatsorin/Desktop/RobotCode2025/ros2_ws/install/usb_cam/include/usb_cam/usb_cam_node.hpp
[26.399s] -- Up-to-date: /home/robocatsorin/Desktop/RobotCode2025/ros2_ws/install/usb_cam/include/usb_cam/constants.hpp
[26.399s] -- Up-to-date: /home/robocatsorin/Desktop/RobotCode2025/ros2_ws/install/usb_cam/include/usb_cam/formats
[26.399s] -- Up-to-date: /home/robocatsorin/Desktop/RobotCode2025/ros2_ws/install/usb_cam/include/usb_cam/formats/rgb.hpp
[26.399s] -- Up-to-date: /home/robocatsorin/Desktop/RobotCode2025/ros2_ws/install/usb_cam/include/usb_cam/formats/mjpeg.hpp
[26.399s] -- Up-to-date: /home/robocatsorin/Desktop/RobotCode2025/ros2_ws/install/usb_cam/include/usb_cam/formats/utils.hpp
[26.399s] -- Up-to-date: /home/robocatsorin/Desktop/RobotCode2025/ros2_ws/install/usb_cam/include/usb_cam/formats/yuyv.hpp
[26.399s] -- Up-to-date: /home/robocatsorin/Desktop/RobotCode2025/ros2_ws/install/usb_cam/include/usb_cam/formats/av_pixel_format_helper.hpp
[26.399s] -- Up-to-date: /home/robocatsorin/Desktop/RobotCode2025/ros2_ws/install/usb_cam/include/usb_cam/formats/mono.hpp
[26.400s] -- Up-to-date: /home/robocatsorin/Desktop/RobotCode2025/ros2_ws/install/usb_cam/include/usb_cam/formats/uyvy.hpp
[26.400s] -- Up-to-date: /home/robocatsorin/Desktop/RobotCode2025/ros2_ws/install/usb_cam/include/usb_cam/formats/pixel_format_base.hpp
[26.400s] -- Up-to-date: /home/robocatsorin/Desktop/RobotCode2025/ros2_ws/install/usb_cam/include/usb_cam/formats/m420.hpp
[26.400s] -- Up-to-date: /home/robocatsorin/Desktop/RobotCode2025/ros2_ws/install/usb_cam/lib/libusb_cam_node.so
[26.400s] -- Up-to-date: /home/robocatsorin/Desktop/RobotCode2025/ros2_ws/install/usb_cam/share/usb_cam/launch
[26.401s] -- Up-to-date: /home/robocatsorin/Desktop/RobotCode2025/ros2_ws/install/usb_cam/share/usb_cam/launch/__init__.py
[26.401s] -- Up-to-date: /home/robocatsorin/Desktop/RobotCode2025/ros2_ws/install/usb_cam/share/usb_cam/launch/camera_config.py
[26.401s] -- Up-to-date: /home/robocatsorin/Desktop/RobotCode2025/ros2_ws/install/usb_cam/share/usb_cam/launch/camera.launch.py
[26.401s] -- Up-to-date: /home/robocatsorin/Desktop/RobotCode2025/ros2_ws/install/usb_cam/share/usb_cam/config
[26.401s] -- Up-to-date: /home/robocatsorin/Desktop/RobotCode2025/ros2_ws/install/usb_cam/share/usb_cam/config/params.yaml
[26.401s] -- Up-to-date: /home/robocatsorin/Desktop/RobotCode2025/ros2_ws/install/usb_cam/share/usb_cam/config/camera_info.yaml
[26.401s] -- Up-to-date: /home/robocatsorin/Desktop/RobotCode2025/ros2_ws/install/usb_cam/share/usb_cam/config/params_forward_camera.yaml
[26.401s] -- Up-to-date: /home/robocatsorin/Desktop/RobotCode2025/ros2_ws/install/usb_cam/share/usb_cam/config/params_realsense_camera_1.yaml
[26.402s] -- Up-to-date: /home/robocatsorin/Desktop/RobotCode2025/ros2_ws/install/usb_cam/share/usb_cam/config/params_bottom_camera.yaml
[26.402s] -- Up-to-date: /home/robocatsorin/Desktop/RobotCode2025/ros2_ws/install/usb_cam/share/usb_cam/config/params_realsense_camera_2.yaml
[26.402s] -- Installing: /home/robocatsorin/Desktop/RobotCode2025/ros2_ws/install/usb_cam/share/ament_index/resource_index/package_run_dependencies/usb_cam
[26.402s] -- Installing: /home/robocatsorin/Desktop/RobotCode2025/ros2_ws/install/usb_cam/share/ament_index/resource_index/parent_prefix_path/usb_cam
[26.402s] -- Up-to-date: /home/robocatsorin/Desktop/RobotCode2025/ros2_ws/install/usb_cam/share/usb_cam/environment/ament_prefix_path.sh
[26.402s] -- Installing: /home/robocatsorin/Desktop/RobotCode2025/ros2_ws/install/usb_cam/share/usb_cam/environment/ament_prefix_path.dsv
[26.403s] -- Up-to-date: /home/robocatsorin/Desktop/RobotCode2025/ros2_ws/install/usb_cam/share/usb_cam/environment/path.sh
[26.403s] -- Installing: /home/robocatsorin/Desktop/RobotCode2025/ros2_ws/install/usb_cam/share/usb_cam/environment/path.dsv
[26.403s] -- Installing: /home/robocatsorin/Desktop/RobotCode2025/ros2_ws/install/usb_cam/share/usb_cam/local_setup.bash
[26.403s] -- Installing: /home/robocatsorin/Desktop/RobotCode2025/ros2_ws/install/usb_cam/share/usb_cam/local_setup.sh
[26.403s] -- Installing: /home/robocatsorin/Desktop/RobotCode2025/ros2_ws/install/usb_cam/share/usb_cam/local_setup.zsh
[26.403s] -- Installing: /home/robocatsorin/Desktop/RobotCode2025/ros2_ws/install/usb_cam/share/usb_cam/local_setup.dsv
[26.404s] -- Installing: /home/robocatsorin/Desktop/RobotCode2025/ros2_ws/install/usb_cam/share/usb_cam/package.dsv
[26.404s] -- Installing: /home/robocatsorin/Desktop/RobotCode2025/ros2_ws/install/usb_cam/share/ament_index/resource_index/packages/usb_cam
[26.404s] -- Installing: /home/robocatsorin/Desktop/RobotCode2025/ros2_ws/install/usb_cam/share/ament_index/resource_index/rclcpp_components/usb_cam
[26.404s] -- Installing: /home/robocatsorin/Desktop/RobotCode2025/ros2_ws/install/usb_cam/share/usb_cam/cmake/ament_cmake_export_libraries-extras.cmake
[26.404s] -- Installing: /home/robocatsorin/Desktop/RobotCode2025/ros2_ws/install/usb_cam/share/usb_cam/cmake/ament_cmake_export_dependencies-extras.cmake
[26.405s] -- Installing: /home/robocatsorin/Desktop/RobotCode2025/ros2_ws/install/usb_cam/share/usb_cam/cmake/ament_cmake_export_include_directories-extras.cmake
[26.405s] -- Installing: /home/robocatsorin/Desktop/RobotCode2025/ros2_ws/install/usb_cam/share/usb_cam/cmake/usb_camConfig.cmake
[26.405s] -- Installing: /home/robocatsorin/Desktop/RobotCode2025/ros2_ws/install/usb_cam/share/usb_cam/cmake/usb_camConfig-version.cmake
[26.406s] -- Up-to-date: /home/robocatsorin/Desktop/RobotCode2025/ros2_ws/install/usb_cam/share/usb_cam/package.xml
[26.411s] Invoked command in '/home/robocatsorin/Desktop/RobotCode2025/ros2_ws/build/usb_cam' returned '0': CMAKE_PREFIX_PATH=${CMAKE_PREFIX_PATH}:/home/robocatsorin/Desktop/RobotCode2025/ros2_ws/install/py_sensors:/home/robocatsorin/Desktop/RobotCode2025/ros2_ws/install/py_objectdetection:/home/robocatsorin/Desktop/RobotCode2025/ros2_ws/install/py_motors:/opt/ros/humble /usr/bin/cmake --install /home/robocatsorin/Desktop/RobotCode2025/ros2_ws/build/usb_cam
