[1.013s] Invoking command in '/home/robocats/Desktop/RobotCode2025/ros2_ws/src/py_objectdetection': PYTHONPATH=/home/robocats/Desktop/RobotCode2025/ros2_ws/build/py_objectdetection/prefix_override:/usr/lib/python3/dist-packages/colcon_core/task/python/colcon_distutils_commands:/home/robocats/Desktop/RobotCode2025/ros2_ws/install/py_objectdetection/lib/python3.10/site-packages:${PYTHONPATH} /usr/bin/python3 -W ignore:setup.py install is deprecated -W ignore:easy_install command is deprecated setup.py egg_info --egg-base ../../build/py_objectdetection build --build-base /home/robocats/Desktop/RobotCode2025/ros2_ws/build/py_objectdetection/build install --record /home/robocats/Desktop/RobotCode2025/ros2_ws/build/py_objectdetection/install.log --single-version-externally-managed install_data
[1.381s] running egg_info
[1.382s] writing ../../build/py_objectdetection/py_objectdetection.egg-info/PKG-INFO
[1.383s] writing dependency_links to ../../build/py_objectdetection/py_objectdetection.egg-info/dependency_links.txt
[1.383s] writing entry points to ../../build/py_objectdetection/py_objectdetection.egg-info/entry_points.txt
[1.383s] writing requirements to ../../build/py_objectdetection/py_objectdetection.egg-info/requires.txt
[1.384s] writing top-level names to ../../build/py_objectdetection/py_objectdetection.egg-info/top_level.txt
[1.386s] reading manifest file '../../build/py_objectdetection/py_objectdetection.egg-info/SOURCES.txt'
[1.386s] adding license file 'LICENSE'
[1.387s] writing manifest file '../../build/py_objectdetection/py_objectdetection.egg-info/SOURCES.txt'
[1.387s] running build
[1.388s] running build_py
[1.388s] running install
[1.388s] running install_lib
[1.392s] running install_data
[1.392s] running install_egg_info
[1.395s] removing '/home/robocats/Desktop/RobotCode2025/ros2_ws/install/py_objectdetection/lib/python3.10/site-packages/py_objectdetection-0.0.0-py3.10.egg-info' (and everything under it)
[1.395s] Copying ../../build/py_objectdetection/py_objectdetection.egg-info to /home/robocats/Desktop/RobotCode2025/ros2_ws/install/py_objectdetection/lib/python3.10/site-packages/py_objectdetection-0.0.0-py3.10.egg-info
[1.397s] running install_scripts
[1.429s] writing list of installed files to '/home/robocats/Desktop/RobotCode2025/ros2_ws/build/py_objectdetection/install.log'
[1.490s] Invoked command in '/home/robocats/Desktop/RobotCode2025/ros2_ws/src/py_objectdetection' returned '0': PYTHONPATH=/home/robocats/Desktop/RobotCode2025/ros2_ws/build/py_objectdetection/prefix_override:/usr/lib/python3/dist-packages/colcon_core/task/python/colcon_distutils_commands:/home/robocats/Desktop/RobotCode2025/ros2_ws/install/py_objectdetection/lib/python3.10/site-packages:${PYTHONPATH} /usr/bin/python3 -W ignore:setup.py install is deprecated -W ignore:easy_install command is deprecated setup.py egg_info --egg-base ../../build/py_objectdetection build --build-base /home/robocats/Desktop/RobotCode2025/ros2_ws/build/py_objectdetection/build install --record /home/robocats/Desktop/RobotCode2025/ros2_ws/build/py_objectdetection/install.log --single-version-externally-managed install_data
