[0.017s] Invoking command in '/home/robocats/Desktop/RobotCode2025/ros2_ws/build/usb_cam': CMAKE_PREFIX_PATH=${CMAKE_PREFIX_PATH}:/home/robocats/Desktop/RobotCode2025/ros2_ws/install/py_sensors:/home/robocats/Desktop/RobotCode2025/ros2_ws/install/py_motors:/opt/ros/humble /usr/bin/cmake /home/robocats/Desktop/RobotCode2025/ros2_ws/src/usb_cam -DCMAKE_INSTALL_PREFIX=/home/robocats/Desktop/RobotCode2025/ros2_ws/install/usb_cam
[0.164s] -- The C compiler identification is GNU 11.4.0
[0.299s] -- The CXX compiler identification is GNU 11.4.0
[0.318s] -- Detecting C compiler ABI info
[0.442s] -- Detecting C compiler ABI info - done
[0.459s] -- Check for working C compiler: /usr/bin/cc - skipped
[0.461s] -- Detecting C compile features
[0.462s] -- Detecting C compile features - done
[0.475s] -- Detecting CXX compiler ABI info
[0.606s] -- Detecting CXX compiler ABI info - done
[0.629s] -- Check for working CXX compiler: /usr/bin/c++ - skipped
[0.630s] -- Detecting CXX compile features
[0.631s] -- Detecting CXX compile features - done
[0.639s] -- Found ament_cmake_auto: 1.3.11 (/opt/ros/humble/share/ament_cmake_auto/cmake)
[0.952s] -- Found Python3: /usr/bin/python3 (found version "3.10.12") found components: Interpreter 
[1.434s] -- Found rosidl_generator_c: 3.1.6 (/opt/ros/humble/share/rosidl_generator_c/cmake)
[1.444s] -- Found rosidl_adapter: 3.1.6 (/opt/ros/humble/share/rosidl_adapter/cmake)
[1.465s] -- Found rosidl_generator_cpp: 3.1.6 (/opt/ros/humble/share/rosidl_generator_cpp/cmake)
[1.493s] -- Using all available rosidl_typesupport_c: rosidl_typesupport_fastrtps_c;rosidl_typesupport_introspection_c
[1.526s] -- Using all available rosidl_typesupport_cpp: rosidl_typesupport_fastrtps_cpp;rosidl_typesupport_introspection_cpp
[1.614s] -- Found rmw_implementation_cmake: 6.1.2 (/opt/ros/humble/share/rmw_implementation_cmake/cmake)
[1.620s] -- Found rmw_fastrtps_cpp: 6.2.7 (/opt/ros/humble/share/rmw_fastrtps_cpp/cmake)
[1.802s] -- Found OpenSSL: /usr/lib/aarch64-linux-gnu/libcrypto.so (found version "3.0.2")  
[1.863s] -- Found FastRTPS: /opt/ros/humble/include  
[1.931s] -- Using RMW implementation 'rmw_fastrtps_cpp' as default
[1.950s] -- Looking for pthread.h
[2.078s] -- Looking for pthread.h - found
[2.079s] -- Performing Test CMAKE_HAVE_LIBC_PTHREAD
[2.211s] -- Performing Test CMAKE_HAVE_LIBC_PTHREAD - Success
[2.214s] -- Found Threads: TRUE  
[2.662s] -- Found OpenCV: /usr (found version "4.8.0") 
[2.670s] -- Found PkgConfig: /usr/bin/pkg-config (found version "0.29.2") 
[2.671s] -- Checking for module 'libavcodec'
[2.695s] --   Found libavcodec, version 58.134.100
[2.759s] -- Checking for module 'libavutil'
[2.781s] --   Found libavutil, version 56.70.100
[2.843s] -- Checking for module 'libswscale'
[2.874s] --   Found libswscale, version 5.9.100
[2.950s] -- Found ament_lint_auto: 0.12.12 (/opt/ros/humble/share/ament_lint_auto/cmake)
[2.999s] -- Found gtest sources under '/opt/ros/humble/src/gtest_vendor': C++ tests using 'Google Test' will be built
[3.020s] -- Added test 'copyright' to check source files copyright and LICENSE
[3.028s] -- Added test 'cppcheck' to perform static code analysis on C / C++ code
[3.029s] -- Configured cppcheck include dirs: /home/robocats/Desktop/RobotCode2025/ros2_ws/src/usb_cam/include
[3.029s] -- Configured cppcheck exclude dirs and/or files: 
[3.036s] -- Added test 'cpplint' to check C / C++ code against the Google style
[3.037s] -- Configured cpplint exclude dirs and/or files: 
[3.038s] -- Added test 'flake8' to check Python code syntax and style conventions
[3.041s] -- Added test 'lint_cmake' to check CMake code style
[3.043s] -- Added test 'pep257' to check Python code against some of the docstring style conventions in PEP 257
[3.051s] -- Added test 'uncrustify' to check C / C++ code style
[3.051s] -- Configured uncrustify additional arguments: 
[3.053s] -- Added test 'xmllint' to check XML markup files
[3.060s] -- Configuring done
[3.100s] -- Generating done
[3.114s] -- Build files have been written to: /home/robocats/Desktop/RobotCode2025/ros2_ws/build/usb_cam
[3.151s] Invoked command in '/home/robocats/Desktop/RobotCode2025/ros2_ws/build/usb_cam' returned '0': CMAKE_PREFIX_PATH=${CMAKE_PREFIX_PATH}:/home/robocats/Desktop/RobotCode2025/ros2_ws/install/py_sensors:/home/robocats/Desktop/RobotCode2025/ros2_ws/install/py_motors:/opt/ros/humble /usr/bin/cmake /home/robocats/Desktop/RobotCode2025/ros2_ws/src/usb_cam -DCMAKE_INSTALL_PREFIX=/home/robocats/Desktop/RobotCode2025/ros2_ws/install/usb_cam
[3.154s] Invoking command in '/home/robocats/Desktop/RobotCode2025/ros2_ws/build/usb_cam': CMAKE_PREFIX_PATH=${CMAKE_PREFIX_PATH}:/home/robocats/Desktop/RobotCode2025/ros2_ws/install/py_sensors:/home/robocats/Desktop/RobotCode2025/ros2_ws/install/py_motors:/opt/ros/humble /usr/bin/cmake --build /home/robocats/Desktop/RobotCode2025/ros2_ws/build/usb_cam -- -j12 -l12
[3.251s] [ 28%] [32mBuilding CXX object CMakeFiles/usb_cam_node_exe.dir/rclcpp_components/node_main_usb_cam_node_exe.cpp.o[0m
[3.252s] [ 28%] [32mBuilding CXX object CMakeFiles/usb_cam.dir/src/usb_cam.cpp.o[0m
[3.252s] [ 28%] [32mBuilding CXX object gtest/CMakeFiles/gtest.dir/src/gtest-all.cc.o[0m
[3.252s] [ 28%] [32mBuilding CXX object gtest/CMakeFiles/gtest_main.dir/src/gtest_main.cc.o[0m
[4.835s] [ 35%] [32m[1mLinking CXX static library libgtest_main.a[0m
[4.894s] [ 35%] Built target gtest_main
[7.168s] [ 42%] [32m[1mLinking CXX shared library libusb_cam.so[0m
[7.479s] [ 42%] Built target usb_cam
[7.516s] [ 50%] [32mBuilding CXX object CMakeFiles/usb_cam_node.dir/src/usb_cam_node.cpp.o[0m
[8.510s] [ 57%] [32m[1mLinking CXX static library libgtest.a[0m
[8.620s] [ 57%] Built target gtest
[8.657s] [ 71%] [32mBuilding CXX object CMakeFiles/test_usb_cam_utils.dir/test/test_usb_cam_utils.cpp.o[0m
[8.657s] [ 71%] [32mBuilding CXX object CMakeFiles/test_pixel_formats.dir/test/test_pixel_formats.cpp.o[0m
[8.899s] [ 78%] [32m[1mLinking CXX executable usb_cam_node_exe[0m
[9.422s] [ 78%] Built target usb_cam_node_exe
[10.848s] [ 85%] [32m[1mLinking CXX executable test_usb_cam_utils[0m
[11.203s] [ 85%] Built target test_usb_cam_utils
[11.728s] [ 92%] [32m[1mLinking CXX executable test_pixel_formats[0m
[12.065s] [ 92%] Built target test_pixel_formats
[24.137s] [100%] [32m[1mLinking CXX shared library libusb_cam_node.so[0m
[24.870s] [100%] Built target usb_cam_node
[24.901s] Invoked command in '/home/robocats/Desktop/RobotCode2025/ros2_ws/build/usb_cam' returned '0': CMAKE_PREFIX_PATH=${CMAKE_PREFIX_PATH}:/home/robocats/Desktop/RobotCode2025/ros2_ws/install/py_sensors:/home/robocats/Desktop/RobotCode2025/ros2_ws/install/py_motors:/opt/ros/humble /usr/bin/cmake --build /home/robocats/Desktop/RobotCode2025/ros2_ws/build/usb_cam -- -j12 -l12
[24.906s] Invoking command in '/home/robocats/Desktop/RobotCode2025/ros2_ws/build/usb_cam': CMAKE_PREFIX_PATH=${CMAKE_PREFIX_PATH}:/home/robocats/Desktop/RobotCode2025/ros2_ws/install/py_sensors:/home/robocats/Desktop/RobotCode2025/ros2_ws/install/py_motors:/opt/ros/humble /usr/bin/cmake --install /home/robocats/Desktop/RobotCode2025/ros2_ws/build/usb_cam
[24.926s] -- Install configuration: ""
[24.927s] -- Installing: /home/robocats/Desktop/RobotCode2025/ros2_ws/install/usb_cam/share/usb_cam/environment/library_path.sh
[24.927s] -- Installing: /home/robocats/Desktop/RobotCode2025/ros2_ws/install/usb_cam/share/usb_cam/environment/library_path.dsv
[24.928s] -- Installing: /home/robocats/Desktop/RobotCode2025/ros2_ws/install/usb_cam/lib/usb_cam/usb_cam_node_exe
[24.928s] -- Set runtime path of "/home/robocats/Desktop/RobotCode2025/ros2_ws/install/usb_cam/lib/usb_cam/usb_cam_node_exe" to ""
[24.929s] -- Installing: /home/robocats/Desktop/RobotCode2025/ros2_ws/install/usb_cam/lib/usb_cam/show_image.py
[24.929s] -- Installing: /home/robocats/Desktop/RobotCode2025/ros2_ws/install/usb_cam/lib/libusb_cam.so
[24.931s] -- Installing: /home/robocats/Desktop/RobotCode2025/ros2_ws/install/usb_cam/lib/libusb_cam_node.so
[24.943s] -- Set runtime path of "/home/robocats/Desktop/RobotCode2025/ros2_ws/install/usb_cam/lib/libusb_cam_node.so" to ""
[24.943s] -- Installing: /home/robocats/Desktop/RobotCode2025/ros2_ws/install/usb_cam/include
[24.944s] -- Installing: /home/robocats/Desktop/RobotCode2025/ros2_ws/install/usb_cam/include/usb_cam
[24.944s] -- Installing: /home/robocats/Desktop/RobotCode2025/ros2_ws/install/usb_cam/include/usb_cam/usb_cam.hpp
[24.944s] -- Installing: /home/robocats/Desktop/RobotCode2025/ros2_ws/install/usb_cam/include/usb_cam/usb_cam_node.hpp
[24.945s] -- Installing: /home/robocats/Desktop/RobotCode2025/ros2_ws/install/usb_cam/include/usb_cam/utils.hpp
[24.945s] -- Installing: /home/robocats/Desktop/RobotCode2025/ros2_ws/install/usb_cam/include/usb_cam/constants.hpp
[24.945s] -- Installing: /home/robocats/Desktop/RobotCode2025/ros2_ws/install/usb_cam/include/usb_cam/conversions.hpp
[24.946s] -- Installing: /home/robocats/Desktop/RobotCode2025/ros2_ws/install/usb_cam/include/usb_cam/formats
[24.946s] -- Installing: /home/robocats/Desktop/RobotCode2025/ros2_ws/install/usb_cam/include/usb_cam/formats/m420.hpp
[24.946s] -- Installing: /home/robocats/Desktop/RobotCode2025/ros2_ws/install/usb_cam/include/usb_cam/formats/av_pixel_format_helper.hpp
[24.946s] -- Installing: /home/robocats/Desktop/RobotCode2025/ros2_ws/install/usb_cam/include/usb_cam/formats/uyvy.hpp
[24.947s] -- Installing: /home/robocats/Desktop/RobotCode2025/ros2_ws/install/usb_cam/include/usb_cam/formats/pixel_format_base.hpp
[24.947s] -- Installing: /home/robocats/Desktop/RobotCode2025/ros2_ws/install/usb_cam/include/usb_cam/formats/rgb.hpp
[24.947s] -- Installing: /home/robocats/Desktop/RobotCode2025/ros2_ws/install/usb_cam/include/usb_cam/formats/utils.hpp
[24.948s] -- Installing: /home/robocats/Desktop/RobotCode2025/ros2_ws/install/usb_cam/include/usb_cam/formats/yuyv.hpp
[24.948s] -- Installing: /home/robocats/Desktop/RobotCode2025/ros2_ws/install/usb_cam/include/usb_cam/formats/mono.hpp
[24.948s] -- Installing: /home/robocats/Desktop/RobotCode2025/ros2_ws/install/usb_cam/include/usb_cam/formats/mjpeg.hpp
[24.949s] -- Up-to-date: /home/robocats/Desktop/RobotCode2025/ros2_ws/install/usb_cam/lib/libusb_cam_node.so
[24.949s] -- Installing: /home/robocats/Desktop/RobotCode2025/ros2_ws/install/usb_cam/share/usb_cam/launch
[24.949s] -- Installing: /home/robocats/Desktop/RobotCode2025/ros2_ws/install/usb_cam/share/usb_cam/launch/camera_config.py
[24.949s] -- Installing: /home/robocats/Desktop/RobotCode2025/ros2_ws/install/usb_cam/share/usb_cam/launch/camera.launch.py
[24.950s] -- Installing: /home/robocats/Desktop/RobotCode2025/ros2_ws/install/usb_cam/share/usb_cam/launch/__init__.py
[24.950s] -- Installing: /home/robocats/Desktop/RobotCode2025/ros2_ws/install/usb_cam/share/usb_cam/config
[24.950s] -- Installing: /home/robocats/Desktop/RobotCode2025/ros2_ws/install/usb_cam/share/usb_cam/config/params_realsense_camera_1.yaml
[24.950s] -- Installing: /home/robocats/Desktop/RobotCode2025/ros2_ws/install/usb_cam/share/usb_cam/config/params_forward_camera.yaml
[24.951s] -- Installing: /home/robocats/Desktop/RobotCode2025/ros2_ws/install/usb_cam/share/usb_cam/config/camera_info.yaml
[24.951s] -- Installing: /home/robocats/Desktop/RobotCode2025/ros2_ws/install/usb_cam/share/usb_cam/config/params.yaml
[24.951s] -- Installing: /home/robocats/Desktop/RobotCode2025/ros2_ws/install/usb_cam/share/usb_cam/config/params_realsense_camera_2.yaml
[24.952s] -- Installing: /home/robocats/Desktop/RobotCode2025/ros2_ws/install/usb_cam/share/usb_cam/config/params_bottom_camera.yaml
[24.952s] -- Installing: /home/robocats/Desktop/RobotCode2025/ros2_ws/install/usb_cam/share/ament_index/resource_index/package_run_dependencies/usb_cam
[24.952s] -- Installing: /home/robocats/Desktop/RobotCode2025/ros2_ws/install/usb_cam/share/ament_index/resource_index/parent_prefix_path/usb_cam
[24.952s] -- Installing: /home/robocats/Desktop/RobotCode2025/ros2_ws/install/usb_cam/share/usb_cam/environment/ament_prefix_path.sh
[24.953s] -- Installing: /home/robocats/Desktop/RobotCode2025/ros2_ws/install/usb_cam/share/usb_cam/environment/ament_prefix_path.dsv
[24.953s] -- Installing: /home/robocats/Desktop/RobotCode2025/ros2_ws/install/usb_cam/share/usb_cam/environment/path.sh
[24.953s] -- Installing: /home/robocats/Desktop/RobotCode2025/ros2_ws/install/usb_cam/share/usb_cam/environment/path.dsv
[24.953s] -- Installing: /home/robocats/Desktop/RobotCode2025/ros2_ws/install/usb_cam/share/usb_cam/local_setup.bash
[24.954s] -- Installing: /home/robocats/Desktop/RobotCode2025/ros2_ws/install/usb_cam/share/usb_cam/local_setup.sh
[24.954s] -- Installing: /home/robocats/Desktop/RobotCode2025/ros2_ws/install/usb_cam/share/usb_cam/local_setup.zsh
[24.954s] -- Installing: /home/robocats/Desktop/RobotCode2025/ros2_ws/install/usb_cam/share/usb_cam/local_setup.dsv
[24.954s] -- Installing: /home/robocats/Desktop/RobotCode2025/ros2_ws/install/usb_cam/share/usb_cam/package.dsv
[24.955s] -- Installing: /home/robocats/Desktop/RobotCode2025/ros2_ws/install/usb_cam/share/ament_index/resource_index/packages/usb_cam
[24.956s] -- Installing: /home/robocats/Desktop/RobotCode2025/ros2_ws/install/usb_cam/share/ament_index/resource_index/rclcpp_components/usb_cam
[24.959s] -- Installing: /home/robocats/Desktop/RobotCode2025/ros2_ws/install/usb_cam/share/usb_cam/cmake/ament_cmake_export_libraries-extras.cmake
[24.960s] -- Installing: /home/robocats/Desktop/RobotCode2025/ros2_ws/install/usb_cam/share/usb_cam/cmake/ament_cmake_export_dependencies-extras.cmake
[24.960s] -- Installing: /home/robocats/Desktop/RobotCode2025/ros2_ws/install/usb_cam/share/usb_cam/cmake/ament_cmake_export_include_directories-extras.cmake
[24.961s] -- Installing: /home/robocats/Desktop/RobotCode2025/ros2_ws/install/usb_cam/share/usb_cam/cmake/usb_camConfig.cmake
[24.961s] -- Installing: /home/robocats/Desktop/RobotCode2025/ros2_ws/install/usb_cam/share/usb_cam/cmake/usb_camConfig-version.cmake
[24.962s] -- Installing: /home/robocats/Desktop/RobotCode2025/ros2_ws/install/usb_cam/share/usb_cam/package.xml
[24.962s] Invoked command in '/home/robocats/Desktop/RobotCode2025/ros2_ws/build/usb_cam' returned '0': CMAKE_PREFIX_PATH=${CMAKE_PREFIX_PATH}:/home/robocats/Desktop/RobotCode2025/ros2_ws/install/py_sensors:/home/robocats/Desktop/RobotCode2025/ros2_ws/install/py_motors:/opt/ros/humble /usr/bin/cmake --install /home/robocats/Desktop/RobotCode2025/ros2_ws/build/usb_cam
