[0.035s] Invoking command in '/home/robocats/Desktop/RobotCode2025/ros2_ws/build/cpp_subcontroller': CMAKE_PREFIX_PATH=/home/robocats/Desktop/RobotCode2025/ros2_ws/install/custom_interfaces:/home/robocats/Desktop/RobotCode2025/ros2_ws/install/usb_cam:/home/robocats/Desktop/RobotCode2025/ros2_ws/install/cpp_subcontroller:/home/robocats/Desktop/RobotCode2025/ros2_ws/install/py_sensors:/home/robocats/Desktop/RobotCode2025/ros2_ws/install/py_motors:/opt/ros/humble LD_LIBRARY_PATH=/home/robocats/Desktop/RobotCode2025/ros2_ws/install/custom_interfaces/lib:/home/robocats/Desktop/RobotCode2025/ros2_ws/install/usb_cam/lib:/opt/ros/humble/opt/rviz_ogre_vendor/lib:/opt/ros/humble/lib/aarch64-linux-gnu:/opt/ros/humble/lib:/usr/local/cuda-12.2/lib64 /usr/bin/cmake /home/robocats/Desktop/RobotCode2025/ros2_ws/src/cpp_subcontroller -DCMAKE_INSTALL_PREFIX=/home/robocats/Desktop/RobotCode2025/ros2_ws/install/cpp_subcontroller
[0.510s] -- The C compiler identification is GNU 11.4.0
[0.511s] -- The CXX compiler identification is GNU 11.4.0
[0.511s] -- Detecting C compiler ABI info
[0.512s] -- Detecting C compiler ABI info - done
[0.512s] -- Check for working C compiler: /usr/bin/cc - skipped
[0.512s] -- Detecting C compile features
[0.512s] -- Detecting C compile features - done
[0.512s] -- Detecting CXX compiler ABI info
[0.512s] -- Detecting CXX compiler ABI info - done
[0.512s] -- Check for working CXX compiler: /usr/bin/c++ - skipped
[0.512s] -- Detecting CXX compile features
[0.512s] -- Detecting CXX compile features - done
[0.512s] -- Found ament_cmake: 1.3.11 (/opt/ros/humble/share/ament_cmake/cmake)
[0.777s] -- Found Python3: /usr/bin/python3 (found version "3.10.12") found components: Interpreter 
[0.944s] -- Found rclcpp: 16.0.12 (/opt/ros/humble/share/rclcpp/cmake)
[1.009s] -- Found rosidl_generator_c: 3.1.6 (/opt/ros/humble/share/rosidl_generator_c/cmake)
[1.015s] -- Found rosidl_adapter: 3.1.6 (/opt/ros/humble/share/rosidl_adapter/cmake)
[1.027s] -- Found rosidl_generator_cpp: 3.1.6 (/opt/ros/humble/share/rosidl_generator_cpp/cmake)
[1.045s] -- Using all available rosidl_typesupport_c: rosidl_typesupport_fastrtps_c;rosidl_typesupport_introspection_c
[1.068s] -- Using all available rosidl_typesupport_cpp: rosidl_typesupport_fastrtps_cpp;rosidl_typesupport_introspection_cpp
[1.133s] -- Found rmw_implementation_cmake: 6.1.2 (/opt/ros/humble/share/rmw_implementation_cmake/cmake)
[1.137s] -- Found rmw_fastrtps_cpp: 6.2.7 (/opt/ros/humble/share/rmw_fastrtps_cpp/cmake)
[1.265s] -- Found OpenSSL: /usr/lib/aarch64-linux-gnu/libcrypto.so (found version "3.0.2")  
[1.305s] -- Found FastRTPS: /opt/ros/humble/include  
[1.367s] -- Using RMW implementation 'rmw_fastrtps_cpp' as default
[1.380s] -- Looking for pthread.h
[1.495s] -- Looking for pthread.h - found
[1.496s] -- Performing Test CMAKE_HAVE_LIBC_PTHREAD
[1.616s] -- Performing Test CMAKE_HAVE_LIBC_PTHREAD - Success
[1.634s] -- Found Threads: TRUE  
[1.716s] -- Found custom_interfaces: 0.0.0 (/home/robocats/Desktop/RobotCode2025/ros2_ws/install/custom_interfaces/share/custom_interfaces/cmake)
[1.878s] -- Configuring done
[1.900s] -- Generating done
[1.909s] -- Build files have been written to: /home/robocats/Desktop/RobotCode2025/ros2_ws/build/cpp_subcontroller
[1.935s] Invoked command in '/home/robocats/Desktop/RobotCode2025/ros2_ws/build/cpp_subcontroller' returned '0': CMAKE_PREFIX_PATH=/home/robocats/Desktop/RobotCode2025/ros2_ws/install/custom_interfaces:/home/robocats/Desktop/RobotCode2025/ros2_ws/install/usb_cam:/home/robocats/Desktop/RobotCode2025/ros2_ws/install/cpp_subcontroller:/home/robocats/Desktop/RobotCode2025/ros2_ws/install/py_sensors:/home/robocats/Desktop/RobotCode2025/ros2_ws/install/py_motors:/opt/ros/humble LD_LIBRARY_PATH=/home/robocats/Desktop/RobotCode2025/ros2_ws/install/custom_interfaces/lib:/home/robocats/Desktop/RobotCode2025/ros2_ws/install/usb_cam/lib:/opt/ros/humble/opt/rviz_ogre_vendor/lib:/opt/ros/humble/lib/aarch64-linux-gnu:/opt/ros/humble/lib:/usr/local/cuda-12.2/lib64 /usr/bin/cmake /home/robocats/Desktop/RobotCode2025/ros2_ws/src/cpp_subcontroller -DCMAKE_INSTALL_PREFIX=/home/robocats/Desktop/RobotCode2025/ros2_ws/install/cpp_subcontroller
[1.937s] Invoking command in '/home/robocats/Desktop/RobotCode2025/ros2_ws/build/cpp_subcontroller': CMAKE_PREFIX_PATH=/home/robocats/Desktop/RobotCode2025/ros2_ws/install/custom_interfaces:/home/robocats/Desktop/RobotCode2025/ros2_ws/install/usb_cam:/home/robocats/Desktop/RobotCode2025/ros2_ws/install/cpp_subcontroller:/home/robocats/Desktop/RobotCode2025/ros2_ws/install/py_sensors:/home/robocats/Desktop/RobotCode2025/ros2_ws/install/py_motors:/opt/ros/humble LD_LIBRARY_PATH=/home/robocats/Desktop/RobotCode2025/ros2_ws/install/custom_interfaces/lib:/home/robocats/Desktop/RobotCode2025/ros2_ws/install/usb_cam/lib:/opt/ros/humble/opt/rviz_ogre_vendor/lib:/opt/ros/humble/lib/aarch64-linux-gnu:/opt/ros/humble/lib:/usr/local/cuda-12.2/lib64 /usr/bin/cmake --build /home/robocats/Desktop/RobotCode2025/ros2_ws/build/cpp_subcontroller -- -j12 -l12
[2.021s] [ 50%] [32mBuilding CXX object CMakeFiles/navigator.dir/src/Navigator.cpp.o[0m
[2.021s] [ 50%] [32mBuilding CXX object CMakeFiles/motion_director.dir/src/MotionDirector.cpp.o[0m
[9.528s] [ 75%] [32m[1mLinking CXX executable motion_director[0m
[9.856s] [ 75%] Built target motion_director
[20.179s] [100%] [32m[1mLinking CXX executable navigator[0m
[20.848s] [100%] Built target navigator
[20.875s] Invoked command in '/home/robocats/Desktop/RobotCode2025/ros2_ws/build/cpp_subcontroller' returned '0': CMAKE_PREFIX_PATH=/home/robocats/Desktop/RobotCode2025/ros2_ws/install/custom_interfaces:/home/robocats/Desktop/RobotCode2025/ros2_ws/install/usb_cam:/home/robocats/Desktop/RobotCode2025/ros2_ws/install/cpp_subcontroller:/home/robocats/Desktop/RobotCode2025/ros2_ws/install/py_sensors:/home/robocats/Desktop/RobotCode2025/ros2_ws/install/py_motors:/opt/ros/humble LD_LIBRARY_PATH=/home/robocats/Desktop/RobotCode2025/ros2_ws/install/custom_interfaces/lib:/home/robocats/Desktop/RobotCode2025/ros2_ws/install/usb_cam/lib:/opt/ros/humble/opt/rviz_ogre_vendor/lib:/opt/ros/humble/lib/aarch64-linux-gnu:/opt/ros/humble/lib:/usr/local/cuda-12.2/lib64 /usr/bin/cmake --build /home/robocats/Desktop/RobotCode2025/ros2_ws/build/cpp_subcontroller -- -j12 -l12
[20.881s] Invoking command in '/home/robocats/Desktop/RobotCode2025/ros2_ws/build/cpp_subcontroller': CMAKE_PREFIX_PATH=/home/robocats/Desktop/RobotCode2025/ros2_ws/install/custom_interfaces:/home/robocats/Desktop/RobotCode2025/ros2_ws/install/usb_cam:/home/robocats/Desktop/RobotCode2025/ros2_ws/install/cpp_subcontroller:/home/robocats/Desktop/RobotCode2025/ros2_ws/install/py_sensors:/home/robocats/Desktop/RobotCode2025/ros2_ws/install/py_motors:/opt/ros/humble LD_LIBRARY_PATH=/home/robocats/Desktop/RobotCode2025/ros2_ws/install/custom_interfaces/lib:/home/robocats/Desktop/RobotCode2025/ros2_ws/install/usb_cam/lib:/opt/ros/humble/opt/rviz_ogre_vendor/lib:/opt/ros/humble/lib/aarch64-linux-gnu:/opt/ros/humble/lib:/usr/local/cuda-12.2/lib64 /usr/bin/cmake --install /home/robocats/Desktop/RobotCode2025/ros2_ws/build/cpp_subcontroller
[20.901s] -- Install configuration: ""
[20.901s] -- Installing: /home/robocats/Desktop/RobotCode2025/ros2_ws/install/cpp_subcontroller/lib/cpp_subcontroller/motion_director
[20.904s] -- Set runtime path of "/home/robocats/Desktop/RobotCode2025/ros2_ws/install/cpp_subcontroller/lib/cpp_subcontroller/motion_director" to ""
[20.905s] -- Installing: /home/robocats/Desktop/RobotCode2025/ros2_ws/install/cpp_subcontroller/lib/cpp_subcontroller/navigator
[20.914s] -- Set runtime path of "/home/robocats/Desktop/RobotCode2025/ros2_ws/install/cpp_subcontroller/lib/cpp_subcontroller/navigator" to ""
[20.914s] -- Installing: /home/robocats/Desktop/RobotCode2025/ros2_ws/install/cpp_subcontroller/share/ament_index/resource_index/package_run_dependencies/cpp_subcontroller
[20.914s] -- Installing: /home/robocats/Desktop/RobotCode2025/ros2_ws/install/cpp_subcontroller/share/ament_index/resource_index/parent_prefix_path/cpp_subcontroller
[20.914s] -- Up-to-date: /home/robocats/Desktop/RobotCode2025/ros2_ws/install/cpp_subcontroller/share/cpp_subcontroller/environment/ament_prefix_path.sh
[20.915s] -- Installing: /home/robocats/Desktop/RobotCode2025/ros2_ws/install/cpp_subcontroller/share/cpp_subcontroller/environment/ament_prefix_path.dsv
[20.915s] -- Up-to-date: /home/robocats/Desktop/RobotCode2025/ros2_ws/install/cpp_subcontroller/share/cpp_subcontroller/environment/path.sh
[20.915s] -- Installing: /home/robocats/Desktop/RobotCode2025/ros2_ws/install/cpp_subcontroller/share/cpp_subcontroller/environment/path.dsv
[20.915s] -- Installing: /home/robocats/Desktop/RobotCode2025/ros2_ws/install/cpp_subcontroller/share/cpp_subcontroller/local_setup.bash
[20.915s] -- Installing: /home/robocats/Desktop/RobotCode2025/ros2_ws/install/cpp_subcontroller/share/cpp_subcontroller/local_setup.sh
[20.915s] -- Installing: /home/robocats/Desktop/RobotCode2025/ros2_ws/install/cpp_subcontroller/share/cpp_subcontroller/local_setup.zsh
[20.916s] -- Installing: /home/robocats/Desktop/RobotCode2025/ros2_ws/install/cpp_subcontroller/share/cpp_subcontroller/local_setup.dsv
[20.916s] -- Installing: /home/robocats/Desktop/RobotCode2025/ros2_ws/install/cpp_subcontroller/share/cpp_subcontroller/package.dsv
[20.916s] -- Installing: /home/robocats/Desktop/RobotCode2025/ros2_ws/install/cpp_subcontroller/share/ament_index/resource_index/packages/cpp_subcontroller
[20.916s] -- Installing: /home/robocats/Desktop/RobotCode2025/ros2_ws/install/cpp_subcontroller/share/cpp_subcontroller/cmake/cpp_subcontrollerConfig.cmake
[20.917s] -- Installing: /home/robocats/Desktop/RobotCode2025/ros2_ws/install/cpp_subcontroller/share/cpp_subcontroller/cmake/cpp_subcontrollerConfig-version.cmake
[20.917s] -- Up-to-date: /home/robocats/Desktop/RobotCode2025/ros2_ws/install/cpp_subcontroller/share/cpp_subcontroller/package.xml
[20.921s] Invoked command in '/home/robocats/Desktop/RobotCode2025/ros2_ws/build/cpp_subcontroller' returned '0': CMAKE_PREFIX_PATH=/home/robocats/Desktop/RobotCode2025/ros2_ws/install/custom_interfaces:/home/robocats/Desktop/RobotCode2025/ros2_ws/install/usb_cam:/home/robocats/Desktop/RobotCode2025/ros2_ws/install/cpp_subcontroller:/home/robocats/Desktop/RobotCode2025/ros2_ws/install/py_sensors:/home/robocats/Desktop/RobotCode2025/ros2_ws/install/py_motors:/opt/ros/humble LD_LIBRARY_PATH=/home/robocats/Desktop/RobotCode2025/ros2_ws/install/custom_interfaces/lib:/home/robocats/Desktop/RobotCode2025/ros2_ws/install/usb_cam/lib:/opt/ros/humble/opt/rviz_ogre_vendor/lib:/opt/ros/humble/lib/aarch64-linux-gnu:/opt/ros/humble/lib:/usr/local/cuda-12.2/lib64 /usr/bin/cmake --install /home/robocats/Desktop/RobotCode2025/ros2_ws/build/cpp_subcontroller
