[0.019s] Invoking command in '/home/robocats/Desktop/RobotCode2025/ros2_ws/build/custom_interfaces': CMAKE_PREFIX_PATH=${CMAKE_PREFIX_PATH}:/home/robocats/Desktop/RobotCode2025/ros2_ws/install/py_sensors:/home/robocats/Desktop/RobotCode2025/ros2_ws/install/py_motors:/opt/ros/humble /usr/bin/cmake --build /home/robocats/Desktop/RobotCode2025/ros2_ws/build/custom_interfaces -- -j12 -l12
[0.160s] [  1%] Built target custom_interfaces__cpp
[0.165s] [ 12%] Built target custom_interfaces__rosidl_generator_c
[0.182s] [ 12%] Built target ament_cmake_python_copy_custom_interfaces
[0.204s] [ 34%] Built target custom_interfaces__rosidl_typesupport_introspection_cpp
[0.205s] [ 34%] Built target custom_interfaces__rosidl_typesupport_cpp
[0.207s] [ 52%] Built target custom_interfaces__rosidl_typesupport_c
[0.207s] [ 56%] Built target custom_interfaces__rosidl_typesupport_fastrtps_cpp
[0.209s] [ 67%] Built target custom_interfaces__rosidl_typesupport_introspection_c
[0.213s] [ 78%] Built target custom_interfaces__rosidl_typesupport_fastrtps_c
[0.258s] [ 78%] Built target custom_interfaces
[0.305s] [ 80%] Built target custom_interfaces__py
[0.349s] [ 89%] Built target custom_interfaces__rosidl_generator_py
[0.389s] [100%] Built target custom_interfaces__rosidl_typesupport_c__pyext
[0.390s] [100%] Built target custom_interfaces__rosidl_typesupport_fastrtps_c__pyext
[0.390s] [100%] Built target custom_interfaces__rosidl_typesupport_introspection_c__pyext
[0.594s] running egg_info
[0.594s] writing custom_interfaces.egg-info/PKG-INFO
[0.595s] writing dependency_links to custom_interfaces.egg-info/dependency_links.txt
[0.595s] writing top-level names to custom_interfaces.egg-info/top_level.txt
[0.599s] reading manifest file 'custom_interfaces.egg-info/SOURCES.txt'
[0.601s] writing manifest file 'custom_interfaces.egg-info/SOURCES.txt'
[0.672s] [100%] Built target ament_cmake_python_build_custom_interfaces_egg
[0.702s] Invoked command in '/home/robocats/Desktop/RobotCode2025/ros2_ws/build/custom_interfaces' returned '0': CMAKE_PREFIX_PATH=${CMAKE_PREFIX_PATH}:/home/robocats/Desktop/RobotCode2025/ros2_ws/install/py_sensors:/home/robocats/Desktop/RobotCode2025/ros2_ws/install/py_motors:/opt/ros/humble /usr/bin/cmake --build /home/robocats/Desktop/RobotCode2025/ros2_ws/build/custom_interfaces -- -j12 -l12
[0.726s] Invoking command in '/home/robocats/Desktop/RobotCode2025/ros2_ws/build/custom_interfaces': CMAKE_PREFIX_PATH=${CMAKE_PREFIX_PATH}:/home/robocats/Desktop/RobotCode2025/ros2_ws/install/py_sensors:/home/robocats/Desktop/RobotCode2025/ros2_ws/install/py_motors:/opt/ros/humble /usr/bin/cmake --install /home/robocats/Desktop/RobotCode2025/ros2_ws/build/custom_interfaces
[0.747s] -- Install configuration: ""
[0.747s] -- Up-to-date: /home/robocats/Desktop/RobotCode2025/ros2_ws/install/custom_interfaces/share/ament_index/resource_index/rosidl_interfaces/custom_interfaces
[0.747s] -- Up-to-date: /home/robocats/Desktop/RobotCode2025/ros2_ws/install/custom_interfaces/include/custom_interfaces/custom_interfaces
[0.747s] -- Up-to-date: /home/robocats/Desktop/RobotCode2025/ros2_ws/install/custom_interfaces/include/custom_interfaces/custom_interfaces/msg
[0.748s] -- Up-to-date: /home/robocats/Desktop/RobotCode2025/ros2_ws/install/custom_interfaces/include/custom_interfaces/custom_interfaces/msg/depth_report.h
[0.748s] -- Up-to-date: /home/robocats/Desktop/RobotCode2025/ros2_ws/install/custom_interfaces/include/custom_interfaces/custom_interfaces/msg/motor_command.h
[0.748s] -- Up-to-date: /home/robocats/Desktop/RobotCode2025/ros2_ws/install/custom_interfaces/include/custom_interfaces/custom_interfaces/msg/detail
[0.748s] -- Up-to-date: /home/robocats/Desktop/RobotCode2025/ros2_ws/install/custom_interfaces/include/custom_interfaces/custom_interfaces/msg/detail/motion_goal__functions.h
[0.748s] -- Up-to-date: /home/robocats/Desktop/RobotCode2025/ros2_ws/install/custom_interfaces/include/custom_interfaces/custom_interfaces/msg/detail/motor_command__functions.h
[0.748s] -- Up-to-date: /home/robocats/Desktop/RobotCode2025/ros2_ws/install/custom_interfaces/include/custom_interfaces/custom_interfaces/msg/detail/imu_data__functions.h
[0.749s] -- Up-to-date: /home/robocats/Desktop/RobotCode2025/ros2_ws/install/custom_interfaces/include/custom_interfaces/custom_interfaces/msg/detail/imu_data__struct.h
[0.749s] -- Up-to-date: /home/robocats/Desktop/RobotCode2025/ros2_ws/install/custom_interfaces/include/custom_interfaces/custom_interfaces/msg/detail/depth_report__functions.c
[0.749s] -- Up-to-date: /home/robocats/Desktop/RobotCode2025/ros2_ws/install/custom_interfaces/include/custom_interfaces/custom_interfaces/msg/detail/motion_goal__type_support.h
[0.749s] -- Up-to-date: /home/robocats/Desktop/RobotCode2025/ros2_ws/install/custom_interfaces/include/custom_interfaces/custom_interfaces/msg/detail/depth_report__struct.h
[0.749s] -- Up-to-date: /home/robocats/Desktop/RobotCode2025/ros2_ws/install/custom_interfaces/include/custom_interfaces/custom_interfaces/msg/detail/motion_goal__struct.h
[0.749s] -- Up-to-date: /home/robocats/Desktop/RobotCode2025/ros2_ws/install/custom_interfaces/include/custom_interfaces/custom_interfaces/msg/detail/motor_command__functions.c
[0.749s] -- Up-to-date: /home/robocats/Desktop/RobotCode2025/ros2_ws/install/custom_interfaces/include/custom_interfaces/custom_interfaces/msg/detail/motion_goal__functions.c
[0.749s] -- Up-to-date: /home/robocats/Desktop/RobotCode2025/ros2_ws/install/custom_interfaces/include/custom_interfaces/custom_interfaces/msg/detail/motor_command__struct.h
[0.750s] -- Up-to-date: /home/robocats/Desktop/RobotCode2025/ros2_ws/install/custom_interfaces/include/custom_interfaces/custom_interfaces/msg/detail/motor_command__type_support.h
[0.750s] -- Up-to-date: /home/robocats/Desktop/RobotCode2025/ros2_ws/install/custom_interfaces/include/custom_interfaces/custom_interfaces/msg/detail/depth_report__functions.h
[0.750s] -- Up-to-date: /home/robocats/Desktop/RobotCode2025/ros2_ws/install/custom_interfaces/include/custom_interfaces/custom_interfaces/msg/detail/imu_data__type_support.h
[0.750s] -- Up-to-date: /home/robocats/Desktop/RobotCode2025/ros2_ws/install/custom_interfaces/include/custom_interfaces/custom_interfaces/msg/detail/imu_data__functions.c
[0.750s] -- Up-to-date: /home/robocats/Desktop/RobotCode2025/ros2_ws/install/custom_interfaces/include/custom_interfaces/custom_interfaces/msg/detail/depth_report__type_support.h
[0.750s] -- Up-to-date: /home/robocats/Desktop/RobotCode2025/ros2_ws/install/custom_interfaces/include/custom_interfaces/custom_interfaces/msg/motion_goal.h
[0.750s] -- Up-to-date: /home/robocats/Desktop/RobotCode2025/ros2_ws/install/custom_interfaces/include/custom_interfaces/custom_interfaces/msg/imu_data.h
[0.751s] -- Up-to-date: /home/robocats/Desktop/RobotCode2025/ros2_ws/install/custom_interfaces/include/custom_interfaces/custom_interfaces/msg/rosidl_generator_c__visibility_control.h
[0.751s] -- Up-to-date: /home/robocats/Desktop/RobotCode2025/ros2_ws/install/custom_interfaces/share/custom_interfaces/environment/library_path.sh
[0.751s] -- Up-to-date: /home/robocats/Desktop/RobotCode2025/ros2_ws/install/custom_interfaces/share/custom_interfaces/environment/library_path.dsv
[0.751s] -- Up-to-date: /home/robocats/Desktop/RobotCode2025/ros2_ws/install/custom_interfaces/lib/libcustom_interfaces__rosidl_generator_c.so
[0.751s] -- Up-to-date: /home/robocats/Desktop/RobotCode2025/ros2_ws/install/custom_interfaces/include/custom_interfaces/custom_interfaces
[0.751s] -- Up-to-date: /home/robocats/Desktop/RobotCode2025/ros2_ws/install/custom_interfaces/include/custom_interfaces/custom_interfaces/msg
[0.751s] -- Up-to-date: /home/robocats/Desktop/RobotCode2025/ros2_ws/install/custom_interfaces/include/custom_interfaces/custom_interfaces/msg/detail
[0.751s] -- Up-to-date: /home/robocats/Desktop/RobotCode2025/ros2_ws/install/custom_interfaces/include/custom_interfaces/custom_interfaces/msg/detail/motion_goal__rosidl_typesupport_fastrtps_c.h
[0.752s] -- Up-to-date: /home/robocats/Desktop/RobotCode2025/ros2_ws/install/custom_interfaces/include/custom_interfaces/custom_interfaces/msg/detail/motor_command__rosidl_typesupport_fastrtps_c.h
[0.752s] -- Up-to-date: /home/robocats/Desktop/RobotCode2025/ros2_ws/install/custom_interfaces/include/custom_interfaces/custom_interfaces/msg/detail/depth_report__rosidl_typesupport_fastrtps_c.h
[0.753s] -- Up-to-date: /home/robocats/Desktop/RobotCode2025/ros2_ws/install/custom_interfaces/include/custom_interfaces/custom_interfaces/msg/detail/imu_data__rosidl_typesupport_fastrtps_c.h
[0.753s] -- Up-to-date: /home/robocats/Desktop/RobotCode2025/ros2_ws/install/custom_interfaces/include/custom_interfaces/custom_interfaces/msg/rosidl_typesupport_fastrtps_c__visibility_control.h
[0.753s] -- Up-to-date: /home/robocats/Desktop/RobotCode2025/ros2_ws/install/custom_interfaces/lib/libcustom_interfaces__rosidl_typesupport_fastrtps_c.so
[0.753s] -- Up-to-date: /home/robocats/Desktop/RobotCode2025/ros2_ws/install/custom_interfaces/include/custom_interfaces/custom_interfaces
[0.753s] -- Up-to-date: /home/robocats/Desktop/RobotCode2025/ros2_ws/install/custom_interfaces/include/custom_interfaces/custom_interfaces/msg
[0.753s] -- Up-to-date: /home/robocats/Desktop/RobotCode2025/ros2_ws/install/custom_interfaces/include/custom_interfaces/custom_interfaces/msg/detail
[0.753s] -- Up-to-date: /home/robocats/Desktop/RobotCode2025/ros2_ws/install/custom_interfaces/include/custom_interfaces/custom_interfaces/msg/detail/imu_data__type_support.hpp
[0.754s] -- Up-to-date: /home/robocats/Desktop/RobotCode2025/ros2_ws/install/custom_interfaces/include/custom_interfaces/custom_interfaces/msg/detail/motor_command__traits.hpp
[0.754s] -- Up-to-date: /home/robocats/Desktop/RobotCode2025/ros2_ws/install/custom_interfaces/include/custom_interfaces/custom_interfaces/msg/detail/motor_command__type_support.hpp
[0.754s] -- Up-to-date: /home/robocats/Desktop/RobotCode2025/ros2_ws/install/custom_interfaces/include/custom_interfaces/custom_interfaces/msg/detail/motion_goal__builder.hpp
[0.754s] -- Up-to-date: /home/robocats/Desktop/RobotCode2025/ros2_ws/install/custom_interfaces/include/custom_interfaces/custom_interfaces/msg/detail/motion_goal__type_support.hpp
[0.754s] -- Up-to-date: /home/robocats/Desktop/RobotCode2025/ros2_ws/install/custom_interfaces/include/custom_interfaces/custom_interfaces/msg/detail/depth_report__type_support.hpp
[0.754s] -- Up-to-date: /home/robocats/Desktop/RobotCode2025/ros2_ws/install/custom_interfaces/include/custom_interfaces/custom_interfaces/msg/detail/depth_report__struct.hpp
[0.754s] -- Up-to-date: /home/robocats/Desktop/RobotCode2025/ros2_ws/install/custom_interfaces/include/custom_interfaces/custom_interfaces/msg/detail/motor_command__struct.hpp
[0.755s] -- Up-to-date: /home/robocats/Desktop/RobotCode2025/ros2_ws/install/custom_interfaces/include/custom_interfaces/custom_interfaces/msg/detail/motion_goal__struct.hpp
[0.755s] -- Up-to-date: /home/robocats/Desktop/RobotCode2025/ros2_ws/install/custom_interfaces/include/custom_interfaces/custom_interfaces/msg/detail/depth_report__builder.hpp
[0.755s] -- Up-to-date: /home/robocats/Desktop/RobotCode2025/ros2_ws/install/custom_interfaces/include/custom_interfaces/custom_interfaces/msg/detail/imu_data__struct.hpp
[0.755s] -- Up-to-date: /home/robocats/Desktop/RobotCode2025/ros2_ws/install/custom_interfaces/include/custom_interfaces/custom_interfaces/msg/detail/motor_command__builder.hpp
[0.755s] -- Up-to-date: /home/robocats/Desktop/RobotCode2025/ros2_ws/install/custom_interfaces/include/custom_interfaces/custom_interfaces/msg/detail/depth_report__traits.hpp
[0.755s] -- Up-to-date: /home/robocats/Desktop/RobotCode2025/ros2_ws/install/custom_interfaces/include/custom_interfaces/custom_interfaces/msg/detail/motion_goal__traits.hpp
[0.755s] -- Up-to-date: /home/robocats/Desktop/RobotCode2025/ros2_ws/install/custom_interfaces/include/custom_interfaces/custom_interfaces/msg/detail/imu_data__builder.hpp
[0.755s] -- Up-to-date: /home/robocats/Desktop/RobotCode2025/ros2_ws/install/custom_interfaces/include/custom_interfaces/custom_interfaces/msg/detail/imu_data__traits.hpp
[0.755s] -- Up-to-date: /home/robocats/Desktop/RobotCode2025/ros2_ws/install/custom_interfaces/include/custom_interfaces/custom_interfaces/msg/rosidl_generator_cpp__visibility_control.hpp
[0.756s] -- Up-to-date: /home/robocats/Desktop/RobotCode2025/ros2_ws/install/custom_interfaces/include/custom_interfaces/custom_interfaces/msg/motion_goal.hpp
[0.756s] -- Up-to-date: /home/robocats/Desktop/RobotCode2025/ros2_ws/install/custom_interfaces/include/custom_interfaces/custom_interfaces/msg/depth_report.hpp
[0.756s] -- Up-to-date: /home/robocats/Desktop/RobotCode2025/ros2_ws/install/custom_interfaces/include/custom_interfaces/custom_interfaces/msg/imu_data.hpp
[0.756s] -- Up-to-date: /home/robocats/Desktop/RobotCode2025/ros2_ws/install/custom_interfaces/include/custom_interfaces/custom_interfaces/msg/motor_command.hpp
[0.756s] -- Up-to-date: /home/robocats/Desktop/RobotCode2025/ros2_ws/install/custom_interfaces/include/custom_interfaces/custom_interfaces
[0.756s] -- Up-to-date: /home/robocats/Desktop/RobotCode2025/ros2_ws/install/custom_interfaces/include/custom_interfaces/custom_interfaces/msg
[0.756s] -- Up-to-date: /home/robocats/Desktop/RobotCode2025/ros2_ws/install/custom_interfaces/include/custom_interfaces/custom_interfaces/msg/detail
[0.757s] -- Up-to-date: /home/robocats/Desktop/RobotCode2025/ros2_ws/install/custom_interfaces/include/custom_interfaces/custom_interfaces/msg/detail/imu_data__rosidl_typesupport_fastrtps_cpp.hpp
[0.757s] -- Up-to-date: /home/robocats/Desktop/RobotCode2025/ros2_ws/install/custom_interfaces/include/custom_interfaces/custom_interfaces/msg/detail/depth_report__rosidl_typesupport_fastrtps_cpp.hpp
[0.757s] -- Up-to-date: /home/robocats/Desktop/RobotCode2025/ros2_ws/install/custom_interfaces/include/custom_interfaces/custom_interfaces/msg/detail/dds_fastrtps
[0.757s] -- Up-to-date: /home/robocats/Desktop/RobotCode2025/ros2_ws/install/custom_interfaces/include/custom_interfaces/custom_interfaces/msg/detail/motor_command__rosidl_typesupport_fastrtps_cpp.hpp
[0.757s] -- Up-to-date: /home/robocats/Desktop/RobotCode2025/ros2_ws/install/custom_interfaces/include/custom_interfaces/custom_interfaces/msg/detail/motion_goal__rosidl_typesupport_fastrtps_cpp.hpp
[0.757s] -- Up-to-date: /home/robocats/Desktop/RobotCode2025/ros2_ws/install/custom_interfaces/include/custom_interfaces/custom_interfaces/msg/rosidl_typesupport_fastrtps_cpp__visibility_control.h
[0.757s] -- Up-to-date: /home/robocats/Desktop/RobotCode2025/ros2_ws/install/custom_interfaces/lib/libcustom_interfaces__rosidl_typesupport_fastrtps_cpp.so
[0.758s] -- Up-to-date: /home/robocats/Desktop/RobotCode2025/ros2_ws/install/custom_interfaces/include/custom_interfaces/custom_interfaces
[0.758s] -- Up-to-date: /home/robocats/Desktop/RobotCode2025/ros2_ws/install/custom_interfaces/include/custom_interfaces/custom_interfaces/msg
[0.758s] -- Up-to-date: /home/robocats/Desktop/RobotCode2025/ros2_ws/install/custom_interfaces/include/custom_interfaces/custom_interfaces/msg/detail
[0.758s] -- Up-to-date: /home/robocats/Desktop/RobotCode2025/ros2_ws/install/custom_interfaces/include/custom_interfaces/custom_interfaces/msg/detail/motion_goal__type_support.c
[0.758s] -- Up-to-date: /home/robocats/Desktop/RobotCode2025/ros2_ws/install/custom_interfaces/include/custom_interfaces/custom_interfaces/msg/detail/motion_goal__rosidl_typesupport_introspection_c.h
[0.758s] -- Up-to-date: /home/robocats/Desktop/RobotCode2025/ros2_ws/install/custom_interfaces/include/custom_interfaces/custom_interfaces/msg/detail/imu_data__rosidl_typesupport_introspection_c.h
[0.758s] -- Up-to-date: /home/robocats/Desktop/RobotCode2025/ros2_ws/install/custom_interfaces/include/custom_interfaces/custom_interfaces/msg/detail/motor_command__rosidl_typesupport_introspection_c.h
[0.758s] -- Up-to-date: /home/robocats/Desktop/RobotCode2025/ros2_ws/install/custom_interfaces/include/custom_interfaces/custom_interfaces/msg/detail/motor_command__type_support.c
[0.758s] -- Up-to-date: /home/robocats/Desktop/RobotCode2025/ros2_ws/install/custom_interfaces/include/custom_interfaces/custom_interfaces/msg/detail/imu_data__type_support.c
[0.759s] -- Up-to-date: /home/robocats/Desktop/RobotCode2025/ros2_ws/install/custom_interfaces/include/custom_interfaces/custom_interfaces/msg/detail/depth_report__rosidl_typesupport_introspection_c.h
[0.759s] -- Up-to-date: /home/robocats/Desktop/RobotCode2025/ros2_ws/install/custom_interfaces/include/custom_interfaces/custom_interfaces/msg/detail/depth_report__type_support.c
[0.759s] -- Up-to-date: /home/robocats/Desktop/RobotCode2025/ros2_ws/install/custom_interfaces/include/custom_interfaces/custom_interfaces/msg/rosidl_typesupport_introspection_c__visibility_control.h
[0.759s] -- Up-to-date: /home/robocats/Desktop/RobotCode2025/ros2_ws/install/custom_interfaces/lib/libcustom_interfaces__rosidl_typesupport_introspection_c.so
[0.759s] -- Up-to-date: /home/robocats/Desktop/RobotCode2025/ros2_ws/install/custom_interfaces/lib/libcustom_interfaces__rosidl_typesupport_c.so
[0.759s] -- Up-to-date: /home/robocats/Desktop/RobotCode2025/ros2_ws/install/custom_interfaces/include/custom_interfaces/custom_interfaces
[0.759s] -- Up-to-date: /home/robocats/Desktop/RobotCode2025/ros2_ws/install/custom_interfaces/include/custom_interfaces/custom_interfaces/msg
[0.760s] -- Up-to-date: /home/robocats/Desktop/RobotCode2025/ros2_ws/install/custom_interfaces/include/custom_interfaces/custom_interfaces/msg/detail
[0.760s] -- Up-to-date: /home/robocats/Desktop/RobotCode2025/ros2_ws/install/custom_interfaces/include/custom_interfaces/custom_interfaces/msg/detail/depth_report__rosidl_typesupport_introspection_cpp.hpp
[0.760s] -- Up-to-date: /home/robocats/Desktop/RobotCode2025/ros2_ws/install/custom_interfaces/include/custom_interfaces/custom_interfaces/msg/detail/imu_data__type_support.cpp
[0.760s] -- Up-to-date: /home/robocats/Desktop/RobotCode2025/ros2_ws/install/custom_interfaces/include/custom_interfaces/custom_interfaces/msg/detail/motor_command__type_support.cpp
[0.760s] -- Up-to-date: /home/robocats/Desktop/RobotCode2025/ros2_ws/install/custom_interfaces/include/custom_interfaces/custom_interfaces/msg/detail/depth_report__type_support.cpp
[0.760s] -- Up-to-date: /home/robocats/Desktop/RobotCode2025/ros2_ws/install/custom_interfaces/include/custom_interfaces/custom_interfaces/msg/detail/motion_goal__rosidl_typesupport_introspection_cpp.hpp
[0.761s] -- Up-to-date: /home/robocats/Desktop/RobotCode2025/ros2_ws/install/custom_interfaces/include/custom_interfaces/custom_interfaces/msg/detail/motion_goal__type_support.cpp
[0.761s] -- Up-to-date: /home/robocats/Desktop/RobotCode2025/ros2_ws/install/custom_interfaces/include/custom_interfaces/custom_interfaces/msg/detail/imu_data__rosidl_typesupport_introspection_cpp.hpp
[0.761s] -- Up-to-date: /home/robocats/Desktop/RobotCode2025/ros2_ws/install/custom_interfaces/include/custom_interfaces/custom_interfaces/msg/detail/motor_command__rosidl_typesupport_introspection_cpp.hpp
[0.761s] -- Up-to-date: /home/robocats/Desktop/RobotCode2025/ros2_ws/install/custom_interfaces/lib/libcustom_interfaces__rosidl_typesupport_introspection_cpp.so
[0.761s] -- Up-to-date: /home/robocats/Desktop/RobotCode2025/ros2_ws/install/custom_interfaces/lib/libcustom_interfaces__rosidl_typesupport_cpp.so
[0.761s] -- Up-to-date: /home/robocats/Desktop/RobotCode2025/ros2_ws/install/custom_interfaces/share/custom_interfaces/environment/pythonpath.sh
[0.761s] -- Up-to-date: /home/robocats/Desktop/RobotCode2025/ros2_ws/install/custom_interfaces/share/custom_interfaces/environment/pythonpath.dsv
[0.761s] -- Up-to-date: /home/robocats/Desktop/RobotCode2025/ros2_ws/install/custom_interfaces/local/lib/python3.10/dist-packages/custom_interfaces-0.0.0-py3.10.egg-info
[0.762s] -- Installing: /home/robocats/Desktop/RobotCode2025/ros2_ws/install/custom_interfaces/local/lib/python3.10/dist-packages/custom_interfaces-0.0.0-py3.10.egg-info/SOURCES.txt
[0.762s] -- Installing: /home/robocats/Desktop/RobotCode2025/ros2_ws/install/custom_interfaces/local/lib/python3.10/dist-packages/custom_interfaces-0.0.0-py3.10.egg-info/top_level.txt
[0.762s] -- Installing: /home/robocats/Desktop/RobotCode2025/ros2_ws/install/custom_interfaces/local/lib/python3.10/dist-packages/custom_interfaces-0.0.0-py3.10.egg-info/dependency_links.txt
[0.762s] -- Installing: /home/robocats/Desktop/RobotCode2025/ros2_ws/install/custom_interfaces/local/lib/python3.10/dist-packages/custom_interfaces-0.0.0-py3.10.egg-info/PKG-INFO
[0.762s] -- Up-to-date: /home/robocats/Desktop/RobotCode2025/ros2_ws/install/custom_interfaces/local/lib/python3.10/dist-packages/custom_interfaces
[0.762s] -- Up-to-date: /home/robocats/Desktop/RobotCode2025/ros2_ws/install/custom_interfaces/local/lib/python3.10/dist-packages/custom_interfaces/custom_interfaces_s__rosidl_typesupport_introspection_c.cpython-310-aarch64-linux-gnu.so
[0.762s] -- Up-to-date: /home/robocats/Desktop/RobotCode2025/ros2_ws/install/custom_interfaces/local/lib/python3.10/dist-packages/custom_interfaces/_custom_interfaces_s.ep.rosidl_typesupport_introspection_c.c
[0.762s] -- Up-to-date: /home/robocats/Desktop/RobotCode2025/ros2_ws/install/custom_interfaces/local/lib/python3.10/dist-packages/custom_interfaces/_custom_interfaces_s.ep.rosidl_typesupport_fastrtps_c.c
[0.762s] -- Up-to-date: /home/robocats/Desktop/RobotCode2025/ros2_ws/install/custom_interfaces/local/lib/python3.10/dist-packages/custom_interfaces/_custom_interfaces_s.ep.rosidl_typesupport_c.c
[0.763s] -- Up-to-date: /home/robocats/Desktop/RobotCode2025/ros2_ws/install/custom_interfaces/local/lib/python3.10/dist-packages/custom_interfaces/msg
[0.763s] -- Up-to-date: /home/robocats/Desktop/RobotCode2025/ros2_ws/install/custom_interfaces/local/lib/python3.10/dist-packages/custom_interfaces/msg/_imu_data_s.c
[0.763s] -- Up-to-date: /home/robocats/Desktop/RobotCode2025/ros2_ws/install/custom_interfaces/local/lib/python3.10/dist-packages/custom_interfaces/msg/_motion_goal_s.c
[0.763s] -- Up-to-date: /home/robocats/Desktop/RobotCode2025/ros2_ws/install/custom_interfaces/local/lib/python3.10/dist-packages/custom_interfaces/msg/_imu_data.py
[0.763s] -- Up-to-date: /home/robocats/Desktop/RobotCode2025/ros2_ws/install/custom_interfaces/local/lib/python3.10/dist-packages/custom_interfaces/msg/_motor_command.py
[0.763s] -- Up-to-date: /home/robocats/Desktop/RobotCode2025/ros2_ws/install/custom_interfaces/local/lib/python3.10/dist-packages/custom_interfaces/msg/_motion_goal.py
[0.763s] -- Up-to-date: /home/robocats/Desktop/RobotCode2025/ros2_ws/install/custom_interfaces/local/lib/python3.10/dist-packages/custom_interfaces/msg/_depth_report.py
[0.763s] -- Up-to-date: /home/robocats/Desktop/RobotCode2025/ros2_ws/install/custom_interfaces/local/lib/python3.10/dist-packages/custom_interfaces/msg/_motor_command_s.c
[0.763s] -- Up-to-date: /home/robocats/Desktop/RobotCode2025/ros2_ws/install/custom_interfaces/local/lib/python3.10/dist-packages/custom_interfaces/msg/__init__.py
[0.764s] -- Up-to-date: /home/robocats/Desktop/RobotCode2025/ros2_ws/install/custom_interfaces/local/lib/python3.10/dist-packages/custom_interfaces/msg/_depth_report_s.c
[0.764s] -- Up-to-date: /home/robocats/Desktop/RobotCode2025/ros2_ws/install/custom_interfaces/local/lib/python3.10/dist-packages/custom_interfaces/custom_interfaces_s__rosidl_typesupport_fastrtps_c.cpython-310-aarch64-linux-gnu.so
[0.764s] -- Up-to-date: /home/robocats/Desktop/RobotCode2025/ros2_ws/install/custom_interfaces/local/lib/python3.10/dist-packages/custom_interfaces/__init__.py
[0.764s] -- Up-to-date: /home/robocats/Desktop/RobotCode2025/ros2_ws/install/custom_interfaces/local/lib/python3.10/dist-packages/custom_interfaces/custom_interfaces_s__rosidl_typesupport_c.cpython-310-aarch64-linux-gnu.so
[0.764s] -- Up-to-date: /home/robocats/Desktop/RobotCode2025/ros2_ws/install/custom_interfaces/local/lib/python3.10/dist-packages/custom_interfaces/libcustom_interfaces__rosidl_generator_py.so
[0.827s] Listing '/home/robocats/Desktop/RobotCode2025/ros2_ws/install/custom_interfaces/local/lib/python3.10/dist-packages/custom_interfaces'...
[0.827s] Listing '/home/robocats/Desktop/RobotCode2025/ros2_ws/install/custom_interfaces/local/lib/python3.10/dist-packages/custom_interfaces/msg'...
[0.838s] -- Up-to-date: /home/robocats/Desktop/RobotCode2025/ros2_ws/install/custom_interfaces/local/lib/python3.10/dist-packages/custom_interfaces/custom_interfaces_s__rosidl_typesupport_fastrtps_c.cpython-310-aarch64-linux-gnu.so
[0.839s] -- Up-to-date: /home/robocats/Desktop/RobotCode2025/ros2_ws/install/custom_interfaces/local/lib/python3.10/dist-packages/custom_interfaces/custom_interfaces_s__rosidl_typesupport_introspection_c.cpython-310-aarch64-linux-gnu.so
[0.839s] -- Up-to-date: /home/robocats/Desktop/RobotCode2025/ros2_ws/install/custom_interfaces/local/lib/python3.10/dist-packages/custom_interfaces/custom_interfaces_s__rosidl_typesupport_c.cpython-310-aarch64-linux-gnu.so
[0.840s] -- Up-to-date: /home/robocats/Desktop/RobotCode2025/ros2_ws/install/custom_interfaces/lib/libcustom_interfaces__rosidl_generator_py.so
[0.840s] -- Up-to-date: /home/robocats/Desktop/RobotCode2025/ros2_ws/install/custom_interfaces/share/custom_interfaces/msg/ImuData.idl
[0.841s] -- Up-to-date: /home/robocats/Desktop/RobotCode2025/ros2_ws/install/custom_interfaces/share/custom_interfaces/msg/DepthReport.idl
[0.841s] -- Up-to-date: /home/robocats/Desktop/RobotCode2025/ros2_ws/install/custom_interfaces/share/custom_interfaces/msg/MotionGoal.idl
[0.841s] -- Up-to-date: /home/robocats/Desktop/RobotCode2025/ros2_ws/install/custom_interfaces/share/custom_interfaces/msg/MotorCommand.idl
[0.842s] -- Up-to-date: /home/robocats/Desktop/RobotCode2025/ros2_ws/install/custom_interfaces/share/custom_interfaces/msg/ImuData.msg
[0.842s] -- Up-to-date: /home/robocats/Desktop/RobotCode2025/ros2_ws/install/custom_interfaces/share/custom_interfaces/msg/DepthReport.msg
[0.842s] -- Up-to-date: /home/robocats/Desktop/RobotCode2025/ros2_ws/install/custom_interfaces/share/custom_interfaces/msg/MotionGoal.msg
[0.843s] -- Up-to-date: /home/robocats/Desktop/RobotCode2025/ros2_ws/install/custom_interfaces/share/custom_interfaces/msg/MotorCommand.msg
[0.843s] -- Up-to-date: /home/robocats/Desktop/RobotCode2025/ros2_ws/install/custom_interfaces/share/ament_index/resource_index/package_run_dependencies/custom_interfaces
[0.843s] -- Up-to-date: /home/robocats/Desktop/RobotCode2025/ros2_ws/install/custom_interfaces/share/ament_index/resource_index/parent_prefix_path/custom_interfaces
[0.843s] -- Up-to-date: /home/robocats/Desktop/RobotCode2025/ros2_ws/install/custom_interfaces/share/custom_interfaces/environment/ament_prefix_path.sh
[0.844s] -- Up-to-date: /home/robocats/Desktop/RobotCode2025/ros2_ws/install/custom_interfaces/share/custom_interfaces/environment/ament_prefix_path.dsv
[0.844s] -- Up-to-date: /home/robocats/Desktop/RobotCode2025/ros2_ws/install/custom_interfaces/share/custom_interfaces/environment/path.sh
[0.844s] -- Up-to-date: /home/robocats/Desktop/RobotCode2025/ros2_ws/install/custom_interfaces/share/custom_interfaces/environment/path.dsv
[0.845s] -- Up-to-date: /home/robocats/Desktop/RobotCode2025/ros2_ws/install/custom_interfaces/share/custom_interfaces/local_setup.bash
[0.845s] -- Up-to-date: /home/robocats/Desktop/RobotCode2025/ros2_ws/install/custom_interfaces/share/custom_interfaces/local_setup.sh
[0.845s] -- Up-to-date: /home/robocats/Desktop/RobotCode2025/ros2_ws/install/custom_interfaces/share/custom_interfaces/local_setup.zsh
[0.845s] -- Up-to-date: /home/robocats/Desktop/RobotCode2025/ros2_ws/install/custom_interfaces/share/custom_interfaces/local_setup.dsv
[0.846s] -- Installing: /home/robocats/Desktop/RobotCode2025/ros2_ws/install/custom_interfaces/share/custom_interfaces/package.dsv
[0.846s] -- Up-to-date: /home/robocats/Desktop/RobotCode2025/ros2_ws/install/custom_interfaces/share/ament_index/resource_index/packages/custom_interfaces
[0.846s] -- Up-to-date: /home/robocats/Desktop/RobotCode2025/ros2_ws/install/custom_interfaces/share/custom_interfaces/cmake/export_custom_interfaces__rosidl_generator_cExport.cmake
[0.846s] -- Up-to-date: /home/robocats/Desktop/RobotCode2025/ros2_ws/install/custom_interfaces/share/custom_interfaces/cmake/export_custom_interfaces__rosidl_generator_cExport-noconfig.cmake
[0.847s] -- Up-to-date: /home/robocats/Desktop/RobotCode2025/ros2_ws/install/custom_interfaces/share/custom_interfaces/cmake/export_custom_interfaces__rosidl_typesupport_fastrtps_cExport.cmake
[0.847s] -- Up-to-date: /home/robocats/Desktop/RobotCode2025/ros2_ws/install/custom_interfaces/share/custom_interfaces/cmake/export_custom_interfaces__rosidl_typesupport_fastrtps_cExport-noconfig.cmake
[0.847s] -- Up-to-date: /home/robocats/Desktop/RobotCode2025/ros2_ws/install/custom_interfaces/share/custom_interfaces/cmake/export_custom_interfaces__rosidl_generator_cppExport.cmake
[0.848s] -- Up-to-date: /home/robocats/Desktop/RobotCode2025/ros2_ws/install/custom_interfaces/share/custom_interfaces/cmake/export_custom_interfaces__rosidl_typesupport_fastrtps_cppExport.cmake
[0.848s] -- Up-to-date: /home/robocats/Desktop/RobotCode2025/ros2_ws/install/custom_interfaces/share/custom_interfaces/cmake/export_custom_interfaces__rosidl_typesupport_fastrtps_cppExport-noconfig.cmake
[0.849s] -- Up-to-date: /home/robocats/Desktop/RobotCode2025/ros2_ws/install/custom_interfaces/share/custom_interfaces/cmake/custom_interfaces__rosidl_typesupport_introspection_cExport.cmake
[0.849s] -- Up-to-date: /home/robocats/Desktop/RobotCode2025/ros2_ws/install/custom_interfaces/share/custom_interfaces/cmake/custom_interfaces__rosidl_typesupport_introspection_cExport-noconfig.cmake
[0.850s] -- Up-to-date: /home/robocats/Desktop/RobotCode2025/ros2_ws/install/custom_interfaces/share/custom_interfaces/cmake/custom_interfaces__rosidl_typesupport_cExport.cmake
[0.850s] -- Up-to-date: /home/robocats/Desktop/RobotCode2025/ros2_ws/install/custom_interfaces/share/custom_interfaces/cmake/custom_interfaces__rosidl_typesupport_cExport-noconfig.cmake
[0.851s] -- Up-to-date: /home/robocats/Desktop/RobotCode2025/ros2_ws/install/custom_interfaces/share/custom_interfaces/cmake/custom_interfaces__rosidl_typesupport_introspection_cppExport.cmake
[0.851s] -- Up-to-date: /home/robocats/Desktop/RobotCode2025/ros2_ws/install/custom_interfaces/share/custom_interfaces/cmake/custom_interfaces__rosidl_typesupport_introspection_cppExport-noconfig.cmake
[0.852s] -- Up-to-date: /home/robocats/Desktop/RobotCode2025/ros2_ws/install/custom_interfaces/share/custom_interfaces/cmake/custom_interfaces__rosidl_typesupport_cppExport.cmake
[0.852s] -- Up-to-date: /home/robocats/Desktop/RobotCode2025/ros2_ws/install/custom_interfaces/share/custom_interfaces/cmake/custom_interfaces__rosidl_typesupport_cppExport-noconfig.cmake
[0.853s] -- Up-to-date: /home/robocats/Desktop/RobotCode2025/ros2_ws/install/custom_interfaces/share/custom_interfaces/cmake/export_custom_interfaces__rosidl_generator_pyExport.cmake
[0.853s] -- Up-to-date: /home/robocats/Desktop/RobotCode2025/ros2_ws/install/custom_interfaces/share/custom_interfaces/cmake/export_custom_interfaces__rosidl_generator_pyExport-noconfig.cmake
[0.854s] -- Up-to-date: /home/robocats/Desktop/RobotCode2025/ros2_ws/install/custom_interfaces/share/custom_interfaces/cmake/rosidl_cmake-extras.cmake
[0.854s] -- Up-to-date: /home/robocats/Desktop/RobotCode2025/ros2_ws/install/custom_interfaces/share/custom_interfaces/cmake/ament_cmake_export_dependencies-extras.cmake
[0.854s] -- Up-to-date: /home/robocats/Desktop/RobotCode2025/ros2_ws/install/custom_interfaces/share/custom_interfaces/cmake/ament_cmake_export_include_directories-extras.cmake
[0.855s] -- Up-to-date: /home/robocats/Desktop/RobotCode2025/ros2_ws/install/custom_interfaces/share/custom_interfaces/cmake/ament_cmake_export_libraries-extras.cmake
[0.855s] -- Up-to-date: /home/robocats/Desktop/RobotCode2025/ros2_ws/install/custom_interfaces/share/custom_interfaces/cmake/ament_cmake_export_targets-extras.cmake
[0.855s] -- Up-to-date: /home/robocats/Desktop/RobotCode2025/ros2_ws/install/custom_interfaces/share/custom_interfaces/cmake/rosidl_cmake_export_typesupport_targets-extras.cmake
[0.855s] -- Up-to-date: /home/robocats/Desktop/RobotCode2025/ros2_ws/install/custom_interfaces/share/custom_interfaces/cmake/rosidl_cmake_export_typesupport_libraries-extras.cmake
[0.856s] -- Up-to-date: /home/robocats/Desktop/RobotCode2025/ros2_ws/install/custom_interfaces/share/custom_interfaces/cmake/custom_interfacesConfig.cmake
[0.856s] -- Up-to-date: /home/robocats/Desktop/RobotCode2025/ros2_ws/install/custom_interfaces/share/custom_interfaces/cmake/custom_interfacesConfig-version.cmake
[0.856s] -- Up-to-date: /home/robocats/Desktop/RobotCode2025/ros2_ws/install/custom_interfaces/share/custom_interfaces/package.xml
[0.862s] Invoked command in '/home/robocats/Desktop/RobotCode2025/ros2_ws/build/custom_interfaces' returned '0': CMAKE_PREFIX_PATH=${CMAKE_PREFIX_PATH}:/home/robocats/Desktop/RobotCode2025/ros2_ws/install/py_sensors:/home/robocats/Desktop/RobotCode2025/ros2_ws/install/py_motors:/opt/ros/humble /usr/bin/cmake --install /home/robocats/Desktop/RobotCode2025/ros2_ws/build/custom_interfaces
