[0.027s] Invoking command in '/home/robocatsorin/Desktop/RobotCode2025/ros2_ws/build/custom_interfaces': CMAKE_PREFIX_PATH=${CMAKE_PREFIX_PATH}:/home/robocatsorin/Desktop/RobotCode2025/ros2_ws/install/py_sensors:/home/robocatsorin/Desktop/RobotCode2025/ros2_ws/install/py_objectdetection:/home/robocatsorin/Desktop/RobotCode2025/ros2_ws/install/py_motors:/opt/ros/humble /usr/bin/cmake --build /home/robocatsorin/Desktop/RobotCode2025/ros2_ws/build/custom_interfaces -- -j8 -l8
[0.077s] -- Found ament_cmake: 1.3.11 (/opt/ros/humble/share/ament_cmake/cmake)
[0.344s] -- Found geometry_msgs: 4.8.0 (/opt/ros/humble/share/geometry_msgs/cmake)
[0.386s] -- Found rosidl_generator_c: 3.1.6 (/opt/ros/humble/share/rosidl_generator_c/cmake)
[0.389s] -- Found rosidl_adapter: 3.1.6 (/opt/ros/humble/share/rosidl_adapter/cmake)
[0.399s] -- Found rosidl_generator_cpp: 3.1.6 (/opt/ros/humble/share/rosidl_generator_cpp/cmake)
[0.416s] -- Using all available rosidl_typesupport_c: rosidl_typesupport_fastrtps_c;rosidl_typesupport_introspection_c
[0.442s] -- Using all available rosidl_typesupport_cpp: rosidl_typesupport_fastrtps_cpp;rosidl_typesupport_introspection_cpp
[0.500s] -- Found sensor_msgs: 4.8.0 (/opt/ros/humble/share/sensor_msgs/cmake)
[0.525s] -- Found rosidl_default_generators: 1.2.0 (/opt/ros/humble/share/rosidl_default_generators/cmake)
[1.242s] -- Found ament_cmake_ros: 0.10.0 (/opt/ros/humble/share/ament_cmake_ros/cmake)
[2.212s] -- Using all available rosidl_typesupport_c: rosidl_typesupport_fastrtps_c;rosidl_typesupport_introspection_c
[2.600s] -- Using all available rosidl_typesupport_cpp: rosidl_typesupport_fastrtps_cpp;rosidl_typesupport_introspection_cpp
[2.648s] -- Found python_cmake_module: 0.10.0 (/opt/ros/humble/share/python_cmake_module/cmake)
[2.697s] -- Using PYTHON_EXECUTABLE: /usr/bin/python3
[2.697s] -- Using PYTHON_INCLUDE_DIRS: /usr/include/python3.10
[2.698s] -- Using PYTHON_LIBRARIES: /usr/lib/aarch64-linux-gnu/libpython3.10.so
[2.836s] -- Configuring done
[2.938s] -- Generating done
[2.967s] -- Build files have been written to: /home/robocatsorin/Desktop/RobotCode2025/ros2_ws/build/custom_interfaces
[3.031s] [  1%] [34m[1mGenerating C code for ROS interfaces[0m
[3.055s] [  2%] [34m[1mGenerating C++ code for ROS interfaces[0m
[3.076s] [  2%] Built target ament_cmake_python_copy_custom_interfaces
[3.555s] running egg_info
[3.557s] writing custom_interfaces.egg-info/PKG-INFO
[3.557s] writing dependency_links to custom_interfaces.egg-info/dependency_links.txt
[3.558s] writing top-level names to custom_interfaces.egg-info/top_level.txt
[3.565s] reading manifest file 'custom_interfaces.egg-info/SOURCES.txt'
[3.566s] writing manifest file 'custom_interfaces.egg-info/SOURCES.txt'
[3.636s] [  2%] Built target ament_cmake_python_build_custom_interfaces_egg
[4.681s] [  2%] Built target custom_interfaces__cpp
[4.701s] [  3%] [34m[1mGenerating C++ type support dispatch for ROS interfaces[0m
[4.705s] [  4%] [34m[1mGenerating C++ type support for eProsima Fast-RTPS[0m
[4.706s] [  5%] [34m[1mGenerating C++ introspection for ROS interfaces[0m
[4.719s] [35m[1mConsolidate compiler generated dependencies of target custom_interfaces__rosidl_generator_c[0m
[4.747s] [  8%] [32mBuilding C object CMakeFiles/custom_interfaces__rosidl_generator_c.dir/rosidl_generator_c/custom_interfaces/msg/detail/imu_data__functions.c.o[0m
[4.749s] [ 10%] [32mBuilding C object CMakeFiles/custom_interfaces__rosidl_generator_c.dir/rosidl_generator_c/custom_interfaces/msg/detail/motion_goal__functions.c.o[0m
[4.751s] [ 11%] [32mBuilding C object CMakeFiles/custom_interfaces__rosidl_generator_c.dir/rosidl_generator_c/custom_interfaces/msg/detail/motor_command__functions.c.o[0m
[4.751s] [ 11%] [32mBuilding C object CMakeFiles/custom_interfaces__rosidl_generator_c.dir/rosidl_generator_c/custom_interfaces/msg/detail/bounding_box__functions.c.o[0m
[4.751s] [ 11%] [32mBuilding C object CMakeFiles/custom_interfaces__rosidl_generator_c.dir/rosidl_generator_c/custom_interfaces/msg/detail/depth_report__functions.c.o[0m
[4.854s] [ 14%] [32mBuilding C object CMakeFiles/custom_interfaces__rosidl_generator_c.dir/rosidl_generator_c/custom_interfaces/msg/detail/detection_buffer__functions.c.o[0m
[4.854s] [ 14%] [32mBuilding C object CMakeFiles/custom_interfaces__rosidl_generator_c.dir/rosidl_generator_c/custom_interfaces/srv/detail/detection_service__functions.c.o[0m
[4.854s] [ 14%] [32mBuilding C object CMakeFiles/custom_interfaces__rosidl_generator_c.dir/rosidl_generator_c/custom_interfaces/action/detail/detection_action__functions.c.o[0m
[5.115s] [ 16%] [32m[1mLinking C shared library libcustom_interfaces__rosidl_generator_c.so[0m
[5.185s] [ 16%] Built target custom_interfaces__rosidl_generator_c
[5.206s] [ 19%] [34m[1mGenerating C introspection for ROS interfaces[0m
[5.206s] [ 19%] [34m[1mGenerating C type support dispatch for ROS interfaces[0m
[5.207s] [ 19%] [34m[1mGenerating C type support for eProsima Fast-RTPS[0m
[5.715s] [35m[1mConsolidate compiler generated dependencies of target custom_interfaces__rosidl_typesupport_cpp[0m
[5.751s] [ 20%] [32mBuilding CXX object CMakeFiles/custom_interfaces__rosidl_typesupport_cpp.dir/rosidl_typesupport_cpp/custom_interfaces/msg/motion_goal__type_support.cpp.o[0m
[5.774s] [ 21%] [32mBuilding CXX object CMakeFiles/custom_interfaces__rosidl_typesupport_cpp.dir/rosidl_typesupport_cpp/custom_interfaces/msg/depth_report__type_support.cpp.o[0m
[5.791s] [ 22%] [32mBuilding CXX object CMakeFiles/custom_interfaces__rosidl_typesupport_cpp.dir/rosidl_typesupport_cpp/custom_interfaces/msg/imu_data__type_support.cpp.o[0m
[6.294s] [35m[1mConsolidate compiler generated dependencies of target custom_interfaces__rosidl_typesupport_introspection_cpp[0m
[6.346s] [ 24%] [32mBuilding CXX object CMakeFiles/custom_interfaces__rosidl_typesupport_introspection_cpp.dir/rosidl_typesupport_introspection_cpp/custom_interfaces/msg/detail/imu_data__type_support.cpp.o[0m
[6.356s] [35m[1mConsolidate compiler generated dependencies of target custom_interfaces__rosidl_typesupport_c[0m
[6.428s] [ 25%] [32mBuilding CXX object CMakeFiles/custom_interfaces__rosidl_typesupport_c.dir/rosidl_typesupport_c/custom_interfaces/msg/imu_data__type_support.cpp.o[0m
[6.430s] [ 26%] [32mBuilding CXX object CMakeFiles/custom_interfaces__rosidl_typesupport_cpp.dir/rosidl_typesupport_cpp/custom_interfaces/msg/motor_command__type_support.cpp.o[0m
[6.458s] [ 27%] [32mBuilding CXX object CMakeFiles/custom_interfaces__rosidl_typesupport_cpp.dir/rosidl_typesupport_cpp/custom_interfaces/msg/bounding_box__type_support.cpp.o[0m
[6.498s] [ 28%] [32mBuilding CXX object CMakeFiles/custom_interfaces__rosidl_typesupport_cpp.dir/rosidl_typesupport_cpp/custom_interfaces/msg/detection_buffer__type_support.cpp.o[0m
[6.523s] [ 29%] [32mBuilding CXX object CMakeFiles/custom_interfaces__rosidl_typesupport_c.dir/rosidl_typesupport_c/custom_interfaces/msg/depth_report__type_support.cpp.o[0m
[6.584s] [ 31%] [32mBuilding CXX object CMakeFiles/custom_interfaces__rosidl_typesupport_c.dir/rosidl_typesupport_c/custom_interfaces/msg/motion_goal__type_support.cpp.o[0m
[6.588s] [35m[1mConsolidate compiler generated dependencies of target custom_interfaces__rosidl_typesupport_fastrtps_cpp[0m
[6.642s] [ 32%] [32mBuilding CXX object CMakeFiles/custom_interfaces__rosidl_typesupport_fastrtps_cpp.dir/rosidl_typesupport_fastrtps_cpp/custom_interfaces/msg/detail/dds_fastrtps/imu_data__type_support.cpp.o[0m
[6.657s] [ 33%] [32mBuilding CXX object CMakeFiles/custom_interfaces__rosidl_typesupport_c.dir/rosidl_typesupport_c/custom_interfaces/msg/motor_command__type_support.cpp.o[0m
[6.748s] [ 34%] [32mBuilding CXX object CMakeFiles/custom_interfaces__rosidl_typesupport_c.dir/rosidl_typesupport_c/custom_interfaces/msg/bounding_box__type_support.cpp.o[0m
[6.806s] [35m[1mConsolidate compiler generated dependencies of target custom_interfaces__rosidl_typesupport_introspection_c[0m
[6.829s] [ 35%] [32mBuilding CXX object CMakeFiles/custom_interfaces__rosidl_typesupport_c.dir/rosidl_typesupport_c/custom_interfaces/msg/detection_buffer__type_support.cpp.o[0m
[6.878s] [ 36%] [32mBuilding C object CMakeFiles/custom_interfaces__rosidl_typesupport_introspection_c.dir/rosidl_typesupport_introspection_c/custom_interfaces/msg/detail/imu_data__type_support.c.o[0m
[6.902s] [35m[1mConsolidate compiler generated dependencies of target custom_interfaces__rosidl_typesupport_fastrtps_c[0m
[6.942s] [ 37%] [32mBuilding CXX object CMakeFiles/custom_interfaces__rosidl_typesupport_c.dir/rosidl_typesupport_c/custom_interfaces/srv/detection_service__type_support.cpp.o[0m
[6.964s] [ 39%] [32mBuilding CXX object CMakeFiles/custom_interfaces__rosidl_typesupport_fastrtps_c.dir/rosidl_typesupport_fastrtps_c/custom_interfaces/msg/detail/imu_data__type_support_c.cpp.o[0m
[6.983s] [ 40%] [32mBuilding C object CMakeFiles/custom_interfaces__rosidl_typesupport_introspection_c.dir/rosidl_typesupport_introspection_c/custom_interfaces/msg/detail/depth_report__type_support.c.o[0m
[7.049s] [ 41%] [32mBuilding CXX object CMakeFiles/custom_interfaces__rosidl_typesupport_fastrtps_c.dir/rosidl_typesupport_fastrtps_c/custom_interfaces/msg/detail/depth_report__type_support_c.cpp.o[0m
[7.069s] [ 42%] [32mBuilding CXX object CMakeFiles/custom_interfaces__rosidl_typesupport_c.dir/rosidl_typesupport_c/custom_interfaces/action/detection_action__type_support.cpp.o[0m
[7.092s] [ 43%] [32mBuilding C object CMakeFiles/custom_interfaces__rosidl_typesupport_introspection_c.dir/rosidl_typesupport_introspection_c/custom_interfaces/msg/detail/motion_goal__type_support.c.o[0m
[7.095s] [ 44%] [32mBuilding CXX object CMakeFiles/custom_interfaces__rosidl_typesupport_cpp.dir/rosidl_typesupport_cpp/custom_interfaces/srv/detection_service__type_support.cpp.o[0m
[7.111s] [ 45%] [32mBuilding CXX object CMakeFiles/custom_interfaces__rosidl_typesupport_fastrtps_cpp.dir/rosidl_typesupport_fastrtps_cpp/custom_interfaces/msg/detail/dds_fastrtps/depth_report__type_support.cpp.o[0m
[7.182s] [ 47%] [32mBuilding C object CMakeFiles/custom_interfaces__rosidl_typesupport_introspection_c.dir/rosidl_typesupport_introspection_c/custom_interfaces/msg/detail/motor_command__type_support.c.o[0m
[7.201s] [ 48%] [32m[1mLinking CXX shared library libcustom_interfaces__rosidl_typesupport_c.so[0m
[7.233s] [ 49%] [32mBuilding CXX object CMakeFiles/custom_interfaces__rosidl_typesupport_introspection_cpp.dir/rosidl_typesupport_introspection_cpp/custom_interfaces/msg/detail/depth_report__type_support.cpp.o[0m
[7.285s] [ 50%] [32mBuilding C object CMakeFiles/custom_interfaces__rosidl_typesupport_introspection_c.dir/rosidl_typesupport_introspection_c/custom_interfaces/msg/detail/bounding_box__type_support.c.o[0m
[7.339s] [ 50%] Built target custom_interfaces__rosidl_typesupport_c
[7.359s] [ 51%] [32mBuilding CXX object CMakeFiles/custom_interfaces__rosidl_typesupport_cpp.dir/rosidl_typesupport_cpp/custom_interfaces/action/detection_action__type_support.cpp.o[0m
[7.510s] [ 52%] [32mBuilding C object CMakeFiles/custom_interfaces__rosidl_typesupport_introspection_c.dir/rosidl_typesupport_introspection_c/custom_interfaces/msg/detail/detection_buffer__type_support.c.o[0m
[7.602s] [ 54%] [32mBuilding CXX object CMakeFiles/custom_interfaces__rosidl_typesupport_fastrtps_cpp.dir/rosidl_typesupport_fastrtps_cpp/custom_interfaces/msg/detail/dds_fastrtps/motion_goal__type_support.cpp.o[0m
[7.632s] [ 55%] [32mBuilding C object CMakeFiles/custom_interfaces__rosidl_typesupport_introspection_c.dir/rosidl_typesupport_introspection_c/custom_interfaces/srv/detail/detection_service__type_support.c.o[0m
[7.727s] [ 56%] [32mBuilding C object CMakeFiles/custom_interfaces__rosidl_typesupport_introspection_c.dir/rosidl_typesupport_introspection_c/custom_interfaces/action/detail/detection_action__type_support.c.o[0m
[7.749s] [ 57%] [32mBuilding CXX object CMakeFiles/custom_interfaces__rosidl_typesupport_introspection_cpp.dir/rosidl_typesupport_introspection_cpp/custom_interfaces/msg/detail/motion_goal__type_support.cpp.o[0m
[7.801s] [ 58%] [32mBuilding CXX object CMakeFiles/custom_interfaces__rosidl_typesupport_fastrtps_c.dir/rosidl_typesupport_fastrtps_c/custom_interfaces/msg/detail/motion_goal__type_support_c.cpp.o[0m
[7.914s] [ 59%] [32mBuilding CXX object CMakeFiles/custom_interfaces__rosidl_typesupport_fastrtps_c.dir/rosidl_typesupport_fastrtps_c/custom_interfaces/msg/detail/motor_command__type_support_c.cpp.o[0m
[7.933s] [ 60%] [32m[1mLinking C shared library libcustom_interfaces__rosidl_typesupport_introspection_c.so[0m
[8.035s] [ 62%] [32mBuilding CXX object CMakeFiles/custom_interfaces__rosidl_typesupport_fastrtps_cpp.dir/rosidl_typesupport_fastrtps_cpp/custom_interfaces/msg/detail/dds_fastrtps/motor_command__type_support.cpp.o[0m
[8.040s] [ 62%] Built target custom_interfaces__rosidl_typesupport_introspection_c
[8.060s] [ 63%] [32mBuilding CXX object CMakeFiles/custom_interfaces__rosidl_typesupport_fastrtps_c.dir/rosidl_typesupport_fastrtps_c/custom_interfaces/msg/detail/bounding_box__type_support_c.cpp.o[0m
[8.223s] [ 64%] [32mBuilding CXX object CMakeFiles/custom_interfaces__rosidl_typesupport_introspection_cpp.dir/rosidl_typesupport_introspection_cpp/custom_interfaces/msg/detail/motor_command__type_support.cpp.o[0m
[8.534s] [ 65%] [32mBuilding CXX object CMakeFiles/custom_interfaces__rosidl_typesupport_fastrtps_c.dir/rosidl_typesupport_fastrtps_c/custom_interfaces/msg/detail/detection_buffer__type_support_c.cpp.o[0m
[8.574s] [ 66%] [32mBuilding CXX object CMakeFiles/custom_interfaces__rosidl_typesupport_fastrtps_cpp.dir/rosidl_typesupport_fastrtps_cpp/custom_interfaces/msg/detail/dds_fastrtps/bounding_box__type_support.cpp.o[0m
[8.602s] [ 67%] [32m[1mLinking CXX shared library libcustom_interfaces__rosidl_typesupport_cpp.so[0m
[8.627s] [ 68%] [32mBuilding CXX object CMakeFiles/custom_interfaces__rosidl_typesupport_introspection_cpp.dir/rosidl_typesupport_introspection_cpp/custom_interfaces/msg/detail/bounding_box__type_support.cpp.o[0m
[8.663s] [ 70%] [32mBuilding CXX object CMakeFiles/custom_interfaces__rosidl_typesupport_fastrtps_cpp.dir/rosidl_typesupport_fastrtps_cpp/custom_interfaces/msg/detail/dds_fastrtps/detection_buffer__type_support.cpp.o[0m
[8.779s] [ 70%] Built target custom_interfaces__rosidl_typesupport_cpp
[8.822s] [ 71%] [32mBuilding CXX object CMakeFiles/custom_interfaces__rosidl_typesupport_fastrtps_cpp.dir/rosidl_typesupport_fastrtps_cpp/custom_interfaces/srv/detail/dds_fastrtps/detection_service__type_support.cpp.o[0m
[8.912s] [ 72%] [32mBuilding CXX object CMakeFiles/custom_interfaces__rosidl_typesupport_fastrtps_c.dir/rosidl_typesupport_fastrtps_c/custom_interfaces/srv/detail/detection_service__type_support_c.cpp.o[0m
[8.971s] [ 73%] [32mBuilding CXX object CMakeFiles/custom_interfaces__rosidl_typesupport_fastrtps_cpp.dir/rosidl_typesupport_fastrtps_cpp/custom_interfaces/action/detail/dds_fastrtps/detection_action__type_support.cpp.o[0m
[9.306s] [ 74%] [32mBuilding CXX object CMakeFiles/custom_interfaces__rosidl_typesupport_introspection_cpp.dir/rosidl_typesupport_introspection_cpp/custom_interfaces/msg/detail/detection_buffer__type_support.cpp.o[0m
[9.332s] [ 75%] [32mBuilding CXX object CMakeFiles/custom_interfaces__rosidl_typesupport_fastrtps_c.dir/rosidl_typesupport_fastrtps_c/custom_interfaces/action/detail/detection_action__type_support_c.cpp.o[0m
[9.512s] [ 77%] [32mBuilding CXX object CMakeFiles/custom_interfaces__rosidl_typesupport_introspection_cpp.dir/rosidl_typesupport_introspection_cpp/custom_interfaces/action/detail/detection_action__type_support.cpp.o[0m
[9.518s] [ 78%] [32mBuilding CXX object CMakeFiles/custom_interfaces__rosidl_typesupport_introspection_cpp.dir/rosidl_typesupport_introspection_cpp/custom_interfaces/srv/detail/detection_service__type_support.cpp.o[0m
[10.183s] [ 79%] [32m[1mLinking CXX shared library libcustom_interfaces__rosidl_typesupport_fastrtps_c.so[0m
[10.353s] [ 79%] Built target custom_interfaces__rosidl_typesupport_fastrtps_c
[10.561s] [ 80%] [32m[1mLinking CXX shared library libcustom_interfaces__rosidl_typesupport_fastrtps_cpp.so[0m
[10.724s] [ 80%] Built target custom_interfaces__rosidl_typesupport_fastrtps_cpp
[10.929s] [ 81%] [32m[1mLinking CXX shared library libcustom_interfaces__rosidl_typesupport_introspection_cpp.so[0m
[11.083s] [ 81%] Built target custom_interfaces__rosidl_typesupport_introspection_cpp
[11.124s] [ 81%] Built target custom_interfaces
[11.165s] [ 82%] [34m[1mGenerating Python code for ROS interfaces[0m
[13.857s] [ 82%] Built target custom_interfaces__py
[13.879s] [35m[1mConsolidate compiler generated dependencies of target custom_interfaces__rosidl_generator_py[0m
[13.914s] [ 87%] [32mBuilding C object CMakeFiles/custom_interfaces__rosidl_generator_py.dir/rosidl_generator_py/custom_interfaces/msg/_depth_report_s.c.o[0m
[13.915s] [ 87%] [32mBuilding C object CMakeFiles/custom_interfaces__rosidl_generator_py.dir/rosidl_generator_py/custom_interfaces/msg/_detection_buffer_s.c.o[0m
[13.915s] [ 87%] [32mBuilding C object CMakeFiles/custom_interfaces__rosidl_generator_py.dir/rosidl_generator_py/custom_interfaces/msg/_motion_goal_s.c.o[0m
[13.915s] [ 87%] [32mBuilding C object CMakeFiles/custom_interfaces__rosidl_generator_py.dir/rosidl_generator_py/custom_interfaces/msg/_imu_data_s.c.o[0m
[13.915s] [ 88%] [32mBuilding C object CMakeFiles/custom_interfaces__rosidl_generator_py.dir/rosidl_generator_py/custom_interfaces/msg/_motor_command_s.c.o[0m
[13.916s] [ 89%] [32mBuilding C object CMakeFiles/custom_interfaces__rosidl_generator_py.dir/rosidl_generator_py/custom_interfaces/msg/_bounding_box_s.c.o[0m
[13.924s] [ 90%] [32mBuilding C object CMakeFiles/custom_interfaces__rosidl_generator_py.dir/rosidl_generator_py/custom_interfaces/srv/_detection_service_s.c.o[0m
[13.931s] [ 91%] [32mBuilding C object CMakeFiles/custom_interfaces__rosidl_generator_py.dir/rosidl_generator_py/custom_interfaces/action/_detection_action_s.c.o[0m
[14.318s] [ 93%] [32m[1mLinking C shared library rosidl_generator_py/custom_interfaces/libcustom_interfaces__rosidl_generator_py.so[0m
[14.406s] [ 93%] Built target custom_interfaces__rosidl_generator_py
[14.426s] [35m[1mConsolidate compiler generated dependencies of target custom_interfaces__rosidl_typesupport_fastrtps_c__pyext[0m
[14.426s] [35m[1mConsolidate compiler generated dependencies of target custom_interfaces__rosidl_typesupport_c__pyext[0m
[14.426s] [35m[1mConsolidate compiler generated dependencies of target custom_interfaces__rosidl_typesupport_introspection_c__pyext[0m
[14.450s] [ 95%] [32mBuilding C object CMakeFiles/custom_interfaces__rosidl_typesupport_fastrtps_c__pyext.dir/rosidl_generator_py/custom_interfaces/_custom_interfaces_s.ep.rosidl_typesupport_fastrtps_c.c.o[0m
[14.451s] [ 95%] [32mBuilding C object CMakeFiles/custom_interfaces__rosidl_typesupport_c__pyext.dir/rosidl_generator_py/custom_interfaces/_custom_interfaces_s.ep.rosidl_typesupport_c.c.o[0m
[14.457s] [ 96%] [32mBuilding C object CMakeFiles/custom_interfaces__rosidl_typesupport_introspection_c__pyext.dir/rosidl_generator_py/custom_interfaces/_custom_interfaces_s.ep.rosidl_typesupport_introspection_c.c.o[0m
[14.727s] [ 98%] [32m[1mLinking C shared library rosidl_generator_py/custom_interfaces/custom_interfaces_s__rosidl_typesupport_c.cpython-310-aarch64-linux-gnu.so[0m
[14.727s] [ 98%] [32m[1mLinking C shared library rosidl_generator_py/custom_interfaces/custom_interfaces_s__rosidl_typesupport_fastrtps_c.cpython-310-aarch64-linux-gnu.so[0m
[14.732s] [100%] [32m[1mLinking C shared library rosidl_generator_py/custom_interfaces/custom_interfaces_s__rosidl_typesupport_introspection_c.cpython-310-aarch64-linux-gnu.so[0m
[14.815s] [100%] Built target custom_interfaces__rosidl_typesupport_fastrtps_c__pyext
[14.820s] [100%] Built target custom_interfaces__rosidl_typesupport_c__pyext
[14.824s] [100%] Built target custom_interfaces__rosidl_typesupport_introspection_c__pyext
[14.850s] Invoked command in '/home/robocatsorin/Desktop/RobotCode2025/ros2_ws/build/custom_interfaces' returned '0': CMAKE_PREFIX_PATH=${CMAKE_PREFIX_PATH}:/home/robocatsorin/Desktop/RobotCode2025/ros2_ws/install/py_sensors:/home/robocatsorin/Desktop/RobotCode2025/ros2_ws/install/py_objectdetection:/home/robocatsorin/Desktop/RobotCode2025/ros2_ws/install/py_motors:/opt/ros/humble /usr/bin/cmake --build /home/robocatsorin/Desktop/RobotCode2025/ros2_ws/build/custom_interfaces -- -j8 -l8
[14.853s] Invoking command in '/home/robocatsorin/Desktop/RobotCode2025/ros2_ws/build/custom_interfaces': CMAKE_PREFIX_PATH=${CMAKE_PREFIX_PATH}:/home/robocatsorin/Desktop/RobotCode2025/ros2_ws/install/py_sensors:/home/robocatsorin/Desktop/RobotCode2025/ros2_ws/install/py_objectdetection:/home/robocatsorin/Desktop/RobotCode2025/ros2_ws/install/py_motors:/opt/ros/humble /usr/bin/cmake --install /home/robocatsorin/Desktop/RobotCode2025/ros2_ws/build/custom_interfaces
[14.871s] -- Install configuration: ""
[14.871s] -- Up-to-date: /home/robocatsorin/Desktop/RobotCode2025/ros2_ws/install/custom_interfaces/share/ament_index/resource_index/rosidl_interfaces/custom_interfaces
[14.871s] -- Up-to-date: /home/robocatsorin/Desktop/RobotCode2025/ros2_ws/install/custom_interfaces/include/custom_interfaces/custom_interfaces
[14.871s] -- Up-to-date: /home/robocatsorin/Desktop/RobotCode2025/ros2_ws/install/custom_interfaces/include/custom_interfaces/custom_interfaces/action
[14.871s] -- Up-to-date: /home/robocatsorin/Desktop/RobotCode2025/ros2_ws/install/custom_interfaces/include/custom_interfaces/custom_interfaces/action/detail
[14.872s] -- Installing: /home/robocatsorin/Desktop/RobotCode2025/ros2_ws/install/custom_interfaces/include/custom_interfaces/custom_interfaces/action/detail/detection_action__functions.c
[14.872s] -- Installing: /home/robocatsorin/Desktop/RobotCode2025/ros2_ws/install/custom_interfaces/include/custom_interfaces/custom_interfaces/action/detail/detection_action__functions.h
[14.872s] -- Installing: /home/robocatsorin/Desktop/RobotCode2025/ros2_ws/install/custom_interfaces/include/custom_interfaces/custom_interfaces/action/detail/detection_action__type_support.h
[14.873s] -- Installing: /home/robocatsorin/Desktop/RobotCode2025/ros2_ws/install/custom_interfaces/include/custom_interfaces/custom_interfaces/action/detail/detection_action__struct.h
[14.873s] -- Installing: /home/robocatsorin/Desktop/RobotCode2025/ros2_ws/install/custom_interfaces/include/custom_interfaces/custom_interfaces/action/detection_action.h
[14.873s] -- Up-to-date: /home/robocatsorin/Desktop/RobotCode2025/ros2_ws/install/custom_interfaces/include/custom_interfaces/custom_interfaces/srv
[14.874s] -- Up-to-date: /home/robocatsorin/Desktop/RobotCode2025/ros2_ws/install/custom_interfaces/include/custom_interfaces/custom_interfaces/srv/detail
[14.874s] -- Installing: /home/robocatsorin/Desktop/RobotCode2025/ros2_ws/install/custom_interfaces/include/custom_interfaces/custom_interfaces/srv/detail/detection_service__struct.h
[14.874s] -- Installing: /home/robocatsorin/Desktop/RobotCode2025/ros2_ws/install/custom_interfaces/include/custom_interfaces/custom_interfaces/srv/detail/detection_service__type_support.h
[14.874s] -- Installing: /home/robocatsorin/Desktop/RobotCode2025/ros2_ws/install/custom_interfaces/include/custom_interfaces/custom_interfaces/srv/detail/detection_service__functions.h
[14.875s] -- Installing: /home/robocatsorin/Desktop/RobotCode2025/ros2_ws/install/custom_interfaces/include/custom_interfaces/custom_interfaces/srv/detail/detection_service__functions.c
[14.875s] -- Installing: /home/robocatsorin/Desktop/RobotCode2025/ros2_ws/install/custom_interfaces/include/custom_interfaces/custom_interfaces/srv/detection_service.h
[14.875s] -- Up-to-date: /home/robocatsorin/Desktop/RobotCode2025/ros2_ws/install/custom_interfaces/include/custom_interfaces/custom_interfaces/msg
[14.875s] -- Installing: /home/robocatsorin/Desktop/RobotCode2025/ros2_ws/install/custom_interfaces/include/custom_interfaces/custom_interfaces/msg/depth_report.h
[14.875s] -- Installing: /home/robocatsorin/Desktop/RobotCode2025/ros2_ws/install/custom_interfaces/include/custom_interfaces/custom_interfaces/msg/bounding_box.h
[14.876s] -- Up-to-date: /home/robocatsorin/Desktop/RobotCode2025/ros2_ws/install/custom_interfaces/include/custom_interfaces/custom_interfaces/msg/detail
[14.876s] -- Installing: /home/robocatsorin/Desktop/RobotCode2025/ros2_ws/install/custom_interfaces/include/custom_interfaces/custom_interfaces/msg/detail/motor_command__type_support.h
[14.876s] -- Installing: /home/robocatsorin/Desktop/RobotCode2025/ros2_ws/install/custom_interfaces/include/custom_interfaces/custom_interfaces/msg/detail/imu_data__functions.c
[14.876s] -- Installing: /home/robocatsorin/Desktop/RobotCode2025/ros2_ws/install/custom_interfaces/include/custom_interfaces/custom_interfaces/msg/detail/bounding_box__type_support.h
[14.877s] -- Installing: /home/robocatsorin/Desktop/RobotCode2025/ros2_ws/install/custom_interfaces/include/custom_interfaces/custom_interfaces/msg/detail/detection_buffer__functions.h
[14.877s] -- Installing: /home/robocatsorin/Desktop/RobotCode2025/ros2_ws/install/custom_interfaces/include/custom_interfaces/custom_interfaces/msg/detail/imu_data__functions.h
[14.877s] -- Installing: /home/robocatsorin/Desktop/RobotCode2025/ros2_ws/install/custom_interfaces/include/custom_interfaces/custom_interfaces/msg/detail/detection_buffer__type_support.h
[14.877s] -- Installing: /home/robocatsorin/Desktop/RobotCode2025/ros2_ws/install/custom_interfaces/include/custom_interfaces/custom_interfaces/msg/detail/bounding_box__functions.h
[14.877s] -- Installing: /home/robocatsorin/Desktop/RobotCode2025/ros2_ws/install/custom_interfaces/include/custom_interfaces/custom_interfaces/msg/detail/motion_goal__struct.h
[14.878s] -- Installing: /home/robocatsorin/Desktop/RobotCode2025/ros2_ws/install/custom_interfaces/include/custom_interfaces/custom_interfaces/msg/detail/imu_data__struct.h
[14.878s] -- Installing: /home/robocatsorin/Desktop/RobotCode2025/ros2_ws/install/custom_interfaces/include/custom_interfaces/custom_interfaces/msg/detail/bounding_box__functions.c
[14.878s] -- Installing: /home/robocatsorin/Desktop/RobotCode2025/ros2_ws/install/custom_interfaces/include/custom_interfaces/custom_interfaces/msg/detail/motor_command__struct.h
[14.879s] -- Installing: /home/robocatsorin/Desktop/RobotCode2025/ros2_ws/install/custom_interfaces/include/custom_interfaces/custom_interfaces/msg/detail/motion_goal__type_support.h
[14.879s] -- Installing: /home/robocatsorin/Desktop/RobotCode2025/ros2_ws/install/custom_interfaces/include/custom_interfaces/custom_interfaces/msg/detail/detection_buffer__struct.h
[14.879s] -- Installing: /home/robocatsorin/Desktop/RobotCode2025/ros2_ws/install/custom_interfaces/include/custom_interfaces/custom_interfaces/msg/detail/motion_goal__functions.h
[14.879s] -- Installing: /home/robocatsorin/Desktop/RobotCode2025/ros2_ws/install/custom_interfaces/include/custom_interfaces/custom_interfaces/msg/detail/motor_command__functions.c
[14.879s] -- Installing: /home/robocatsorin/Desktop/RobotCode2025/ros2_ws/install/custom_interfaces/include/custom_interfaces/custom_interfaces/msg/detail/motor_command__functions.h
[14.880s] -- Installing: /home/robocatsorin/Desktop/RobotCode2025/ros2_ws/install/custom_interfaces/include/custom_interfaces/custom_interfaces/msg/detail/depth_report__struct.h
[14.880s] -- Installing: /home/robocatsorin/Desktop/RobotCode2025/ros2_ws/install/custom_interfaces/include/custom_interfaces/custom_interfaces/msg/detail/imu_data__type_support.h
[14.880s] -- Installing: /home/robocatsorin/Desktop/RobotCode2025/ros2_ws/install/custom_interfaces/include/custom_interfaces/custom_interfaces/msg/detail/depth_report__functions.c
[14.880s] -- Installing: /home/robocatsorin/Desktop/RobotCode2025/ros2_ws/install/custom_interfaces/include/custom_interfaces/custom_interfaces/msg/detail/motion_goal__functions.c
[14.881s] -- Installing: /home/robocatsorin/Desktop/RobotCode2025/ros2_ws/install/custom_interfaces/include/custom_interfaces/custom_interfaces/msg/detail/depth_report__functions.h
[14.881s] -- Installing: /home/robocatsorin/Desktop/RobotCode2025/ros2_ws/install/custom_interfaces/include/custom_interfaces/custom_interfaces/msg/detail/detection_buffer__functions.c
[14.881s] -- Installing: /home/robocatsorin/Desktop/RobotCode2025/ros2_ws/install/custom_interfaces/include/custom_interfaces/custom_interfaces/msg/detail/depth_report__type_support.h
[14.881s] -- Installing: /home/robocatsorin/Desktop/RobotCode2025/ros2_ws/install/custom_interfaces/include/custom_interfaces/custom_interfaces/msg/detail/bounding_box__struct.h
[14.881s] -- Installing: /home/robocatsorin/Desktop/RobotCode2025/ros2_ws/install/custom_interfaces/include/custom_interfaces/custom_interfaces/msg/motion_goal.h
[14.882s] -- Up-to-date: /home/robocatsorin/Desktop/RobotCode2025/ros2_ws/install/custom_interfaces/include/custom_interfaces/custom_interfaces/msg/rosidl_generator_c__visibility_control.h
[14.882s] -- Installing: /home/robocatsorin/Desktop/RobotCode2025/ros2_ws/install/custom_interfaces/include/custom_interfaces/custom_interfaces/msg/detection_buffer.h
[14.882s] -- Installing: /home/robocatsorin/Desktop/RobotCode2025/ros2_ws/install/custom_interfaces/include/custom_interfaces/custom_interfaces/msg/imu_data.h
[14.882s] -- Installing: /home/robocatsorin/Desktop/RobotCode2025/ros2_ws/install/custom_interfaces/include/custom_interfaces/custom_interfaces/msg/motor_command.h
[14.883s] -- Up-to-date: /home/robocatsorin/Desktop/RobotCode2025/ros2_ws/install/custom_interfaces/share/custom_interfaces/environment/library_path.sh
[14.883s] -- Installing: /home/robocatsorin/Desktop/RobotCode2025/ros2_ws/install/custom_interfaces/share/custom_interfaces/environment/library_path.dsv
[14.883s] -- Installing: /home/robocatsorin/Desktop/RobotCode2025/ros2_ws/install/custom_interfaces/lib/libcustom_interfaces__rosidl_generator_c.so
[14.884s] -- Set runtime path of "/home/robocatsorin/Desktop/RobotCode2025/ros2_ws/install/custom_interfaces/lib/libcustom_interfaces__rosidl_generator_c.so" to ""
[14.884s] -- Up-to-date: /home/robocatsorin/Desktop/RobotCode2025/ros2_ws/install/custom_interfaces/include/custom_interfaces/custom_interfaces
[14.885s] -- Up-to-date: /home/robocatsorin/Desktop/RobotCode2025/ros2_ws/install/custom_interfaces/include/custom_interfaces/custom_interfaces/action
[14.885s] -- Up-to-date: /home/robocatsorin/Desktop/RobotCode2025/ros2_ws/install/custom_interfaces/include/custom_interfaces/custom_interfaces/action/detail
[14.885s] -- Installing: /home/robocatsorin/Desktop/RobotCode2025/ros2_ws/install/custom_interfaces/include/custom_interfaces/custom_interfaces/action/detail/detection_action__rosidl_typesupport_fastrtps_c.h
[14.885s] -- Up-to-date: /home/robocatsorin/Desktop/RobotCode2025/ros2_ws/install/custom_interfaces/include/custom_interfaces/custom_interfaces/srv
[14.885s] -- Up-to-date: /home/robocatsorin/Desktop/RobotCode2025/ros2_ws/install/custom_interfaces/include/custom_interfaces/custom_interfaces/srv/detail
[14.885s] -- Installing: /home/robocatsorin/Desktop/RobotCode2025/ros2_ws/install/custom_interfaces/include/custom_interfaces/custom_interfaces/srv/detail/detection_service__rosidl_typesupport_fastrtps_c.h
[14.885s] -- Up-to-date: /home/robocatsorin/Desktop/RobotCode2025/ros2_ws/install/custom_interfaces/include/custom_interfaces/custom_interfaces/msg
[14.886s] -- Up-to-date: /home/robocatsorin/Desktop/RobotCode2025/ros2_ws/install/custom_interfaces/include/custom_interfaces/custom_interfaces/msg/detail
[14.886s] -- Installing: /home/robocatsorin/Desktop/RobotCode2025/ros2_ws/install/custom_interfaces/include/custom_interfaces/custom_interfaces/msg/detail/imu_data__rosidl_typesupport_fastrtps_c.h
[14.886s] -- Installing: /home/robocatsorin/Desktop/RobotCode2025/ros2_ws/install/custom_interfaces/include/custom_interfaces/custom_interfaces/msg/detail/motion_goal__rosidl_typesupport_fastrtps_c.h
[14.886s] -- Installing: /home/robocatsorin/Desktop/RobotCode2025/ros2_ws/install/custom_interfaces/include/custom_interfaces/custom_interfaces/msg/detail/bounding_box__rosidl_typesupport_fastrtps_c.h
[14.886s] -- Installing: /home/robocatsorin/Desktop/RobotCode2025/ros2_ws/install/custom_interfaces/include/custom_interfaces/custom_interfaces/msg/detail/detection_buffer__rosidl_typesupport_fastrtps_c.h
[14.887s] -- Installing: /home/robocatsorin/Desktop/RobotCode2025/ros2_ws/install/custom_interfaces/include/custom_interfaces/custom_interfaces/msg/detail/motor_command__rosidl_typesupport_fastrtps_c.h
[14.887s] -- Installing: /home/robocatsorin/Desktop/RobotCode2025/ros2_ws/install/custom_interfaces/include/custom_interfaces/custom_interfaces/msg/detail/depth_report__rosidl_typesupport_fastrtps_c.h
[14.887s] -- Up-to-date: /home/robocatsorin/Desktop/RobotCode2025/ros2_ws/install/custom_interfaces/include/custom_interfaces/custom_interfaces/msg/rosidl_typesupport_fastrtps_c__visibility_control.h
[14.887s] -- Installing: /home/robocatsorin/Desktop/RobotCode2025/ros2_ws/install/custom_interfaces/lib/libcustom_interfaces__rosidl_typesupport_fastrtps_c.so
[14.888s] -- Set runtime path of "/home/robocatsorin/Desktop/RobotCode2025/ros2_ws/install/custom_interfaces/lib/libcustom_interfaces__rosidl_typesupport_fastrtps_c.so" to ""
[14.888s] -- Up-to-date: /home/robocatsorin/Desktop/RobotCode2025/ros2_ws/install/custom_interfaces/include/custom_interfaces/custom_interfaces
[14.888s] -- Up-to-date: /home/robocatsorin/Desktop/RobotCode2025/ros2_ws/install/custom_interfaces/include/custom_interfaces/custom_interfaces/action
[14.889s] -- Up-to-date: /home/robocatsorin/Desktop/RobotCode2025/ros2_ws/install/custom_interfaces/include/custom_interfaces/custom_interfaces/action/detail
[14.889s] -- Installing: /home/robocatsorin/Desktop/RobotCode2025/ros2_ws/install/custom_interfaces/include/custom_interfaces/custom_interfaces/action/detail/detection_action__builder.hpp
[14.889s] -- Installing: /home/robocatsorin/Desktop/RobotCode2025/ros2_ws/install/custom_interfaces/include/custom_interfaces/custom_interfaces/action/detail/detection_action__type_support.hpp
[14.889s] -- Installing: /home/robocatsorin/Desktop/RobotCode2025/ros2_ws/install/custom_interfaces/include/custom_interfaces/custom_interfaces/action/detail/detection_action__traits.hpp
[14.889s] -- Installing: /home/robocatsorin/Desktop/RobotCode2025/ros2_ws/install/custom_interfaces/include/custom_interfaces/custom_interfaces/action/detail/detection_action__struct.hpp
[14.889s] -- Installing: /home/robocatsorin/Desktop/RobotCode2025/ros2_ws/install/custom_interfaces/include/custom_interfaces/custom_interfaces/action/detection_action.hpp
[14.890s] -- Up-to-date: /home/robocatsorin/Desktop/RobotCode2025/ros2_ws/install/custom_interfaces/include/custom_interfaces/custom_interfaces/srv
[14.890s] -- Installing: /home/robocatsorin/Desktop/RobotCode2025/ros2_ws/install/custom_interfaces/include/custom_interfaces/custom_interfaces/srv/detection_service.hpp
[14.890s] -- Up-to-date: /home/robocatsorin/Desktop/RobotCode2025/ros2_ws/install/custom_interfaces/include/custom_interfaces/custom_interfaces/srv/detail
[14.890s] -- Installing: /home/robocatsorin/Desktop/RobotCode2025/ros2_ws/install/custom_interfaces/include/custom_interfaces/custom_interfaces/srv/detail/detection_service__traits.hpp
[14.890s] -- Installing: /home/robocatsorin/Desktop/RobotCode2025/ros2_ws/install/custom_interfaces/include/custom_interfaces/custom_interfaces/srv/detail/detection_service__builder.hpp
[14.890s] -- Installing: /home/robocatsorin/Desktop/RobotCode2025/ros2_ws/install/custom_interfaces/include/custom_interfaces/custom_interfaces/srv/detail/detection_service__struct.hpp
[14.891s] -- Installing: /home/robocatsorin/Desktop/RobotCode2025/ros2_ws/install/custom_interfaces/include/custom_interfaces/custom_interfaces/srv/detail/detection_service__type_support.hpp
[14.891s] -- Up-to-date: /home/robocatsorin/Desktop/RobotCode2025/ros2_ws/install/custom_interfaces/include/custom_interfaces/custom_interfaces/msg
[14.891s] -- Installing: /home/robocatsorin/Desktop/RobotCode2025/ros2_ws/install/custom_interfaces/include/custom_interfaces/custom_interfaces/msg/depth_report.hpp
[14.891s] -- Installing: /home/robocatsorin/Desktop/RobotCode2025/ros2_ws/install/custom_interfaces/include/custom_interfaces/custom_interfaces/msg/motor_command.hpp
[14.891s] -- Installing: /home/robocatsorin/Desktop/RobotCode2025/ros2_ws/install/custom_interfaces/include/custom_interfaces/custom_interfaces/msg/imu_data.hpp
[14.892s] -- Up-to-date: /home/robocatsorin/Desktop/RobotCode2025/ros2_ws/install/custom_interfaces/include/custom_interfaces/custom_interfaces/msg/detail
[14.892s] -- Installing: /home/robocatsorin/Desktop/RobotCode2025/ros2_ws/install/custom_interfaces/include/custom_interfaces/custom_interfaces/msg/detail/motion_goal__type_support.hpp
[14.892s] -- Installing: /home/robocatsorin/Desktop/RobotCode2025/ros2_ws/install/custom_interfaces/include/custom_interfaces/custom_interfaces/msg/detail/motor_command__builder.hpp
[14.892s] -- Installing: /home/robocatsorin/Desktop/RobotCode2025/ros2_ws/install/custom_interfaces/include/custom_interfaces/custom_interfaces/msg/detail/bounding_box__traits.hpp
[14.892s] -- Installing: /home/robocatsorin/Desktop/RobotCode2025/ros2_ws/install/custom_interfaces/include/custom_interfaces/custom_interfaces/msg/detail/detection_buffer__traits.hpp
[14.893s] -- Installing: /home/robocatsorin/Desktop/RobotCode2025/ros2_ws/install/custom_interfaces/include/custom_interfaces/custom_interfaces/msg/detail/motor_command__struct.hpp
[14.893s] -- Installing: /home/robocatsorin/Desktop/RobotCode2025/ros2_ws/install/custom_interfaces/include/custom_interfaces/custom_interfaces/msg/detail/motor_command__traits.hpp
[14.893s] -- Installing: /home/robocatsorin/Desktop/RobotCode2025/ros2_ws/install/custom_interfaces/include/custom_interfaces/custom_interfaces/msg/detail/bounding_box__struct.hpp
[14.893s] -- Installing: /home/robocatsorin/Desktop/RobotCode2025/ros2_ws/install/custom_interfaces/include/custom_interfaces/custom_interfaces/msg/detail/depth_report__type_support.hpp
[14.893s] -- Installing: /home/robocatsorin/Desktop/RobotCode2025/ros2_ws/install/custom_interfaces/include/custom_interfaces/custom_interfaces/msg/detail/detection_buffer__struct.hpp
[14.894s] -- Installing: /home/robocatsorin/Desktop/RobotCode2025/ros2_ws/install/custom_interfaces/include/custom_interfaces/custom_interfaces/msg/detail/depth_report__builder.hpp
[14.894s] -- Installing: /home/robocatsorin/Desktop/RobotCode2025/ros2_ws/install/custom_interfaces/include/custom_interfaces/custom_interfaces/msg/detail/motion_goal__builder.hpp
[14.894s] -- Installing: /home/robocatsorin/Desktop/RobotCode2025/ros2_ws/install/custom_interfaces/include/custom_interfaces/custom_interfaces/msg/detail/bounding_box__type_support.hpp
[14.895s] -- Installing: /home/robocatsorin/Desktop/RobotCode2025/ros2_ws/install/custom_interfaces/include/custom_interfaces/custom_interfaces/msg/detail/bounding_box__builder.hpp
[14.895s] -- Installing: /home/robocatsorin/Desktop/RobotCode2025/ros2_ws/install/custom_interfaces/include/custom_interfaces/custom_interfaces/msg/detail/depth_report__traits.hpp
[14.895s] -- Installing: /home/robocatsorin/Desktop/RobotCode2025/ros2_ws/install/custom_interfaces/include/custom_interfaces/custom_interfaces/msg/detail/motion_goal__traits.hpp
[14.895s] -- Installing: /home/robocatsorin/Desktop/RobotCode2025/ros2_ws/install/custom_interfaces/include/custom_interfaces/custom_interfaces/msg/detail/detection_buffer__type_support.hpp
[14.896s] -- Installing: /home/robocatsorin/Desktop/RobotCode2025/ros2_ws/install/custom_interfaces/include/custom_interfaces/custom_interfaces/msg/detail/motor_command__type_support.hpp
[14.896s] -- Installing: /home/robocatsorin/Desktop/RobotCode2025/ros2_ws/install/custom_interfaces/include/custom_interfaces/custom_interfaces/msg/detail/motion_goal__struct.hpp
[14.896s] -- Installing: /home/robocatsorin/Desktop/RobotCode2025/ros2_ws/install/custom_interfaces/include/custom_interfaces/custom_interfaces/msg/detail/imu_data__traits.hpp
[14.896s] -- Installing: /home/robocatsorin/Desktop/RobotCode2025/ros2_ws/install/custom_interfaces/include/custom_interfaces/custom_interfaces/msg/detail/imu_data__builder.hpp
[14.896s] -- Installing: /home/robocatsorin/Desktop/RobotCode2025/ros2_ws/install/custom_interfaces/include/custom_interfaces/custom_interfaces/msg/detail/depth_report__struct.hpp
[14.897s] -- Installing: /home/robocatsorin/Desktop/RobotCode2025/ros2_ws/install/custom_interfaces/include/custom_interfaces/custom_interfaces/msg/detail/imu_data__type_support.hpp
[14.897s] -- Installing: /home/robocatsorin/Desktop/RobotCode2025/ros2_ws/install/custom_interfaces/include/custom_interfaces/custom_interfaces/msg/detail/imu_data__struct.hpp
[14.897s] -- Installing: /home/robocatsorin/Desktop/RobotCode2025/ros2_ws/install/custom_interfaces/include/custom_interfaces/custom_interfaces/msg/detail/detection_buffer__builder.hpp
[14.897s] -- Installing: /home/robocatsorin/Desktop/RobotCode2025/ros2_ws/install/custom_interfaces/include/custom_interfaces/custom_interfaces/msg/motion_goal.hpp
[14.898s] -- Installing: /home/robocatsorin/Desktop/RobotCode2025/ros2_ws/install/custom_interfaces/include/custom_interfaces/custom_interfaces/msg/detection_buffer.hpp
[14.898s] -- Installing: /home/robocatsorin/Desktop/RobotCode2025/ros2_ws/install/custom_interfaces/include/custom_interfaces/custom_interfaces/msg/bounding_box.hpp
[14.898s] -- Up-to-date: /home/robocatsorin/Desktop/RobotCode2025/ros2_ws/install/custom_interfaces/include/custom_interfaces/custom_interfaces/msg/rosidl_generator_cpp__visibility_control.hpp
[14.898s] -- Up-to-date: /home/robocatsorin/Desktop/RobotCode2025/ros2_ws/install/custom_interfaces/include/custom_interfaces/custom_interfaces
[14.899s] -- Up-to-date: /home/robocatsorin/Desktop/RobotCode2025/ros2_ws/install/custom_interfaces/include/custom_interfaces/custom_interfaces/action
[14.899s] -- Up-to-date: /home/robocatsorin/Desktop/RobotCode2025/ros2_ws/install/custom_interfaces/include/custom_interfaces/custom_interfaces/action/detail
[14.899s] -- Installing: /home/robocatsorin/Desktop/RobotCode2025/ros2_ws/install/custom_interfaces/include/custom_interfaces/custom_interfaces/action/detail/detection_action__rosidl_typesupport_fastrtps_cpp.hpp
[14.899s] -- Up-to-date: /home/robocatsorin/Desktop/RobotCode2025/ros2_ws/install/custom_interfaces/include/custom_interfaces/custom_interfaces/action/detail/dds_fastrtps
[14.899s] -- Up-to-date: /home/robocatsorin/Desktop/RobotCode2025/ros2_ws/install/custom_interfaces/include/custom_interfaces/custom_interfaces/srv
[14.899s] -- Up-to-date: /home/robocatsorin/Desktop/RobotCode2025/ros2_ws/install/custom_interfaces/include/custom_interfaces/custom_interfaces/srv/detail
[14.900s] -- Installing: /home/robocatsorin/Desktop/RobotCode2025/ros2_ws/install/custom_interfaces/include/custom_interfaces/custom_interfaces/srv/detail/detection_service__rosidl_typesupport_fastrtps_cpp.hpp
[14.900s] -- Up-to-date: /home/robocatsorin/Desktop/RobotCode2025/ros2_ws/install/custom_interfaces/include/custom_interfaces/custom_interfaces/srv/detail/dds_fastrtps
[14.900s] -- Up-to-date: /home/robocatsorin/Desktop/RobotCode2025/ros2_ws/install/custom_interfaces/include/custom_interfaces/custom_interfaces/msg
[14.900s] -- Up-to-date: /home/robocatsorin/Desktop/RobotCode2025/ros2_ws/install/custom_interfaces/include/custom_interfaces/custom_interfaces/msg/detail
[14.900s] -- Installing: /home/robocatsorin/Desktop/RobotCode2025/ros2_ws/install/custom_interfaces/include/custom_interfaces/custom_interfaces/msg/detail/depth_report__rosidl_typesupport_fastrtps_cpp.hpp
[14.900s] -- Installing: /home/robocatsorin/Desktop/RobotCode2025/ros2_ws/install/custom_interfaces/include/custom_interfaces/custom_interfaces/msg/detail/detection_buffer__rosidl_typesupport_fastrtps_cpp.hpp
[14.900s] -- Installing: /home/robocatsorin/Desktop/RobotCode2025/ros2_ws/install/custom_interfaces/include/custom_interfaces/custom_interfaces/msg/detail/motor_command__rosidl_typesupport_fastrtps_cpp.hpp
[14.900s] -- Installing: /home/robocatsorin/Desktop/RobotCode2025/ros2_ws/install/custom_interfaces/include/custom_interfaces/custom_interfaces/msg/detail/motion_goal__rosidl_typesupport_fastrtps_cpp.hpp
[14.901s] -- Installing: /home/robocatsorin/Desktop/RobotCode2025/ros2_ws/install/custom_interfaces/include/custom_interfaces/custom_interfaces/msg/detail/bounding_box__rosidl_typesupport_fastrtps_cpp.hpp
[14.901s] -- Up-to-date: /home/robocatsorin/Desktop/RobotCode2025/ros2_ws/install/custom_interfaces/include/custom_interfaces/custom_interfaces/msg/detail/dds_fastrtps
[14.901s] -- Installing: /home/robocatsorin/Desktop/RobotCode2025/ros2_ws/install/custom_interfaces/include/custom_interfaces/custom_interfaces/msg/detail/imu_data__rosidl_typesupport_fastrtps_cpp.hpp
[14.901s] -- Up-to-date: /home/robocatsorin/Desktop/RobotCode2025/ros2_ws/install/custom_interfaces/include/custom_interfaces/custom_interfaces/msg/rosidl_typesupport_fastrtps_cpp__visibility_control.h
[14.901s] -- Installing: /home/robocatsorin/Desktop/RobotCode2025/ros2_ws/install/custom_interfaces/lib/libcustom_interfaces__rosidl_typesupport_fastrtps_cpp.so
[14.902s] -- Set runtime path of "/home/robocatsorin/Desktop/RobotCode2025/ros2_ws/install/custom_interfaces/lib/libcustom_interfaces__rosidl_typesupport_fastrtps_cpp.so" to ""
[14.902s] -- Up-to-date: /home/robocatsorin/Desktop/RobotCode2025/ros2_ws/install/custom_interfaces/include/custom_interfaces/custom_interfaces
[14.902s] -- Up-to-date: /home/robocatsorin/Desktop/RobotCode2025/ros2_ws/install/custom_interfaces/include/custom_interfaces/custom_interfaces/action
[14.903s] -- Up-to-date: /home/robocatsorin/Desktop/RobotCode2025/ros2_ws/install/custom_interfaces/include/custom_interfaces/custom_interfaces/action/detail
[14.903s] -- Installing: /home/robocatsorin/Desktop/RobotCode2025/ros2_ws/install/custom_interfaces/include/custom_interfaces/custom_interfaces/action/detail/detection_action__type_support.c
[14.903s] -- Installing: /home/robocatsorin/Desktop/RobotCode2025/ros2_ws/install/custom_interfaces/include/custom_interfaces/custom_interfaces/action/detail/detection_action__rosidl_typesupport_introspection_c.h
[14.903s] -- Up-to-date: /home/robocatsorin/Desktop/RobotCode2025/ros2_ws/install/custom_interfaces/include/custom_interfaces/custom_interfaces/srv
[14.903s] -- Up-to-date: /home/robocatsorin/Desktop/RobotCode2025/ros2_ws/install/custom_interfaces/include/custom_interfaces/custom_interfaces/srv/detail
[14.903s] -- Installing: /home/robocatsorin/Desktop/RobotCode2025/ros2_ws/install/custom_interfaces/include/custom_interfaces/custom_interfaces/srv/detail/detection_service__type_support.c
[14.903s] -- Installing: /home/robocatsorin/Desktop/RobotCode2025/ros2_ws/install/custom_interfaces/include/custom_interfaces/custom_interfaces/srv/detail/detection_service__rosidl_typesupport_introspection_c.h
[14.904s] -- Up-to-date: /home/robocatsorin/Desktop/RobotCode2025/ros2_ws/install/custom_interfaces/include/custom_interfaces/custom_interfaces/msg
[14.904s] -- Up-to-date: /home/robocatsorin/Desktop/RobotCode2025/ros2_ws/install/custom_interfaces/include/custom_interfaces/custom_interfaces/msg/detail
[14.904s] -- Installing: /home/robocatsorin/Desktop/RobotCode2025/ros2_ws/install/custom_interfaces/include/custom_interfaces/custom_interfaces/msg/detail/bounding_box__rosidl_typesupport_introspection_c.h
[14.904s] -- Installing: /home/robocatsorin/Desktop/RobotCode2025/ros2_ws/install/custom_interfaces/include/custom_interfaces/custom_interfaces/msg/detail/detection_buffer__rosidl_typesupport_introspection_c.h
[14.904s] -- Installing: /home/robocatsorin/Desktop/RobotCode2025/ros2_ws/install/custom_interfaces/include/custom_interfaces/custom_interfaces/msg/detail/motion_goal__type_support.c
[14.904s] -- Installing: /home/robocatsorin/Desktop/RobotCode2025/ros2_ws/install/custom_interfaces/include/custom_interfaces/custom_interfaces/msg/detail/bounding_box__type_support.c
[14.905s] -- Installing: /home/robocatsorin/Desktop/RobotCode2025/ros2_ws/install/custom_interfaces/include/custom_interfaces/custom_interfaces/msg/detail/motion_goal__rosidl_typesupport_introspection_c.h
[14.905s] -- Installing: /home/robocatsorin/Desktop/RobotCode2025/ros2_ws/install/custom_interfaces/include/custom_interfaces/custom_interfaces/msg/detail/motor_command__rosidl_typesupport_introspection_c.h
[14.905s] -- Installing: /home/robocatsorin/Desktop/RobotCode2025/ros2_ws/install/custom_interfaces/include/custom_interfaces/custom_interfaces/msg/detail/imu_data__type_support.c
[14.905s] -- Installing: /home/robocatsorin/Desktop/RobotCode2025/ros2_ws/install/custom_interfaces/include/custom_interfaces/custom_interfaces/msg/detail/depth_report__type_support.c
[14.905s] -- Installing: /home/robocatsorin/Desktop/RobotCode2025/ros2_ws/install/custom_interfaces/include/custom_interfaces/custom_interfaces/msg/detail/motor_command__type_support.c
[14.906s] -- Installing: /home/robocatsorin/Desktop/RobotCode2025/ros2_ws/install/custom_interfaces/include/custom_interfaces/custom_interfaces/msg/detail/depth_report__rosidl_typesupport_introspection_c.h
[14.906s] -- Installing: /home/robocatsorin/Desktop/RobotCode2025/ros2_ws/install/custom_interfaces/include/custom_interfaces/custom_interfaces/msg/detail/imu_data__rosidl_typesupport_introspection_c.h
[14.906s] -- Installing: /home/robocatsorin/Desktop/RobotCode2025/ros2_ws/install/custom_interfaces/include/custom_interfaces/custom_interfaces/msg/detail/detection_buffer__type_support.c
[14.907s] -- Up-to-date: /home/robocatsorin/Desktop/RobotCode2025/ros2_ws/install/custom_interfaces/include/custom_interfaces/custom_interfaces/msg/rosidl_typesupport_introspection_c__visibility_control.h
[14.907s] -- Installing: /home/robocatsorin/Desktop/RobotCode2025/ros2_ws/install/custom_interfaces/lib/libcustom_interfaces__rosidl_typesupport_introspection_c.so
[14.908s] -- Set runtime path of "/home/robocatsorin/Desktop/RobotCode2025/ros2_ws/install/custom_interfaces/lib/libcustom_interfaces__rosidl_typesupport_introspection_c.so" to ""
[14.908s] -- Installing: /home/robocatsorin/Desktop/RobotCode2025/ros2_ws/install/custom_interfaces/lib/libcustom_interfaces__rosidl_typesupport_c.so
[14.909s] -- Set runtime path of "/home/robocatsorin/Desktop/RobotCode2025/ros2_ws/install/custom_interfaces/lib/libcustom_interfaces__rosidl_typesupport_c.so" to ""
[14.909s] -- Up-to-date: /home/robocatsorin/Desktop/RobotCode2025/ros2_ws/install/custom_interfaces/include/custom_interfaces/custom_interfaces
[14.909s] -- Up-to-date: /home/robocatsorin/Desktop/RobotCode2025/ros2_ws/install/custom_interfaces/include/custom_interfaces/custom_interfaces/action
[14.909s] -- Up-to-date: /home/robocatsorin/Desktop/RobotCode2025/ros2_ws/install/custom_interfaces/include/custom_interfaces/custom_interfaces/action/detail
[14.909s] -- Installing: /home/robocatsorin/Desktop/RobotCode2025/ros2_ws/install/custom_interfaces/include/custom_interfaces/custom_interfaces/action/detail/detection_action__type_support.cpp
[14.909s] -- Installing: /home/robocatsorin/Desktop/RobotCode2025/ros2_ws/install/custom_interfaces/include/custom_interfaces/custom_interfaces/action/detail/detection_action__rosidl_typesupport_introspection_cpp.hpp
[14.909s] -- Up-to-date: /home/robocatsorin/Desktop/RobotCode2025/ros2_ws/install/custom_interfaces/include/custom_interfaces/custom_interfaces/srv
[14.910s] -- Up-to-date: /home/robocatsorin/Desktop/RobotCode2025/ros2_ws/install/custom_interfaces/include/custom_interfaces/custom_interfaces/srv/detail
[14.910s] -- Installing: /home/robocatsorin/Desktop/RobotCode2025/ros2_ws/install/custom_interfaces/include/custom_interfaces/custom_interfaces/srv/detail/detection_service__type_support.cpp
[14.910s] -- Installing: /home/robocatsorin/Desktop/RobotCode2025/ros2_ws/install/custom_interfaces/include/custom_interfaces/custom_interfaces/srv/detail/detection_service__rosidl_typesupport_introspection_cpp.hpp
[14.910s] -- Up-to-date: /home/robocatsorin/Desktop/RobotCode2025/ros2_ws/install/custom_interfaces/include/custom_interfaces/custom_interfaces/msg
[14.910s] -- Up-to-date: /home/robocatsorin/Desktop/RobotCode2025/ros2_ws/install/custom_interfaces/include/custom_interfaces/custom_interfaces/msg/detail
[14.910s] -- Installing: /home/robocatsorin/Desktop/RobotCode2025/ros2_ws/install/custom_interfaces/include/custom_interfaces/custom_interfaces/msg/detail/motor_command__type_support.cpp
[14.910s] -- Installing: /home/robocatsorin/Desktop/RobotCode2025/ros2_ws/install/custom_interfaces/include/custom_interfaces/custom_interfaces/msg/detail/depth_report__rosidl_typesupport_introspection_cpp.hpp
[14.911s] -- Installing: /home/robocatsorin/Desktop/RobotCode2025/ros2_ws/install/custom_interfaces/include/custom_interfaces/custom_interfaces/msg/detail/bounding_box__type_support.cpp
[14.911s] -- Installing: /home/robocatsorin/Desktop/RobotCode2025/ros2_ws/install/custom_interfaces/include/custom_interfaces/custom_interfaces/msg/detail/detection_buffer__rosidl_typesupport_introspection_cpp.hpp
[14.911s] -- Installing: /home/robocatsorin/Desktop/RobotCode2025/ros2_ws/install/custom_interfaces/include/custom_interfaces/custom_interfaces/msg/detail/bounding_box__rosidl_typesupport_introspection_cpp.hpp
[14.911s] -- Installing: /home/robocatsorin/Desktop/RobotCode2025/ros2_ws/install/custom_interfaces/include/custom_interfaces/custom_interfaces/msg/detail/imu_data__rosidl_typesupport_introspection_cpp.hpp
[14.912s] -- Installing: /home/robocatsorin/Desktop/RobotCode2025/ros2_ws/install/custom_interfaces/include/custom_interfaces/custom_interfaces/msg/detail/motor_command__rosidl_typesupport_introspection_cpp.hpp
[14.912s] -- Installing: /home/robocatsorin/Desktop/RobotCode2025/ros2_ws/install/custom_interfaces/include/custom_interfaces/custom_interfaces/msg/detail/detection_buffer__type_support.cpp
[14.912s] -- Installing: /home/robocatsorin/Desktop/RobotCode2025/ros2_ws/install/custom_interfaces/include/custom_interfaces/custom_interfaces/msg/detail/motion_goal__type_support.cpp
[14.912s] -- Installing: /home/robocatsorin/Desktop/RobotCode2025/ros2_ws/install/custom_interfaces/include/custom_interfaces/custom_interfaces/msg/detail/depth_report__type_support.cpp
[14.912s] -- Installing: /home/robocatsorin/Desktop/RobotCode2025/ros2_ws/install/custom_interfaces/include/custom_interfaces/custom_interfaces/msg/detail/imu_data__type_support.cpp
[14.913s] -- Installing: /home/robocatsorin/Desktop/RobotCode2025/ros2_ws/install/custom_interfaces/include/custom_interfaces/custom_interfaces/msg/detail/motion_goal__rosidl_typesupport_introspection_cpp.hpp
[14.913s] -- Installing: /home/robocatsorin/Desktop/RobotCode2025/ros2_ws/install/custom_interfaces/lib/libcustom_interfaces__rosidl_typesupport_introspection_cpp.so
[14.914s] -- Set runtime path of "/home/robocatsorin/Desktop/RobotCode2025/ros2_ws/install/custom_interfaces/lib/libcustom_interfaces__rosidl_typesupport_introspection_cpp.so" to ""
[14.915s] -- Installing: /home/robocatsorin/Desktop/RobotCode2025/ros2_ws/install/custom_interfaces/lib/libcustom_interfaces__rosidl_typesupport_cpp.so
[14.915s] -- Set runtime path of "/home/robocatsorin/Desktop/RobotCode2025/ros2_ws/install/custom_interfaces/lib/libcustom_interfaces__rosidl_typesupport_cpp.so" to ""
[14.915s] -- Up-to-date: /home/robocatsorin/Desktop/RobotCode2025/ros2_ws/install/custom_interfaces/share/custom_interfaces/environment/pythonpath.sh
[14.916s] -- Installing: /home/robocatsorin/Desktop/RobotCode2025/ros2_ws/install/custom_interfaces/share/custom_interfaces/environment/pythonpath.dsv
[14.916s] -- Up-to-date: /home/robocatsorin/Desktop/RobotCode2025/ros2_ws/install/custom_interfaces/local/lib/python3.10/dist-packages/custom_interfaces-0.0.0-py3.10.egg-info
[14.916s] -- Installing: /home/robocatsorin/Desktop/RobotCode2025/ros2_ws/install/custom_interfaces/local/lib/python3.10/dist-packages/custom_interfaces-0.0.0-py3.10.egg-info/dependency_links.txt
[14.916s] -- Installing: /home/robocatsorin/Desktop/RobotCode2025/ros2_ws/install/custom_interfaces/local/lib/python3.10/dist-packages/custom_interfaces-0.0.0-py3.10.egg-info/SOURCES.txt
[14.916s] -- Installing: /home/robocatsorin/Desktop/RobotCode2025/ros2_ws/install/custom_interfaces/local/lib/python3.10/dist-packages/custom_interfaces-0.0.0-py3.10.egg-info/top_level.txt
[14.916s] -- Installing: /home/robocatsorin/Desktop/RobotCode2025/ros2_ws/install/custom_interfaces/local/lib/python3.10/dist-packages/custom_interfaces-0.0.0-py3.10.egg-info/PKG-INFO
[14.917s] -- Up-to-date: /home/robocatsorin/Desktop/RobotCode2025/ros2_ws/install/custom_interfaces/local/lib/python3.10/dist-packages/custom_interfaces
[14.917s] -- Installing: /home/robocatsorin/Desktop/RobotCode2025/ros2_ws/install/custom_interfaces/local/lib/python3.10/dist-packages/custom_interfaces/custom_interfaces_s__rosidl_typesupport_c.cpython-310-aarch64-linux-gnu.so
[14.917s] -- Installing: /home/robocatsorin/Desktop/RobotCode2025/ros2_ws/install/custom_interfaces/local/lib/python3.10/dist-packages/custom_interfaces/_custom_interfaces_s.ep.rosidl_typesupport_fastrtps_c.c
[14.918s] -- Installing: /home/robocatsorin/Desktop/RobotCode2025/ros2_ws/install/custom_interfaces/local/lib/python3.10/dist-packages/custom_interfaces/__init__.py
[14.918s] -- Installing: /home/robocatsorin/Desktop/RobotCode2025/ros2_ws/install/custom_interfaces/local/lib/python3.10/dist-packages/custom_interfaces/custom_interfaces_s__rosidl_typesupport_introspection_c.cpython-310-aarch64-linux-gnu.so
[14.918s] -- Installing: /home/robocatsorin/Desktop/RobotCode2025/ros2_ws/install/custom_interfaces/local/lib/python3.10/dist-packages/custom_interfaces/_custom_interfaces_s.ep.rosidl_typesupport_introspection_c.c
[14.919s] -- Up-to-date: /home/robocatsorin/Desktop/RobotCode2025/ros2_ws/install/custom_interfaces/local/lib/python3.10/dist-packages/custom_interfaces/action
[14.919s] -- Installing: /home/robocatsorin/Desktop/RobotCode2025/ros2_ws/install/custom_interfaces/local/lib/python3.10/dist-packages/custom_interfaces/action/__init__.py
[14.919s] -- Installing: /home/robocatsorin/Desktop/RobotCode2025/ros2_ws/install/custom_interfaces/local/lib/python3.10/dist-packages/custom_interfaces/action/_detection_action.py
[14.919s] -- Installing: /home/robocatsorin/Desktop/RobotCode2025/ros2_ws/install/custom_interfaces/local/lib/python3.10/dist-packages/custom_interfaces/action/_detection_action_s.c
[14.919s] -- Up-to-date: /home/robocatsorin/Desktop/RobotCode2025/ros2_ws/install/custom_interfaces/local/lib/python3.10/dist-packages/custom_interfaces/srv
[14.920s] -- Installing: /home/robocatsorin/Desktop/RobotCode2025/ros2_ws/install/custom_interfaces/local/lib/python3.10/dist-packages/custom_interfaces/srv/__init__.py
[14.920s] -- Installing: /home/robocatsorin/Desktop/RobotCode2025/ros2_ws/install/custom_interfaces/local/lib/python3.10/dist-packages/custom_interfaces/srv/_detection_service_s.c
[14.920s] -- Installing: /home/robocatsorin/Desktop/RobotCode2025/ros2_ws/install/custom_interfaces/local/lib/python3.10/dist-packages/custom_interfaces/srv/_detection_service.py
[14.920s] -- Installing: /home/robocatsorin/Desktop/RobotCode2025/ros2_ws/install/custom_interfaces/local/lib/python3.10/dist-packages/custom_interfaces/libcustom_interfaces__rosidl_generator_py.so
[14.921s] -- Up-to-date: /home/robocatsorin/Desktop/RobotCode2025/ros2_ws/install/custom_interfaces/local/lib/python3.10/dist-packages/custom_interfaces/msg
[14.921s] -- Installing: /home/robocatsorin/Desktop/RobotCode2025/ros2_ws/install/custom_interfaces/local/lib/python3.10/dist-packages/custom_interfaces/msg/_bounding_box_s.c
[14.921s] -- Installing: /home/robocatsorin/Desktop/RobotCode2025/ros2_ws/install/custom_interfaces/local/lib/python3.10/dist-packages/custom_interfaces/msg/_imu_data.py
[14.921s] -- Installing: /home/robocatsorin/Desktop/RobotCode2025/ros2_ws/install/custom_interfaces/local/lib/python3.10/dist-packages/custom_interfaces/msg/_motion_goal.py
[14.921s] -- Installing: /home/robocatsorin/Desktop/RobotCode2025/ros2_ws/install/custom_interfaces/local/lib/python3.10/dist-packages/custom_interfaces/msg/_imu_data_s.c
[14.922s] -- Installing: /home/robocatsorin/Desktop/RobotCode2025/ros2_ws/install/custom_interfaces/local/lib/python3.10/dist-packages/custom_interfaces/msg/__init__.py
[14.922s] -- Installing: /home/robocatsorin/Desktop/RobotCode2025/ros2_ws/install/custom_interfaces/local/lib/python3.10/dist-packages/custom_interfaces/msg/_motor_command_s.c
[14.922s] -- Installing: /home/robocatsorin/Desktop/RobotCode2025/ros2_ws/install/custom_interfaces/local/lib/python3.10/dist-packages/custom_interfaces/msg/_motion_goal_s.c
[14.922s] -- Installing: /home/robocatsorin/Desktop/RobotCode2025/ros2_ws/install/custom_interfaces/local/lib/python3.10/dist-packages/custom_interfaces/msg/_motor_command.py
[14.923s] -- Installing: /home/robocatsorin/Desktop/RobotCode2025/ros2_ws/install/custom_interfaces/local/lib/python3.10/dist-packages/custom_interfaces/msg/_depth_report.py
[14.923s] -- Installing: /home/robocatsorin/Desktop/RobotCode2025/ros2_ws/install/custom_interfaces/local/lib/python3.10/dist-packages/custom_interfaces/msg/_detection_buffer.py
[14.923s] -- Installing: /home/robocatsorin/Desktop/RobotCode2025/ros2_ws/install/custom_interfaces/local/lib/python3.10/dist-packages/custom_interfaces/msg/_detection_buffer_s.c
[14.923s] -- Installing: /home/robocatsorin/Desktop/RobotCode2025/ros2_ws/install/custom_interfaces/local/lib/python3.10/dist-packages/custom_interfaces/msg/_depth_report_s.c
[14.923s] -- Installing: /home/robocatsorin/Desktop/RobotCode2025/ros2_ws/install/custom_interfaces/local/lib/python3.10/dist-packages/custom_interfaces/msg/_bounding_box.py
[14.924s] -- Installing: /home/robocatsorin/Desktop/RobotCode2025/ros2_ws/install/custom_interfaces/local/lib/python3.10/dist-packages/custom_interfaces/custom_interfaces_s__rosidl_typesupport_fastrtps_c.cpython-310-aarch64-linux-gnu.so
[14.924s] -- Installing: /home/robocatsorin/Desktop/RobotCode2025/ros2_ws/install/custom_interfaces/local/lib/python3.10/dist-packages/custom_interfaces/_custom_interfaces_s.ep.rosidl_typesupport_c.c
[15.018s] Listing '/home/robocatsorin/Desktop/RobotCode2025/ros2_ws/install/custom_interfaces/local/lib/python3.10/dist-packages/custom_interfaces'...
[15.019s] Compiling '/home/robocatsorin/Desktop/RobotCode2025/ros2_ws/install/custom_interfaces/local/lib/python3.10/dist-packages/custom_interfaces/__init__.py'...
[15.019s] Listing '/home/robocatsorin/Desktop/RobotCode2025/ros2_ws/install/custom_interfaces/local/lib/python3.10/dist-packages/custom_interfaces/action'...
[15.019s] Compiling '/home/robocatsorin/Desktop/RobotCode2025/ros2_ws/install/custom_interfaces/local/lib/python3.10/dist-packages/custom_interfaces/action/__init__.py'...
[15.019s] Compiling '/home/robocatsorin/Desktop/RobotCode2025/ros2_ws/install/custom_interfaces/local/lib/python3.10/dist-packages/custom_interfaces/action/_detection_action.py'...
[15.019s] Listing '/home/robocatsorin/Desktop/RobotCode2025/ros2_ws/install/custom_interfaces/local/lib/python3.10/dist-packages/custom_interfaces/msg'...
[15.019s] Compiling '/home/robocatsorin/Desktop/RobotCode2025/ros2_ws/install/custom_interfaces/local/lib/python3.10/dist-packages/custom_interfaces/msg/__init__.py'...
[15.019s] Compiling '/home/robocatsorin/Desktop/RobotCode2025/ros2_ws/install/custom_interfaces/local/lib/python3.10/dist-packages/custom_interfaces/msg/_bounding_box.py'...
[15.019s] Compiling '/home/robocatsorin/Desktop/RobotCode2025/ros2_ws/install/custom_interfaces/local/lib/python3.10/dist-packages/custom_interfaces/msg/_depth_report.py'...
[15.020s] Compiling '/home/robocatsorin/Desktop/RobotCode2025/ros2_ws/install/custom_interfaces/local/lib/python3.10/dist-packages/custom_interfaces/msg/_detection_buffer.py'...
[15.020s] Compiling '/home/robocatsorin/Desktop/RobotCode2025/ros2_ws/install/custom_interfaces/local/lib/python3.10/dist-packages/custom_interfaces/msg/_imu_data.py'...
[15.020s] Compiling '/home/robocatsorin/Desktop/RobotCode2025/ros2_ws/install/custom_interfaces/local/lib/python3.10/dist-packages/custom_interfaces/msg/_motion_goal.py'...
[15.020s] Compiling '/home/robocatsorin/Desktop/RobotCode2025/ros2_ws/install/custom_interfaces/local/lib/python3.10/dist-packages/custom_interfaces/msg/_motor_command.py'...
[15.020s] Listing '/home/robocatsorin/Desktop/RobotCode2025/ros2_ws/install/custom_interfaces/local/lib/python3.10/dist-packages/custom_interfaces/srv'...
[15.020s] Compiling '/home/robocatsorin/Desktop/RobotCode2025/ros2_ws/install/custom_interfaces/local/lib/python3.10/dist-packages/custom_interfaces/srv/__init__.py'...
[15.020s] Compiling '/home/robocatsorin/Desktop/RobotCode2025/ros2_ws/install/custom_interfaces/local/lib/python3.10/dist-packages/custom_interfaces/srv/_detection_service.py'...
[15.031s] -- Installing: /home/robocatsorin/Desktop/RobotCode2025/ros2_ws/install/custom_interfaces/local/lib/python3.10/dist-packages/custom_interfaces/custom_interfaces_s__rosidl_typesupport_fastrtps_c.cpython-310-aarch64-linux-gnu.so
[15.032s] -- Set runtime path of "/home/robocatsorin/Desktop/RobotCode2025/ros2_ws/install/custom_interfaces/local/lib/python3.10/dist-packages/custom_interfaces/custom_interfaces_s__rosidl_typesupport_fastrtps_c.cpython-310-aarch64-linux-gnu.so" to ""
[15.032s] -- Installing: /home/robocatsorin/Desktop/RobotCode2025/ros2_ws/install/custom_interfaces/local/lib/python3.10/dist-packages/custom_interfaces/custom_interfaces_s__rosidl_typesupport_introspection_c.cpython-310-aarch64-linux-gnu.so
[15.033s] -- Set runtime path of "/home/robocatsorin/Desktop/RobotCode2025/ros2_ws/install/custom_interfaces/local/lib/python3.10/dist-packages/custom_interfaces/custom_interfaces_s__rosidl_typesupport_introspection_c.cpython-310-aarch64-linux-gnu.so" to ""
[15.033s] -- Installing: /home/robocatsorin/Desktop/RobotCode2025/ros2_ws/install/custom_interfaces/local/lib/python3.10/dist-packages/custom_interfaces/custom_interfaces_s__rosidl_typesupport_c.cpython-310-aarch64-linux-gnu.so
[15.034s] -- Set runtime path of "/home/robocatsorin/Desktop/RobotCode2025/ros2_ws/install/custom_interfaces/local/lib/python3.10/dist-packages/custom_interfaces/custom_interfaces_s__rosidl_typesupport_c.cpython-310-aarch64-linux-gnu.so" to ""
[15.034s] -- Installing: /home/robocatsorin/Desktop/RobotCode2025/ros2_ws/install/custom_interfaces/lib/libcustom_interfaces__rosidl_generator_py.so
[15.035s] -- Set runtime path of "/home/robocatsorin/Desktop/RobotCode2025/ros2_ws/install/custom_interfaces/lib/libcustom_interfaces__rosidl_generator_py.so" to ""
[15.035s] -- Up-to-date: /home/robocatsorin/Desktop/RobotCode2025/ros2_ws/install/custom_interfaces/share/custom_interfaces/msg/ImuData.idl
[15.036s] -- Up-to-date: /home/robocatsorin/Desktop/RobotCode2025/ros2_ws/install/custom_interfaces/share/custom_interfaces/msg/DepthReport.idl
[15.036s] -- Up-to-date: /home/robocatsorin/Desktop/RobotCode2025/ros2_ws/install/custom_interfaces/share/custom_interfaces/msg/MotionGoal.idl
[15.036s] -- Up-to-date: /home/robocatsorin/Desktop/RobotCode2025/ros2_ws/install/custom_interfaces/share/custom_interfaces/msg/MotorCommand.idl
[15.036s] -- Up-to-date: /home/robocatsorin/Desktop/RobotCode2025/ros2_ws/install/custom_interfaces/share/custom_interfaces/msg/BoundingBox.idl
[15.036s] -- Up-to-date: /home/robocatsorin/Desktop/RobotCode2025/ros2_ws/install/custom_interfaces/share/custom_interfaces/msg/DetectionBuffer.idl
[15.036s] -- Up-to-date: /home/robocatsorin/Desktop/RobotCode2025/ros2_ws/install/custom_interfaces/share/custom_interfaces/srv/DetectionService.idl
[15.036s] -- Installing: /home/robocatsorin/Desktop/RobotCode2025/ros2_ws/install/custom_interfaces/share/custom_interfaces/action/DetectionAction.idl
[15.037s] -- Up-to-date: /home/robocatsorin/Desktop/RobotCode2025/ros2_ws/install/custom_interfaces/share/custom_interfaces/msg/ImuData.msg
[15.037s] -- Up-to-date: /home/robocatsorin/Desktop/RobotCode2025/ros2_ws/install/custom_interfaces/share/custom_interfaces/msg/DepthReport.msg
[15.037s] -- Up-to-date: /home/robocatsorin/Desktop/RobotCode2025/ros2_ws/install/custom_interfaces/share/custom_interfaces/msg/MotionGoal.msg
[15.037s] -- Up-to-date: /home/robocatsorin/Desktop/RobotCode2025/ros2_ws/install/custom_interfaces/share/custom_interfaces/msg/MotorCommand.msg
[15.037s] -- Up-to-date: /home/robocatsorin/Desktop/RobotCode2025/ros2_ws/install/custom_interfaces/share/custom_interfaces/msg/BoundingBox.msg
[15.037s] -- Up-to-date: /home/robocatsorin/Desktop/RobotCode2025/ros2_ws/install/custom_interfaces/share/custom_interfaces/msg/DetectionBuffer.msg
[15.037s] -- Up-to-date: /home/robocatsorin/Desktop/RobotCode2025/ros2_ws/install/custom_interfaces/share/custom_interfaces/srv/DetectionService.srv
[15.038s] -- Up-to-date: /home/robocatsorin/Desktop/RobotCode2025/ros2_ws/install/custom_interfaces/share/custom_interfaces/srv/DetectionService_Request.msg
[15.038s] -- Up-to-date: /home/robocatsorin/Desktop/RobotCode2025/ros2_ws/install/custom_interfaces/share/custom_interfaces/srv/DetectionService_Response.msg
[15.038s] -- Installing: /home/robocatsorin/Desktop/RobotCode2025/ros2_ws/install/custom_interfaces/share/custom_interfaces/action/DetectionAction.action
[15.038s] -- Up-to-date: /home/robocatsorin/Desktop/RobotCode2025/ros2_ws/install/custom_interfaces/share/ament_index/resource_index/package_run_dependencies/custom_interfaces
[15.038s] -- Installing: /home/robocatsorin/Desktop/RobotCode2025/ros2_ws/install/custom_interfaces/share/ament_index/resource_index/parent_prefix_path/custom_interfaces
[15.038s] -- Up-to-date: /home/robocatsorin/Desktop/RobotCode2025/ros2_ws/install/custom_interfaces/share/custom_interfaces/environment/ament_prefix_path.sh
[15.038s] -- Installing: /home/robocatsorin/Desktop/RobotCode2025/ros2_ws/install/custom_interfaces/share/custom_interfaces/environment/ament_prefix_path.dsv
[15.039s] -- Up-to-date: /home/robocatsorin/Desktop/RobotCode2025/ros2_ws/install/custom_interfaces/share/custom_interfaces/environment/path.sh
[15.039s] -- Installing: /home/robocatsorin/Desktop/RobotCode2025/ros2_ws/install/custom_interfaces/share/custom_interfaces/environment/path.dsv
[15.039s] -- Up-to-date: /home/robocatsorin/Desktop/RobotCode2025/ros2_ws/install/custom_interfaces/share/custom_interfaces/local_setup.bash
[15.039s] -- Up-to-date: /home/robocatsorin/Desktop/RobotCode2025/ros2_ws/install/custom_interfaces/share/custom_interfaces/local_setup.sh
[15.039s] -- Up-to-date: /home/robocatsorin/Desktop/RobotCode2025/ros2_ws/install/custom_interfaces/share/custom_interfaces/local_setup.zsh
[15.039s] -- Installing: /home/robocatsorin/Desktop/RobotCode2025/ros2_ws/install/custom_interfaces/share/custom_interfaces/local_setup.dsv
[15.039s] -- Installing: /home/robocatsorin/Desktop/RobotCode2025/ros2_ws/install/custom_interfaces/share/custom_interfaces/package.dsv
[15.040s] -- Up-to-date: /home/robocatsorin/Desktop/RobotCode2025/ros2_ws/install/custom_interfaces/share/ament_index/resource_index/packages/custom_interfaces
[15.040s] -- Up-to-date: /home/robocatsorin/Desktop/RobotCode2025/ros2_ws/install/custom_interfaces/share/custom_interfaces/cmake/export_custom_interfaces__rosidl_generator_cExport.cmake
[15.040s] -- Up-to-date: /home/robocatsorin/Desktop/RobotCode2025/ros2_ws/install/custom_interfaces/share/custom_interfaces/cmake/export_custom_interfaces__rosidl_generator_cExport-noconfig.cmake
[15.040s] -- Up-to-date: /home/robocatsorin/Desktop/RobotCode2025/ros2_ws/install/custom_interfaces/share/custom_interfaces/cmake/export_custom_interfaces__rosidl_typesupport_fastrtps_cExport.cmake
[15.040s] -- Up-to-date: /home/robocatsorin/Desktop/RobotCode2025/ros2_ws/install/custom_interfaces/share/custom_interfaces/cmake/export_custom_interfaces__rosidl_typesupport_fastrtps_cExport-noconfig.cmake
[15.041s] -- Up-to-date: /home/robocatsorin/Desktop/RobotCode2025/ros2_ws/install/custom_interfaces/share/custom_interfaces/cmake/export_custom_interfaces__rosidl_generator_cppExport.cmake
[15.041s] -- Up-to-date: /home/robocatsorin/Desktop/RobotCode2025/ros2_ws/install/custom_interfaces/share/custom_interfaces/cmake/export_custom_interfaces__rosidl_typesupport_fastrtps_cppExport.cmake
[15.041s] -- Up-to-date: /home/robocatsorin/Desktop/RobotCode2025/ros2_ws/install/custom_interfaces/share/custom_interfaces/cmake/export_custom_interfaces__rosidl_typesupport_fastrtps_cppExport-noconfig.cmake
[15.041s] -- Up-to-date: /home/robocatsorin/Desktop/RobotCode2025/ros2_ws/install/custom_interfaces/share/custom_interfaces/cmake/custom_interfaces__rosidl_typesupport_introspection_cExport.cmake
[15.041s] -- Up-to-date: /home/robocatsorin/Desktop/RobotCode2025/ros2_ws/install/custom_interfaces/share/custom_interfaces/cmake/custom_interfaces__rosidl_typesupport_introspection_cExport-noconfig.cmake
[15.041s] -- Up-to-date: /home/robocatsorin/Desktop/RobotCode2025/ros2_ws/install/custom_interfaces/share/custom_interfaces/cmake/custom_interfaces__rosidl_typesupport_cExport.cmake
[15.041s] -- Up-to-date: /home/robocatsorin/Desktop/RobotCode2025/ros2_ws/install/custom_interfaces/share/custom_interfaces/cmake/custom_interfaces__rosidl_typesupport_cExport-noconfig.cmake
[15.042s] -- Up-to-date: /home/robocatsorin/Desktop/RobotCode2025/ros2_ws/install/custom_interfaces/share/custom_interfaces/cmake/custom_interfaces__rosidl_typesupport_introspection_cppExport.cmake
[15.042s] -- Up-to-date: /home/robocatsorin/Desktop/RobotCode2025/ros2_ws/install/custom_interfaces/share/custom_interfaces/cmake/custom_interfaces__rosidl_typesupport_introspection_cppExport-noconfig.cmake
[15.042s] -- Up-to-date: /home/robocatsorin/Desktop/RobotCode2025/ros2_ws/install/custom_interfaces/share/custom_interfaces/cmake/custom_interfaces__rosidl_typesupport_cppExport.cmake
[15.042s] -- Up-to-date: /home/robocatsorin/Desktop/RobotCode2025/ros2_ws/install/custom_interfaces/share/custom_interfaces/cmake/custom_interfaces__rosidl_typesupport_cppExport-noconfig.cmake
[15.042s] -- Up-to-date: /home/robocatsorin/Desktop/RobotCode2025/ros2_ws/install/custom_interfaces/share/custom_interfaces/cmake/export_custom_interfaces__rosidl_generator_pyExport.cmake
[15.042s] -- Up-to-date: /home/robocatsorin/Desktop/RobotCode2025/ros2_ws/install/custom_interfaces/share/custom_interfaces/cmake/export_custom_interfaces__rosidl_generator_pyExport-noconfig.cmake
[15.043s] -- Up-to-date: /home/robocatsorin/Desktop/RobotCode2025/ros2_ws/install/custom_interfaces/share/custom_interfaces/cmake/rosidl_cmake-extras.cmake
[15.043s] -- Up-to-date: /home/robocatsorin/Desktop/RobotCode2025/ros2_ws/install/custom_interfaces/share/custom_interfaces/cmake/ament_cmake_export_dependencies-extras.cmake
[15.043s] -- Up-to-date: /home/robocatsorin/Desktop/RobotCode2025/ros2_ws/install/custom_interfaces/share/custom_interfaces/cmake/ament_cmake_export_include_directories-extras.cmake
[15.043s] -- Up-to-date: /home/robocatsorin/Desktop/RobotCode2025/ros2_ws/install/custom_interfaces/share/custom_interfaces/cmake/ament_cmake_export_libraries-extras.cmake
[15.043s] -- Up-to-date: /home/robocatsorin/Desktop/RobotCode2025/ros2_ws/install/custom_interfaces/share/custom_interfaces/cmake/ament_cmake_export_targets-extras.cmake
[15.043s] -- Up-to-date: /home/robocatsorin/Desktop/RobotCode2025/ros2_ws/install/custom_interfaces/share/custom_interfaces/cmake/rosidl_cmake_export_typesupport_targets-extras.cmake
[15.043s] -- Up-to-date: /home/robocatsorin/Desktop/RobotCode2025/ros2_ws/install/custom_interfaces/share/custom_interfaces/cmake/rosidl_cmake_export_typesupport_libraries-extras.cmake
[15.044s] -- Up-to-date: /home/robocatsorin/Desktop/RobotCode2025/ros2_ws/install/custom_interfaces/share/custom_interfaces/cmake/custom_interfacesConfig.cmake
[15.044s] -- Up-to-date: /home/robocatsorin/Desktop/RobotCode2025/ros2_ws/install/custom_interfaces/share/custom_interfaces/cmake/custom_interfacesConfig-version.cmake
[15.044s] -- Up-to-date: /home/robocatsorin/Desktop/RobotCode2025/ros2_ws/install/custom_interfaces/share/custom_interfaces/package.xml
[15.049s] Invoked command in '/home/robocatsorin/Desktop/RobotCode2025/ros2_ws/build/custom_interfaces' returned '0': CMAKE_PREFIX_PATH=${CMAKE_PREFIX_PATH}:/home/robocatsorin/Desktop/RobotCode2025/ros2_ws/install/py_sensors:/home/robocatsorin/Desktop/RobotCode2025/ros2_ws/install/py_objectdetection:/home/robocatsorin/Desktop/RobotCode2025/ros2_ws/install/py_motors:/opt/ros/humble /usr/bin/cmake --install /home/robocatsorin/Desktop/RobotCode2025/ros2_ws/build/custom_interfaces
