[0.172s] DEBUG:colcon:Command line arguments: ['/usr/bin/colcon', 'build', '--packages-select', 'py_objectdetection']
[0.172s] DEBUG:colcon:Parsed command line arguments: Namespace(log_base=None, log_level=None, verb_name='build', build_base='build', install_base='install', merge_install=False, symlink_install=False, test_result_base=None, continue_on_error=False, executor='parallel', parallel_workers=12, event_handlers=None, ignore_user_meta=False, metas=['./colcon.meta'], base_paths=['.'], packages_ignore=None, packages_ignore_regex=None, paths=None, packages_up_to=None, packages_up_to_regex=None, packages_above=None, packages_above_and_dependencies=None, packages_above_depth=None, packages_select_by_dep=None, packages_skip_by_dep=None, packages_skip_up_to=None, packages_select_build_failed=False, packages_skip_build_finished=False, packages_select_test_failures=False, packages_skip_test_passed=False, packages_select=['py_objectdetection'], packages_skip=None, packages_select_regex=None, packages_skip_regex=None, packages_start=None, packages_end=None, allow_overriding=[], cmake_args=None, cmake_target=None, cmake_target_skip_unavailable=False, cmake_clean_cache=False, cmake_clean_first=False, cmake_force_configure=False, ament_cmake_args=None, catkin_cmake_args=None, catkin_skip_building_tests=False, verb_parser=<colcon_defaults.argument_parser.defaults.DefaultArgumentsDecorator object at 0xffffb6869ed0>, verb_extension=<colcon_core.verb.build.BuildVerb object at 0xffffb69fbca0>, main=<bound method BuildVerb.main of <colcon_core.verb.build.BuildVerb object at 0xffffb69fbca0>>)
[0.438s] Level 1:colcon.colcon_core.package_discovery:discover_packages(colcon_meta) check parameters
[0.438s] Level 1:colcon.colcon_core.package_discovery:discover_packages(recursive) check parameters
[0.438s] Level 1:colcon.colcon_core.package_discovery:discover_packages(ignore) check parameters
[0.438s] Level 1:colcon.colcon_core.package_discovery:discover_packages(path) check parameters
[0.438s] Level 1:colcon.colcon_core.package_discovery:discover_packages(colcon_meta) discover
[0.438s] Level 1:colcon.colcon_core.package_discovery:discover_packages(recursive) discover
[0.439s] INFO:colcon.colcon_core.package_discovery:Crawling recursively for packages in '/home/robocats/Desktop/RobotCode2025/ros2_ws'
[0.439s] Level 1:colcon.colcon_core.package_identification:_identify(.) by extensions ['ignore', 'ignore_ament_install']
[0.439s] Level 1:colcon.colcon_core.package_identification:_identify(.) by extension 'ignore'
[0.439s] Level 1:colcon.colcon_core.package_identification:_identify(.) by extension 'ignore_ament_install'
[0.439s] Level 1:colcon.colcon_core.package_identification:_identify(.) by extensions ['colcon_pkg']
[0.439s] Level 1:colcon.colcon_core.package_identification:_identify(.) by extension 'colcon_pkg'
[0.439s] Level 1:colcon.colcon_core.package_identification:_identify(.) by extensions ['colcon_meta']
[0.439s] Level 1:colcon.colcon_core.package_identification:_identify(.) by extension 'colcon_meta'
[0.440s] Level 1:colcon.colcon_core.package_identification:_identify(.) by extensions ['ros']
[0.440s] Level 1:colcon.colcon_core.package_identification:_identify(.) by extension 'ros'
[0.456s] Level 1:colcon.colcon_core.package_identification:_identify(.) by extensions ['cmake', 'python']
[0.456s] Level 1:colcon.colcon_core.package_identification:_identify(.) by extension 'cmake'
[0.457s] Level 1:colcon.colcon_core.package_identification:_identify(.) by extension 'python'
[0.457s] Level 1:colcon.colcon_core.package_identification:_identify(.) by extensions ['python_setup_py']
[0.457s] Level 1:colcon.colcon_core.package_identification:_identify(.) by extension 'python_setup_py'
[0.457s] Level 1:colcon.colcon_core.package_identification:_identify(build) by extensions ['ignore', 'ignore_ament_install']
[0.457s] Level 1:colcon.colcon_core.package_identification:_identify(build) by extension 'ignore'
[0.457s] Level 1:colcon.colcon_core.package_identification:_identify(build) ignored
[0.457s] Level 1:colcon.colcon_core.package_identification:_identify(install) by extensions ['ignore', 'ignore_ament_install']
[0.458s] Level 1:colcon.colcon_core.package_identification:_identify(install) by extension 'ignore'
[0.458s] Level 1:colcon.colcon_core.package_identification:_identify(install) ignored
[0.458s] Level 1:colcon.colcon_core.package_identification:_identify(launch) by extensions ['ignore', 'ignore_ament_install']
[0.458s] Level 1:colcon.colcon_core.package_identification:_identify(launch) by extension 'ignore'
[0.458s] Level 1:colcon.colcon_core.package_identification:_identify(launch) by extension 'ignore_ament_install'
[0.458s] Level 1:colcon.colcon_core.package_identification:_identify(launch) by extensions ['colcon_pkg']
[0.458s] Level 1:colcon.colcon_core.package_identification:_identify(launch) by extension 'colcon_pkg'
[0.458s] Level 1:colcon.colcon_core.package_identification:_identify(launch) by extensions ['colcon_meta']
[0.458s] Level 1:colcon.colcon_core.package_identification:_identify(launch) by extension 'colcon_meta'
[0.458s] Level 1:colcon.colcon_core.package_identification:_identify(launch) by extensions ['ros']
[0.458s] Level 1:colcon.colcon_core.package_identification:_identify(launch) by extension 'ros'
[0.458s] Level 1:colcon.colcon_core.package_identification:_identify(launch) by extensions ['cmake', 'python']
[0.459s] Level 1:colcon.colcon_core.package_identification:_identify(launch) by extension 'cmake'
[0.459s] Level 1:colcon.colcon_core.package_identification:_identify(launch) by extension 'python'
[0.459s] Level 1:colcon.colcon_core.package_identification:_identify(launch) by extensions ['python_setup_py']
[0.459s] Level 1:colcon.colcon_core.package_identification:_identify(launch) by extension 'python_setup_py'
[0.459s] Level 1:colcon.colcon_core.package_identification:_identify(launch/__pycache__) by extensions ['ignore', 'ignore_ament_install']
[0.459s] Level 1:colcon.colcon_core.package_identification:_identify(launch/__pycache__) by extension 'ignore'
[0.459s] Level 1:colcon.colcon_core.package_identification:_identify(launch/__pycache__) by extension 'ignore_ament_install'
[0.459s] Level 1:colcon.colcon_core.package_identification:_identify(launch/__pycache__) by extensions ['colcon_pkg']
[0.459s] Level 1:colcon.colcon_core.package_identification:_identify(launch/__pycache__) by extension 'colcon_pkg'
[0.459s] Level 1:colcon.colcon_core.package_identification:_identify(launch/__pycache__) by extensions ['colcon_meta']
[0.459s] Level 1:colcon.colcon_core.package_identification:_identify(launch/__pycache__) by extension 'colcon_meta'
[0.459s] Level 1:colcon.colcon_core.package_identification:_identify(launch/__pycache__) by extensions ['ros']
[0.459s] Level 1:colcon.colcon_core.package_identification:_identify(launch/__pycache__) by extension 'ros'
[0.460s] Level 1:colcon.colcon_core.package_identification:_identify(launch/__pycache__) by extensions ['cmake', 'python']
[0.460s] Level 1:colcon.colcon_core.package_identification:_identify(launch/__pycache__) by extension 'cmake'
[0.460s] Level 1:colcon.colcon_core.package_identification:_identify(launch/__pycache__) by extension 'python'
[0.460s] Level 1:colcon.colcon_core.package_identification:_identify(launch/__pycache__) by extensions ['python_setup_py']
[0.460s] Level 1:colcon.colcon_core.package_identification:_identify(launch/__pycache__) by extension 'python_setup_py'
[0.460s] Level 1:colcon.colcon_core.package_identification:_identify(log) by extensions ['ignore', 'ignore_ament_install']
[0.460s] Level 1:colcon.colcon_core.package_identification:_identify(log) by extension 'ignore'
[0.460s] Level 1:colcon.colcon_core.package_identification:_identify(log) ignored
[0.460s] Level 1:colcon.colcon_core.package_identification:_identify(models) by extensions ['ignore', 'ignore_ament_install']
[0.461s] Level 1:colcon.colcon_core.package_identification:_identify(models) by extension 'ignore'
[0.461s] Level 1:colcon.colcon_core.package_identification:_identify(models) by extension 'ignore_ament_install'
[0.461s] Level 1:colcon.colcon_core.package_identification:_identify(models) by extensions ['colcon_pkg']
[0.461s] Level 1:colcon.colcon_core.package_identification:_identify(models) by extension 'colcon_pkg'
[0.461s] Level 1:colcon.colcon_core.package_identification:_identify(models) by extensions ['colcon_meta']
[0.461s] Level 1:colcon.colcon_core.package_identification:_identify(models) by extension 'colcon_meta'
[0.461s] Level 1:colcon.colcon_core.package_identification:_identify(models) by extensions ['ros']
[0.461s] Level 1:colcon.colcon_core.package_identification:_identify(models) by extension 'ros'
[0.461s] Level 1:colcon.colcon_core.package_identification:_identify(models) by extensions ['cmake', 'python']
[0.461s] Level 1:colcon.colcon_core.package_identification:_identify(models) by extension 'cmake'
[0.461s] Level 1:colcon.colcon_core.package_identification:_identify(models) by extension 'python'
[0.461s] Level 1:colcon.colcon_core.package_identification:_identify(models) by extensions ['python_setup_py']
[0.461s] Level 1:colcon.colcon_core.package_identification:_identify(models) by extension 'python_setup_py'
[0.461s] Level 1:colcon.colcon_core.package_identification:_identify(src) by extensions ['ignore', 'ignore_ament_install']
[0.462s] Level 1:colcon.colcon_core.package_identification:_identify(src) by extension 'ignore'
[0.462s] Level 1:colcon.colcon_core.package_identification:_identify(src) by extension 'ignore_ament_install'
[0.462s] Level 1:colcon.colcon_core.package_identification:_identify(src) by extensions ['colcon_pkg']
[0.462s] Level 1:colcon.colcon_core.package_identification:_identify(src) by extension 'colcon_pkg'
[0.462s] Level 1:colcon.colcon_core.package_identification:_identify(src) by extensions ['colcon_meta']
[0.462s] Level 1:colcon.colcon_core.package_identification:_identify(src) by extension 'colcon_meta'
[0.462s] Level 1:colcon.colcon_core.package_identification:_identify(src) by extensions ['ros']
[0.462s] Level 1:colcon.colcon_core.package_identification:_identify(src) by extension 'ros'
[0.462s] Level 1:colcon.colcon_core.package_identification:_identify(src) by extensions ['cmake', 'python']
[0.462s] Level 1:colcon.colcon_core.package_identification:_identify(src) by extension 'cmake'
[0.462s] Level 1:colcon.colcon_core.package_identification:_identify(src) by extension 'python'
[0.462s] Level 1:colcon.colcon_core.package_identification:_identify(src) by extensions ['python_setup_py']
[0.462s] Level 1:colcon.colcon_core.package_identification:_identify(src) by extension 'python_setup_py'
[0.463s] Level 1:colcon.colcon_core.package_identification:_identify(src/cpp_subcontroller) by extensions ['ignore', 'ignore_ament_install']
[0.463s] Level 1:colcon.colcon_core.package_identification:_identify(src/cpp_subcontroller) by extension 'ignore'
[0.463s] Level 1:colcon.colcon_core.package_identification:_identify(src/cpp_subcontroller) by extension 'ignore_ament_install'
[0.463s] Level 1:colcon.colcon_core.package_identification:_identify(src/cpp_subcontroller) by extensions ['colcon_pkg']
[0.463s] Level 1:colcon.colcon_core.package_identification:_identify(src/cpp_subcontroller) by extension 'colcon_pkg'
[0.463s] Level 1:colcon.colcon_core.package_identification:_identify(src/cpp_subcontroller) by extensions ['colcon_meta']
[0.463s] Level 1:colcon.colcon_core.package_identification:_identify(src/cpp_subcontroller) by extension 'colcon_meta'
[0.463s] Level 1:colcon.colcon_core.package_identification:_identify(src/cpp_subcontroller) by extensions ['ros']
[0.463s] Level 1:colcon.colcon_core.package_identification:_identify(src/cpp_subcontroller) by extension 'ros'
[0.467s] DEBUG:colcon.colcon_core.package_identification:Package 'src/cpp_subcontroller' with type 'ros.ament_cmake' and name 'cpp_subcontroller'
[0.467s] Level 1:colcon.colcon_core.package_identification:_identify(src/custom_interfaces) by extensions ['ignore', 'ignore_ament_install']
[0.467s] Level 1:colcon.colcon_core.package_identification:_identify(src/custom_interfaces) by extension 'ignore'
[0.467s] Level 1:colcon.colcon_core.package_identification:_identify(src/custom_interfaces) by extension 'ignore_ament_install'
[0.467s] Level 1:colcon.colcon_core.package_identification:_identify(src/custom_interfaces) by extensions ['colcon_pkg']
[0.467s] Level 1:colcon.colcon_core.package_identification:_identify(src/custom_interfaces) by extension 'colcon_pkg'
[0.467s] Level 1:colcon.colcon_core.package_identification:_identify(src/custom_interfaces) by extensions ['colcon_meta']
[0.468s] Level 1:colcon.colcon_core.package_identification:_identify(src/custom_interfaces) by extension 'colcon_meta'
[0.468s] Level 1:colcon.colcon_core.package_identification:_identify(src/custom_interfaces) by extensions ['ros']
[0.468s] Level 1:colcon.colcon_core.package_identification:_identify(src/custom_interfaces) by extension 'ros'
[0.469s] DEBUG:colcon.colcon_core.package_identification:Package 'src/custom_interfaces' with type 'ros.ament_cmake' and name 'custom_interfaces'
[0.469s] Level 1:colcon.colcon_core.package_identification:_identify(src/py_motors) by extensions ['ignore', 'ignore_ament_install']
[0.469s] Level 1:colcon.colcon_core.package_identification:_identify(src/py_motors) by extension 'ignore'
[0.469s] Level 1:colcon.colcon_core.package_identification:_identify(src/py_motors) by extension 'ignore_ament_install'
[0.469s] Level 1:colcon.colcon_core.package_identification:_identify(src/py_motors) by extensions ['colcon_pkg']
[0.469s] Level 1:colcon.colcon_core.package_identification:_identify(src/py_motors) by extension 'colcon_pkg'
[0.469s] Level 1:colcon.colcon_core.package_identification:_identify(src/py_motors) by extensions ['colcon_meta']
[0.469s] Level 1:colcon.colcon_core.package_identification:_identify(src/py_motors) by extension 'colcon_meta'
[0.470s] Level 1:colcon.colcon_core.package_identification:_identify(src/py_motors) by extensions ['ros']
[0.470s] Level 1:colcon.colcon_core.package_identification:_identify(src/py_motors) by extension 'ros'
[0.470s] DEBUG:colcon.colcon_core.package_identification:Package 'src/py_motors' with type 'ros.ament_python' and name 'py_motors'
[0.470s] Level 1:colcon.colcon_core.package_identification:_identify(src/py_objectdetection) by extensions ['ignore', 'ignore_ament_install']
[0.471s] Level 1:colcon.colcon_core.package_identification:_identify(src/py_objectdetection) by extension 'ignore'
[0.471s] Level 1:colcon.colcon_core.package_identification:_identify(src/py_objectdetection) by extension 'ignore_ament_install'
[0.471s] Level 1:colcon.colcon_core.package_identification:_identify(src/py_objectdetection) by extensions ['colcon_pkg']
[0.471s] Level 1:colcon.colcon_core.package_identification:_identify(src/py_objectdetection) by extension 'colcon_pkg'
[0.471s] Level 1:colcon.colcon_core.package_identification:_identify(src/py_objectdetection) by extensions ['colcon_meta']
[0.471s] Level 1:colcon.colcon_core.package_identification:_identify(src/py_objectdetection) by extension 'colcon_meta'
[0.471s] Level 1:colcon.colcon_core.package_identification:_identify(src/py_objectdetection) by extensions ['ros']
[0.471s] Level 1:colcon.colcon_core.package_identification:_identify(src/py_objectdetection) by extension 'ros'
[0.472s] DEBUG:colcon.colcon_core.package_identification:Package 'src/py_objectdetection' with type 'ros.ament_python' and name 'py_objectdetection'
[0.472s] Level 1:colcon.colcon_core.package_identification:_identify(src/py_sensors) by extensions ['ignore', 'ignore_ament_install']
[0.472s] Level 1:colcon.colcon_core.package_identification:_identify(src/py_sensors) by extension 'ignore'
[0.472s] Level 1:colcon.colcon_core.package_identification:_identify(src/py_sensors) by extension 'ignore_ament_install'
[0.472s] Level 1:colcon.colcon_core.package_identification:_identify(src/py_sensors) by extensions ['colcon_pkg']
[0.472s] Level 1:colcon.colcon_core.package_identification:_identify(src/py_sensors) by extension 'colcon_pkg'
[0.472s] Level 1:colcon.colcon_core.package_identification:_identify(src/py_sensors) by extensions ['colcon_meta']
[0.472s] Level 1:colcon.colcon_core.package_identification:_identify(src/py_sensors) by extension 'colcon_meta'
[0.473s] Level 1:colcon.colcon_core.package_identification:_identify(src/py_sensors) by extensions ['ros']
[0.473s] Level 1:colcon.colcon_core.package_identification:_identify(src/py_sensors) by extension 'ros'
[0.473s] DEBUG:colcon.colcon_core.package_identification:Package 'src/py_sensors' with type 'ros.ament_python' and name 'py_sensors'
[0.473s] Level 1:colcon.colcon_core.package_identification:_identify(src/usb_cam) by extensions ['ignore', 'ignore_ament_install']
[0.474s] Level 1:colcon.colcon_core.package_identification:_identify(src/usb_cam) by extension 'ignore'
[0.474s] Level 1:colcon.colcon_core.package_identification:_identify(src/usb_cam) by extension 'ignore_ament_install'
[0.474s] Level 1:colcon.colcon_core.package_identification:_identify(src/usb_cam) by extensions ['colcon_pkg']
[0.474s] Level 1:colcon.colcon_core.package_identification:_identify(src/usb_cam) by extension 'colcon_pkg'
[0.474s] Level 1:colcon.colcon_core.package_identification:_identify(src/usb_cam) by extensions ['colcon_meta']
[0.474s] Level 1:colcon.colcon_core.package_identification:_identify(src/usb_cam) by extension 'colcon_meta'
[0.474s] Level 1:colcon.colcon_core.package_identification:_identify(src/usb_cam) by extensions ['ros']
[0.474s] Level 1:colcon.colcon_core.package_identification:_identify(src/usb_cam) by extension 'ros'
[0.476s] DEBUG:colcon.colcon_core.package_identification:Package 'src/usb_cam' with type 'ros.ament_cmake' and name 'usb_cam'
[0.476s] Level 1:colcon.colcon_core.package_identification:_identify(ultralyticsplus) by extensions ['ignore', 'ignore_ament_install']
[0.476s] Level 1:colcon.colcon_core.package_identification:_identify(ultralyticsplus) by extension 'ignore'
[0.476s] Level 1:colcon.colcon_core.package_identification:_identify(ultralyticsplus) by extension 'ignore_ament_install'
[0.477s] Level 1:colcon.colcon_core.package_identification:_identify(ultralyticsplus) by extensions ['colcon_pkg']
[0.477s] Level 1:colcon.colcon_core.package_identification:_identify(ultralyticsplus) by extension 'colcon_pkg'
[0.477s] Level 1:colcon.colcon_core.package_identification:_identify(ultralyticsplus) by extensions ['colcon_meta']
[0.477s] Level 1:colcon.colcon_core.package_identification:_identify(ultralyticsplus) by extension 'colcon_meta'
[0.477s] Level 1:colcon.colcon_core.package_identification:_identify(ultralyticsplus) by extensions ['ros']
[0.477s] Level 1:colcon.colcon_core.package_identification:_identify(ultralyticsplus) by extension 'ros'
[0.477s] Level 1:colcon.colcon_core.package_identification:_identify(ultralyticsplus) by extensions ['cmake', 'python']
[0.477s] Level 1:colcon.colcon_core.package_identification:_identify(ultralyticsplus) by extension 'cmake'
[0.477s] Level 1:colcon.colcon_core.package_identification:_identify(ultralyticsplus) by extension 'python'
[0.477s] Level 1:colcon.colcon_core.package_identification:_identify(ultralyticsplus) by extensions ['python_setup_py']
[0.477s] Level 1:colcon.colcon_core.package_identification:_identify(ultralyticsplus) by extension 'python_setup_py'
[0.477s] Level 1:colcon.colcon_core.package_identification:_identify(~) by extensions ['ignore', 'ignore_ament_install']
[0.477s] Level 1:colcon.colcon_core.package_identification:_identify(~) by extension 'ignore'
[0.478s] Level 1:colcon.colcon_core.package_identification:_identify(~) by extension 'ignore_ament_install'
[0.478s] Level 1:colcon.colcon_core.package_identification:_identify(~) by extensions ['colcon_pkg']
[0.478s] Level 1:colcon.colcon_core.package_identification:_identify(~) by extension 'colcon_pkg'
[0.478s] Level 1:colcon.colcon_core.package_identification:_identify(~) by extensions ['colcon_meta']
[0.478s] Level 1:colcon.colcon_core.package_identification:_identify(~) by extension 'colcon_meta'
[0.478s] Level 1:colcon.colcon_core.package_identification:_identify(~) by extensions ['ros']
[0.478s] Level 1:colcon.colcon_core.package_identification:_identify(~) by extension 'ros'
[0.478s] Level 1:colcon.colcon_core.package_identification:_identify(~) by extensions ['cmake', 'python']
[0.478s] Level 1:colcon.colcon_core.package_identification:_identify(~) by extension 'cmake'
[0.478s] Level 1:colcon.colcon_core.package_identification:_identify(~) by extension 'python'
[0.478s] Level 1:colcon.colcon_core.package_identification:_identify(~) by extensions ['python_setup_py']
[0.478s] Level 1:colcon.colcon_core.package_identification:_identify(~) by extension 'python_setup_py'
[0.478s] Level 1:colcon.colcon_core.package_identification:_identify(~/Desktop) by extensions ['ignore', 'ignore_ament_install']
[0.479s] Level 1:colcon.colcon_core.package_identification:_identify(~/Desktop) by extension 'ignore'
[0.479s] Level 1:colcon.colcon_core.package_identification:_identify(~/Desktop) by extension 'ignore_ament_install'
[0.479s] Level 1:colcon.colcon_core.package_identification:_identify(~/Desktop) by extensions ['colcon_pkg']
[0.479s] Level 1:colcon.colcon_core.package_identification:_identify(~/Desktop) by extension 'colcon_pkg'
[0.479s] Level 1:colcon.colcon_core.package_identification:_identify(~/Desktop) by extensions ['colcon_meta']
[0.479s] Level 1:colcon.colcon_core.package_identification:_identify(~/Desktop) by extension 'colcon_meta'
[0.479s] Level 1:colcon.colcon_core.package_identification:_identify(~/Desktop) by extensions ['ros']
[0.479s] Level 1:colcon.colcon_core.package_identification:_identify(~/Desktop) by extension 'ros'
[0.479s] Level 1:colcon.colcon_core.package_identification:_identify(~/Desktop) by extensions ['cmake', 'python']
[0.479s] Level 1:colcon.colcon_core.package_identification:_identify(~/Desktop) by extension 'cmake'
[0.479s] Level 1:colcon.colcon_core.package_identification:_identify(~/Desktop) by extension 'python'
[0.479s] Level 1:colcon.colcon_core.package_identification:_identify(~/Desktop) by extensions ['python_setup_py']
[0.479s] Level 1:colcon.colcon_core.package_identification:_identify(~/Desktop) by extension 'python_setup_py'
[0.479s] Level 1:colcon.colcon_core.package_identification:_identify(~/Desktop/RobotCode2025) by extensions ['ignore', 'ignore_ament_install']
[0.480s] Level 1:colcon.colcon_core.package_identification:_identify(~/Desktop/RobotCode2025) by extension 'ignore'
[0.480s] Level 1:colcon.colcon_core.package_identification:_identify(~/Desktop/RobotCode2025) by extension 'ignore_ament_install'
[0.480s] Level 1:colcon.colcon_core.package_identification:_identify(~/Desktop/RobotCode2025) by extensions ['colcon_pkg']
[0.480s] Level 1:colcon.colcon_core.package_identification:_identify(~/Desktop/RobotCode2025) by extension 'colcon_pkg'
[0.480s] Level 1:colcon.colcon_core.package_identification:_identify(~/Desktop/RobotCode2025) by extensions ['colcon_meta']
[0.480s] Level 1:colcon.colcon_core.package_identification:_identify(~/Desktop/RobotCode2025) by extension 'colcon_meta'
[0.480s] Level 1:colcon.colcon_core.package_identification:_identify(~/Desktop/RobotCode2025) by extensions ['ros']
[0.480s] Level 1:colcon.colcon_core.package_identification:_identify(~/Desktop/RobotCode2025) by extension 'ros'
[0.480s] Level 1:colcon.colcon_core.package_identification:_identify(~/Desktop/RobotCode2025) by extensions ['cmake', 'python']
[0.480s] Level 1:colcon.colcon_core.package_identification:_identify(~/Desktop/RobotCode2025) by extension 'cmake'
[0.480s] Level 1:colcon.colcon_core.package_identification:_identify(~/Desktop/RobotCode2025) by extension 'python'
[0.480s] Level 1:colcon.colcon_core.package_identification:_identify(~/Desktop/RobotCode2025) by extensions ['python_setup_py']
[0.480s] Level 1:colcon.colcon_core.package_identification:_identify(~/Desktop/RobotCode2025) by extension 'python_setup_py'
[0.480s] Level 1:colcon.colcon_core.package_identification:_identify(~/Desktop/RobotCode2025/ros2_ws) by extensions ['ignore', 'ignore_ament_install']
[0.481s] Level 1:colcon.colcon_core.package_identification:_identify(~/Desktop/RobotCode2025/ros2_ws) by extension 'ignore'
[0.481s] Level 1:colcon.colcon_core.package_identification:_identify(~/Desktop/RobotCode2025/ros2_ws) by extension 'ignore_ament_install'
[0.481s] Level 1:colcon.colcon_core.package_identification:_identify(~/Desktop/RobotCode2025/ros2_ws) by extensions ['colcon_pkg']
[0.481s] Level 1:colcon.colcon_core.package_identification:_identify(~/Desktop/RobotCode2025/ros2_ws) by extension 'colcon_pkg'
[0.481s] Level 1:colcon.colcon_core.package_identification:_identify(~/Desktop/RobotCode2025/ros2_ws) by extensions ['colcon_meta']
[0.481s] Level 1:colcon.colcon_core.package_identification:_identify(~/Desktop/RobotCode2025/ros2_ws) by extension 'colcon_meta'
[0.481s] Level 1:colcon.colcon_core.package_identification:_identify(~/Desktop/RobotCode2025/ros2_ws) by extensions ['ros']
[0.481s] Level 1:colcon.colcon_core.package_identification:_identify(~/Desktop/RobotCode2025/ros2_ws) by extension 'ros'
[0.481s] Level 1:colcon.colcon_core.package_identification:_identify(~/Desktop/RobotCode2025/ros2_ws) by extensions ['cmake', 'python']
[0.481s] Level 1:colcon.colcon_core.package_identification:_identify(~/Desktop/RobotCode2025/ros2_ws) by extension 'cmake'
[0.481s] Level 1:colcon.colcon_core.package_identification:_identify(~/Desktop/RobotCode2025/ros2_ws) by extension 'python'
[0.481s] Level 1:colcon.colcon_core.package_identification:_identify(~/Desktop/RobotCode2025/ros2_ws) by extensions ['python_setup_py']
[0.481s] Level 1:colcon.colcon_core.package_identification:_identify(~/Desktop/RobotCode2025/ros2_ws) by extension 'python_setup_py'
[0.482s] Level 1:colcon.colcon_core.package_identification:_identify(~/Desktop/RobotCode2025/ros2_ws/models) by extensions ['ignore', 'ignore_ament_install']
[0.482s] Level 1:colcon.colcon_core.package_identification:_identify(~/Desktop/RobotCode2025/ros2_ws/models) by extension 'ignore'
[0.482s] Level 1:colcon.colcon_core.package_identification:_identify(~/Desktop/RobotCode2025/ros2_ws/models) by extension 'ignore_ament_install'
[0.482s] Level 1:colcon.colcon_core.package_identification:_identify(~/Desktop/RobotCode2025/ros2_ws/models) by extensions ['colcon_pkg']
[0.482s] Level 1:colcon.colcon_core.package_identification:_identify(~/Desktop/RobotCode2025/ros2_ws/models) by extension 'colcon_pkg'
[0.482s] Level 1:colcon.colcon_core.package_identification:_identify(~/Desktop/RobotCode2025/ros2_ws/models) by extensions ['colcon_meta']
[0.482s] Level 1:colcon.colcon_core.package_identification:_identify(~/Desktop/RobotCode2025/ros2_ws/models) by extension 'colcon_meta'
[0.482s] Level 1:colcon.colcon_core.package_identification:_identify(~/Desktop/RobotCode2025/ros2_ws/models) by extensions ['ros']
[0.482s] Level 1:colcon.colcon_core.package_identification:_identify(~/Desktop/RobotCode2025/ros2_ws/models) by extension 'ros'
[0.482s] Level 1:colcon.colcon_core.package_identification:_identify(~/Desktop/RobotCode2025/ros2_ws/models) by extensions ['cmake', 'python']
[0.482s] Level 1:colcon.colcon_core.package_identification:_identify(~/Desktop/RobotCode2025/ros2_ws/models) by extension 'cmake'
[0.482s] Level 1:colcon.colcon_core.package_identification:_identify(~/Desktop/RobotCode2025/ros2_ws/models) by extension 'python'
[0.482s] Level 1:colcon.colcon_core.package_identification:_identify(~/Desktop/RobotCode2025/ros2_ws/models) by extensions ['python_setup_py']
[0.482s] Level 1:colcon.colcon_core.package_identification:_identify(~/Desktop/RobotCode2025/ros2_ws/models) by extension 'python_setup_py'
[0.483s] Level 1:colcon.colcon_core.package_discovery:discover_packages(recursive) using defaults
[0.483s] Level 1:colcon.colcon_core.package_discovery:discover_packages(ignore) discover
[0.483s] Level 1:colcon.colcon_core.package_discovery:discover_packages(ignore) using defaults
[0.483s] Level 1:colcon.colcon_core.package_discovery:discover_packages(path) discover
[0.483s] Level 1:colcon.colcon_core.package_discovery:discover_packages(path) using defaults
[0.543s] INFO:colcon.colcon_core.package_selection:Skipping not selected package 'custom_interfaces' in 'src/custom_interfaces'
[0.543s] INFO:colcon.colcon_core.package_selection:Skipping not selected package 'usb_cam' in 'src/usb_cam'
[0.543s] INFO:colcon.colcon_core.package_selection:Skipping not selected package 'cpp_subcontroller' in 'src/cpp_subcontroller'
[0.543s] INFO:colcon.colcon_core.package_selection:Skipping not selected package 'py_motors' in 'src/py_motors'
[0.543s] INFO:colcon.colcon_core.package_selection:Skipping not selected package 'py_sensors' in 'src/py_sensors'
[0.544s] Level 1:colcon.colcon_core.package_discovery:discover_packages(prefix_path) check parameters
[0.544s] Level 1:colcon.colcon_core.package_discovery:discover_packages(prefix_path) discover
[0.547s] DEBUG:colcon.colcon_installed_package_information.package_discovery:Found 6 installed packages in /home/robocats/Desktop/RobotCode2025/ros2_ws/install
[0.549s] DEBUG:colcon.colcon_installed_package_information.package_discovery:Found 303 installed packages in /opt/ros/humble
[0.551s] Level 1:colcon.colcon_core.package_discovery:discover_packages(prefix_path) using defaults
[0.613s] Level 5:colcon.colcon_core.verb:set package 'py_objectdetection' build argument 'cmake_args' from command line to 'None'
[0.613s] Level 5:colcon.colcon_core.verb:set package 'py_objectdetection' build argument 'cmake_target' from command line to 'None'
[0.613s] Level 5:colcon.colcon_core.verb:set package 'py_objectdetection' build argument 'cmake_target_skip_unavailable' from command line to 'False'
[0.613s] Level 5:colcon.colcon_core.verb:set package 'py_objectdetection' build argument 'cmake_clean_cache' from command line to 'False'
[0.613s] Level 5:colcon.colcon_core.verb:set package 'py_objectdetection' build argument 'cmake_clean_first' from command line to 'False'
[0.613s] Level 5:colcon.colcon_core.verb:set package 'py_objectdetection' build argument 'cmake_force_configure' from command line to 'False'
[0.613s] Level 5:colcon.colcon_core.verb:set package 'py_objectdetection' build argument 'ament_cmake_args' from command line to 'None'
[0.613s] Level 5:colcon.colcon_core.verb:set package 'py_objectdetection' build argument 'catkin_cmake_args' from command line to 'None'
[0.613s] Level 5:colcon.colcon_core.verb:set package 'py_objectdetection' build argument 'catkin_skip_building_tests' from command line to 'False'
[0.613s] DEBUG:colcon.colcon_core.verb:Building package 'py_objectdetection' with the following arguments: {'ament_cmake_args': None, 'build_base': '/home/robocats/Desktop/RobotCode2025/ros2_ws/build/py_objectdetection', 'catkin_cmake_args': None, 'catkin_skip_building_tests': False, 'cmake_args': None, 'cmake_clean_cache': False, 'cmake_clean_first': False, 'cmake_force_configure': False, 'cmake_target': None, 'cmake_target_skip_unavailable': False, 'install_base': '/home/robocats/Desktop/RobotCode2025/ros2_ws/install/py_objectdetection', 'merge_install': False, 'path': '/home/robocats/Desktop/RobotCode2025/ros2_ws/src/py_objectdetection', 'symlink_install': False, 'test_result_base': None}
[0.614s] INFO:colcon.colcon_core.executor:Executing jobs using 'parallel' executor
[0.616s] DEBUG:colcon.colcon_parallel_executor.executor.parallel:run_until_complete
[0.616s] INFO:colcon.colcon_ros.task.ament_python.build:Building ROS package in '/home/robocats/Desktop/RobotCode2025/ros2_ws/src/py_objectdetection' with build type 'ament_python'
[0.616s] Level 1:colcon.colcon_core.shell:create_environment_hook('py_objectdetection', 'ament_prefix_path')
[0.620s] INFO:colcon.colcon_core.plugin_system:Skipping extension 'colcon_core.shell.bat': Not used on non-Windows systems
[0.620s] INFO:colcon.colcon_core.shell:Creating environment hook '/home/robocats/Desktop/RobotCode2025/ros2_ws/install/py_objectdetection/share/py_objectdetection/hook/ament_prefix_path.ps1'
[0.622s] INFO:colcon.colcon_core.shell:Creating environment descriptor '/home/robocats/Desktop/RobotCode2025/ros2_ws/install/py_objectdetection/share/py_objectdetection/hook/ament_prefix_path.dsv'
[0.622s] INFO:colcon.colcon_core.shell:Creating environment hook '/home/robocats/Desktop/RobotCode2025/ros2_ws/install/py_objectdetection/share/py_objectdetection/hook/ament_prefix_path.sh'
[0.624s] INFO:colcon.colcon_core.shell:Skip shell extension 'powershell' for command environment: Not usable outside of PowerShell
[0.624s] DEBUG:colcon.colcon_core.shell:Skip shell extension 'dsv' for command environment
[1.063s] INFO:colcon.colcon_core.task.python.build:Building Python package in '/home/robocats/Desktop/RobotCode2025/ros2_ws/src/py_objectdetection'
[1.063s] INFO:colcon.colcon_core.shell:Skip shell extension 'powershell' for command environment: Not usable outside of PowerShell
[1.063s] DEBUG:colcon.colcon_core.shell:Skip shell extension 'dsv' for command environment
[1.663s] DEBUG:colcon.colcon_core.event_handler.log_command:Invoking command in '/home/robocats/Desktop/RobotCode2025/ros2_ws/src/py_objectdetection': CMAKE_PREFIX_PATH=/home/robocats/Desktop/RobotCode2025/ros2_ws/install/custom_interfaces:/home/robocats/Desktop/RobotCode2025/ros2_ws/install/usb_cam:/home/robocats/Desktop/RobotCode2025/ros2_ws/install/cpp_subcontroller LD_LIBRARY_PATH=/home/robocats/Desktop/RobotCode2025/ros2_ws/install/custom_interfaces/lib:/home/robocats/Desktop/RobotCode2025/ros2_ws/install/usb_cam/lib:/opt/ros/humble/opt/rviz_ogre_vendor/lib:/opt/ros/humble/lib/aarch64-linux-gnu:/opt/ros/humble/lib:/usr/local/cuda-12.2/lib64 PYTHONPATH=/home/robocats/Desktop/RobotCode2025/ros2_ws/build/py_objectdetection/prefix_override:/usr/lib/python3/dist-packages/colcon_core/task/python/colcon_distutils_commands:/home/robocats/Desktop/RobotCode2025/ros2_ws/install/py_objectdetection/lib/python3.10/site-packages:${PYTHONPATH} /usr/bin/python3 -W ignore:setup.py install is deprecated -W ignore:easy_install command is deprecated setup.py egg_info --egg-base ../../build/py_objectdetection build --build-base /home/robocats/Desktop/RobotCode2025/ros2_ws/build/py_objectdetection/build install --record /home/robocats/Desktop/RobotCode2025/ros2_ws/build/py_objectdetection/install.log --single-version-externally-managed install_data
[2.176s] DEBUG:colcon.colcon_core.event_handler.log_command:Invoked command in '/home/robocats/Desktop/RobotCode2025/ros2_ws/src/py_objectdetection' returned '0': CMAKE_PREFIX_PATH=/home/robocats/Desktop/RobotCode2025/ros2_ws/install/custom_interfaces:/home/robocats/Desktop/RobotCode2025/ros2_ws/install/usb_cam:/home/robocats/Desktop/RobotCode2025/ros2_ws/install/cpp_subcontroller LD_LIBRARY_PATH=/home/robocats/Desktop/RobotCode2025/ros2_ws/install/custom_interfaces/lib:/home/robocats/Desktop/RobotCode2025/ros2_ws/install/usb_cam/lib:/opt/ros/humble/opt/rviz_ogre_vendor/lib:/opt/ros/humble/lib/aarch64-linux-gnu:/opt/ros/humble/lib:/usr/local/cuda-12.2/lib64 PYTHONPATH=/home/robocats/Desktop/RobotCode2025/ros2_ws/build/py_objectdetection/prefix_override:/usr/lib/python3/dist-packages/colcon_core/task/python/colcon_distutils_commands:/home/robocats/Desktop/RobotCode2025/ros2_ws/install/py_objectdetection/lib/python3.10/site-packages:${PYTHONPATH} /usr/bin/python3 -W ignore:setup.py install is deprecated -W ignore:easy_install command is deprecated setup.py egg_info --egg-base ../../build/py_objectdetection build --build-base /home/robocats/Desktop/RobotCode2025/ros2_ws/build/py_objectdetection/build install --record /home/robocats/Desktop/RobotCode2025/ros2_ws/build/py_objectdetection/install.log --single-version-externally-managed install_data
[2.184s] Level 1:colcon.colcon_core.environment:checking '/home/robocats/Desktop/RobotCode2025/ros2_ws/install/py_objectdetection' for CMake module files
[2.186s] Level 1:colcon.colcon_core.environment:checking '/home/robocats/Desktop/RobotCode2025/ros2_ws/install/py_objectdetection' for CMake config files
[2.189s] Level 1:colcon.colcon_core.environment:checking '/home/robocats/Desktop/RobotCode2025/ros2_ws/install/py_objectdetection/lib'
[2.189s] Level 1:colcon.colcon_core.environment:checking '/home/robocats/Desktop/RobotCode2025/ros2_ws/install/py_objectdetection/bin'
[2.190s] Level 1:colcon.colcon_core.environment:checking '/home/robocats/Desktop/RobotCode2025/ros2_ws/install/py_objectdetection/lib/pkgconfig/py_objectdetection.pc'
[2.191s] Level 1:colcon.colcon_core.environment:checking '/home/robocats/Desktop/RobotCode2025/ros2_ws/install/py_objectdetection/lib/python3.10/site-packages'
[2.191s] Level 1:colcon.colcon_core.shell:create_environment_hook('py_objectdetection', 'pythonpath')
[2.192s] INFO:colcon.colcon_core.shell:Creating environment hook '/home/robocats/Desktop/RobotCode2025/ros2_ws/install/py_objectdetection/share/py_objectdetection/hook/pythonpath.ps1'
[2.194s] INFO:colcon.colcon_core.shell:Creating environment descriptor '/home/robocats/Desktop/RobotCode2025/ros2_ws/install/py_objectdetection/share/py_objectdetection/hook/pythonpath.dsv'
[2.196s] INFO:colcon.colcon_core.shell:Creating environment hook '/home/robocats/Desktop/RobotCode2025/ros2_ws/install/py_objectdetection/share/py_objectdetection/hook/pythonpath.sh'
[2.198s] Level 1:colcon.colcon_core.environment:checking '/home/robocats/Desktop/RobotCode2025/ros2_ws/install/py_objectdetection/bin'
[2.198s] Level 1:colcon.colcon_core.environment:create_environment_scripts_only(py_objectdetection)
[2.199s] INFO:colcon.colcon_core.shell:Creating package script '/home/robocats/Desktop/RobotCode2025/ros2_ws/install/py_objectdetection/share/py_objectdetection/package.ps1'
[2.202s] INFO:colcon.colcon_core.shell:Creating package descriptor '/home/robocats/Desktop/RobotCode2025/ros2_ws/install/py_objectdetection/share/py_objectdetection/package.dsv'
[2.204s] INFO:colcon.colcon_core.shell:Creating package script '/home/robocats/Desktop/RobotCode2025/ros2_ws/install/py_objectdetection/share/py_objectdetection/package.sh'
[2.207s] INFO:colcon.colcon_core.shell:Creating package script '/home/robocats/Desktop/RobotCode2025/ros2_ws/install/py_objectdetection/share/py_objectdetection/package.bash'
[2.210s] INFO:colcon.colcon_core.shell:Creating package script '/home/robocats/Desktop/RobotCode2025/ros2_ws/install/py_objectdetection/share/py_objectdetection/package.zsh'
[2.213s] Level 1:colcon.colcon_core.environment:create_file_with_runtime_dependencies(/home/robocats/Desktop/RobotCode2025/ros2_ws/install/py_objectdetection/share/colcon-core/packages/py_objectdetection)
[2.214s] DEBUG:colcon.colcon_parallel_executor.executor.parallel:closing loop
[2.215s] DEBUG:colcon.colcon_parallel_executor.executor.parallel:loop closed
[2.216s] DEBUG:colcon.colcon_parallel_executor.executor.parallel:run_until_complete finished with '0'
[2.216s] DEBUG:colcon.colcon_core.event_reactor:joining thread
[2.240s] INFO:colcon.colcon_core.plugin_system:Skipping extension 'colcon_notification.desktop_notification.terminal_notifier': Not used on non-Darwin systems
[2.240s] INFO:colcon.colcon_core.plugin_system:Skipping extension 'colcon_notification.desktop_notification.win32': Not used on non-Windows systems
[2.241s] INFO:colcon.colcon_notification.desktop_notification:Sending desktop notification using 'notify2'
[2.272s] DEBUG:colcon.colcon_core.event_reactor:joined thread
[2.273s] INFO:colcon.colcon_core.shell:Creating prefix script '/home/robocats/Desktop/RobotCode2025/ros2_ws/install/local_setup.ps1'
[2.275s] INFO:colcon.colcon_core.shell:Creating prefix util module '/home/robocats/Desktop/RobotCode2025/ros2_ws/install/_local_setup_util_ps1.py'
[2.277s] INFO:colcon.colcon_core.shell:Creating prefix chain script '/home/robocats/Desktop/RobotCode2025/ros2_ws/install/setup.ps1'
[2.280s] INFO:colcon.colcon_core.shell:Creating prefix script '/home/robocats/Desktop/RobotCode2025/ros2_ws/install/local_setup.sh'
[2.281s] INFO:colcon.colcon_core.shell:Creating prefix util module '/home/robocats/Desktop/RobotCode2025/ros2_ws/install/_local_setup_util_sh.py'
[2.282s] INFO:colcon.colcon_core.shell:Creating prefix chain script '/home/robocats/Desktop/RobotCode2025/ros2_ws/install/setup.sh'
[2.284s] INFO:colcon.colcon_core.shell:Creating prefix script '/home/robocats/Desktop/RobotCode2025/ros2_ws/install/local_setup.bash'
[2.285s] INFO:colcon.colcon_core.shell:Creating prefix chain script '/home/robocats/Desktop/RobotCode2025/ros2_ws/install/setup.bash'
[2.287s] INFO:colcon.colcon_core.shell:Creating prefix script '/home/robocats/Desktop/RobotCode2025/ros2_ws/install/local_setup.zsh'
[2.288s] INFO:colcon.colcon_core.shell:Creating prefix chain script '/home/robocats/Desktop/RobotCode2025/ros2_ws/install/setup.zsh'
