[0.235s] [34mcolcon[0m [1;30mDEBUG[0m [32mCommand line arguments: ['/usr/bin/colcon', 'build'][0m
[0.235s] [34mcolcon[0m [1;30mDEBUG[0m [32mParsed command line arguments: Namespace(log_base=None, log_level=None, verb_name='build', build_base='build', install_base='install', merge_install=False, symlink_install=False, test_result_base=None, continue_on_error=False, executor='parallel', parallel_workers=8, event_handlers=None, ignore_user_meta=False, metas=['./colcon.meta'], base_paths=['.'], packages_ignore=None, packages_ignore_regex=None, paths=None, packages_up_to=None, packages_up_to_regex=None, packages_above=None, packages_above_and_dependencies=None, packages_above_depth=None, packages_select_by_dep=None, packages_skip_by_dep=None, packages_skip_up_to=None, packages_select_build_failed=False, packages_skip_build_finished=False, packages_select_test_failures=False, packages_skip_test_passed=False, packages_select=None, packages_skip=None, packages_select_regex=None, packages_skip_regex=None, packages_start=None, packages_end=None, allow_overriding=[], cmake_args=None, cmake_target=None, cmake_target_skip_unavailable=False, cmake_clean_cache=False, cmake_clean_first=False, cmake_force_configure=False, ament_cmake_args=None, catkin_cmake_args=None, catkin_skip_building_tests=False, mixin_files=None, mixin=None, verb_parser=<colcon_mixin.mixin.mixin_argument.MixinArgumentDecorator object at 0xffff9eb456c0>, verb_extension=<colcon_core.verb.build.BuildVerb object at 0xffff9ece2d10>, main=<bound method BuildVerb.main of <colcon_core.verb.build.BuildVerb object at 0xffff9ece2d10>>, mixin_verb=('build',))[0m
[0.576s] [34mcolcon.colcon_core.package_discovery[0m [1;30mLevel 1[0m discover_packages(colcon_meta) check parameters
[0.576s] [34mcolcon.colcon_core.package_discovery[0m [1;30mLevel 1[0m discover_packages(recursive) check parameters
[0.576s] [34mcolcon.colcon_core.package_discovery[0m [1;30mLevel 1[0m discover_packages(ignore) check parameters
[0.576s] [34mcolcon.colcon_core.package_discovery[0m [1;30mLevel 1[0m discover_packages(path) check parameters
[0.576s] [34mcolcon.colcon_core.package_discovery[0m [1;30mLevel 1[0m discover_packages(colcon_meta) discover
[0.577s] [34mcolcon.colcon_core.package_discovery[0m [1;30mLevel 1[0m discover_packages(recursive) discover
[0.577s] [34mcolcon.colcon_core.package_discovery[0m [1;30mINFO[0m Crawling recursively for packages in '/home/robocatsorin/Desktop/RobotCode2025/ros2_ws'
[0.577s] [34mcolcon.colcon_core.package_identification[0m [1;30mLevel 1[0m _identify(.) by extensions ['ignore', 'ignore_ament_install']
[0.577s] [34mcolcon.colcon_core.package_identification[0m [1;30mLevel 1[0m _identify(.) by extension 'ignore'
[0.577s] [34mcolcon.colcon_core.package_identification[0m [1;30mLevel 1[0m _identify(.) by extension 'ignore_ament_install'
[0.577s] [34mcolcon.colcon_core.package_identification[0m [1;30mLevel 1[0m _identify(.) by extensions ['colcon_pkg']
[0.577s] [34mcolcon.colcon_core.package_identification[0m [1;30mLevel 1[0m _identify(.) by extension 'colcon_pkg'
[0.578s] [34mcolcon.colcon_core.package_identification[0m [1;30mLevel 1[0m _identify(.) by extensions ['colcon_meta']
[0.578s] [34mcolcon.colcon_core.package_identification[0m [1;30mLevel 1[0m _identify(.) by extension 'colcon_meta'
[0.578s] [34mcolcon.colcon_core.package_identification[0m [1;30mLevel 1[0m _identify(.) by extensions ['ros']
[0.578s] [34mcolcon.colcon_core.package_identification[0m [1;30mLevel 1[0m _identify(.) by extension 'ros'
[0.625s] [34mcolcon.colcon_core.package_identification[0m [1;30mLevel 1[0m _identify(.) by extensions ['cmake', 'python']
[0.625s] [34mcolcon.colcon_core.package_identification[0m [1;30mLevel 1[0m _identify(.) by extension 'cmake'
[0.625s] [34mcolcon.colcon_core.package_identification[0m [1;30mLevel 1[0m _identify(.) by extension 'python'
[0.625s] [34mcolcon.colcon_core.package_identification[0m [1;30mLevel 1[0m _identify(.) by extensions ['python_setup_py']
[0.625s] [34mcolcon.colcon_core.package_identification[0m [1;30mLevel 1[0m _identify(.) by extension 'python_setup_py'
[0.626s] [34mcolcon.colcon_core.package_identification[0m [1;30mLevel 1[0m _identify(build) by extensions ['ignore', 'ignore_ament_install']
[0.626s] [34mcolcon.colcon_core.package_identification[0m [1;30mLevel 1[0m _identify(build) by extension 'ignore'
[0.626s] [34mcolcon.colcon_core.package_identification[0m [1;30mLevel 1[0m _identify(build) ignored
[0.626s] [34mcolcon.colcon_core.package_identification[0m [1;30mLevel 1[0m _identify(camera_params) by extensions ['ignore', 'ignore_ament_install']
[0.627s] [34mcolcon.colcon_core.package_identification[0m [1;30mLevel 1[0m _identify(camera_params) by extension 'ignore'
[0.627s] [34mcolcon.colcon_core.package_identification[0m [1;30mLevel 1[0m _identify(camera_params) by extension 'ignore_ament_install'
[0.627s] [34mcolcon.colcon_core.package_identification[0m [1;30mLevel 1[0m _identify(camera_params) by extensions ['colcon_pkg']
[0.627s] [34mcolcon.colcon_core.package_identification[0m [1;30mLevel 1[0m _identify(camera_params) by extension 'colcon_pkg'
[0.627s] [34mcolcon.colcon_core.package_identification[0m [1;30mLevel 1[0m _identify(camera_params) by extensions ['colcon_meta']
[0.627s] [34mcolcon.colcon_core.package_identification[0m [1;30mLevel 1[0m _identify(camera_params) by extension 'colcon_meta'
[0.627s] [34mcolcon.colcon_core.package_identification[0m [1;30mLevel 1[0m _identify(camera_params) by extensions ['ros']
[0.627s] [34mcolcon.colcon_core.package_identification[0m [1;30mLevel 1[0m _identify(camera_params) by extension 'ros'
[0.627s] [34mcolcon.colcon_core.package_identification[0m [1;30mLevel 1[0m _identify(camera_params) by extensions ['cmake', 'python']
[0.628s] [34mcolcon.colcon_core.package_identification[0m [1;30mLevel 1[0m _identify(camera_params) by extension 'cmake'
[0.628s] [34mcolcon.colcon_core.package_identification[0m [1;30mLevel 1[0m _identify(camera_params) by extension 'python'
[0.628s] [34mcolcon.colcon_core.package_identification[0m [1;30mLevel 1[0m _identify(camera_params) by extensions ['python_setup_py']
[0.628s] [34mcolcon.colcon_core.package_identification[0m [1;30mLevel 1[0m _identify(camera_params) by extension 'python_setup_py'
[0.628s] [34mcolcon.colcon_core.package_identification[0m [1;30mLevel 1[0m _identify(camera_params/config) by extensions ['ignore', 'ignore_ament_install']
[0.628s] [34mcolcon.colcon_core.package_identification[0m [1;30mLevel 1[0m _identify(camera_params/config) by extension 'ignore'
[0.628s] [34mcolcon.colcon_core.package_identification[0m [1;30mLevel 1[0m _identify(camera_params/config) by extension 'ignore_ament_install'
[0.628s] [34mcolcon.colcon_core.package_identification[0m [1;30mLevel 1[0m _identify(camera_params/config) by extensions ['colcon_pkg']
[0.628s] [34mcolcon.colcon_core.package_identification[0m [1;30mLevel 1[0m _identify(camera_params/config) by extension 'colcon_pkg'
[0.628s] [34mcolcon.colcon_core.package_identification[0m [1;30mLevel 1[0m _identify(camera_params/config) by extensions ['colcon_meta']
[0.629s] [34mcolcon.colcon_core.package_identification[0m [1;30mLevel 1[0m _identify(camera_params/config) by extension 'colcon_meta'
[0.629s] [34mcolcon.colcon_core.package_identification[0m [1;30mLevel 1[0m _identify(camera_params/config) by extensions ['ros']
[0.629s] [34mcolcon.colcon_core.package_identification[0m [1;30mLevel 1[0m _identify(camera_params/config) by extension 'ros'
[0.629s] [34mcolcon.colcon_core.package_identification[0m [1;30mLevel 1[0m _identify(camera_params/config) by extensions ['cmake', 'python']
[0.629s] [34mcolcon.colcon_core.package_identification[0m [1;30mLevel 1[0m _identify(camera_params/config) by extension 'cmake'
[0.629s] [34mcolcon.colcon_core.package_identification[0m [1;30mLevel 1[0m _identify(camera_params/config) by extension 'python'
[0.629s] [34mcolcon.colcon_core.package_identification[0m [1;30mLevel 1[0m _identify(camera_params/config) by extensions ['python_setup_py']
[0.629s] [34mcolcon.colcon_core.package_identification[0m [1;30mLevel 1[0m _identify(camera_params/config) by extension 'python_setup_py'
[0.629s] [34mcolcon.colcon_core.package_identification[0m [1;30mLevel 1[0m _identify(install) by extensions ['ignore', 'ignore_ament_install']
[0.630s] [34mcolcon.colcon_core.package_identification[0m [1;30mLevel 1[0m _identify(install) by extension 'ignore'
[0.630s] [34mcolcon.colcon_core.package_identification[0m [1;30mLevel 1[0m _identify(install) ignored
[0.630s] [34mcolcon.colcon_core.package_identification[0m [1;30mLevel 1[0m _identify(launch) by extensions ['ignore', 'ignore_ament_install']
[0.630s] [34mcolcon.colcon_core.package_identification[0m [1;30mLevel 1[0m _identify(launch) by extension 'ignore'
[0.630s] [34mcolcon.colcon_core.package_identification[0m [1;30mLevel 1[0m _identify(launch) by extension 'ignore_ament_install'
[0.630s] [34mcolcon.colcon_core.package_identification[0m [1;30mLevel 1[0m _identify(launch) by extensions ['colcon_pkg']
[0.630s] [34mcolcon.colcon_core.package_identification[0m [1;30mLevel 1[0m _identify(launch) by extension 'colcon_pkg'
[0.630s] [34mcolcon.colcon_core.package_identification[0m [1;30mLevel 1[0m _identify(launch) by extensions ['colcon_meta']
[0.630s] [34mcolcon.colcon_core.package_identification[0m [1;30mLevel 1[0m _identify(launch) by extension 'colcon_meta'
[0.631s] [34mcolcon.colcon_core.package_identification[0m [1;30mLevel 1[0m _identify(launch) by extensions ['ros']
[0.631s] [34mcolcon.colcon_core.package_identification[0m [1;30mLevel 1[0m _identify(launch) by extension 'ros'
[0.631s] [34mcolcon.colcon_core.package_identification[0m [1;30mLevel 1[0m _identify(launch) by extensions ['cmake', 'python']
[0.631s] [34mcolcon.colcon_core.package_identification[0m [1;30mLevel 1[0m _identify(launch) by extension 'cmake'
[0.631s] [34mcolcon.colcon_core.package_identification[0m [1;30mLevel 1[0m _identify(launch) by extension 'python'
[0.631s] [34mcolcon.colcon_core.package_identification[0m [1;30mLevel 1[0m _identify(launch) by extensions ['python_setup_py']
[0.631s] [34mcolcon.colcon_core.package_identification[0m [1;30mLevel 1[0m _identify(launch) by extension 'python_setup_py'
[0.631s] [34mcolcon.colcon_core.package_identification[0m [1;30mLevel 1[0m _identify(launch/__pycache__) by extensions ['ignore', 'ignore_ament_install']
[0.631s] [34mcolcon.colcon_core.package_identification[0m [1;30mLevel 1[0m _identify(launch/__pycache__) by extension 'ignore'
[0.631s] [34mcolcon.colcon_core.package_identification[0m [1;30mLevel 1[0m _identify(launch/__pycache__) by extension 'ignore_ament_install'
[0.632s] [34mcolcon.colcon_core.package_identification[0m [1;30mLevel 1[0m _identify(launch/__pycache__) by extensions ['colcon_pkg']
[0.632s] [34mcolcon.colcon_core.package_identification[0m [1;30mLevel 1[0m _identify(launch/__pycache__) by extension 'colcon_pkg'
[0.632s] [34mcolcon.colcon_core.package_identification[0m [1;30mLevel 1[0m _identify(launch/__pycache__) by extensions ['colcon_meta']
[0.632s] [34mcolcon.colcon_core.package_identification[0m [1;30mLevel 1[0m _identify(launch/__pycache__) by extension 'colcon_meta'
[0.632s] [34mcolcon.colcon_core.package_identification[0m [1;30mLevel 1[0m _identify(launch/__pycache__) by extensions ['ros']
[0.632s] [34mcolcon.colcon_core.package_identification[0m [1;30mLevel 1[0m _identify(launch/__pycache__) by extension 'ros'
[0.632s] [34mcolcon.colcon_core.package_identification[0m [1;30mLevel 1[0m _identify(launch/__pycache__) by extensions ['cmake', 'python']
[0.632s] [34mcolcon.colcon_core.package_identification[0m [1;30mLevel 1[0m _identify(launch/__pycache__) by extension 'cmake'
[0.632s] [34mcolcon.colcon_core.package_identification[0m [1;30mLevel 1[0m _identify(launch/__pycache__) by extension 'python'
[0.632s] [34mcolcon.colcon_core.package_identification[0m [1;30mLevel 1[0m _identify(launch/__pycache__) by extensions ['python_setup_py']
[0.632s] [34mcolcon.colcon_core.package_identification[0m [1;30mLevel 1[0m _identify(launch/__pycache__) by extension 'python_setup_py'
[0.633s] [34mcolcon.colcon_core.package_identification[0m [1;30mLevel 1[0m _identify(log) by extensions ['ignore', 'ignore_ament_install']
[0.633s] [34mcolcon.colcon_core.package_identification[0m [1;30mLevel 1[0m _identify(log) by extension 'ignore'
[0.633s] [34mcolcon.colcon_core.package_identification[0m [1;30mLevel 1[0m _identify(log) ignored
[0.633s] [34mcolcon.colcon_core.package_identification[0m [1;30mLevel 1[0m _identify(models) by extensions ['ignore', 'ignore_ament_install']
[0.633s] [34mcolcon.colcon_core.package_identification[0m [1;30mLevel 1[0m _identify(models) by extension 'ignore'
[0.633s] [34mcolcon.colcon_core.package_identification[0m [1;30mLevel 1[0m _identify(models) by extension 'ignore_ament_install'
[0.633s] [34mcolcon.colcon_core.package_identification[0m [1;30mLevel 1[0m _identify(models) by extensions ['colcon_pkg']
[0.633s] [34mcolcon.colcon_core.package_identification[0m [1;30mLevel 1[0m _identify(models) by extension 'colcon_pkg'
[0.634s] [34mcolcon.colcon_core.package_identification[0m [1;30mLevel 1[0m _identify(models) by extensions ['colcon_meta']
[0.634s] [34mcolcon.colcon_core.package_identification[0m [1;30mLevel 1[0m _identify(models) by extension 'colcon_meta'
[0.634s] [34mcolcon.colcon_core.package_identification[0m [1;30mLevel 1[0m _identify(models) by extensions ['ros']
[0.634s] [34mcolcon.colcon_core.package_identification[0m [1;30mLevel 1[0m _identify(models) by extension 'ros'
[0.634s] [34mcolcon.colcon_core.package_identification[0m [1;30mLevel 1[0m _identify(models) by extensions ['cmake', 'python']
[0.634s] [34mcolcon.colcon_core.package_identification[0m [1;30mLevel 1[0m _identify(models) by extension 'cmake'
[0.634s] [34mcolcon.colcon_core.package_identification[0m [1;30mLevel 1[0m _identify(models) by extension 'python'
[0.634s] [34mcolcon.colcon_core.package_identification[0m [1;30mLevel 1[0m _identify(models) by extensions ['python_setup_py']
[0.634s] [34mcolcon.colcon_core.package_identification[0m [1;30mLevel 1[0m _identify(models) by extension 'python_setup_py'
[0.634s] [34mcolcon.colcon_core.package_identification[0m [1;30mLevel 1[0m _identify(src) by extensions ['ignore', 'ignore_ament_install']
[0.635s] [34mcolcon.colcon_core.package_identification[0m [1;30mLevel 1[0m _identify(src) by extension 'ignore'
[0.635s] [34mcolcon.colcon_core.package_identification[0m [1;30mLevel 1[0m _identify(src) by extension 'ignore_ament_install'
[0.635s] [34mcolcon.colcon_core.package_identification[0m [1;30mLevel 1[0m _identify(src) by extensions ['colcon_pkg']
[0.635s] [34mcolcon.colcon_core.package_identification[0m [1;30mLevel 1[0m _identify(src) by extension 'colcon_pkg'
[0.635s] [34mcolcon.colcon_core.package_identification[0m [1;30mLevel 1[0m _identify(src) by extensions ['colcon_meta']
[0.635s] [34mcolcon.colcon_core.package_identification[0m [1;30mLevel 1[0m _identify(src) by extension 'colcon_meta'
[0.635s] [34mcolcon.colcon_core.package_identification[0m [1;30mLevel 1[0m _identify(src) by extensions ['ros']
[0.635s] [34mcolcon.colcon_core.package_identification[0m [1;30mLevel 1[0m _identify(src) by extension 'ros'
[0.635s] [34mcolcon.colcon_core.package_identification[0m [1;30mLevel 1[0m _identify(src) by extensions ['cmake', 'python']
[0.635s] [34mcolcon.colcon_core.package_identification[0m [1;30mLevel 1[0m _identify(src) by extension 'cmake'
[0.635s] [34mcolcon.colcon_core.package_identification[0m [1;30mLevel 1[0m _identify(src) by extension 'python'
[0.635s] [34mcolcon.colcon_core.package_identification[0m [1;30mLevel 1[0m _identify(src) by extensions ['python_setup_py']
[0.636s] [34mcolcon.colcon_core.package_identification[0m [1;30mLevel 1[0m _identify(src) by extension 'python_setup_py'
[0.636s] [34mcolcon.colcon_core.package_identification[0m [1;30mLevel 1[0m _identify(src/cpp_subcontroller) by extensions ['ignore', 'ignore_ament_install']
[0.636s] [34mcolcon.colcon_core.package_identification[0m [1;30mLevel 1[0m _identify(src/cpp_subcontroller) by extension 'ignore'
[0.636s] [34mcolcon.colcon_core.package_identification[0m [1;30mLevel 1[0m _identify(src/cpp_subcontroller) by extension 'ignore_ament_install'
[0.636s] [34mcolcon.colcon_core.package_identification[0m [1;30mLevel 1[0m _identify(src/cpp_subcontroller) by extensions ['colcon_pkg']
[0.636s] [34mcolcon.colcon_core.package_identification[0m [1;30mLevel 1[0m _identify(src/cpp_subcontroller) by extension 'colcon_pkg'
[0.636s] [34mcolcon.colcon_core.package_identification[0m [1;30mLevel 1[0m _identify(src/cpp_subcontroller) by extensions ['colcon_meta']
[0.636s] [34mcolcon.colcon_core.package_identification[0m [1;30mLevel 1[0m _identify(src/cpp_subcontroller) by extension 'colcon_meta'
[0.636s] [34mcolcon.colcon_core.package_identification[0m [1;30mLevel 1[0m _identify(src/cpp_subcontroller) by extensions ['ros']
[0.636s] [34mcolcon.colcon_core.package_identification[0m [1;30mLevel 1[0m _identify(src/cpp_subcontroller) by extension 'ros'
[0.641s] [34mcolcon.colcon_core.package_identification[0m [1;30mDEBUG[0m [32mPackage 'src/cpp_subcontroller' with type 'ros.ament_cmake' and name 'cpp_subcontroller'[0m
[0.642s] [34mcolcon.colcon_core.package_identification[0m [1;30mLevel 1[0m _identify(src/custom_interfaces) by extensions ['ignore', 'ignore_ament_install']
[0.642s] [34mcolcon.colcon_core.package_identification[0m [1;30mLevel 1[0m _identify(src/custom_interfaces) by extension 'ignore'
[0.642s] [34mcolcon.colcon_core.package_identification[0m [1;30mLevel 1[0m _identify(src/custom_interfaces) by extension 'ignore_ament_install'
[0.642s] [34mcolcon.colcon_core.package_identification[0m [1;30mLevel 1[0m _identify(src/custom_interfaces) by extensions ['colcon_pkg']
[0.642s] [34mcolcon.colcon_core.package_identification[0m [1;30mLevel 1[0m _identify(src/custom_interfaces) by extension 'colcon_pkg'
[0.643s] [34mcolcon.colcon_core.package_identification[0m [1;30mLevel 1[0m _identify(src/custom_interfaces) by extensions ['colcon_meta']
[0.643s] [34mcolcon.colcon_core.package_identification[0m [1;30mLevel 1[0m _identify(src/custom_interfaces) by extension 'colcon_meta'
[0.643s] [34mcolcon.colcon_core.package_identification[0m [1;30mLevel 1[0m _identify(src/custom_interfaces) by extensions ['ros']
[0.643s] [34mcolcon.colcon_core.package_identification[0m [1;30mLevel 1[0m _identify(src/custom_interfaces) by extension 'ros'
[0.644s] [34mcolcon.colcon_core.package_identification[0m [1;30mDEBUG[0m [32mPackage 'src/custom_interfaces' with type 'ros.ament_cmake' and name 'custom_interfaces'[0m
[0.644s] [34mcolcon.colcon_core.package_identification[0m [1;30mLevel 1[0m _identify(src/py_motors) by extensions ['ignore', 'ignore_ament_install']
[0.645s] [34mcolcon.colcon_core.package_identification[0m [1;30mLevel 1[0m _identify(src/py_motors) by extension 'ignore'
[0.645s] [34mcolcon.colcon_core.package_identification[0m [1;30mLevel 1[0m _identify(src/py_motors) by extension 'ignore_ament_install'
[0.645s] [34mcolcon.colcon_core.package_identification[0m [1;30mLevel 1[0m _identify(src/py_motors) by extensions ['colcon_pkg']
[0.645s] [34mcolcon.colcon_core.package_identification[0m [1;30mLevel 1[0m _identify(src/py_motors) by extension 'colcon_pkg'
[0.645s] [34mcolcon.colcon_core.package_identification[0m [1;30mLevel 1[0m _identify(src/py_motors) by extensions ['colcon_meta']
[0.645s] [34mcolcon.colcon_core.package_identification[0m [1;30mLevel 1[0m _identify(src/py_motors) by extension 'colcon_meta'
[0.645s] [34mcolcon.colcon_core.package_identification[0m [1;30mLevel 1[0m _identify(src/py_motors) by extensions ['ros']
[0.645s] [34mcolcon.colcon_core.package_identification[0m [1;30mLevel 1[0m _identify(src/py_motors) by extension 'ros'
[0.646s] [34mcolcon.colcon_core.package_identification[0m [1;30mDEBUG[0m [32mPackage 'src/py_motors' with type 'ros.ament_python' and name 'py_motors'[0m
[0.646s] [34mcolcon.colcon_core.package_identification[0m [1;30mLevel 1[0m _identify(src/py_objectdetection) by extensions ['ignore', 'ignore_ament_install']
[0.647s] [34mcolcon.colcon_core.package_identification[0m [1;30mLevel 1[0m _identify(src/py_objectdetection) by extension 'ignore'
[0.647s] [34mcolcon.colcon_core.package_identification[0m [1;30mLevel 1[0m _identify(src/py_objectdetection) by extension 'ignore_ament_install'
[0.647s] [34mcolcon.colcon_core.package_identification[0m [1;30mLevel 1[0m _identify(src/py_objectdetection) by extensions ['colcon_pkg']
[0.647s] [34mcolcon.colcon_core.package_identification[0m [1;30mLevel 1[0m _identify(src/py_objectdetection) by extension 'colcon_pkg'
[0.647s] [34mcolcon.colcon_core.package_identification[0m [1;30mLevel 1[0m _identify(src/py_objectdetection) by extensions ['colcon_meta']
[0.647s] [34mcolcon.colcon_core.package_identification[0m [1;30mLevel 1[0m _identify(src/py_objectdetection) by extension 'colcon_meta'
[0.647s] [34mcolcon.colcon_core.package_identification[0m [1;30mLevel 1[0m _identify(src/py_objectdetection) by extensions ['ros']
[0.647s] [34mcolcon.colcon_core.package_identification[0m [1;30mLevel 1[0m _identify(src/py_objectdetection) by extension 'ros'
[0.648s] [34mcolcon.colcon_core.package_identification[0m [1;30mDEBUG[0m [32mPackage 'src/py_objectdetection' with type 'ros.ament_python' and name 'py_objectdetection'[0m
[0.648s] [34mcolcon.colcon_core.package_identification[0m [1;30mLevel 1[0m _identify(src/py_sensors) by extensions ['ignore', 'ignore_ament_install']
[0.648s] [34mcolcon.colcon_core.package_identification[0m [1;30mLevel 1[0m _identify(src/py_sensors) by extension 'ignore'
[0.649s] [34mcolcon.colcon_core.package_identification[0m [1;30mLevel 1[0m _identify(src/py_sensors) by extension 'ignore_ament_install'
[0.649s] [34mcolcon.colcon_core.package_identification[0m [1;30mLevel 1[0m _identify(src/py_sensors) by extensions ['colcon_pkg']
[0.649s] [34mcolcon.colcon_core.package_identification[0m [1;30mLevel 1[0m _identify(src/py_sensors) by extension 'colcon_pkg'
[0.649s] [34mcolcon.colcon_core.package_identification[0m [1;30mLevel 1[0m _identify(src/py_sensors) by extensions ['colcon_meta']
[0.649s] [34mcolcon.colcon_core.package_identification[0m [1;30mLevel 1[0m _identify(src/py_sensors) by extension 'colcon_meta'
[0.649s] [34mcolcon.colcon_core.package_identification[0m [1;30mLevel 1[0m _identify(src/py_sensors) by extensions ['ros']
[0.649s] [34mcolcon.colcon_core.package_identification[0m [1;30mLevel 1[0m _identify(src/py_sensors) by extension 'ros'
[0.650s] [34mcolcon.colcon_core.package_identification[0m [1;30mDEBUG[0m [32mPackage 'src/py_sensors' with type 'ros.ament_python' and name 'py_sensors'[0m
[0.650s] [34mcolcon.colcon_core.package_identification[0m [1;30mLevel 1[0m _identify(ultralyticsplus) by extensions ['ignore', 'ignore_ament_install']
[0.650s] [34mcolcon.colcon_core.package_identification[0m [1;30mLevel 1[0m _identify(ultralyticsplus) by extension 'ignore'
[0.650s] [34mcolcon.colcon_core.package_identification[0m [1;30mLevel 1[0m _identify(ultralyticsplus) by extension 'ignore_ament_install'
[0.651s] [34mcolcon.colcon_core.package_identification[0m [1;30mLevel 1[0m _identify(ultralyticsplus) by extensions ['colcon_pkg']
[0.651s] [34mcolcon.colcon_core.package_identification[0m [1;30mLevel 1[0m _identify(ultralyticsplus) by extension 'colcon_pkg'
[0.651s] [34mcolcon.colcon_core.package_identification[0m [1;30mLevel 1[0m _identify(ultralyticsplus) by extensions ['colcon_meta']
[0.651s] [34mcolcon.colcon_core.package_identification[0m [1;30mLevel 1[0m _identify(ultralyticsplus) by extension 'colcon_meta'
[0.651s] [34mcolcon.colcon_core.package_identification[0m [1;30mLevel 1[0m _identify(ultralyticsplus) by extensions ['ros']
[0.651s] [34mcolcon.colcon_core.package_identification[0m [1;30mLevel 1[0m _identify(ultralyticsplus) by extension 'ros'
[0.651s] [34mcolcon.colcon_core.package_identification[0m [1;30mLevel 1[0m _identify(ultralyticsplus) by extensions ['cmake', 'python']
[0.651s] [34mcolcon.colcon_core.package_identification[0m [1;30mLevel 1[0m _identify(ultralyticsplus) by extension 'cmake'
[0.651s] [34mcolcon.colcon_core.package_identification[0m [1;30mLevel 1[0m _identify(ultralyticsplus) by extension 'python'
[0.651s] [34mcolcon.colcon_core.package_identification[0m [1;30mLevel 1[0m _identify(ultralyticsplus) by extensions ['python_setup_py']
[0.651s] [34mcolcon.colcon_core.package_identification[0m [1;30mLevel 1[0m _identify(ultralyticsplus) by extension 'python_setup_py'
[0.652s] [34mcolcon.colcon_core.package_discovery[0m [1;30mLevel 1[0m discover_packages(recursive) using defaults
[0.652s] [34mcolcon.colcon_core.package_discovery[0m [1;30mLevel 1[0m discover_packages(ignore) discover
[0.652s] [34mcolcon.colcon_core.package_discovery[0m [1;30mLevel 1[0m discover_packages(ignore) using defaults
[0.652s] [34mcolcon.colcon_core.package_discovery[0m [1;30mLevel 1[0m discover_packages(path) discover
[0.652s] [34mcolcon.colcon_core.package_discovery[0m [1;30mLevel 1[0m discover_packages(path) using defaults
[0.683s] [34mcolcon.colcon_core.package_discovery[0m [1;30mLevel 1[0m discover_packages(prefix_path) check parameters
[0.683s] [34mcolcon.colcon_core.package_discovery[0m [1;30mLevel 1[0m discover_packages(prefix_path) discover
[0.686s] [34mcolcon.colcon_installed_package_information.package_discovery[0m [1;30mDEBUG[0m [32mFound 5 installed packages in /home/robocatsorin/Desktop/RobotCode2025/ros2_ws/install[0m
[0.688s] [34mcolcon.colcon_installed_package_information.package_discovery[0m [1;30mDEBUG[0m [32mFound 283 installed packages in /opt/ros/humble[0m
[0.692s] [34mcolcon.colcon_core.package_discovery[0m [1;30mLevel 1[0m discover_packages(prefix_path) using defaults
[0.759s] [34mcolcon.colcon_core.verb[0m [1;30mLevel 5[0m set package 'custom_interfaces' build argument 'cmake_args' from command line to 'None'
[0.759s] [34mcolcon.colcon_core.verb[0m [1;30mLevel 5[0m set package 'custom_interfaces' build argument 'cmake_target' from command line to 'None'
[0.760s] [34mcolcon.colcon_core.verb[0m [1;30mLevel 5[0m set package 'custom_interfaces' build argument 'cmake_target_skip_unavailable' from command line to 'False'
[0.760s] [34mcolcon.colcon_core.verb[0m [1;30mLevel 5[0m set package 'custom_interfaces' build argument 'cmake_clean_cache' from command line to 'False'
[0.760s] [34mcolcon.colcon_core.verb[0m [1;30mLevel 5[0m set package 'custom_interfaces' build argument 'cmake_clean_first' from command line to 'False'
[0.760s] [34mcolcon.colcon_core.verb[0m [1;30mLevel 5[0m set package 'custom_interfaces' build argument 'cmake_force_configure' from command line to 'False'
[0.760s] [34mcolcon.colcon_core.verb[0m [1;30mLevel 5[0m set package 'custom_interfaces' build argument 'ament_cmake_args' from command line to 'None'
[0.760s] [34mcolcon.colcon_core.verb[0m [1;30mLevel 5[0m set package 'custom_interfaces' build argument 'catkin_cmake_args' from command line to 'None'
[0.760s] [34mcolcon.colcon_core.verb[0m [1;30mLevel 5[0m set package 'custom_interfaces' build argument 'catkin_skip_building_tests' from command line to 'False'
[0.760s] [34mcolcon.colcon_core.verb[0m [1;30mDEBUG[0m [32mBuilding package 'custom_interfaces' with the following arguments: {'ament_cmake_args': None, 'build_base': '/home/robocatsorin/Desktop/RobotCode2025/ros2_ws/build/custom_interfaces', 'catkin_cmake_args': None, 'catkin_skip_building_tests': False, 'cmake_args': None, 'cmake_clean_cache': False, 'cmake_clean_first': False, 'cmake_force_configure': False, 'cmake_target': None, 'cmake_target_skip_unavailable': False, 'install_base': '/home/robocatsorin/Desktop/RobotCode2025/ros2_ws/install/custom_interfaces', 'merge_install': False, 'path': '/home/robocatsorin/Desktop/RobotCode2025/ros2_ws/src/custom_interfaces', 'symlink_install': False, 'test_result_base': None}[0m
[0.761s] [34mcolcon.colcon_core.verb[0m [1;30mLevel 5[0m set package 'cpp_subcontroller' build argument 'cmake_args' from command line to 'None'
[0.761s] [34mcolcon.colcon_core.verb[0m [1;30mLevel 5[0m set package 'cpp_subcontroller' build argument 'cmake_target' from command line to 'None'
[0.761s] [34mcolcon.colcon_core.verb[0m [1;30mLevel 5[0m set package 'cpp_subcontroller' build argument 'cmake_target_skip_unavailable' from command line to 'False'
[0.761s] [34mcolcon.colcon_core.verb[0m [1;30mLevel 5[0m set package 'cpp_subcontroller' build argument 'cmake_clean_cache' from command line to 'False'
[0.761s] [34mcolcon.colcon_core.verb[0m [1;30mLevel 5[0m set package 'cpp_subcontroller' build argument 'cmake_clean_first' from command line to 'False'
[0.761s] [34mcolcon.colcon_core.verb[0m [1;30mLevel 5[0m set package 'cpp_subcontroller' build argument 'cmake_force_configure' from command line to 'False'
[0.761s] [34mcolcon.colcon_core.verb[0m [1;30mLevel 5[0m set package 'cpp_subcontroller' build argument 'ament_cmake_args' from command line to 'None'
[0.761s] [34mcolcon.colcon_core.verb[0m [1;30mLevel 5[0m set package 'cpp_subcontroller' build argument 'catkin_cmake_args' from command line to 'None'
[0.761s] [34mcolcon.colcon_core.verb[0m [1;30mLevel 5[0m set package 'cpp_subcontroller' build argument 'catkin_skip_building_tests' from command line to 'False'
[0.761s] [34mcolcon.colcon_core.verb[0m [1;30mDEBUG[0m [32mBuilding package 'cpp_subcontroller' with the following arguments: {'ament_cmake_args': None, 'build_base': '/home/robocatsorin/Desktop/RobotCode2025/ros2_ws/build/cpp_subcontroller', 'catkin_cmake_args': None, 'catkin_skip_building_tests': False, 'cmake_args': None, 'cmake_clean_cache': False, 'cmake_clean_first': False, 'cmake_force_configure': False, 'cmake_target': None, 'cmake_target_skip_unavailable': False, 'install_base': '/home/robocatsorin/Desktop/RobotCode2025/ros2_ws/install/cpp_subcontroller', 'merge_install': False, 'path': '/home/robocatsorin/Desktop/RobotCode2025/ros2_ws/src/cpp_subcontroller', 'symlink_install': False, 'test_result_base': None}[0m
[0.762s] [34mcolcon.colcon_core.verb[0m [1;30mLevel 5[0m set package 'py_motors' build argument 'cmake_args' from command line to 'None'
[0.762s] [34mcolcon.colcon_core.verb[0m [1;30mLevel 5[0m set package 'py_motors' build argument 'cmake_target' from command line to 'None'
[0.762s] [34mcolcon.colcon_core.verb[0m [1;30mLevel 5[0m set package 'py_motors' build argument 'cmake_target_skip_unavailable' from command line to 'False'
[0.762s] [34mcolcon.colcon_core.verb[0m [1;30mLevel 5[0m set package 'py_motors' build argument 'cmake_clean_cache' from command line to 'False'
[0.762s] [34mcolcon.colcon_core.verb[0m [1;30mLevel 5[0m set package 'py_motors' build argument 'cmake_clean_first' from command line to 'False'
[0.762s] [34mcolcon.colcon_core.verb[0m [1;30mLevel 5[0m set package 'py_motors' build argument 'cmake_force_configure' from command line to 'False'
[0.762s] [34mcolcon.colcon_core.verb[0m [1;30mLevel 5[0m set package 'py_motors' build argument 'ament_cmake_args' from command line to 'None'
[0.762s] [34mcolcon.colcon_core.verb[0m [1;30mLevel 5[0m set package 'py_motors' build argument 'catkin_cmake_args' from command line to 'None'
[0.762s] [34mcolcon.colcon_core.verb[0m [1;30mLevel 5[0m set package 'py_motors' build argument 'catkin_skip_building_tests' from command line to 'False'
[0.762s] [34mcolcon.colcon_core.verb[0m [1;30mDEBUG[0m [32mBuilding package 'py_motors' with the following arguments: {'ament_cmake_args': None, 'build_base': '/home/robocatsorin/Desktop/RobotCode2025/ros2_ws/build/py_motors', 'catkin_cmake_args': None, 'catkin_skip_building_tests': False, 'cmake_args': None, 'cmake_clean_cache': False, 'cmake_clean_first': False, 'cmake_force_configure': False, 'cmake_target': None, 'cmake_target_skip_unavailable': False, 'install_base': '/home/robocatsorin/Desktop/RobotCode2025/ros2_ws/install/py_motors', 'merge_install': False, 'path': '/home/robocatsorin/Desktop/RobotCode2025/ros2_ws/src/py_motors', 'symlink_install': False, 'test_result_base': None}[0m
[0.763s] [34mcolcon.colcon_core.verb[0m [1;30mLevel 5[0m set package 'py_objectdetection' build argument 'cmake_args' from command line to 'None'
[0.763s] [34mcolcon.colcon_core.verb[0m [1;30mLevel 5[0m set package 'py_objectdetection' build argument 'cmake_target' from command line to 'None'
[0.763s] [34mcolcon.colcon_core.verb[0m [1;30mLevel 5[0m set package 'py_objectdetection' build argument 'cmake_target_skip_unavailable' from command line to 'False'
[0.763s] [34mcolcon.colcon_core.verb[0m [1;30mLevel 5[0m set package 'py_objectdetection' build argument 'cmake_clean_cache' from command line to 'False'
[0.763s] [34mcolcon.colcon_core.verb[0m [1;30mLevel 5[0m set package 'py_objectdetection' build argument 'cmake_clean_first' from command line to 'False'
[0.763s] [34mcolcon.colcon_core.verb[0m [1;30mLevel 5[0m set package 'py_objectdetection' build argument 'cmake_force_configure' from command line to 'False'
[0.763s] [34mcolcon.colcon_core.verb[0m [1;30mLevel 5[0m set package 'py_objectdetection' build argument 'ament_cmake_args' from command line to 'None'
[0.763s] [34mcolcon.colcon_core.verb[0m [1;30mLevel 5[0m set package 'py_objectdetection' build argument 'catkin_cmake_args' from command line to 'None'
[0.763s] [34mcolcon.colcon_core.verb[0m [1;30mLevel 5[0m set package 'py_objectdetection' build argument 'catkin_skip_building_tests' from command line to 'False'
[0.763s] [34mcolcon.colcon_core.verb[0m [1;30mDEBUG[0m [32mBuilding package 'py_objectdetection' with the following arguments: {'ament_cmake_args': None, 'build_base': '/home/robocatsorin/Desktop/RobotCode2025/ros2_ws/build/py_objectdetection', 'catkin_cmake_args': None, 'catkin_skip_building_tests': False, 'cmake_args': None, 'cmake_clean_cache': False, 'cmake_clean_first': False, 'cmake_force_configure': False, 'cmake_target': None, 'cmake_target_skip_unavailable': False, 'install_base': '/home/robocatsorin/Desktop/RobotCode2025/ros2_ws/install/py_objectdetection', 'merge_install': False, 'path': '/home/robocatsorin/Desktop/RobotCode2025/ros2_ws/src/py_objectdetection', 'symlink_install': False, 'test_result_base': None}[0m
[0.764s] [34mcolcon.colcon_core.verb[0m [1;30mLevel 5[0m set package 'py_sensors' build argument 'cmake_args' from command line to 'None'
[0.764s] [34mcolcon.colcon_core.verb[0m [1;30mLevel 5[0m set package 'py_sensors' build argument 'cmake_target' from command line to 'None'
[0.764s] [34mcolcon.colcon_core.verb[0m [1;30mLevel 5[0m set package 'py_sensors' build argument 'cmake_target_skip_unavailable' from command line to 'False'
[0.764s] [34mcolcon.colcon_core.verb[0m [1;30mLevel 5[0m set package 'py_sensors' build argument 'cmake_clean_cache' from command line to 'False'
[0.764s] [34mcolcon.colcon_core.verb[0m [1;30mLevel 5[0m set package 'py_sensors' build argument 'cmake_clean_first' from command line to 'False'
[0.764s] [34mcolcon.colcon_core.verb[0m [1;30mLevel 5[0m set package 'py_sensors' build argument 'cmake_force_configure' from command line to 'False'
[0.764s] [34mcolcon.colcon_core.verb[0m [1;30mLevel 5[0m set package 'py_sensors' build argument 'ament_cmake_args' from command line to 'None'
[0.764s] [34mcolcon.colcon_core.verb[0m [1;30mLevel 5[0m set package 'py_sensors' build argument 'catkin_cmake_args' from command line to 'None'
[0.764s] [34mcolcon.colcon_core.verb[0m [1;30mLevel 5[0m set package 'py_sensors' build argument 'catkin_skip_building_tests' from command line to 'False'
[0.764s] [34mcolcon.colcon_core.verb[0m [1;30mDEBUG[0m [32mBuilding package 'py_sensors' with the following arguments: {'ament_cmake_args': None, 'build_base': '/home/robocatsorin/Desktop/RobotCode2025/ros2_ws/build/py_sensors', 'catkin_cmake_args': None, 'catkin_skip_building_tests': False, 'cmake_args': None, 'cmake_clean_cache': False, 'cmake_clean_first': False, 'cmake_force_configure': False, 'cmake_target': None, 'cmake_target_skip_unavailable': False, 'install_base': '/home/robocatsorin/Desktop/RobotCode2025/ros2_ws/install/py_sensors', 'merge_install': False, 'path': '/home/robocatsorin/Desktop/RobotCode2025/ros2_ws/src/py_sensors', 'symlink_install': False, 'test_result_base': None}[0m
[0.765s] [34mcolcon.colcon_core.executor[0m [1;30mINFO[0m Executing jobs using 'parallel' executor
[0.767s] [34mcolcon.colcon_parallel_executor.executor.parallel[0m [1;30mDEBUG[0m [32mrun_until_complete[0m
[0.767s] [34mcolcon.colcon_ros.task.ament_cmake.build[0m [1;30mINFO[0m Building ROS package in '/home/robocatsorin/Desktop/RobotCode2025/ros2_ws/src/custom_interfaces' with build type 'ament_cmake'
[0.768s] [34mcolcon.colcon_cmake.task.cmake.build[0m [1;30mINFO[0m Building CMake package in '/home/robocatsorin/Desktop/RobotCode2025/ros2_ws/src/custom_interfaces'
[0.771s] [34mcolcon.colcon_core.plugin_system[0m [1;30mINFO[0m Skipping extension 'colcon_core.shell.bat': Not used on non-Windows systems
[0.772s] [34mcolcon.colcon_core.shell[0m [1;30mINFO[0m Skip shell extension 'powershell' for command environment: Not usable outside of PowerShell
[0.772s] [34mcolcon.colcon_core.shell[0m [1;30mDEBUG[0m [32mSkip shell extension 'dsv' for command environment[0m
[0.788s] [34mcolcon.colcon_core.event_handler.log_command[0m [1;30mDEBUG[0m [32mInvoking command in '/home/robocatsorin/Desktop/RobotCode2025/ros2_ws/build/custom_interfaces': CMAKE_PREFIX_PATH=/opt/ros/humble /usr/local/bin/cmake --build /home/robocatsorin/Desktop/RobotCode2025/ros2_ws/build/custom_interfaces -- -j8 -l8[0m
[1.457s] [34mcolcon.colcon_core.event_handler.log_command[0m [1;30mDEBUG[0m [32mInvoked command in '/home/robocatsorin/Desktop/RobotCode2025/ros2_ws/build/custom_interfaces' returned '0': CMAKE_PREFIX_PATH=/opt/ros/humble /usr/local/bin/cmake --build /home/robocatsorin/Desktop/RobotCode2025/ros2_ws/build/custom_interfaces -- -j8 -l8[0m
[1.469s] [34mcolcon.colcon_core.event_handler.log_command[0m [1;30mDEBUG[0m [32mInvoking command in '/home/robocatsorin/Desktop/RobotCode2025/ros2_ws/build/custom_interfaces': CMAKE_PREFIX_PATH=/opt/ros/humble /usr/local/bin/cmake --install /home/robocatsorin/Desktop/RobotCode2025/ros2_ws/build/custom_interfaces[0m
[1.580s] [34mcolcon.colcon_core.environment[0m [1;30mLevel 1[0m create_environment_scripts_only(custom_interfaces)
[1.581s] [34mcolcon.colcon_core.event_handler.log_command[0m [1;30mDEBUG[0m [32mInvoked command in '/home/robocatsorin/Desktop/RobotCode2025/ros2_ws/build/custom_interfaces' returned '0': CMAKE_PREFIX_PATH=/opt/ros/humble /usr/local/bin/cmake --install /home/robocatsorin/Desktop/RobotCode2025/ros2_ws/build/custom_interfaces[0m
[1.589s] [34mcolcon.colcon_core.environment[0m [1;30mLevel 1[0m checking '/home/robocatsorin/Desktop/RobotCode2025/ros2_ws/install/custom_interfaces' for CMake module files
[1.591s] [34mcolcon.colcon_core.environment[0m [1;30mLevel 1[0m checking '/home/robocatsorin/Desktop/RobotCode2025/ros2_ws/install/custom_interfaces' for CMake config files
[1.593s] [34mcolcon.colcon_core.shell[0m [1;30mLevel 1[0m create_environment_hook('custom_interfaces', 'cmake_prefix_path')
[1.594s] [34mcolcon.colcon_core.shell[0m [1;30mINFO[0m Creating environment hook '/home/robocatsorin/Desktop/RobotCode2025/ros2_ws/install/custom_interfaces/share/custom_interfaces/hook/cmake_prefix_path.ps1'
[1.597s] [34mcolcon.colcon_core.shell[0m [1;30mINFO[0m Creating environment descriptor '/home/robocatsorin/Desktop/RobotCode2025/ros2_ws/install/custom_interfaces/share/custom_interfaces/hook/cmake_prefix_path.dsv'
[1.599s] [34mcolcon.colcon_core.shell[0m [1;30mINFO[0m Creating environment hook '/home/robocatsorin/Desktop/RobotCode2025/ros2_ws/install/custom_interfaces/share/custom_interfaces/hook/cmake_prefix_path.sh'
[1.602s] [34mcolcon.colcon_core.environment[0m [1;30mLevel 1[0m checking '/home/robocatsorin/Desktop/RobotCode2025/ros2_ws/install/custom_interfaces/lib'
[1.603s] [34mcolcon.colcon_core.shell[0m [1;30mLevel 1[0m create_environment_hook('custom_interfaces', 'ld_library_path_lib')
[1.604s] [34mcolcon.colcon_core.shell[0m [1;30mINFO[0m Creating environment hook '/home/robocatsorin/Desktop/RobotCode2025/ros2_ws/install/custom_interfaces/share/custom_interfaces/hook/ld_library_path_lib.ps1'
[1.605s] [34mcolcon.colcon_core.shell[0m [1;30mINFO[0m Creating environment descriptor '/home/robocatsorin/Desktop/RobotCode2025/ros2_ws/install/custom_interfaces/share/custom_interfaces/hook/ld_library_path_lib.dsv'
[1.607s] [34mcolcon.colcon_core.shell[0m [1;30mINFO[0m Creating environment hook '/home/robocatsorin/Desktop/RobotCode2025/ros2_ws/install/custom_interfaces/share/custom_interfaces/hook/ld_library_path_lib.sh'
[1.608s] [34mcolcon.colcon_core.environment[0m [1;30mLevel 1[0m checking '/home/robocatsorin/Desktop/RobotCode2025/ros2_ws/install/custom_interfaces/bin'
[1.609s] [34mcolcon.colcon_core.environment[0m [1;30mLevel 1[0m checking '/home/robocatsorin/Desktop/RobotCode2025/ros2_ws/install/custom_interfaces/lib/pkgconfig/custom_interfaces.pc'
[1.609s] [34mcolcon.colcon_core.environment[0m [1;30mLevel 1[0m checking '/home/robocatsorin/Desktop/RobotCode2025/ros2_ws/install/custom_interfaces/lib/python3.10/site-packages'
[1.610s] [34mcolcon.colcon_core.environment[0m [1;30mLevel 1[0m checking '/home/robocatsorin/Desktop/RobotCode2025/ros2_ws/install/custom_interfaces/bin'
[1.612s] [34mcolcon.colcon_core.shell[0m [1;30mINFO[0m Creating package script '/home/robocatsorin/Desktop/RobotCode2025/ros2_ws/install/custom_interfaces/share/custom_interfaces/package.ps1'
[1.615s] [34mcolcon.colcon_core.shell[0m [1;30mINFO[0m Creating package descriptor '/home/robocatsorin/Desktop/RobotCode2025/ros2_ws/install/custom_interfaces/share/custom_interfaces/package.dsv'
[1.617s] [34mcolcon.colcon_core.shell[0m [1;30mINFO[0m Creating package script '/home/robocatsorin/Desktop/RobotCode2025/ros2_ws/install/custom_interfaces/share/custom_interfaces/package.sh'
[1.619s] [34mcolcon.colcon_core.shell[0m [1;30mINFO[0m Creating package script '/home/robocatsorin/Desktop/RobotCode2025/ros2_ws/install/custom_interfaces/share/custom_interfaces/package.bash'
[1.622s] [34mcolcon.colcon_core.shell[0m [1;30mINFO[0m Creating package script '/home/robocatsorin/Desktop/RobotCode2025/ros2_ws/install/custom_interfaces/share/custom_interfaces/package.zsh'
[1.625s] [34mcolcon.colcon_core.environment[0m [1;30mLevel 1[0m create_file_with_runtime_dependencies(/home/robocatsorin/Desktop/RobotCode2025/ros2_ws/install/custom_interfaces/share/colcon-core/packages/custom_interfaces)
[1.627s] [34mcolcon.colcon_core.environment[0m [1;30mLevel 1[0m create_environment_scripts_only(custom_interfaces)
[1.628s] [34mcolcon.colcon_core.environment[0m [1;30mLevel 1[0m checking '/home/robocatsorin/Desktop/RobotCode2025/ros2_ws/install/custom_interfaces' for CMake module files
[1.630s] [34mcolcon.colcon_core.environment[0m [1;30mLevel 1[0m checking '/home/robocatsorin/Desktop/RobotCode2025/ros2_ws/install/custom_interfaces' for CMake config files
[1.632s] [34mcolcon.colcon_core.shell[0m [1;30mLevel 1[0m create_environment_hook('custom_interfaces', 'cmake_prefix_path')
[1.633s] [34mcolcon.colcon_core.shell[0m [1;30mINFO[0m Creating environment hook '/home/robocatsorin/Desktop/RobotCode2025/ros2_ws/install/custom_interfaces/share/custom_interfaces/hook/cmake_prefix_path.ps1'
[1.634s] [34mcolcon.colcon_core.shell[0m [1;30mINFO[0m Creating environment descriptor '/home/robocatsorin/Desktop/RobotCode2025/ros2_ws/install/custom_interfaces/share/custom_interfaces/hook/cmake_prefix_path.dsv'
[1.635s] [34mcolcon.colcon_core.shell[0m [1;30mINFO[0m Creating environment hook '/home/robocatsorin/Desktop/RobotCode2025/ros2_ws/install/custom_interfaces/share/custom_interfaces/hook/cmake_prefix_path.sh'
[1.637s] [34mcolcon.colcon_core.environment[0m [1;30mLevel 1[0m checking '/home/robocatsorin/Desktop/RobotCode2025/ros2_ws/install/custom_interfaces/lib'
[1.637s] [34mcolcon.colcon_core.shell[0m [1;30mLevel 1[0m create_environment_hook('custom_interfaces', 'ld_library_path_lib')
[1.638s] [34mcolcon.colcon_core.shell[0m [1;30mINFO[0m Creating environment hook '/home/robocatsorin/Desktop/RobotCode2025/ros2_ws/install/custom_interfaces/share/custom_interfaces/hook/ld_library_path_lib.ps1'
[1.639s] [34mcolcon.colcon_core.shell[0m [1;30mINFO[0m Creating environment descriptor '/home/robocatsorin/Desktop/RobotCode2025/ros2_ws/install/custom_interfaces/share/custom_interfaces/hook/ld_library_path_lib.dsv'
[1.640s] [34mcolcon.colcon_core.shell[0m [1;30mINFO[0m Creating environment hook '/home/robocatsorin/Desktop/RobotCode2025/ros2_ws/install/custom_interfaces/share/custom_interfaces/hook/ld_library_path_lib.sh'
[1.641s] [34mcolcon.colcon_core.environment[0m [1;30mLevel 1[0m checking '/home/robocatsorin/Desktop/RobotCode2025/ros2_ws/install/custom_interfaces/bin'
[1.641s] [34mcolcon.colcon_core.environment[0m [1;30mLevel 1[0m checking '/home/robocatsorin/Desktop/RobotCode2025/ros2_ws/install/custom_interfaces/lib/pkgconfig/custom_interfaces.pc'
[1.642s] [34mcolcon.colcon_core.environment[0m [1;30mLevel 1[0m checking '/home/robocatsorin/Desktop/RobotCode2025/ros2_ws/install/custom_interfaces/lib/python3.10/site-packages'
[1.642s] [34mcolcon.colcon_core.environment[0m [1;30mLevel 1[0m checking '/home/robocatsorin/Desktop/RobotCode2025/ros2_ws/install/custom_interfaces/bin'
[1.643s] [34mcolcon.colcon_core.shell[0m [1;30mINFO[0m Creating package script '/home/robocatsorin/Desktop/RobotCode2025/ros2_ws/install/custom_interfaces/share/custom_interfaces/package.ps1'
[1.644s] [34mcolcon.colcon_core.shell[0m [1;30mINFO[0m Creating package descriptor '/home/robocatsorin/Desktop/RobotCode2025/ros2_ws/install/custom_interfaces/share/custom_interfaces/package.dsv'
[1.646s] [34mcolcon.colcon_core.shell[0m [1;30mINFO[0m Creating package script '/home/robocatsorin/Desktop/RobotCode2025/ros2_ws/install/custom_interfaces/share/custom_interfaces/package.sh'
[1.647s] [34mcolcon.colcon_core.shell[0m [1;30mINFO[0m Creating package script '/home/robocatsorin/Desktop/RobotCode2025/ros2_ws/install/custom_interfaces/share/custom_interfaces/package.bash'
[1.648s] [34mcolcon.colcon_core.shell[0m [1;30mINFO[0m Creating package script '/home/robocatsorin/Desktop/RobotCode2025/ros2_ws/install/custom_interfaces/share/custom_interfaces/package.zsh'
[1.649s] [34mcolcon.colcon_core.environment[0m [1;30mLevel 1[0m create_file_with_runtime_dependencies(/home/robocatsorin/Desktop/RobotCode2025/ros2_ws/install/custom_interfaces/share/colcon-core/packages/custom_interfaces)
[1.650s] [34mcolcon.colcon_ros.task.ament_cmake.build[0m [1;30mINFO[0m Building ROS package in '/home/robocatsorin/Desktop/RobotCode2025/ros2_ws/src/cpp_subcontroller' with build type 'ament_cmake'
[1.650s] [34mcolcon.colcon_cmake.task.cmake.build[0m [1;30mINFO[0m Building CMake package in '/home/robocatsorin/Desktop/RobotCode2025/ros2_ws/src/cpp_subcontroller'
[1.651s] [34mcolcon.colcon_core.shell[0m [1;30mINFO[0m Skip shell extension 'powershell' for command environment: Not usable outside of PowerShell
[1.651s] [34mcolcon.colcon_core.shell[0m [1;30mDEBUG[0m [32mSkip shell extension 'dsv' for command environment[0m
[1.663s] [34mcolcon.colcon_ros.task.ament_python.build[0m [1;30mINFO[0m Building ROS package in '/home/robocatsorin/Desktop/RobotCode2025/ros2_ws/src/py_motors' with build type 'ament_python'
[1.663s] [34mcolcon.colcon_core.shell[0m [1;30mLevel 1[0m create_environment_hook('py_motors', 'ament_prefix_path')
[1.664s] [34mcolcon.colcon_core.shell[0m [1;30mINFO[0m Creating environment hook '/home/robocatsorin/Desktop/RobotCode2025/ros2_ws/install/py_motors/share/py_motors/hook/ament_prefix_path.ps1'
[1.665s] [34mcolcon.colcon_core.shell[0m [1;30mINFO[0m Creating environment descriptor '/home/robocatsorin/Desktop/RobotCode2025/ros2_ws/install/py_motors/share/py_motors/hook/ament_prefix_path.dsv'
[1.666s] [34mcolcon.colcon_core.shell[0m [1;30mINFO[0m Creating environment hook '/home/robocatsorin/Desktop/RobotCode2025/ros2_ws/install/py_motors/share/py_motors/hook/ament_prefix_path.sh'
[1.667s] [34mcolcon.colcon_core.shell[0m [1;30mINFO[0m Skip shell extension 'powershell' for command environment: Not usable outside of PowerShell
[1.667s] [34mcolcon.colcon_core.shell[0m [1;30mDEBUG[0m [32mSkip shell extension 'dsv' for command environment[0m
[1.675s] [34mcolcon.colcon_ros.task.ament_python.build[0m [1;30mINFO[0m Building ROS package in '/home/robocatsorin/Desktop/RobotCode2025/ros2_ws/src/py_objectdetection' with build type 'ament_python'
[1.676s] [34mcolcon.colcon_core.shell[0m [1;30mLevel 1[0m create_environment_hook('py_objectdetection', 'ament_prefix_path')
[1.676s] [34mcolcon.colcon_core.shell[0m [1;30mINFO[0m Creating environment hook '/home/robocatsorin/Desktop/RobotCode2025/ros2_ws/install/py_objectdetection/share/py_objectdetection/hook/ament_prefix_path.ps1'
[1.677s] [34mcolcon.colcon_core.shell[0m [1;30mINFO[0m Creating environment descriptor '/home/robocatsorin/Desktop/RobotCode2025/ros2_ws/install/py_objectdetection/share/py_objectdetection/hook/ament_prefix_path.dsv'
[1.678s] [34mcolcon.colcon_core.shell[0m [1;30mINFO[0m Creating environment hook '/home/robocatsorin/Desktop/RobotCode2025/ros2_ws/install/py_objectdetection/share/py_objectdetection/hook/ament_prefix_path.sh'
[1.680s] [34mcolcon.colcon_core.shell[0m [1;30mINFO[0m Skip shell extension 'powershell' for command environment: Not usable outside of PowerShell
[1.680s] [34mcolcon.colcon_core.shell[0m [1;30mDEBUG[0m [32mSkip shell extension 'dsv' for command environment[0m
[1.689s] [34mcolcon.colcon_ros.task.ament_python.build[0m [1;30mINFO[0m Building ROS package in '/home/robocatsorin/Desktop/RobotCode2025/ros2_ws/src/py_sensors' with build type 'ament_python'
[1.689s] [34mcolcon.colcon_core.shell[0m [1;30mLevel 1[0m create_environment_hook('py_sensors', 'ament_prefix_path')
[1.690s] [34mcolcon.colcon_core.shell[0m [1;30mINFO[0m Creating environment hook '/home/robocatsorin/Desktop/RobotCode2025/ros2_ws/install/py_sensors/share/py_sensors/hook/ament_prefix_path.ps1'
[1.691s] [34mcolcon.colcon_core.shell[0m [1;30mINFO[0m Creating environment descriptor '/home/robocatsorin/Desktop/RobotCode2025/ros2_ws/install/py_sensors/share/py_sensors/hook/ament_prefix_path.dsv'
[1.692s] [34mcolcon.colcon_core.shell[0m [1;30mINFO[0m Creating environment hook '/home/robocatsorin/Desktop/RobotCode2025/ros2_ws/install/py_sensors/share/py_sensors/hook/ament_prefix_path.sh'
[1.693s] [34mcolcon.colcon_core.shell[0m [1;30mINFO[0m Skip shell extension 'powershell' for command environment: Not usable outside of PowerShell
[1.694s] [34mcolcon.colcon_core.shell[0m [1;30mDEBUG[0m [32mSkip shell extension 'dsv' for command environment[0m
[1.709s] [34mcolcon.colcon_core.event_handler.log_command[0m [1;30mDEBUG[0m [32mInvoking command in '/home/robocatsorin/Desktop/RobotCode2025/ros2_ws/build/cpp_subcontroller': AMENT_PREFIX_PATH=/home/robocatsorin/Desktop/RobotCode2025/ros2_ws/install/custom_interfaces:${AMENT_PREFIX_PATH} CMAKE_PREFIX_PATH=/home/robocatsorin/Desktop/RobotCode2025/ros2_ws/install/custom_interfaces:/opt/ros/humble LD_LIBRARY_PATH=/home/robocatsorin/Desktop/RobotCode2025/ros2_ws/install/custom_interfaces/lib:/opt/ros/humble/opt/rviz_ogre_vendor/lib:/opt/ros/humble/lib/aarch64-linux-gnu:/opt/ros/humble/lib:/usr/local/cuda-12.6/lib64 PYTHONPATH=/home/robocatsorin/Desktop/RobotCode2025/ros2_ws/install/custom_interfaces/local/lib/python3.10/dist-packages:${PYTHONPATH} /usr/local/bin/cmake --build /home/robocatsorin/Desktop/RobotCode2025/ros2_ws/build/cpp_subcontroller -- -j8 -l8[0m
[2.227s] [34mcolcon.colcon_core.task.python.build[0m [1;30mINFO[0m Building Python package in '/home/robocatsorin/Desktop/RobotCode2025/ros2_ws/src/py_motors'
[2.228s] [34mcolcon.colcon_core.shell[0m [1;30mINFO[0m Skip shell extension 'powershell' for command environment: Not usable outside of PowerShell
[2.228s] [34mcolcon.colcon_core.shell[0m [1;30mDEBUG[0m [32mSkip shell extension 'dsv' for command environment[0m
[2.750s] [34mcolcon.colcon_core.task.python.build[0m [1;30mINFO[0m Building Python package in '/home/robocatsorin/Desktop/RobotCode2025/ros2_ws/src/py_objectdetection'
[2.751s] [34mcolcon.colcon_core.shell[0m [1;30mINFO[0m Skip shell extension 'powershell' for command environment: Not usable outside of PowerShell
[2.751s] [34mcolcon.colcon_core.shell[0m [1;30mDEBUG[0m [32mSkip shell extension 'dsv' for command environment[0m
[2.762s] [34mcolcon.colcon_core.event_handler.log_command[0m [1;30mDEBUG[0m [32mInvoked command in '/home/robocatsorin/Desktop/RobotCode2025/ros2_ws/build/cpp_subcontroller' returned '0': AMENT_PREFIX_PATH=/home/robocatsorin/Desktop/RobotCode2025/ros2_ws/install/custom_interfaces:${AMENT_PREFIX_PATH} CMAKE_PREFIX_PATH=/home/robocatsorin/Desktop/RobotCode2025/ros2_ws/install/custom_interfaces:/opt/ros/humble LD_LIBRARY_PATH=/home/robocatsorin/Desktop/RobotCode2025/ros2_ws/install/custom_interfaces/lib:/opt/ros/humble/opt/rviz_ogre_vendor/lib:/opt/ros/humble/lib/aarch64-linux-gnu:/opt/ros/humble/lib:/usr/local/cuda-12.6/lib64 PYTHONPATH=/home/robocatsorin/Desktop/RobotCode2025/ros2_ws/install/custom_interfaces/local/lib/python3.10/dist-packages:${PYTHONPATH} /usr/local/bin/cmake --build /home/robocatsorin/Desktop/RobotCode2025/ros2_ws/build/cpp_subcontroller -- -j8 -l8[0m
[2.765s] [34mcolcon.colcon_core.event_handler.log_command[0m [1;30mDEBUG[0m [32mInvoking command in '/home/robocatsorin/Desktop/RobotCode2025/ros2_ws/build/cpp_subcontroller': AMENT_PREFIX_PATH=/home/robocatsorin/Desktop/RobotCode2025/ros2_ws/install/custom_interfaces:${AMENT_PREFIX_PATH} CMAKE_PREFIX_PATH=/home/robocatsorin/Desktop/RobotCode2025/ros2_ws/install/custom_interfaces:/opt/ros/humble LD_LIBRARY_PATH=/home/robocatsorin/Desktop/RobotCode2025/ros2_ws/install/custom_interfaces/lib:/opt/ros/humble/opt/rviz_ogre_vendor/lib:/opt/ros/humble/lib/aarch64-linux-gnu:/opt/ros/humble/lib:/usr/local/cuda-12.6/lib64 PYTHONPATH=/home/robocatsorin/Desktop/RobotCode2025/ros2_ws/install/custom_interfaces/local/lib/python3.10/dist-packages:${PYTHONPATH} /usr/local/bin/cmake --install /home/robocatsorin/Desktop/RobotCode2025/ros2_ws/build/cpp_subcontroller[0m
[3.290s] [34mcolcon.colcon_core.task.python.build[0m [1;30mINFO[0m Building Python package in '/home/robocatsorin/Desktop/RobotCode2025/ros2_ws/src/py_sensors'
[3.291s] [34mcolcon.colcon_core.shell[0m [1;30mINFO[0m Skip shell extension 'powershell' for command environment: Not usable outside of PowerShell
[3.291s] [34mcolcon.colcon_core.shell[0m [1;30mDEBUG[0m [32mSkip shell extension 'dsv' for command environment[0m
[3.307s] [34mcolcon.colcon_core.environment[0m [1;30mLevel 1[0m create_environment_scripts_only(cpp_subcontroller)
[3.307s] [34mcolcon.colcon_core.environment[0m [1;30mLevel 1[0m checking '/home/robocatsorin/Desktop/RobotCode2025/ros2_ws/install/cpp_subcontroller' for CMake module files
[3.309s] [34mcolcon.colcon_core.event_handler.log_command[0m [1;30mDEBUG[0m [32mInvoked command in '/home/robocatsorin/Desktop/RobotCode2025/ros2_ws/build/cpp_subcontroller' returned '0': AMENT_PREFIX_PATH=/home/robocatsorin/Desktop/RobotCode2025/ros2_ws/install/custom_interfaces:${AMENT_PREFIX_PATH} CMAKE_PREFIX_PATH=/home/robocatsorin/Desktop/RobotCode2025/ros2_ws/install/custom_interfaces:/opt/ros/humble LD_LIBRARY_PATH=/home/robocatsorin/Desktop/RobotCode2025/ros2_ws/install/custom_interfaces/lib:/opt/ros/humble/opt/rviz_ogre_vendor/lib:/opt/ros/humble/lib/aarch64-linux-gnu:/opt/ros/humble/lib:/usr/local/cuda-12.6/lib64 PYTHONPATH=/home/robocatsorin/Desktop/RobotCode2025/ros2_ws/install/custom_interfaces/local/lib/python3.10/dist-packages:${PYTHONPATH} /usr/local/bin/cmake --install /home/robocatsorin/Desktop/RobotCode2025/ros2_ws/build/cpp_subcontroller[0m
[3.310s] [34mcolcon.colcon_core.environment[0m [1;30mLevel 1[0m checking '/home/robocatsorin/Desktop/RobotCode2025/ros2_ws/install/cpp_subcontroller' for CMake config files
[3.311s] [34mcolcon.colcon_core.shell[0m [1;30mLevel 1[0m create_environment_hook('cpp_subcontroller', 'cmake_prefix_path')
[3.312s] [34mcolcon.colcon_core.shell[0m [1;30mINFO[0m Creating environment hook '/home/robocatsorin/Desktop/RobotCode2025/ros2_ws/install/cpp_subcontroller/share/cpp_subcontroller/hook/cmake_prefix_path.ps1'
[3.313s] [34mcolcon.colcon_core.shell[0m [1;30mINFO[0m Creating environment descriptor '/home/robocatsorin/Desktop/RobotCode2025/ros2_ws/install/cpp_subcontroller/share/cpp_subcontroller/hook/cmake_prefix_path.dsv'
[3.314s] [34mcolcon.colcon_core.shell[0m [1;30mINFO[0m Creating environment hook '/home/robocatsorin/Desktop/RobotCode2025/ros2_ws/install/cpp_subcontroller/share/cpp_subcontroller/hook/cmake_prefix_path.sh'
[3.315s] [34mcolcon.colcon_core.environment[0m [1;30mLevel 1[0m checking '/home/robocatsorin/Desktop/RobotCode2025/ros2_ws/install/cpp_subcontroller/lib'
[3.315s] [34mcolcon.colcon_core.environment[0m [1;30mLevel 1[0m checking '/home/robocatsorin/Desktop/RobotCode2025/ros2_ws/install/cpp_subcontroller/bin'
[3.315s] [34mcolcon.colcon_core.environment[0m [1;30mLevel 1[0m checking '/home/robocatsorin/Desktop/RobotCode2025/ros2_ws/install/cpp_subcontroller/lib/pkgconfig/cpp_subcontroller.pc'
[3.316s] [34mcolcon.colcon_core.environment[0m [1;30mLevel 1[0m checking '/home/robocatsorin/Desktop/RobotCode2025/ros2_ws/install/cpp_subcontroller/lib/python3.10/site-packages'
[3.316s] [34mcolcon.colcon_core.environment[0m [1;30mLevel 1[0m checking '/home/robocatsorin/Desktop/RobotCode2025/ros2_ws/install/cpp_subcontroller/bin'
[3.317s] [34mcolcon.colcon_core.shell[0m [1;30mINFO[0m Creating package script '/home/robocatsorin/Desktop/RobotCode2025/ros2_ws/install/cpp_subcontroller/share/cpp_subcontroller/package.ps1'
[3.318s] [34mcolcon.colcon_core.shell[0m [1;30mINFO[0m Creating package descriptor '/home/robocatsorin/Desktop/RobotCode2025/ros2_ws/install/cpp_subcontroller/share/cpp_subcontroller/package.dsv'
[3.318s] [34mcolcon.colcon_core.shell[0m [1;30mINFO[0m Creating package script '/home/robocatsorin/Desktop/RobotCode2025/ros2_ws/install/cpp_subcontroller/share/cpp_subcontroller/package.sh'
[3.319s] [34mcolcon.colcon_core.shell[0m [1;30mINFO[0m Creating package script '/home/robocatsorin/Desktop/RobotCode2025/ros2_ws/install/cpp_subcontroller/share/cpp_subcontroller/package.bash'
[3.320s] [34mcolcon.colcon_core.shell[0m [1;30mINFO[0m Creating package script '/home/robocatsorin/Desktop/RobotCode2025/ros2_ws/install/cpp_subcontroller/share/cpp_subcontroller/package.zsh'
[3.321s] [34mcolcon.colcon_core.environment[0m [1;30mLevel 1[0m create_file_with_runtime_dependencies(/home/robocatsorin/Desktop/RobotCode2025/ros2_ws/install/cpp_subcontroller/share/colcon-core/packages/cpp_subcontroller)
[3.322s] [34mcolcon.colcon_core.environment[0m [1;30mLevel 1[0m create_environment_scripts_only(cpp_subcontroller)
[3.322s] [34mcolcon.colcon_core.environment[0m [1;30mLevel 1[0m checking '/home/robocatsorin/Desktop/RobotCode2025/ros2_ws/install/cpp_subcontroller' for CMake module files
[3.323s] [34mcolcon.colcon_core.environment[0m [1;30mLevel 1[0m checking '/home/robocatsorin/Desktop/RobotCode2025/ros2_ws/install/cpp_subcontroller' for CMake config files
[3.323s] [34mcolcon.colcon_core.shell[0m [1;30mLevel 1[0m create_environment_hook('cpp_subcontroller', 'cmake_prefix_path')
[3.324s] [34mcolcon.colcon_core.shell[0m [1;30mINFO[0m Creating environment hook '/home/robocatsorin/Desktop/RobotCode2025/ros2_ws/install/cpp_subcontroller/share/cpp_subcontroller/hook/cmake_prefix_path.ps1'
[3.325s] [34mcolcon.colcon_core.shell[0m [1;30mINFO[0m Creating environment descriptor '/home/robocatsorin/Desktop/RobotCode2025/ros2_ws/install/cpp_subcontroller/share/cpp_subcontroller/hook/cmake_prefix_path.dsv'
[3.325s] [34mcolcon.colcon_core.shell[0m [1;30mINFO[0m Creating environment hook '/home/robocatsorin/Desktop/RobotCode2025/ros2_ws/install/cpp_subcontroller/share/cpp_subcontroller/hook/cmake_prefix_path.sh'
[3.327s] [34mcolcon.colcon_core.environment[0m [1;30mLevel 1[0m checking '/home/robocatsorin/Desktop/RobotCode2025/ros2_ws/install/cpp_subcontroller/lib'
[3.327s] [34mcolcon.colcon_core.environment[0m [1;30mLevel 1[0m checking '/home/robocatsorin/Desktop/RobotCode2025/ros2_ws/install/cpp_subcontroller/bin'
[3.327s] [34mcolcon.colcon_core.environment[0m [1;30mLevel 1[0m checking '/home/robocatsorin/Desktop/RobotCode2025/ros2_ws/install/cpp_subcontroller/lib/pkgconfig/cpp_subcontroller.pc'
[3.327s] [34mcolcon.colcon_core.environment[0m [1;30mLevel 1[0m checking '/home/robocatsorin/Desktop/RobotCode2025/ros2_ws/install/cpp_subcontroller/lib/python3.10/site-packages'
[3.328s] [34mcolcon.colcon_core.environment[0m [1;30mLevel 1[0m checking '/home/robocatsorin/Desktop/RobotCode2025/ros2_ws/install/cpp_subcontroller/bin'
[3.328s] [34mcolcon.colcon_core.shell[0m [1;30mINFO[0m Creating package script '/home/robocatsorin/Desktop/RobotCode2025/ros2_ws/install/cpp_subcontroller/share/cpp_subcontroller/package.ps1'
[3.329s] [34mcolcon.colcon_core.shell[0m [1;30mINFO[0m Creating package descriptor '/home/robocatsorin/Desktop/RobotCode2025/ros2_ws/install/cpp_subcontroller/share/cpp_subcontroller/package.dsv'
[3.330s] [34mcolcon.colcon_core.shell[0m [1;30mINFO[0m Creating package script '/home/robocatsorin/Desktop/RobotCode2025/ros2_ws/install/cpp_subcontroller/share/cpp_subcontroller/package.sh'
[3.331s] [34mcolcon.colcon_core.shell[0m [1;30mINFO[0m Creating package script '/home/robocatsorin/Desktop/RobotCode2025/ros2_ws/install/cpp_subcontroller/share/cpp_subcontroller/package.bash'
[3.332s] [34mcolcon.colcon_core.shell[0m [1;30mINFO[0m Creating package script '/home/robocatsorin/Desktop/RobotCode2025/ros2_ws/install/cpp_subcontroller/share/cpp_subcontroller/package.zsh'
[3.332s] [34mcolcon.colcon_core.environment[0m [1;30mLevel 1[0m create_file_with_runtime_dependencies(/home/robocatsorin/Desktop/RobotCode2025/ros2_ws/install/cpp_subcontroller/share/colcon-core/packages/cpp_subcontroller)
[4.026s] [34mcolcon.colcon_core.event_handler.log_command[0m [1;30mDEBUG[0m [32mInvoking command in '/home/robocatsorin/Desktop/RobotCode2025/ros2_ws/src/py_motors': AMENT_PREFIX_PATH=/home/robocatsorin/Desktop/RobotCode2025/ros2_ws/install/custom_interfaces:${AMENT_PREFIX_PATH} CMAKE_PREFIX_PATH=/home/robocatsorin/Desktop/RobotCode2025/ros2_ws/install/custom_interfaces LD_LIBRARY_PATH=/home/robocatsorin/Desktop/RobotCode2025/ros2_ws/install/custom_interfaces/lib:/opt/ros/humble/opt/rviz_ogre_vendor/lib:/opt/ros/humble/lib/aarch64-linux-gnu:/opt/ros/humble/lib:/usr/local/cuda-12.6/lib64 PYTHONPATH=/home/robocatsorin/Desktop/RobotCode2025/ros2_ws/build/py_motors/prefix_override:/usr/lib/python3/dist-packages/colcon_core/task/python/colcon_distutils_commands:/home/robocatsorin/Desktop/RobotCode2025/ros2_ws/install/py_motors/lib/python3.10/site-packages:/home/robocatsorin/Desktop/RobotCode2025/ros2_ws/install/custom_interfaces/local/lib/python3.10/dist-packages:${PYTHONPATH} /usr/bin/python3 -W ignore:setup.py install is deprecated -W ignore:easy_install command is deprecated setup.py egg_info --egg-base ../../build/py_motors build --build-base /home/robocatsorin/Desktop/RobotCode2025/ros2_ws/build/py_motors/build install --record /home/robocatsorin/Desktop/RobotCode2025/ros2_ws/build/py_motors/install.log --single-version-externally-managed install_data[0m
[4.041s] [34mcolcon.colcon_core.event_handler.log_command[0m [1;30mDEBUG[0m [32mInvoking command in '/home/robocatsorin/Desktop/RobotCode2025/ros2_ws/src/py_objectdetection': AMENT_PREFIX_PATH=/home/robocatsorin/Desktop/RobotCode2025/ros2_ws/install/custom_interfaces:${AMENT_PREFIX_PATH} CMAKE_PREFIX_PATH=/home/robocatsorin/Desktop/RobotCode2025/ros2_ws/install/custom_interfaces LD_LIBRARY_PATH=/home/robocatsorin/Desktop/RobotCode2025/ros2_ws/install/custom_interfaces/lib:/opt/ros/humble/opt/rviz_ogre_vendor/lib:/opt/ros/humble/lib/aarch64-linux-gnu:/opt/ros/humble/lib:/usr/local/cuda-12.6/lib64 PYTHONPATH=/home/robocatsorin/Desktop/RobotCode2025/ros2_ws/build/py_objectdetection/prefix_override:/usr/lib/python3/dist-packages/colcon_core/task/python/colcon_distutils_commands:/home/robocatsorin/Desktop/RobotCode2025/ros2_ws/install/py_objectdetection/lib/python3.10/site-packages:/home/robocatsorin/Desktop/RobotCode2025/ros2_ws/install/custom_interfaces/local/lib/python3.10/dist-packages:${PYTHONPATH} /usr/bin/python3 -W ignore:setup.py install is deprecated -W ignore:easy_install command is deprecated setup.py egg_info --egg-base ../../build/py_objectdetection build --build-base /home/robocatsorin/Desktop/RobotCode2025/ros2_ws/build/py_objectdetection/build install --record /home/robocatsorin/Desktop/RobotCode2025/ros2_ws/build/py_objectdetection/install.log --single-version-externally-managed install_data[0m
[4.077s] [34mcolcon.colcon_core.event_handler.log_command[0m [1;30mDEBUG[0m [32mInvoking command in '/home/robocatsorin/Desktop/RobotCode2025/ros2_ws/src/py_sensors': AMENT_PREFIX_PATH=/home/robocatsorin/Desktop/RobotCode2025/ros2_ws/install/custom_interfaces:${AMENT_PREFIX_PATH} CMAKE_PREFIX_PATH=/home/robocatsorin/Desktop/RobotCode2025/ros2_ws/install/custom_interfaces LD_LIBRARY_PATH=/home/robocatsorin/Desktop/RobotCode2025/ros2_ws/install/custom_interfaces/lib:/opt/ros/humble/opt/rviz_ogre_vendor/lib:/opt/ros/humble/lib/aarch64-linux-gnu:/opt/ros/humble/lib:/usr/local/cuda-12.6/lib64 PYTHONPATH=/home/robocatsorin/Desktop/RobotCode2025/ros2_ws/build/py_sensors/prefix_override:/usr/lib/python3/dist-packages/colcon_core/task/python/colcon_distutils_commands:/home/robocatsorin/Desktop/RobotCode2025/ros2_ws/install/py_sensors/lib/python3.10/site-packages:/home/robocatsorin/Desktop/RobotCode2025/ros2_ws/install/custom_interfaces/local/lib/python3.10/dist-packages:${PYTHONPATH} /usr/bin/python3 -W ignore:setup.py install is deprecated -W ignore:easy_install command is deprecated setup.py egg_info --egg-base ../../build/py_sensors build --build-base /home/robocatsorin/Desktop/RobotCode2025/ros2_ws/build/py_sensors/build install --record /home/robocatsorin/Desktop/RobotCode2025/ros2_ws/build/py_sensors/install.log --single-version-externally-managed install_data[0m
[4.665s] [34mcolcon.colcon_core.environment[0m [1;30mLevel 1[0m checking '/home/robocatsorin/Desktop/RobotCode2025/ros2_ws/install/py_motors' for CMake module files
[4.666s] [34mcolcon.colcon_core.event_handler.log_command[0m [1;30mDEBUG[0m [32mInvoked command in '/home/robocatsorin/Desktop/RobotCode2025/ros2_ws/src/py_motors' returned '0': AMENT_PREFIX_PATH=/home/robocatsorin/Desktop/RobotCode2025/ros2_ws/install/custom_interfaces:${AMENT_PREFIX_PATH} CMAKE_PREFIX_PATH=/home/robocatsorin/Desktop/RobotCode2025/ros2_ws/install/custom_interfaces LD_LIBRARY_PATH=/home/robocatsorin/Desktop/RobotCode2025/ros2_ws/install/custom_interfaces/lib:/opt/ros/humble/opt/rviz_ogre_vendor/lib:/opt/ros/humble/lib/aarch64-linux-gnu:/opt/ros/humble/lib:/usr/local/cuda-12.6/lib64 PYTHONPATH=/home/robocatsorin/Desktop/RobotCode2025/ros2_ws/build/py_motors/prefix_override:/usr/lib/python3/dist-packages/colcon_core/task/python/colcon_distutils_commands:/home/robocatsorin/Desktop/RobotCode2025/ros2_ws/install/py_motors/lib/python3.10/site-packages:/home/robocatsorin/Desktop/RobotCode2025/ros2_ws/install/custom_interfaces/local/lib/python3.10/dist-packages:${PYTHONPATH} /usr/bin/python3 -W ignore:setup.py install is deprecated -W ignore:easy_install command is deprecated setup.py egg_info --egg-base ../../build/py_motors build --build-base /home/robocatsorin/Desktop/RobotCode2025/ros2_ws/build/py_motors/build install --record /home/robocatsorin/Desktop/RobotCode2025/ros2_ws/build/py_motors/install.log --single-version-externally-managed install_data[0m
[4.667s] [34mcolcon.colcon_core.environment[0m [1;30mLevel 1[0m checking '/home/robocatsorin/Desktop/RobotCode2025/ros2_ws/install/py_motors' for CMake config files
[4.668s] [34mcolcon.colcon_core.environment[0m [1;30mLevel 1[0m checking '/home/robocatsorin/Desktop/RobotCode2025/ros2_ws/install/py_motors/lib'
[4.669s] [34mcolcon.colcon_core.environment[0m [1;30mLevel 1[0m checking '/home/robocatsorin/Desktop/RobotCode2025/ros2_ws/install/py_motors/bin'
[4.669s] [34mcolcon.colcon_core.environment[0m [1;30mLevel 1[0m checking '/home/robocatsorin/Desktop/RobotCode2025/ros2_ws/install/py_motors/lib/pkgconfig/py_motors.pc'
[4.669s] [34mcolcon.colcon_core.environment[0m [1;30mLevel 1[0m checking '/home/robocatsorin/Desktop/RobotCode2025/ros2_ws/install/py_motors/lib/python3.10/site-packages'
[4.669s] [34mcolcon.colcon_core.shell[0m [1;30mLevel 1[0m create_environment_hook('py_motors', 'pythonpath')
[4.670s] [34mcolcon.colcon_core.shell[0m [1;30mINFO[0m Creating environment hook '/home/robocatsorin/Desktop/RobotCode2025/ros2_ws/install/py_motors/share/py_motors/hook/pythonpath.ps1'
[4.671s] [34mcolcon.colcon_core.shell[0m [1;30mINFO[0m Creating environment descriptor '/home/robocatsorin/Desktop/RobotCode2025/ros2_ws/install/py_motors/share/py_motors/hook/pythonpath.dsv'
[4.672s] [34mcolcon.colcon_core.shell[0m [1;30mINFO[0m Creating environment hook '/home/robocatsorin/Desktop/RobotCode2025/ros2_ws/install/py_motors/share/py_motors/hook/pythonpath.sh'
[4.673s] [34mcolcon.colcon_core.environment[0m [1;30mLevel 1[0m checking '/home/robocatsorin/Desktop/RobotCode2025/ros2_ws/install/py_motors/bin'
[4.673s] [34mcolcon.colcon_core.environment[0m [1;30mLevel 1[0m create_environment_scripts_only(py_motors)
[4.674s] [34mcolcon.colcon_core.shell[0m [1;30mINFO[0m Creating package script '/home/robocatsorin/Desktop/RobotCode2025/ros2_ws/install/py_motors/share/py_motors/package.ps1'
[4.675s] [34mcolcon.colcon_core.shell[0m [1;30mINFO[0m Creating package descriptor '/home/robocatsorin/Desktop/RobotCode2025/ros2_ws/install/py_motors/share/py_motors/package.dsv'
[4.677s] [34mcolcon.colcon_core.shell[0m [1;30mINFO[0m Creating package script '/home/robocatsorin/Desktop/RobotCode2025/ros2_ws/install/py_motors/share/py_motors/package.sh'
[4.677s] [34mcolcon.colcon_core.shell[0m [1;30mINFO[0m Creating package script '/home/robocatsorin/Desktop/RobotCode2025/ros2_ws/install/py_motors/share/py_motors/package.bash'
[4.678s] [34mcolcon.colcon_core.shell[0m [1;30mINFO[0m Creating package script '/home/robocatsorin/Desktop/RobotCode2025/ros2_ws/install/py_motors/share/py_motors/package.zsh'
[4.679s] [34mcolcon.colcon_core.environment[0m [1;30mLevel 1[0m create_file_with_runtime_dependencies(/home/robocatsorin/Desktop/RobotCode2025/ros2_ws/install/py_motors/share/colcon-core/packages/py_motors)
[4.683s] [34mcolcon.colcon_core.environment[0m [1;30mLevel 1[0m checking '/home/robocatsorin/Desktop/RobotCode2025/ros2_ws/install/py_objectdetection' for CMake module files
[4.685s] [34mcolcon.colcon_core.event_handler.log_command[0m [1;30mDEBUG[0m [32mInvoked command in '/home/robocatsorin/Desktop/RobotCode2025/ros2_ws/src/py_objectdetection' returned '0': AMENT_PREFIX_PATH=/home/robocatsorin/Desktop/RobotCode2025/ros2_ws/install/custom_interfaces:${AMENT_PREFIX_PATH} CMAKE_PREFIX_PATH=/home/robocatsorin/Desktop/RobotCode2025/ros2_ws/install/custom_interfaces LD_LIBRARY_PATH=/home/robocatsorin/Desktop/RobotCode2025/ros2_ws/install/custom_interfaces/lib:/opt/ros/humble/opt/rviz_ogre_vendor/lib:/opt/ros/humble/lib/aarch64-linux-gnu:/opt/ros/humble/lib:/usr/local/cuda-12.6/lib64 PYTHONPATH=/home/robocatsorin/Desktop/RobotCode2025/ros2_ws/build/py_objectdetection/prefix_override:/usr/lib/python3/dist-packages/colcon_core/task/python/colcon_distutils_commands:/home/robocatsorin/Desktop/RobotCode2025/ros2_ws/install/py_objectdetection/lib/python3.10/site-packages:/home/robocatsorin/Desktop/RobotCode2025/ros2_ws/install/custom_interfaces/local/lib/python3.10/dist-packages:${PYTHONPATH} /usr/bin/python3 -W ignore:setup.py install is deprecated -W ignore:easy_install command is deprecated setup.py egg_info --egg-base ../../build/py_objectdetection build --build-base /home/robocatsorin/Desktop/RobotCode2025/ros2_ws/build/py_objectdetection/build install --record /home/robocatsorin/Desktop/RobotCode2025/ros2_ws/build/py_objectdetection/install.log --single-version-externally-managed install_data[0m
[4.686s] [34mcolcon.colcon_core.environment[0m [1;30mLevel 1[0m checking '/home/robocatsorin/Desktop/RobotCode2025/ros2_ws/install/py_objectdetection' for CMake config files
[4.689s] [34mcolcon.colcon_core.environment[0m [1;30mLevel 1[0m checking '/home/robocatsorin/Desktop/RobotCode2025/ros2_ws/install/py_objectdetection/lib'
[4.689s] [34mcolcon.colcon_core.environment[0m [1;30mLevel 1[0m checking '/home/robocatsorin/Desktop/RobotCode2025/ros2_ws/install/py_objectdetection/bin'
[4.689s] [34mcolcon.colcon_core.environment[0m [1;30mLevel 1[0m checking '/home/robocatsorin/Desktop/RobotCode2025/ros2_ws/install/py_objectdetection/lib/pkgconfig/py_objectdetection.pc'
[4.690s] [34mcolcon.colcon_core.environment[0m [1;30mLevel 1[0m checking '/home/robocatsorin/Desktop/RobotCode2025/ros2_ws/install/py_objectdetection/lib/python3.10/site-packages'
[4.690s] [34mcolcon.colcon_core.shell[0m [1;30mLevel 1[0m create_environment_hook('py_objectdetection', 'pythonpath')
[4.691s] [34mcolcon.colcon_core.shell[0m [1;30mINFO[0m Creating environment hook '/home/robocatsorin/Desktop/RobotCode2025/ros2_ws/install/py_objectdetection/share/py_objectdetection/hook/pythonpath.ps1'
[4.694s] [34mcolcon.colcon_core.shell[0m [1;30mINFO[0m Creating environment descriptor '/home/robocatsorin/Desktop/RobotCode2025/ros2_ws/install/py_objectdetection/share/py_objectdetection/hook/pythonpath.dsv'
[4.696s] [34mcolcon.colcon_core.shell[0m [1;30mINFO[0m Creating environment hook '/home/robocatsorin/Desktop/RobotCode2025/ros2_ws/install/py_objectdetection/share/py_objectdetection/hook/pythonpath.sh'
[4.698s] [34mcolcon.colcon_core.environment[0m [1;30mLevel 1[0m checking '/home/robocatsorin/Desktop/RobotCode2025/ros2_ws/install/py_objectdetection/bin'
[4.698s] [34mcolcon.colcon_core.environment[0m [1;30mLevel 1[0m create_environment_scripts_only(py_objectdetection)
[4.699s] [34mcolcon.colcon_core.shell[0m [1;30mINFO[0m Creating package script '/home/robocatsorin/Desktop/RobotCode2025/ros2_ws/install/py_objectdetection/share/py_objectdetection/package.ps1'
[4.700s] [34mcolcon.colcon_core.shell[0m [1;30mINFO[0m Creating package descriptor '/home/robocatsorin/Desktop/RobotCode2025/ros2_ws/install/py_objectdetection/share/py_objectdetection/package.dsv'
[4.702s] [34mcolcon.colcon_core.shell[0m [1;30mINFO[0m Creating package script '/home/robocatsorin/Desktop/RobotCode2025/ros2_ws/install/py_objectdetection/share/py_objectdetection/package.sh'
[4.703s] [34mcolcon.colcon_core.shell[0m [1;30mINFO[0m Creating package script '/home/robocatsorin/Desktop/RobotCode2025/ros2_ws/install/py_objectdetection/share/py_objectdetection/package.bash'
[4.704s] [34mcolcon.colcon_core.shell[0m [1;30mINFO[0m Creating package script '/home/robocatsorin/Desktop/RobotCode2025/ros2_ws/install/py_objectdetection/share/py_objectdetection/package.zsh'
[4.705s] [34mcolcon.colcon_core.environment[0m [1;30mLevel 1[0m create_file_with_runtime_dependencies(/home/robocatsorin/Desktop/RobotCode2025/ros2_ws/install/py_objectdetection/share/colcon-core/packages/py_objectdetection)
[4.709s] [34mcolcon.colcon_core.environment[0m [1;30mLevel 1[0m checking '/home/robocatsorin/Desktop/RobotCode2025/ros2_ws/install/py_sensors' for CMake module files
[4.711s] [34mcolcon.colcon_core.event_handler.log_command[0m [1;30mDEBUG[0m [32mInvoked command in '/home/robocatsorin/Desktop/RobotCode2025/ros2_ws/src/py_sensors' returned '0': AMENT_PREFIX_PATH=/home/robocatsorin/Desktop/RobotCode2025/ros2_ws/install/custom_interfaces:${AMENT_PREFIX_PATH} CMAKE_PREFIX_PATH=/home/robocatsorin/Desktop/RobotCode2025/ros2_ws/install/custom_interfaces LD_LIBRARY_PATH=/home/robocatsorin/Desktop/RobotCode2025/ros2_ws/install/custom_interfaces/lib:/opt/ros/humble/opt/rviz_ogre_vendor/lib:/opt/ros/humble/lib/aarch64-linux-gnu:/opt/ros/humble/lib:/usr/local/cuda-12.6/lib64 PYTHONPATH=/home/robocatsorin/Desktop/RobotCode2025/ros2_ws/build/py_sensors/prefix_override:/usr/lib/python3/dist-packages/colcon_core/task/python/colcon_distutils_commands:/home/robocatsorin/Desktop/RobotCode2025/ros2_ws/install/py_sensors/lib/python3.10/site-packages:/home/robocatsorin/Desktop/RobotCode2025/ros2_ws/install/custom_interfaces/local/lib/python3.10/dist-packages:${PYTHONPATH} /usr/bin/python3 -W ignore:setup.py install is deprecated -W ignore:easy_install command is deprecated setup.py egg_info --egg-base ../../build/py_sensors build --build-base /home/robocatsorin/Desktop/RobotCode2025/ros2_ws/build/py_sensors/build install --record /home/robocatsorin/Desktop/RobotCode2025/ros2_ws/build/py_sensors/install.log --single-version-externally-managed install_data[0m
[4.712s] [34mcolcon.colcon_core.environment[0m [1;30mLevel 1[0m checking '/home/robocatsorin/Desktop/RobotCode2025/ros2_ws/install/py_sensors' for CMake config files
[4.713s] [34mcolcon.colcon_core.environment[0m [1;30mLevel 1[0m checking '/home/robocatsorin/Desktop/RobotCode2025/ros2_ws/install/py_sensors/lib'
[4.713s] [34mcolcon.colcon_core.environment[0m [1;30mLevel 1[0m checking '/home/robocatsorin/Desktop/RobotCode2025/ros2_ws/install/py_sensors/bin'
[4.713s] [34mcolcon.colcon_core.environment[0m [1;30mLevel 1[0m checking '/home/robocatsorin/Desktop/RobotCode2025/ros2_ws/install/py_sensors/lib/pkgconfig/py_sensors.pc'
[4.714s] [34mcolcon.colcon_core.environment[0m [1;30mLevel 1[0m checking '/home/robocatsorin/Desktop/RobotCode2025/ros2_ws/install/py_sensors/lib/python3.10/site-packages'
[4.714s] [34mcolcon.colcon_core.shell[0m [1;30mLevel 1[0m create_environment_hook('py_sensors', 'pythonpath')
[4.715s] [34mcolcon.colcon_core.shell[0m [1;30mINFO[0m Creating environment hook '/home/robocatsorin/Desktop/RobotCode2025/ros2_ws/install/py_sensors/share/py_sensors/hook/pythonpath.ps1'
[4.716s] [34mcolcon.colcon_core.shell[0m [1;30mINFO[0m Creating environment descriptor '/home/robocatsorin/Desktop/RobotCode2025/ros2_ws/install/py_sensors/share/py_sensors/hook/pythonpath.dsv'
[4.717s] [34mcolcon.colcon_core.shell[0m [1;30mINFO[0m Creating environment hook '/home/robocatsorin/Desktop/RobotCode2025/ros2_ws/install/py_sensors/share/py_sensors/hook/pythonpath.sh'
[4.718s] [34mcolcon.colcon_core.environment[0m [1;30mLevel 1[0m checking '/home/robocatsorin/Desktop/RobotCode2025/ros2_ws/install/py_sensors/bin'
[4.718s] [34mcolcon.colcon_core.environment[0m [1;30mLevel 1[0m create_environment_scripts_only(py_sensors)
[4.719s] [34mcolcon.colcon_core.shell[0m [1;30mINFO[0m Creating package script '/home/robocatsorin/Desktop/RobotCode2025/ros2_ws/install/py_sensors/share/py_sensors/package.ps1'
[4.720s] [34mcolcon.colcon_core.shell[0m [1;30mINFO[0m Creating package descriptor '/home/robocatsorin/Desktop/RobotCode2025/ros2_ws/install/py_sensors/share/py_sensors/package.dsv'
[4.722s] [34mcolcon.colcon_core.shell[0m [1;30mINFO[0m Creating package script '/home/robocatsorin/Desktop/RobotCode2025/ros2_ws/install/py_sensors/share/py_sensors/package.sh'
[4.723s] [34mcolcon.colcon_core.shell[0m [1;30mINFO[0m Creating package script '/home/robocatsorin/Desktop/RobotCode2025/ros2_ws/install/py_sensors/share/py_sensors/package.bash'
[4.724s] [34mcolcon.colcon_core.shell[0m [1;30mINFO[0m Creating package script '/home/robocatsorin/Desktop/RobotCode2025/ros2_ws/install/py_sensors/share/py_sensors/package.zsh'
[4.725s] [34mcolcon.colcon_core.environment[0m [1;30mLevel 1[0m create_file_with_runtime_dependencies(/home/robocatsorin/Desktop/RobotCode2025/ros2_ws/install/py_sensors/share/colcon-core/packages/py_sensors)
[4.726s] [34mcolcon.colcon_parallel_executor.executor.parallel[0m [1;30mDEBUG[0m [32mclosing loop[0m
[4.728s] [34mcolcon.colcon_parallel_executor.executor.parallel[0m [1;30mDEBUG[0m [32mloop closed[0m
[4.728s] [34mcolcon.colcon_parallel_executor.executor.parallel[0m [1;30mDEBUG[0m [32mrun_until_complete finished with '0'[0m
[4.729s] [34mcolcon.colcon_core.event_reactor[0m [1;30mDEBUG[0m [32mjoining thread[0m
[4.741s] [34mcolcon.colcon_core.plugin_system[0m [1;30mINFO[0m Skipping extension 'colcon_notification.desktop_notification.terminal_notifier': Not used on non-Darwin systems
[4.742s] [34mcolcon.colcon_core.plugin_system[0m [1;30mINFO[0m Skipping extension 'colcon_notification.desktop_notification.win32': Not used on non-Windows systems
[4.742s] [34mcolcon.colcon_notification.desktop_notification[0m [1;30mINFO[0m Sending desktop notification using 'notify2'
[4.769s] [34mcolcon.colcon_core.event_reactor[0m [1;30mDEBUG[0m [32mjoined thread[0m
[4.771s] [34mcolcon.colcon_core.shell[0m [1;30mINFO[0m Creating prefix script '/home/robocatsorin/Desktop/RobotCode2025/ros2_ws/install/local_setup.ps1'
[4.774s] [34mcolcon.colcon_core.shell[0m [1;30mINFO[0m Creating prefix util module '/home/robocatsorin/Desktop/RobotCode2025/ros2_ws/install/_local_setup_util_ps1.py'
[4.777s] [34mcolcon.colcon_core.shell[0m [1;30mINFO[0m Creating prefix chain script '/home/robocatsorin/Desktop/RobotCode2025/ros2_ws/install/setup.ps1'
[4.780s] [34mcolcon.colcon_core.shell[0m [1;30mINFO[0m Creating prefix script '/home/robocatsorin/Desktop/RobotCode2025/ros2_ws/install/local_setup.sh'
[4.781s] [34mcolcon.colcon_core.shell[0m [1;30mINFO[0m Creating prefix util module '/home/robocatsorin/Desktop/RobotCode2025/ros2_ws/install/_local_setup_util_sh.py'
[4.783s] [34mcolcon.colcon_core.shell[0m [1;30mINFO[0m Creating prefix chain script '/home/robocatsorin/Desktop/RobotCode2025/ros2_ws/install/setup.sh'
[4.785s] [34mcolcon.colcon_core.shell[0m [1;30mINFO[0m Creating prefix script '/home/robocatsorin/Desktop/RobotCode2025/ros2_ws/install/local_setup.bash'
[4.787s] [34mcolcon.colcon_core.shell[0m [1;30mINFO[0m Creating prefix chain script '/home/robocatsorin/Desktop/RobotCode2025/ros2_ws/install/setup.bash'
[4.789s] [34mcolcon.colcon_core.shell[0m [1;30mINFO[0m Creating prefix script '/home/robocatsorin/Desktop/RobotCode2025/ros2_ws/install/local_setup.zsh'
[4.790s] [34mcolcon.colcon_core.shell[0m [1;30mINFO[0m Creating prefix chain script '/home/robocatsorin/Desktop/RobotCode2025/ros2_ws/install/setup.zsh'
