[0.046s] Invoking command in '/home/robocatsorin/Desktop/RobotCode2025/ros2_ws/build/cpp_subcontroller': CMAKE_PREFIX_PATH=/home/robocatsorin/Desktop/RobotCode2025/ros2_ws/install/custom_interfaces:/home/robocatsorin/Desktop/RobotCode2025/ros2_ws/install/usb_cam:/home/robocatsorin/Desktop/RobotCode2025/ros2_ws/install/cpp_subcontroller:/home/robocatsorin/Desktop/RobotCode2025/ros2_ws/install/py_sensors:/home/robocatsorin/Desktop/RobotCode2025/ros2_ws/install/py_objectdetection:/home/robocatsorin/Desktop/RobotCode2025/ros2_ws/install/py_motors:/opt/ros/humble LD_LIBRARY_PATH=/home/robocatsorin/Desktop/RobotCode2025/ros2_ws/install/custom_interfaces/lib:/home/robocatsorin/Desktop/RobotCode2025/ros2_ws/install/usb_cam/lib:/opt/ros/humble/opt/rviz_ogre_vendor/lib:/opt/ros/humble/lib/aarch64-linux-gnu:/opt/ros/humble/lib:/usr/local/cuda-12.6/lib64 /usr/bin/cmake /home/robocatsorin/Desktop/RobotCode2025/ros2_ws/src/cpp_subcontroller -DCMAKE_INSTALL_PREFIX=/home/robocatsorin/Desktop/RobotCode2025/ros2_ws/install/cpp_subcontroller
[1.168s] -- The C compiler identification is GNU 11.4.0
[1.168s] -- The CXX compiler identification is GNU 11.4.0
[1.168s] -- Detecting C compiler ABI info
[1.168s] -- Detecting C compiler ABI info - done
[1.168s] -- Check for working C compiler: /usr/bin/cc - skipped
[1.169s] -- Detecting C compile features
[1.169s] -- Detecting C compile features - done
[1.169s] -- Detecting CXX compiler ABI info
[1.169s] -- Detecting CXX compiler ABI info - done
[1.169s] -- Check for working CXX compiler: /usr/bin/c++ - skipped
[1.169s] -- Detecting CXX compile features
[1.169s] -- Detecting CXX compile features - done
[1.169s] -- Found ament_cmake: 1.3.11 (/opt/ros/humble/share/ament_cmake/cmake)
[1.170s] -- Found Python3: /usr/bin/python3 (found version "3.10.12") found components: Interpreter 
[1.256s] -- Found rclcpp: 16.0.12 (/opt/ros/humble/share/rclcpp/cmake)
[1.338s] -- Found rosidl_generator_c: 3.1.6 (/opt/ros/humble/share/rosidl_generator_c/cmake)
[1.348s] -- Found rosidl_adapter: 3.1.6 (/opt/ros/humble/share/rosidl_adapter/cmake)
[1.364s] -- Found rosidl_generator_cpp: 3.1.6 (/opt/ros/humble/share/rosidl_generator_cpp/cmake)
[1.394s] -- Using all available rosidl_typesupport_c: rosidl_typesupport_fastrtps_c;rosidl_typesupport_introspection_c
[1.434s] -- Using all available rosidl_typesupport_cpp: rosidl_typesupport_fastrtps_cpp;rosidl_typesupport_introspection_cpp
[1.538s] -- Found rmw_implementation_cmake: 6.1.2 (/opt/ros/humble/share/rmw_implementation_cmake/cmake)
[1.543s] -- Found rmw_fastrtps_cpp: 6.2.7 (/opt/ros/humble/share/rmw_fastrtps_cpp/cmake)
[1.830s] -- Found OpenSSL: /usr/lib/aarch64-linux-gnu/libcrypto.so (found version "3.0.2")  
[1.938s] -- Found FastRTPS: /opt/ros/humble/include  
[2.051s] -- Using RMW implementation 'rmw_fastrtps_cpp' as default
[2.071s] -- Looking for pthread.h
[2.309s] -- Looking for pthread.h - found
[2.309s] -- Performing Test CMAKE_HAVE_LIBC_PTHREAD
[2.478s] -- Performing Test CMAKE_HAVE_LIBC_PTHREAD - Success
[2.478s] -- Found Threads: TRUE  
[2.595s] -- Found custom_interfaces: 0.0.0 (/home/robocatsorin/Desktop/RobotCode2025/ros2_ws/install/custom_interfaces/share/custom_interfaces/cmake)
[2.827s] -- Configuring done
[2.857s] -- Generating done
[2.868s] -- Build files have been written to: /home/robocatsorin/Desktop/RobotCode2025/ros2_ws/build/cpp_subcontroller
[2.903s] Invoked command in '/home/robocatsorin/Desktop/RobotCode2025/ros2_ws/build/cpp_subcontroller' returned '0': CMAKE_PREFIX_PATH=/home/robocatsorin/Desktop/RobotCode2025/ros2_ws/install/custom_interfaces:/home/robocatsorin/Desktop/RobotCode2025/ros2_ws/install/usb_cam:/home/robocatsorin/Desktop/RobotCode2025/ros2_ws/install/cpp_subcontroller:/home/robocatsorin/Desktop/RobotCode2025/ros2_ws/install/py_sensors:/home/robocatsorin/Desktop/RobotCode2025/ros2_ws/install/py_objectdetection:/home/robocatsorin/Desktop/RobotCode2025/ros2_ws/install/py_motors:/opt/ros/humble LD_LIBRARY_PATH=/home/robocatsorin/Desktop/RobotCode2025/ros2_ws/install/custom_interfaces/lib:/home/robocatsorin/Desktop/RobotCode2025/ros2_ws/install/usb_cam/lib:/opt/ros/humble/opt/rviz_ogre_vendor/lib:/opt/ros/humble/lib/aarch64-linux-gnu:/opt/ros/humble/lib:/usr/local/cuda-12.6/lib64 /usr/bin/cmake /home/robocatsorin/Desktop/RobotCode2025/ros2_ws/src/cpp_subcontroller -DCMAKE_INSTALL_PREFIX=/home/robocatsorin/Desktop/RobotCode2025/ros2_ws/install/cpp_subcontroller
[2.904s] Invoking command in '/home/robocatsorin/Desktop/RobotCode2025/ros2_ws/build/cpp_subcontroller': CMAKE_PREFIX_PATH=/home/robocatsorin/Desktop/RobotCode2025/ros2_ws/install/custom_interfaces:/home/robocatsorin/Desktop/RobotCode2025/ros2_ws/install/usb_cam:/home/robocatsorin/Desktop/RobotCode2025/ros2_ws/install/cpp_subcontroller:/home/robocatsorin/Desktop/RobotCode2025/ros2_ws/install/py_sensors:/home/robocatsorin/Desktop/RobotCode2025/ros2_ws/install/py_objectdetection:/home/robocatsorin/Desktop/RobotCode2025/ros2_ws/install/py_motors:/opt/ros/humble LD_LIBRARY_PATH=/home/robocatsorin/Desktop/RobotCode2025/ros2_ws/install/custom_interfaces/lib:/home/robocatsorin/Desktop/RobotCode2025/ros2_ws/install/usb_cam/lib:/opt/ros/humble/opt/rviz_ogre_vendor/lib:/opt/ros/humble/lib/aarch64-linux-gnu:/opt/ros/humble/lib:/usr/local/cuda-12.6/lib64 /usr/bin/cmake --build /home/robocatsorin/Desktop/RobotCode2025/ros2_ws/build/cpp_subcontroller -- -j8 -l8
[3.039s] [ 25%] [32mBuilding CXX object CMakeFiles/navigator.dir/src/Navigator.cpp.o[0m
[3.088s] [ 50%] [32mBuilding CXX object CMakeFiles/motion_director.dir/src/MotionDirector.cpp.o[0m
[12.907s] [ 75%] [32m[1mLinking CXX executable motion_director[0m
[13.329s] [ 75%] Built target motion_director
[21.064s] [100%] [32m[1mLinking CXX executable navigator[0m
[21.938s] [100%] Built target navigator
[21.969s] Invoked command in '/home/robocatsorin/Desktop/RobotCode2025/ros2_ws/build/cpp_subcontroller' returned '0': CMAKE_PREFIX_PATH=/home/robocatsorin/Desktop/RobotCode2025/ros2_ws/install/custom_interfaces:/home/robocatsorin/Desktop/RobotCode2025/ros2_ws/install/usb_cam:/home/robocatsorin/Desktop/RobotCode2025/ros2_ws/install/cpp_subcontroller:/home/robocatsorin/Desktop/RobotCode2025/ros2_ws/install/py_sensors:/home/robocatsorin/Desktop/RobotCode2025/ros2_ws/install/py_objectdetection:/home/robocatsorin/Desktop/RobotCode2025/ros2_ws/install/py_motors:/opt/ros/humble LD_LIBRARY_PATH=/home/robocatsorin/Desktop/RobotCode2025/ros2_ws/install/custom_interfaces/lib:/home/robocatsorin/Desktop/RobotCode2025/ros2_ws/install/usb_cam/lib:/opt/ros/humble/opt/rviz_ogre_vendor/lib:/opt/ros/humble/lib/aarch64-linux-gnu:/opt/ros/humble/lib:/usr/local/cuda-12.6/lib64 /usr/bin/cmake --build /home/robocatsorin/Desktop/RobotCode2025/ros2_ws/build/cpp_subcontroller -- -j8 -l8
[21.974s] Invoking command in '/home/robocatsorin/Desktop/RobotCode2025/ros2_ws/build/cpp_subcontroller': CMAKE_PREFIX_PATH=/home/robocatsorin/Desktop/RobotCode2025/ros2_ws/install/custom_interfaces:/home/robocatsorin/Desktop/RobotCode2025/ros2_ws/install/usb_cam:/home/robocatsorin/Desktop/RobotCode2025/ros2_ws/install/cpp_subcontroller:/home/robocatsorin/Desktop/RobotCode2025/ros2_ws/install/py_sensors:/home/robocatsorin/Desktop/RobotCode2025/ros2_ws/install/py_objectdetection:/home/robocatsorin/Desktop/RobotCode2025/ros2_ws/install/py_motors:/opt/ros/humble LD_LIBRARY_PATH=/home/robocatsorin/Desktop/RobotCode2025/ros2_ws/install/custom_interfaces/lib:/home/robocatsorin/Desktop/RobotCode2025/ros2_ws/install/usb_cam/lib:/opt/ros/humble/opt/rviz_ogre_vendor/lib:/opt/ros/humble/lib/aarch64-linux-gnu:/opt/ros/humble/lib:/usr/local/cuda-12.6/lib64 /usr/bin/cmake --install /home/robocatsorin/Desktop/RobotCode2025/ros2_ws/build/cpp_subcontroller
[21.992s] -- Install configuration: ""
[21.993s] -- Installing: /home/robocatsorin/Desktop/RobotCode2025/ros2_ws/install/cpp_subcontroller/lib/cpp_subcontroller/motion_director
[21.997s] -- Set runtime path of "/home/robocatsorin/Desktop/RobotCode2025/ros2_ws/install/cpp_subcontroller/lib/cpp_subcontroller/motion_director" to ""
[21.999s] -- Installing: /home/robocatsorin/Desktop/RobotCode2025/ros2_ws/install/cpp_subcontroller/lib/cpp_subcontroller/navigator
[22.010s] -- Set runtime path of "/home/robocatsorin/Desktop/RobotCode2025/ros2_ws/install/cpp_subcontroller/lib/cpp_subcontroller/navigator" to ""
[22.010s] -- Installing: /home/robocatsorin/Desktop/RobotCode2025/ros2_ws/install/cpp_subcontroller/share/ament_index/resource_index/package_run_dependencies/cpp_subcontroller
[22.011s] -- Installing: /home/robocatsorin/Desktop/RobotCode2025/ros2_ws/install/cpp_subcontroller/share/ament_index/resource_index/parent_prefix_path/cpp_subcontroller
[22.011s] -- Installing: /home/robocatsorin/Desktop/RobotCode2025/ros2_ws/install/cpp_subcontroller/share/cpp_subcontroller/environment/ament_prefix_path.sh
[22.011s] -- Installing: /home/robocatsorin/Desktop/RobotCode2025/ros2_ws/install/cpp_subcontroller/share/cpp_subcontroller/environment/ament_prefix_path.dsv
[22.012s] -- Installing: /home/robocatsorin/Desktop/RobotCode2025/ros2_ws/install/cpp_subcontroller/share/cpp_subcontroller/environment/path.sh
[22.012s] -- Installing: /home/robocatsorin/Desktop/RobotCode2025/ros2_ws/install/cpp_subcontroller/share/cpp_subcontroller/environment/path.dsv
[22.013s] -- Installing: /home/robocatsorin/Desktop/RobotCode2025/ros2_ws/install/cpp_subcontroller/share/cpp_subcontroller/local_setup.bash
[22.013s] -- Installing: /home/robocatsorin/Desktop/RobotCode2025/ros2_ws/install/cpp_subcontroller/share/cpp_subcontroller/local_setup.sh
[22.013s] -- Installing: /home/robocatsorin/Desktop/RobotCode2025/ros2_ws/install/cpp_subcontroller/share/cpp_subcontroller/local_setup.zsh
[22.014s] -- Installing: /home/robocatsorin/Desktop/RobotCode2025/ros2_ws/install/cpp_subcontroller/share/cpp_subcontroller/local_setup.dsv
[22.014s] -- Installing: /home/robocatsorin/Desktop/RobotCode2025/ros2_ws/install/cpp_subcontroller/share/cpp_subcontroller/package.dsv
[22.014s] -- Installing: /home/robocatsorin/Desktop/RobotCode2025/ros2_ws/install/cpp_subcontroller/share/ament_index/resource_index/packages/cpp_subcontroller
[22.015s] -- Installing: /home/robocatsorin/Desktop/RobotCode2025/ros2_ws/install/cpp_subcontroller/share/cpp_subcontroller/cmake/cpp_subcontrollerConfig.cmake
[22.015s] -- Installing: /home/robocatsorin/Desktop/RobotCode2025/ros2_ws/install/cpp_subcontroller/share/cpp_subcontroller/cmake/cpp_subcontrollerConfig-version.cmake
[22.015s] -- Up-to-date: /home/robocatsorin/Desktop/RobotCode2025/ros2_ws/install/cpp_subcontroller/share/cpp_subcontroller/package.xml
[22.022s] Invoked command in '/home/robocatsorin/Desktop/RobotCode2025/ros2_ws/build/cpp_subcontroller' returned '0': CMAKE_PREFIX_PATH=/home/robocatsorin/Desktop/RobotCode2025/ros2_ws/install/custom_interfaces:/home/robocatsorin/Desktop/RobotCode2025/ros2_ws/install/usb_cam:/home/robocatsorin/Desktop/RobotCode2025/ros2_ws/install/cpp_subcontroller:/home/robocatsorin/Desktop/RobotCode2025/ros2_ws/install/py_sensors:/home/robocatsorin/Desktop/RobotCode2025/ros2_ws/install/py_objectdetection:/home/robocatsorin/Desktop/RobotCode2025/ros2_ws/install/py_motors:/opt/ros/humble LD_LIBRARY_PATH=/home/robocatsorin/Desktop/RobotCode2025/ros2_ws/install/custom_interfaces/lib:/home/robocatsorin/Desktop/RobotCode2025/ros2_ws/install/usb_cam/lib:/opt/ros/humble/opt/rviz_ogre_vendor/lib:/opt/ros/humble/lib/aarch64-linux-gnu:/opt/ros/humble/lib:/usr/local/cuda-12.6/lib64 /usr/bin/cmake --install /home/robocatsorin/Desktop/RobotCode2025/ros2_ws/build/cpp_subcontroller
