[0.223s] [34mcolcon[0m [1;30mDEBUG[0m [32mCommand line arguments: ['/usr/bin/colcon', 'build'][0m
[0.224s] [34mcolcon[0m [1;30mDEBUG[0m [32mParsed command line arguments: Namespace(log_base=None, log_level=None, verb_name='build', build_base='build', install_base='install', merge_install=False, symlink_install=False, test_result_base=None, continue_on_error=False, executor='parallel', parallel_workers=8, event_handlers=None, ignore_user_meta=False, metas=['./colcon.meta'], base_paths=['.'], packages_ignore=None, packages_ignore_regex=None, paths=None, packages_up_to=None, packages_up_to_regex=None, packages_above=None, packages_above_and_dependencies=None, packages_above_depth=None, packages_select_by_dep=None, packages_skip_by_dep=None, packages_skip_up_to=None, packages_select_build_failed=False, packages_skip_build_finished=False, packages_select_test_failures=False, packages_skip_test_passed=False, packages_select=None, packages_skip=None, packages_select_regex=None, packages_skip_regex=None, packages_start=None, packages_end=None, allow_overriding=[], cmake_args=None, cmake_target=None, cmake_target_skip_unavailable=False, cmake_clean_cache=False, cmake_clean_first=False, cmake_force_configure=False, ament_cmake_args=None, catkin_cmake_args=None, catkin_skip_building_tests=False, mixin_files=None, mixin=None, verb_parser=<colcon_mixin.mixin.mixin_argument.MixinArgumentDecorator object at 0xffffae0fd0c0>, verb_extension=<colcon_core.verb.build.BuildVerb object at 0xffffae2be710>, main=<bound method BuildVerb.main of <colcon_core.verb.build.BuildVerb object at 0xffffae2be710>>, mixin_verb=('build',))[0m
[0.548s] [34mcolcon.colcon_core.package_discovery[0m [1;30mLevel 1[0m discover_packages(colcon_meta) check parameters
[0.548s] [34mcolcon.colcon_core.package_discovery[0m [1;30mLevel 1[0m discover_packages(recursive) check parameters
[0.548s] [34mcolcon.colcon_core.package_discovery[0m [1;30mLevel 1[0m discover_packages(ignore) check parameters
[0.548s] [34mcolcon.colcon_core.package_discovery[0m [1;30mLevel 1[0m discover_packages(path) check parameters
[0.548s] [34mcolcon.colcon_core.package_discovery[0m [1;30mLevel 1[0m discover_packages(colcon_meta) discover
[0.549s] [34mcolcon.colcon_core.package_discovery[0m [1;30mLevel 1[0m discover_packages(recursive) discover
[0.549s] [34mcolcon.colcon_core.package_discovery[0m [1;30mINFO[0m Crawling recursively for packages in '/home/robocatsorin/Desktop/RobotCode2025/ros2_ws'
[0.549s] [34mcolcon.colcon_core.package_identification[0m [1;30mLevel 1[0m _identify(.) by extensions ['ignore', 'ignore_ament_install']
[0.549s] [34mcolcon.colcon_core.package_identification[0m [1;30mLevel 1[0m _identify(.) by extension 'ignore'
[0.549s] [34mcolcon.colcon_core.package_identification[0m [1;30mLevel 1[0m _identify(.) by extension 'ignore_ament_install'
[0.549s] [34mcolcon.colcon_core.package_identification[0m [1;30mLevel 1[0m _identify(.) by extensions ['colcon_pkg']
[0.549s] [34mcolcon.colcon_core.package_identification[0m [1;30mLevel 1[0m _identify(.) by extension 'colcon_pkg'
[0.550s] [34mcolcon.colcon_core.package_identification[0m [1;30mLevel 1[0m _identify(.) by extensions ['colcon_meta']
[0.550s] [34mcolcon.colcon_core.package_identification[0m [1;30mLevel 1[0m _identify(.) by extension 'colcon_meta'
[0.550s] [34mcolcon.colcon_core.package_identification[0m [1;30mLevel 1[0m _identify(.) by extensions ['ros']
[0.550s] [34mcolcon.colcon_core.package_identification[0m [1;30mLevel 1[0m _identify(.) by extension 'ros'
[0.572s] [34mcolcon.colcon_core.package_identification[0m [1;30mLevel 1[0m _identify(.) by extensions ['cmake', 'python']
[0.572s] [34mcolcon.colcon_core.package_identification[0m [1;30mLevel 1[0m _identify(.) by extension 'cmake'
[0.572s] [34mcolcon.colcon_core.package_identification[0m [1;30mLevel 1[0m _identify(.) by extension 'python'
[0.572s] [34mcolcon.colcon_core.package_identification[0m [1;30mLevel 1[0m _identify(.) by extensions ['python_setup_py']
[0.573s] [34mcolcon.colcon_core.package_identification[0m [1;30mLevel 1[0m _identify(.) by extension 'python_setup_py'
[0.573s] [34mcolcon.colcon_core.package_identification[0m [1;30mLevel 1[0m _identify(build) by extensions ['ignore', 'ignore_ament_install']
[0.573s] [34mcolcon.colcon_core.package_identification[0m [1;30mLevel 1[0m _identify(build) by extension 'ignore'
[0.573s] [34mcolcon.colcon_core.package_identification[0m [1;30mLevel 1[0m _identify(build) ignored
[0.573s] [34mcolcon.colcon_core.package_identification[0m [1;30mLevel 1[0m _identify(install) by extensions ['ignore', 'ignore_ament_install']
[0.574s] [34mcolcon.colcon_core.package_identification[0m [1;30mLevel 1[0m _identify(install) by extension 'ignore'
[0.574s] [34mcolcon.colcon_core.package_identification[0m [1;30mLevel 1[0m _identify(install) ignored
[0.574s] [34mcolcon.colcon_core.package_identification[0m [1;30mLevel 1[0m _identify(launch) by extensions ['ignore', 'ignore_ament_install']
[0.574s] [34mcolcon.colcon_core.package_identification[0m [1;30mLevel 1[0m _identify(launch) by extension 'ignore'
[0.574s] [34mcolcon.colcon_core.package_identification[0m [1;30mLevel 1[0m _identify(launch) by extension 'ignore_ament_install'
[0.574s] [34mcolcon.colcon_core.package_identification[0m [1;30mLevel 1[0m _identify(launch) by extensions ['colcon_pkg']
[0.574s] [34mcolcon.colcon_core.package_identification[0m [1;30mLevel 1[0m _identify(launch) by extension 'colcon_pkg'
[0.574s] [34mcolcon.colcon_core.package_identification[0m [1;30mLevel 1[0m _identify(launch) by extensions ['colcon_meta']
[0.575s] [34mcolcon.colcon_core.package_identification[0m [1;30mLevel 1[0m _identify(launch) by extension 'colcon_meta'
[0.575s] [34mcolcon.colcon_core.package_identification[0m [1;30mLevel 1[0m _identify(launch) by extensions ['ros']
[0.575s] [34mcolcon.colcon_core.package_identification[0m [1;30mLevel 1[0m _identify(launch) by extension 'ros'
[0.575s] [34mcolcon.colcon_core.package_identification[0m [1;30mLevel 1[0m _identify(launch) by extensions ['cmake', 'python']
[0.575s] [34mcolcon.colcon_core.package_identification[0m [1;30mLevel 1[0m _identify(launch) by extension 'cmake'
[0.575s] [34mcolcon.colcon_core.package_identification[0m [1;30mLevel 1[0m _identify(launch) by extension 'python'
[0.575s] [34mcolcon.colcon_core.package_identification[0m [1;30mLevel 1[0m _identify(launch) by extensions ['python_setup_py']
[0.575s] [34mcolcon.colcon_core.package_identification[0m [1;30mLevel 1[0m _identify(launch) by extension 'python_setup_py'
[0.575s] [34mcolcon.colcon_core.package_identification[0m [1;30mLevel 1[0m _identify(launch/__pycache__) by extensions ['ignore', 'ignore_ament_install']
[0.576s] [34mcolcon.colcon_core.package_identification[0m [1;30mLevel 1[0m _identify(launch/__pycache__) by extension 'ignore'
[0.576s] [34mcolcon.colcon_core.package_identification[0m [1;30mLevel 1[0m _identify(launch/__pycache__) by extension 'ignore_ament_install'
[0.576s] [34mcolcon.colcon_core.package_identification[0m [1;30mLevel 1[0m _identify(launch/__pycache__) by extensions ['colcon_pkg']
[0.576s] [34mcolcon.colcon_core.package_identification[0m [1;30mLevel 1[0m _identify(launch/__pycache__) by extension 'colcon_pkg'
[0.576s] [34mcolcon.colcon_core.package_identification[0m [1;30mLevel 1[0m _identify(launch/__pycache__) by extensions ['colcon_meta']
[0.576s] [34mcolcon.colcon_core.package_identification[0m [1;30mLevel 1[0m _identify(launch/__pycache__) by extension 'colcon_meta'
[0.576s] [34mcolcon.colcon_core.package_identification[0m [1;30mLevel 1[0m _identify(launch/__pycache__) by extensions ['ros']
[0.576s] [34mcolcon.colcon_core.package_identification[0m [1;30mLevel 1[0m _identify(launch/__pycache__) by extension 'ros'
[0.576s] [34mcolcon.colcon_core.package_identification[0m [1;30mLevel 1[0m _identify(launch/__pycache__) by extensions ['cmake', 'python']
[0.576s] [34mcolcon.colcon_core.package_identification[0m [1;30mLevel 1[0m _identify(launch/__pycache__) by extension 'cmake'
[0.576s] [34mcolcon.colcon_core.package_identification[0m [1;30mLevel 1[0m _identify(launch/__pycache__) by extension 'python'
[0.577s] [34mcolcon.colcon_core.package_identification[0m [1;30mLevel 1[0m _identify(launch/__pycache__) by extensions ['python_setup_py']
[0.577s] [34mcolcon.colcon_core.package_identification[0m [1;30mLevel 1[0m _identify(launch/__pycache__) by extension 'python_setup_py'
[0.577s] [34mcolcon.colcon_core.package_identification[0m [1;30mLevel 1[0m _identify(log) by extensions ['ignore', 'ignore_ament_install']
[0.577s] [34mcolcon.colcon_core.package_identification[0m [1;30mLevel 1[0m _identify(log) by extension 'ignore'
[0.577s] [34mcolcon.colcon_core.package_identification[0m [1;30mLevel 1[0m _identify(log) ignored
[0.577s] [34mcolcon.colcon_core.package_identification[0m [1;30mLevel 1[0m _identify(models) by extensions ['ignore', 'ignore_ament_install']
[0.577s] [34mcolcon.colcon_core.package_identification[0m [1;30mLevel 1[0m _identify(models) by extension 'ignore'
[0.577s] [34mcolcon.colcon_core.package_identification[0m [1;30mLevel 1[0m _identify(models) by extension 'ignore_ament_install'
[0.578s] [34mcolcon.colcon_core.package_identification[0m [1;30mLevel 1[0m _identify(models) by extensions ['colcon_pkg']
[0.578s] [34mcolcon.colcon_core.package_identification[0m [1;30mLevel 1[0m _identify(models) by extension 'colcon_pkg'
[0.578s] [34mcolcon.colcon_core.package_identification[0m [1;30mLevel 1[0m _identify(models) by extensions ['colcon_meta']
[0.578s] [34mcolcon.colcon_core.package_identification[0m [1;30mLevel 1[0m _identify(models) by extension 'colcon_meta'
[0.578s] [34mcolcon.colcon_core.package_identification[0m [1;30mLevel 1[0m _identify(models) by extensions ['ros']
[0.578s] [34mcolcon.colcon_core.package_identification[0m [1;30mLevel 1[0m _identify(models) by extension 'ros'
[0.578s] [34mcolcon.colcon_core.package_identification[0m [1;30mLevel 1[0m _identify(models) by extensions ['cmake', 'python']
[0.578s] [34mcolcon.colcon_core.package_identification[0m [1;30mLevel 1[0m _identify(models) by extension 'cmake'
[0.578s] [34mcolcon.colcon_core.package_identification[0m [1;30mLevel 1[0m _identify(models) by extension 'python'
[0.578s] [34mcolcon.colcon_core.package_identification[0m [1;30mLevel 1[0m _identify(models) by extensions ['python_setup_py']
[0.578s] [34mcolcon.colcon_core.package_identification[0m [1;30mLevel 1[0m _identify(models) by extension 'python_setup_py'
[0.579s] [34mcolcon.colcon_core.package_identification[0m [1;30mLevel 1[0m _identify(src) by extensions ['ignore', 'ignore_ament_install']
[0.579s] [34mcolcon.colcon_core.package_identification[0m [1;30mLevel 1[0m _identify(src) by extension 'ignore'
[0.579s] [34mcolcon.colcon_core.package_identification[0m [1;30mLevel 1[0m _identify(src) by extension 'ignore_ament_install'
[0.579s] [34mcolcon.colcon_core.package_identification[0m [1;30mLevel 1[0m _identify(src) by extensions ['colcon_pkg']
[0.579s] [34mcolcon.colcon_core.package_identification[0m [1;30mLevel 1[0m _identify(src) by extension 'colcon_pkg'
[0.579s] [34mcolcon.colcon_core.package_identification[0m [1;30mLevel 1[0m _identify(src) by extensions ['colcon_meta']
[0.579s] [34mcolcon.colcon_core.package_identification[0m [1;30mLevel 1[0m _identify(src) by extension 'colcon_meta'
[0.579s] [34mcolcon.colcon_core.package_identification[0m [1;30mLevel 1[0m _identify(src) by extensions ['ros']
[0.579s] [34mcolcon.colcon_core.package_identification[0m [1;30mLevel 1[0m _identify(src) by extension 'ros'
[0.579s] [34mcolcon.colcon_core.package_identification[0m [1;30mLevel 1[0m _identify(src) by extensions ['cmake', 'python']
[0.579s] [34mcolcon.colcon_core.package_identification[0m [1;30mLevel 1[0m _identify(src) by extension 'cmake'
[0.580s] [34mcolcon.colcon_core.package_identification[0m [1;30mLevel 1[0m _identify(src) by extension 'python'
[0.580s] [34mcolcon.colcon_core.package_identification[0m [1;30mLevel 1[0m _identify(src) by extensions ['python_setup_py']
[0.580s] [34mcolcon.colcon_core.package_identification[0m [1;30mLevel 1[0m _identify(src) by extension 'python_setup_py'
[0.580s] [34mcolcon.colcon_core.package_identification[0m [1;30mLevel 1[0m _identify(src/cpp_subcontroller) by extensions ['ignore', 'ignore_ament_install']
[0.580s] [34mcolcon.colcon_core.package_identification[0m [1;30mLevel 1[0m _identify(src/cpp_subcontroller) by extension 'ignore'
[0.580s] [34mcolcon.colcon_core.package_identification[0m [1;30mLevel 1[0m _identify(src/cpp_subcontroller) by extension 'ignore_ament_install'
[0.580s] [34mcolcon.colcon_core.package_identification[0m [1;30mLevel 1[0m _identify(src/cpp_subcontroller) by extensions ['colcon_pkg']
[0.580s] [34mcolcon.colcon_core.package_identification[0m [1;30mLevel 1[0m _identify(src/cpp_subcontroller) by extension 'colcon_pkg'
[0.580s] [34mcolcon.colcon_core.package_identification[0m [1;30mLevel 1[0m _identify(src/cpp_subcontroller) by extensions ['colcon_meta']
[0.580s] [34mcolcon.colcon_core.package_identification[0m [1;30mLevel 1[0m _identify(src/cpp_subcontroller) by extension 'colcon_meta'
[0.581s] [34mcolcon.colcon_core.package_identification[0m [1;30mLevel 1[0m _identify(src/cpp_subcontroller) by extensions ['ros']
[0.581s] [34mcolcon.colcon_core.package_identification[0m [1;30mLevel 1[0m _identify(src/cpp_subcontroller) by extension 'ros'
[0.611s] [34mcolcon.colcon_core.package_identification[0m [1;30mDEBUG[0m [32mPackage 'src/cpp_subcontroller' with type 'ros.ament_cmake' and name 'cpp_subcontroller'[0m
[0.611s] [34mcolcon.colcon_core.package_identification[0m [1;30mLevel 1[0m _identify(src/custom_interfaces) by extensions ['ignore', 'ignore_ament_install']
[0.611s] [34mcolcon.colcon_core.package_identification[0m [1;30mLevel 1[0m _identify(src/custom_interfaces) by extension 'ignore'
[0.612s] [34mcolcon.colcon_core.package_identification[0m [1;30mLevel 1[0m _identify(src/custom_interfaces) by extension 'ignore_ament_install'
[0.612s] [34mcolcon.colcon_core.package_identification[0m [1;30mLevel 1[0m _identify(src/custom_interfaces) by extensions ['colcon_pkg']
[0.612s] [34mcolcon.colcon_core.package_identification[0m [1;30mLevel 1[0m _identify(src/custom_interfaces) by extension 'colcon_pkg'
[0.612s] [34mcolcon.colcon_core.package_identification[0m [1;30mLevel 1[0m _identify(src/custom_interfaces) by extensions ['colcon_meta']
[0.612s] [34mcolcon.colcon_core.package_identification[0m [1;30mLevel 1[0m _identify(src/custom_interfaces) by extension 'colcon_meta'
[0.612s] [34mcolcon.colcon_core.package_identification[0m [1;30mLevel 1[0m _identify(src/custom_interfaces) by extensions ['ros']
[0.612s] [34mcolcon.colcon_core.package_identification[0m [1;30mLevel 1[0m _identify(src/custom_interfaces) by extension 'ros'
[0.614s] [34mcolcon.colcon_core.package_identification[0m [1;30mDEBUG[0m [32mPackage 'src/custom_interfaces' with type 'ros.ament_cmake' and name 'custom_interfaces'[0m
[0.614s] [34mcolcon.colcon_core.package_identification[0m [1;30mLevel 1[0m _identify(src/py_motors) by extensions ['ignore', 'ignore_ament_install']
[0.614s] [34mcolcon.colcon_core.package_identification[0m [1;30mLevel 1[0m _identify(src/py_motors) by extension 'ignore'
[0.614s] [34mcolcon.colcon_core.package_identification[0m [1;30mLevel 1[0m _identify(src/py_motors) by extension 'ignore_ament_install'
[0.614s] [34mcolcon.colcon_core.package_identification[0m [1;30mLevel 1[0m _identify(src/py_motors) by extensions ['colcon_pkg']
[0.614s] [34mcolcon.colcon_core.package_identification[0m [1;30mLevel 1[0m _identify(src/py_motors) by extension 'colcon_pkg'
[0.614s] [34mcolcon.colcon_core.package_identification[0m [1;30mLevel 1[0m _identify(src/py_motors) by extensions ['colcon_meta']
[0.614s] [34mcolcon.colcon_core.package_identification[0m [1;30mLevel 1[0m _identify(src/py_motors) by extension 'colcon_meta'
[0.615s] [34mcolcon.colcon_core.package_identification[0m [1;30mLevel 1[0m _identify(src/py_motors) by extensions ['ros']
[0.615s] [34mcolcon.colcon_core.package_identification[0m [1;30mLevel 1[0m _identify(src/py_motors) by extension 'ros'
[0.616s] [34mcolcon.colcon_core.package_identification[0m [1;30mDEBUG[0m [32mPackage 'src/py_motors' with type 'ros.ament_python' and name 'py_motors'[0m
[0.616s] [34mcolcon.colcon_core.package_identification[0m [1;30mLevel 1[0m _identify(src/py_objectdetection) by extensions ['ignore', 'ignore_ament_install']
[0.616s] [34mcolcon.colcon_core.package_identification[0m [1;30mLevel 1[0m _identify(src/py_objectdetection) by extension 'ignore'
[0.616s] [34mcolcon.colcon_core.package_identification[0m [1;30mLevel 1[0m _identify(src/py_objectdetection) by extension 'ignore_ament_install'
[0.616s] [34mcolcon.colcon_core.package_identification[0m [1;30mLevel 1[0m _identify(src/py_objectdetection) by extensions ['colcon_pkg']
[0.616s] [34mcolcon.colcon_core.package_identification[0m [1;30mLevel 1[0m _identify(src/py_objectdetection) by extension 'colcon_pkg'
[0.616s] [34mcolcon.colcon_core.package_identification[0m [1;30mLevel 1[0m _identify(src/py_objectdetection) by extensions ['colcon_meta']
[0.617s] [34mcolcon.colcon_core.package_identification[0m [1;30mLevel 1[0m _identify(src/py_objectdetection) by extension 'colcon_meta'
[0.617s] [34mcolcon.colcon_core.package_identification[0m [1;30mLevel 1[0m _identify(src/py_objectdetection) by extensions ['ros']
[0.617s] [34mcolcon.colcon_core.package_identification[0m [1;30mLevel 1[0m _identify(src/py_objectdetection) by extension 'ros'
[0.618s] [34mcolcon.colcon_core.package_identification[0m [1;30mDEBUG[0m [32mPackage 'src/py_objectdetection' with type 'ros.ament_python' and name 'py_objectdetection'[0m
[0.618s] [34mcolcon.colcon_core.package_identification[0m [1;30mLevel 1[0m _identify(src/py_sensors) by extensions ['ignore', 'ignore_ament_install']
[0.618s] [34mcolcon.colcon_core.package_identification[0m [1;30mLevel 1[0m _identify(src/py_sensors) by extension 'ignore'
[0.618s] [34mcolcon.colcon_core.package_identification[0m [1;30mLevel 1[0m _identify(src/py_sensors) by extension 'ignore_ament_install'
[0.618s] [34mcolcon.colcon_core.package_identification[0m [1;30mLevel 1[0m _identify(src/py_sensors) by extensions ['colcon_pkg']
[0.618s] [34mcolcon.colcon_core.package_identification[0m [1;30mLevel 1[0m _identify(src/py_sensors) by extension 'colcon_pkg'
[0.618s] [34mcolcon.colcon_core.package_identification[0m [1;30mLevel 1[0m _identify(src/py_sensors) by extensions ['colcon_meta']
[0.618s] [34mcolcon.colcon_core.package_identification[0m [1;30mLevel 1[0m _identify(src/py_sensors) by extension 'colcon_meta'
[0.619s] [34mcolcon.colcon_core.package_identification[0m [1;30mLevel 1[0m _identify(src/py_sensors) by extensions ['ros']
[0.619s] [34mcolcon.colcon_core.package_identification[0m [1;30mLevel 1[0m _identify(src/py_sensors) by extension 'ros'
[0.620s] [34mcolcon.colcon_core.package_identification[0m [1;30mDEBUG[0m [32mPackage 'src/py_sensors' with type 'ros.ament_python' and name 'py_sensors'[0m
[0.620s] [34mcolcon.colcon_core.package_identification[0m [1;30mLevel 1[0m _identify(src/usb_cam) by extensions ['ignore', 'ignore_ament_install']
[0.620s] [34mcolcon.colcon_core.package_identification[0m [1;30mLevel 1[0m _identify(src/usb_cam) by extension 'ignore'
[0.620s] [34mcolcon.colcon_core.package_identification[0m [1;30mLevel 1[0m _identify(src/usb_cam) by extension 'ignore_ament_install'
[0.620s] [34mcolcon.colcon_core.package_identification[0m [1;30mLevel 1[0m _identify(src/usb_cam) by extensions ['colcon_pkg']
[0.620s] [34mcolcon.colcon_core.package_identification[0m [1;30mLevel 1[0m _identify(src/usb_cam) by extension 'colcon_pkg'
[0.620s] [34mcolcon.colcon_core.package_identification[0m [1;30mLevel 1[0m _identify(src/usb_cam) by extensions ['colcon_meta']
[0.620s] [34mcolcon.colcon_core.package_identification[0m [1;30mLevel 1[0m _identify(src/usb_cam) by extension 'colcon_meta'
[0.621s] [34mcolcon.colcon_core.package_identification[0m [1;30mLevel 1[0m _identify(src/usb_cam) by extensions ['ros']
[0.621s] [34mcolcon.colcon_core.package_identification[0m [1;30mLevel 1[0m _identify(src/usb_cam) by extension 'ros'
[0.623s] [34mcolcon.colcon_core.package_identification[0m [1;30mDEBUG[0m [32mPackage 'src/usb_cam' with type 'ros.ament_cmake' and name 'usb_cam'[0m
[0.624s] [34mcolcon.colcon_core.package_identification[0m [1;30mLevel 1[0m _identify(ultralyticsplus) by extensions ['ignore', 'ignore_ament_install']
[0.624s] [34mcolcon.colcon_core.package_identification[0m [1;30mLevel 1[0m _identify(ultralyticsplus) by extension 'ignore'
[0.624s] [34mcolcon.colcon_core.package_identification[0m [1;30mLevel 1[0m _identify(ultralyticsplus) by extension 'ignore_ament_install'
[0.624s] [34mcolcon.colcon_core.package_identification[0m [1;30mLevel 1[0m _identify(ultralyticsplus) by extensions ['colcon_pkg']
[0.624s] [34mcolcon.colcon_core.package_identification[0m [1;30mLevel 1[0m _identify(ultralyticsplus) by extension 'colcon_pkg'
[0.624s] [34mcolcon.colcon_core.package_identification[0m [1;30mLevel 1[0m _identify(ultralyticsplus) by extensions ['colcon_meta']
[0.624s] [34mcolcon.colcon_core.package_identification[0m [1;30mLevel 1[0m _identify(ultralyticsplus) by extension 'colcon_meta'
[0.624s] [34mcolcon.colcon_core.package_identification[0m [1;30mLevel 1[0m _identify(ultralyticsplus) by extensions ['ros']
[0.624s] [34mcolcon.colcon_core.package_identification[0m [1;30mLevel 1[0m _identify(ultralyticsplus) by extension 'ros'
[0.625s] [34mcolcon.colcon_core.package_identification[0m [1;30mLevel 1[0m _identify(ultralyticsplus) by extensions ['cmake', 'python']
[0.625s] [34mcolcon.colcon_core.package_identification[0m [1;30mLevel 1[0m _identify(ultralyticsplus) by extension 'cmake'
[0.625s] [34mcolcon.colcon_core.package_identification[0m [1;30mLevel 1[0m _identify(ultralyticsplus) by extension 'python'
[0.625s] [34mcolcon.colcon_core.package_identification[0m [1;30mLevel 1[0m _identify(ultralyticsplus) by extensions ['python_setup_py']
[0.625s] [34mcolcon.colcon_core.package_identification[0m [1;30mLevel 1[0m _identify(ultralyticsplus) by extension 'python_setup_py'
[0.625s] [34mcolcon.colcon_core.package_discovery[0m [1;30mLevel 1[0m discover_packages(recursive) using defaults
[0.625s] [34mcolcon.colcon_core.package_discovery[0m [1;30mLevel 1[0m discover_packages(ignore) discover
[0.625s] [34mcolcon.colcon_core.package_discovery[0m [1;30mLevel 1[0m discover_packages(ignore) using defaults
[0.625s] [34mcolcon.colcon_core.package_discovery[0m [1;30mLevel 1[0m discover_packages(path) discover
[0.625s] [34mcolcon.colcon_core.package_discovery[0m [1;30mLevel 1[0m discover_packages(path) using defaults
[0.656s] [34mcolcon.colcon_core.package_discovery[0m [1;30mLevel 1[0m discover_packages(prefix_path) check parameters
[0.656s] [34mcolcon.colcon_core.package_discovery[0m [1;30mLevel 1[0m discover_packages(prefix_path) discover
[0.660s] [34mcolcon.colcon_installed_package_information.package_discovery[0m [1;30mDEBUG[0m [32mFound 6 installed packages in /home/robocatsorin/Desktop/RobotCode2025/ros2_ws/install[0m
[0.663s] [34mcolcon.colcon_installed_package_information.package_discovery[0m [1;30mDEBUG[0m [32mFound 284 installed packages in /opt/ros/humble[0m
[0.665s] [34mcolcon.colcon_core.package_discovery[0m [1;30mLevel 1[0m discover_packages(prefix_path) using defaults
[0.733s] [34mcolcon.colcon_core.verb[0m [1;30mLevel 5[0m set package 'custom_interfaces' build argument 'cmake_args' from command line to 'None'
[0.733s] [34mcolcon.colcon_core.verb[0m [1;30mLevel 5[0m set package 'custom_interfaces' build argument 'cmake_target' from command line to 'None'
[0.733s] [34mcolcon.colcon_core.verb[0m [1;30mLevel 5[0m set package 'custom_interfaces' build argument 'cmake_target_skip_unavailable' from command line to 'False'
[0.733s] [34mcolcon.colcon_core.verb[0m [1;30mLevel 5[0m set package 'custom_interfaces' build argument 'cmake_clean_cache' from command line to 'False'
[0.733s] [34mcolcon.colcon_core.verb[0m [1;30mLevel 5[0m set package 'custom_interfaces' build argument 'cmake_clean_first' from command line to 'False'
[0.733s] [34mcolcon.colcon_core.verb[0m [1;30mLevel 5[0m set package 'custom_interfaces' build argument 'cmake_force_configure' from command line to 'False'
[0.733s] [34mcolcon.colcon_core.verb[0m [1;30mLevel 5[0m set package 'custom_interfaces' build argument 'ament_cmake_args' from command line to 'None'
[0.733s] [34mcolcon.colcon_core.verb[0m [1;30mLevel 5[0m set package 'custom_interfaces' build argument 'catkin_cmake_args' from command line to 'None'
[0.733s] [34mcolcon.colcon_core.verb[0m [1;30mLevel 5[0m set package 'custom_interfaces' build argument 'catkin_skip_building_tests' from command line to 'False'
[0.733s] [34mcolcon.colcon_core.verb[0m [1;30mDEBUG[0m [32mBuilding package 'custom_interfaces' with the following arguments: {'ament_cmake_args': None, 'build_base': '/home/robocatsorin/Desktop/RobotCode2025/ros2_ws/build/custom_interfaces', 'catkin_cmake_args': None, 'catkin_skip_building_tests': False, 'cmake_args': None, 'cmake_clean_cache': False, 'cmake_clean_first': False, 'cmake_force_configure': False, 'cmake_target': None, 'cmake_target_skip_unavailable': False, 'install_base': '/home/robocatsorin/Desktop/RobotCode2025/ros2_ws/install/custom_interfaces', 'merge_install': False, 'path': '/home/robocatsorin/Desktop/RobotCode2025/ros2_ws/src/custom_interfaces', 'symlink_install': False, 'test_result_base': None}[0m
[0.734s] [34mcolcon.colcon_core.verb[0m [1;30mLevel 5[0m set package 'usb_cam' build argument 'cmake_args' from command line to 'None'
[0.734s] [34mcolcon.colcon_core.verb[0m [1;30mLevel 5[0m set package 'usb_cam' build argument 'cmake_target' from command line to 'None'
[0.734s] [34mcolcon.colcon_core.verb[0m [1;30mLevel 5[0m set package 'usb_cam' build argument 'cmake_target_skip_unavailable' from command line to 'False'
[0.734s] [34mcolcon.colcon_core.verb[0m [1;30mLevel 5[0m set package 'usb_cam' build argument 'cmake_clean_cache' from command line to 'False'
[0.734s] [34mcolcon.colcon_core.verb[0m [1;30mLevel 5[0m set package 'usb_cam' build argument 'cmake_clean_first' from command line to 'False'
[0.734s] [34mcolcon.colcon_core.verb[0m [1;30mLevel 5[0m set package 'usb_cam' build argument 'cmake_force_configure' from command line to 'False'
[0.734s] [34mcolcon.colcon_core.verb[0m [1;30mLevel 5[0m set package 'usb_cam' build argument 'ament_cmake_args' from command line to 'None'
[0.734s] [34mcolcon.colcon_core.verb[0m [1;30mLevel 5[0m set package 'usb_cam' build argument 'catkin_cmake_args' from command line to 'None'
[0.734s] [34mcolcon.colcon_core.verb[0m [1;30mLevel 5[0m set package 'usb_cam' build argument 'catkin_skip_building_tests' from command line to 'False'
[0.734s] [34mcolcon.colcon_core.verb[0m [1;30mDEBUG[0m [32mBuilding package 'usb_cam' with the following arguments: {'ament_cmake_args': None, 'build_base': '/home/robocatsorin/Desktop/RobotCode2025/ros2_ws/build/usb_cam', 'catkin_cmake_args': None, 'catkin_skip_building_tests': False, 'cmake_args': None, 'cmake_clean_cache': False, 'cmake_clean_first': False, 'cmake_force_configure': False, 'cmake_target': None, 'cmake_target_skip_unavailable': False, 'install_base': '/home/robocatsorin/Desktop/RobotCode2025/ros2_ws/install/usb_cam', 'merge_install': False, 'path': '/home/robocatsorin/Desktop/RobotCode2025/ros2_ws/src/usb_cam', 'symlink_install': False, 'test_result_base': None}[0m
[0.735s] [34mcolcon.colcon_core.verb[0m [1;30mLevel 5[0m set package 'cpp_subcontroller' build argument 'cmake_args' from command line to 'None'
[0.735s] [34mcolcon.colcon_core.verb[0m [1;30mLevel 5[0m set package 'cpp_subcontroller' build argument 'cmake_target' from command line to 'None'
[0.735s] [34mcolcon.colcon_core.verb[0m [1;30mLevel 5[0m set package 'cpp_subcontroller' build argument 'cmake_target_skip_unavailable' from command line to 'False'
[0.735s] [34mcolcon.colcon_core.verb[0m [1;30mLevel 5[0m set package 'cpp_subcontroller' build argument 'cmake_clean_cache' from command line to 'False'
[0.735s] [34mcolcon.colcon_core.verb[0m [1;30mLevel 5[0m set package 'cpp_subcontroller' build argument 'cmake_clean_first' from command line to 'False'
[0.735s] [34mcolcon.colcon_core.verb[0m [1;30mLevel 5[0m set package 'cpp_subcontroller' build argument 'cmake_force_configure' from command line to 'False'
[0.735s] [34mcolcon.colcon_core.verb[0m [1;30mLevel 5[0m set package 'cpp_subcontroller' build argument 'ament_cmake_args' from command line to 'None'
[0.735s] [34mcolcon.colcon_core.verb[0m [1;30mLevel 5[0m set package 'cpp_subcontroller' build argument 'catkin_cmake_args' from command line to 'None'
[0.735s] [34mcolcon.colcon_core.verb[0m [1;30mLevel 5[0m set package 'cpp_subcontroller' build argument 'catkin_skip_building_tests' from command line to 'False'
[0.736s] [34mcolcon.colcon_core.verb[0m [1;30mDEBUG[0m [32mBuilding package 'cpp_subcontroller' with the following arguments: {'ament_cmake_args': None, 'build_base': '/home/robocatsorin/Desktop/RobotCode2025/ros2_ws/build/cpp_subcontroller', 'catkin_cmake_args': None, 'catkin_skip_building_tests': False, 'cmake_args': None, 'cmake_clean_cache': False, 'cmake_clean_first': False, 'cmake_force_configure': False, 'cmake_target': None, 'cmake_target_skip_unavailable': False, 'install_base': '/home/robocatsorin/Desktop/RobotCode2025/ros2_ws/install/cpp_subcontroller', 'merge_install': False, 'path': '/home/robocatsorin/Desktop/RobotCode2025/ros2_ws/src/cpp_subcontroller', 'symlink_install': False, 'test_result_base': None}[0m
[0.736s] [34mcolcon.colcon_core.verb[0m [1;30mLevel 5[0m set package 'py_motors' build argument 'cmake_args' from command line to 'None'
[0.736s] [34mcolcon.colcon_core.verb[0m [1;30mLevel 5[0m set package 'py_motors' build argument 'cmake_target' from command line to 'None'
[0.736s] [34mcolcon.colcon_core.verb[0m [1;30mLevel 5[0m set package 'py_motors' build argument 'cmake_target_skip_unavailable' from command line to 'False'
[0.736s] [34mcolcon.colcon_core.verb[0m [1;30mLevel 5[0m set package 'py_motors' build argument 'cmake_clean_cache' from command line to 'False'
[0.736s] [34mcolcon.colcon_core.verb[0m [1;30mLevel 5[0m set package 'py_motors' build argument 'cmake_clean_first' from command line to 'False'
[0.736s] [34mcolcon.colcon_core.verb[0m [1;30mLevel 5[0m set package 'py_motors' build argument 'cmake_force_configure' from command line to 'False'
[0.736s] [34mcolcon.colcon_core.verb[0m [1;30mLevel 5[0m set package 'py_motors' build argument 'ament_cmake_args' from command line to 'None'
[0.736s] [34mcolcon.colcon_core.verb[0m [1;30mLevel 5[0m set package 'py_motors' build argument 'catkin_cmake_args' from command line to 'None'
[0.736s] [34mcolcon.colcon_core.verb[0m [1;30mLevel 5[0m set package 'py_motors' build argument 'catkin_skip_building_tests' from command line to 'False'
[0.737s] [34mcolcon.colcon_core.verb[0m [1;30mDEBUG[0m [32mBuilding package 'py_motors' with the following arguments: {'ament_cmake_args': None, 'build_base': '/home/robocatsorin/Desktop/RobotCode2025/ros2_ws/build/py_motors', 'catkin_cmake_args': None, 'catkin_skip_building_tests': False, 'cmake_args': None, 'cmake_clean_cache': False, 'cmake_clean_first': False, 'cmake_force_configure': False, 'cmake_target': None, 'cmake_target_skip_unavailable': False, 'install_base': '/home/robocatsorin/Desktop/RobotCode2025/ros2_ws/install/py_motors', 'merge_install': False, 'path': '/home/robocatsorin/Desktop/RobotCode2025/ros2_ws/src/py_motors', 'symlink_install': False, 'test_result_base': None}[0m
[0.737s] [34mcolcon.colcon_core.verb[0m [1;30mLevel 5[0m set package 'py_objectdetection' build argument 'cmake_args' from command line to 'None'
[0.737s] [34mcolcon.colcon_core.verb[0m [1;30mLevel 5[0m set package 'py_objectdetection' build argument 'cmake_target' from command line to 'None'
[0.737s] [34mcolcon.colcon_core.verb[0m [1;30mLevel 5[0m set package 'py_objectdetection' build argument 'cmake_target_skip_unavailable' from command line to 'False'
[0.737s] [34mcolcon.colcon_core.verb[0m [1;30mLevel 5[0m set package 'py_objectdetection' build argument 'cmake_clean_cache' from command line to 'False'
[0.737s] [34mcolcon.colcon_core.verb[0m [1;30mLevel 5[0m set package 'py_objectdetection' build argument 'cmake_clean_first' from command line to 'False'
[0.737s] [34mcolcon.colcon_core.verb[0m [1;30mLevel 5[0m set package 'py_objectdetection' build argument 'cmake_force_configure' from command line to 'False'
[0.737s] [34mcolcon.colcon_core.verb[0m [1;30mLevel 5[0m set package 'py_objectdetection' build argument 'ament_cmake_args' from command line to 'None'
[0.737s] [34mcolcon.colcon_core.verb[0m [1;30mLevel 5[0m set package 'py_objectdetection' build argument 'catkin_cmake_args' from command line to 'None'
[0.738s] [34mcolcon.colcon_core.verb[0m [1;30mLevel 5[0m set package 'py_objectdetection' build argument 'catkin_skip_building_tests' from command line to 'False'
[0.738s] [34mcolcon.colcon_core.verb[0m [1;30mDEBUG[0m [32mBuilding package 'py_objectdetection' with the following arguments: {'ament_cmake_args': None, 'build_base': '/home/robocatsorin/Desktop/RobotCode2025/ros2_ws/build/py_objectdetection', 'catkin_cmake_args': None, 'catkin_skip_building_tests': False, 'cmake_args': None, 'cmake_clean_cache': False, 'cmake_clean_first': False, 'cmake_force_configure': False, 'cmake_target': None, 'cmake_target_skip_unavailable': False, 'install_base': '/home/robocatsorin/Desktop/RobotCode2025/ros2_ws/install/py_objectdetection', 'merge_install': False, 'path': '/home/robocatsorin/Desktop/RobotCode2025/ros2_ws/src/py_objectdetection', 'symlink_install': False, 'test_result_base': None}[0m
[0.738s] [34mcolcon.colcon_core.verb[0m [1;30mLevel 5[0m set package 'py_sensors' build argument 'cmake_args' from command line to 'None'
[0.738s] [34mcolcon.colcon_core.verb[0m [1;30mLevel 5[0m set package 'py_sensors' build argument 'cmake_target' from command line to 'None'
[0.738s] [34mcolcon.colcon_core.verb[0m [1;30mLevel 5[0m set package 'py_sensors' build argument 'cmake_target_skip_unavailable' from command line to 'False'
[0.738s] [34mcolcon.colcon_core.verb[0m [1;30mLevel 5[0m set package 'py_sensors' build argument 'cmake_clean_cache' from command line to 'False'
[0.738s] [34mcolcon.colcon_core.verb[0m [1;30mLevel 5[0m set package 'py_sensors' build argument 'cmake_clean_first' from command line to 'False'
[0.738s] [34mcolcon.colcon_core.verb[0m [1;30mLevel 5[0m set package 'py_sensors' build argument 'cmake_force_configure' from command line to 'False'
[0.738s] [34mcolcon.colcon_core.verb[0m [1;30mLevel 5[0m set package 'py_sensors' build argument 'ament_cmake_args' from command line to 'None'
[0.738s] [34mcolcon.colcon_core.verb[0m [1;30mLevel 5[0m set package 'py_sensors' build argument 'catkin_cmake_args' from command line to 'None'
[0.739s] [34mcolcon.colcon_core.verb[0m [1;30mLevel 5[0m set package 'py_sensors' build argument 'catkin_skip_building_tests' from command line to 'False'
[0.739s] [34mcolcon.colcon_core.verb[0m [1;30mDEBUG[0m [32mBuilding package 'py_sensors' with the following arguments: {'ament_cmake_args': None, 'build_base': '/home/robocatsorin/Desktop/RobotCode2025/ros2_ws/build/py_sensors', 'catkin_cmake_args': None, 'catkin_skip_building_tests': False, 'cmake_args': None, 'cmake_clean_cache': False, 'cmake_clean_first': False, 'cmake_force_configure': False, 'cmake_target': None, 'cmake_target_skip_unavailable': False, 'install_base': '/home/robocatsorin/Desktop/RobotCode2025/ros2_ws/install/py_sensors', 'merge_install': False, 'path': '/home/robocatsorin/Desktop/RobotCode2025/ros2_ws/src/py_sensors', 'symlink_install': False, 'test_result_base': None}[0m
[0.739s] [34mcolcon.colcon_core.executor[0m [1;30mINFO[0m Executing jobs using 'parallel' executor
[0.741s] [34mcolcon.colcon_parallel_executor.executor.parallel[0m [1;30mDEBUG[0m [32mrun_until_complete[0m
[0.742s] [34mcolcon.colcon_ros.task.ament_cmake.build[0m [1;30mINFO[0m Building ROS package in '/home/robocatsorin/Desktop/RobotCode2025/ros2_ws/src/custom_interfaces' with build type 'ament_cmake'
[0.742s] [34mcolcon.colcon_cmake.task.cmake.build[0m [1;30mINFO[0m Building CMake package in '/home/robocatsorin/Desktop/RobotCode2025/ros2_ws/src/custom_interfaces'
[0.746s] [34mcolcon.colcon_core.plugin_system[0m [1;30mINFO[0m Skipping extension 'colcon_core.shell.bat': Not used on non-Windows systems
[0.746s] [34mcolcon.colcon_core.shell[0m [1;30mINFO[0m Skip shell extension 'powershell' for command environment: Not usable outside of PowerShell
[0.747s] [34mcolcon.colcon_core.shell[0m [1;30mDEBUG[0m [32mSkip shell extension 'dsv' for command environment[0m
[0.753s] [34mcolcon.colcon_ros.task.ament_cmake.build[0m [1;30mINFO[0m Building ROS package in '/home/robocatsorin/Desktop/RobotCode2025/ros2_ws/src/usb_cam' with build type 'ament_cmake'
[0.754s] [34mcolcon.colcon_cmake.task.cmake.build[0m [1;30mINFO[0m Building CMake package in '/home/robocatsorin/Desktop/RobotCode2025/ros2_ws/src/usb_cam'
[0.754s] [34mcolcon.colcon_core.shell[0m [1;30mINFO[0m Skip shell extension 'powershell' for command environment: Not usable outside of PowerShell
[0.755s] [34mcolcon.colcon_core.shell[0m [1;30mDEBUG[0m [32mSkip shell extension 'dsv' for command environment[0m
[0.770s] [34mcolcon.colcon_core.event_handler.log_command[0m [1;30mDEBUG[0m [32mInvoking command in '/home/robocatsorin/Desktop/RobotCode2025/ros2_ws/build/custom_interfaces': CMAKE_PREFIX_PATH=${CMAKE_PREFIX_PATH}:/home/robocatsorin/Desktop/RobotCode2025/ros2_ws/install/py_sensors:/home/robocatsorin/Desktop/RobotCode2025/ros2_ws/install/py_objectdetection:/home/robocatsorin/Desktop/RobotCode2025/ros2_ws/install/py_motors:/opt/ros/humble /usr/bin/cmake --build /home/robocatsorin/Desktop/RobotCode2025/ros2_ws/build/custom_interfaces -- -j8 -l8[0m
[0.778s] [34mcolcon.colcon_core.event_handler.log_command[0m [1;30mDEBUG[0m [32mInvoking command in '/home/robocatsorin/Desktop/RobotCode2025/ros2_ws/build/usb_cam': CMAKE_PREFIX_PATH=${CMAKE_PREFIX_PATH}:/home/robocatsorin/Desktop/RobotCode2025/ros2_ws/install/py_sensors:/home/robocatsorin/Desktop/RobotCode2025/ros2_ws/install/py_objectdetection:/home/robocatsorin/Desktop/RobotCode2025/ros2_ws/install/py_motors:/opt/ros/humble /usr/bin/cmake --build /home/robocatsorin/Desktop/RobotCode2025/ros2_ws/build/usb_cam -- -j8 -l8[0m
[0.975s] [34mcolcon.colcon_core.event_handler.log_command[0m [1;30mDEBUG[0m [32mInvoked command in '/home/robocatsorin/Desktop/RobotCode2025/ros2_ws/build/usb_cam' returned '0': CMAKE_PREFIX_PATH=${CMAKE_PREFIX_PATH}:/home/robocatsorin/Desktop/RobotCode2025/ros2_ws/install/py_sensors:/home/robocatsorin/Desktop/RobotCode2025/ros2_ws/install/py_objectdetection:/home/robocatsorin/Desktop/RobotCode2025/ros2_ws/install/py_motors:/opt/ros/humble /usr/bin/cmake --build /home/robocatsorin/Desktop/RobotCode2025/ros2_ws/build/usb_cam -- -j8 -l8[0m
[0.996s] [34mcolcon.colcon_core.event_handler.log_command[0m [1;30mDEBUG[0m [32mInvoking command in '/home/robocatsorin/Desktop/RobotCode2025/ros2_ws/build/usb_cam': CMAKE_PREFIX_PATH=${CMAKE_PREFIX_PATH}:/home/robocatsorin/Desktop/RobotCode2025/ros2_ws/install/py_sensors:/home/robocatsorin/Desktop/RobotCode2025/ros2_ws/install/py_objectdetection:/home/robocatsorin/Desktop/RobotCode2025/ros2_ws/install/py_motors:/opt/ros/humble /usr/bin/cmake --install /home/robocatsorin/Desktop/RobotCode2025/ros2_ws/build/usb_cam[0m
[1.020s] [34mcolcon.colcon_core.environment[0m [1;30mLevel 1[0m create_environment_scripts_only(usb_cam)
[1.025s] [34mcolcon.colcon_core.event_handler.log_command[0m [1;30mDEBUG[0m [32mInvoked command in '/home/robocatsorin/Desktop/RobotCode2025/ros2_ws/build/usb_cam' returned '0': CMAKE_PREFIX_PATH=${CMAKE_PREFIX_PATH}:/home/robocatsorin/Desktop/RobotCode2025/ros2_ws/install/py_sensors:/home/robocatsorin/Desktop/RobotCode2025/ros2_ws/install/py_objectdetection:/home/robocatsorin/Desktop/RobotCode2025/ros2_ws/install/py_motors:/opt/ros/humble /usr/bin/cmake --install /home/robocatsorin/Desktop/RobotCode2025/ros2_ws/build/usb_cam[0m
[1.027s] [34mcolcon.colcon_core.environment[0m [1;30mLevel 1[0m checking '/home/robocatsorin/Desktop/RobotCode2025/ros2_ws/install/usb_cam' for CMake module files
[1.028s] [34mcolcon.colcon_core.environment[0m [1;30mLevel 1[0m checking '/home/robocatsorin/Desktop/RobotCode2025/ros2_ws/install/usb_cam' for CMake config files
[1.029s] [34mcolcon.colcon_core.shell[0m [1;30mLevel 1[0m create_environment_hook('usb_cam', 'cmake_prefix_path')
[1.030s] [34mcolcon.colcon_core.shell[0m [1;30mINFO[0m Creating environment hook '/home/robocatsorin/Desktop/RobotCode2025/ros2_ws/install/usb_cam/share/usb_cam/hook/cmake_prefix_path.ps1'
[1.031s] [34mcolcon.colcon_core.shell[0m [1;30mINFO[0m Creating environment descriptor '/home/robocatsorin/Desktop/RobotCode2025/ros2_ws/install/usb_cam/share/usb_cam/hook/cmake_prefix_path.dsv'
[1.032s] [34mcolcon.colcon_core.shell[0m [1;30mINFO[0m Creating environment hook '/home/robocatsorin/Desktop/RobotCode2025/ros2_ws/install/usb_cam/share/usb_cam/hook/cmake_prefix_path.sh'
[1.034s] [34mcolcon.colcon_core.environment[0m [1;30mLevel 1[0m checking '/home/robocatsorin/Desktop/RobotCode2025/ros2_ws/install/usb_cam/lib'
[1.035s] [34mcolcon.colcon_core.shell[0m [1;30mLevel 1[0m create_environment_hook('usb_cam', 'ld_library_path_lib')
[1.035s] [34mcolcon.colcon_core.shell[0m [1;30mINFO[0m Creating environment hook '/home/robocatsorin/Desktop/RobotCode2025/ros2_ws/install/usb_cam/share/usb_cam/hook/ld_library_path_lib.ps1'
[1.036s] [34mcolcon.colcon_core.shell[0m [1;30mINFO[0m Creating environment descriptor '/home/robocatsorin/Desktop/RobotCode2025/ros2_ws/install/usb_cam/share/usb_cam/hook/ld_library_path_lib.dsv'
[1.037s] [34mcolcon.colcon_core.shell[0m [1;30mINFO[0m Creating environment hook '/home/robocatsorin/Desktop/RobotCode2025/ros2_ws/install/usb_cam/share/usb_cam/hook/ld_library_path_lib.sh'
[1.037s] [34mcolcon.colcon_core.environment[0m [1;30mLevel 1[0m checking '/home/robocatsorin/Desktop/RobotCode2025/ros2_ws/install/usb_cam/bin'
[1.038s] [34mcolcon.colcon_core.environment[0m [1;30mLevel 1[0m checking '/home/robocatsorin/Desktop/RobotCode2025/ros2_ws/install/usb_cam/lib/pkgconfig/usb_cam.pc'
[1.038s] [34mcolcon.colcon_core.environment[0m [1;30mLevel 1[0m checking '/home/robocatsorin/Desktop/RobotCode2025/ros2_ws/install/usb_cam/lib/python3.10/site-packages'
[1.038s] [34mcolcon.colcon_core.environment[0m [1;30mLevel 1[0m checking '/home/robocatsorin/Desktop/RobotCode2025/ros2_ws/install/usb_cam/bin'
[1.039s] [34mcolcon.colcon_core.shell[0m [1;30mINFO[0m Creating package script '/home/robocatsorin/Desktop/RobotCode2025/ros2_ws/install/usb_cam/share/usb_cam/package.ps1'
[1.041s] [34mcolcon.colcon_core.shell[0m [1;30mINFO[0m Creating package descriptor '/home/robocatsorin/Desktop/RobotCode2025/ros2_ws/install/usb_cam/share/usb_cam/package.dsv'
[1.042s] [34mcolcon.colcon_core.shell[0m [1;30mINFO[0m Creating package script '/home/robocatsorin/Desktop/RobotCode2025/ros2_ws/install/usb_cam/share/usb_cam/package.sh'
[1.044s] [34mcolcon.colcon_core.shell[0m [1;30mINFO[0m Creating package script '/home/robocatsorin/Desktop/RobotCode2025/ros2_ws/install/usb_cam/share/usb_cam/package.bash'
[1.045s] [34mcolcon.colcon_core.shell[0m [1;30mINFO[0m Creating package script '/home/robocatsorin/Desktop/RobotCode2025/ros2_ws/install/usb_cam/share/usb_cam/package.zsh'
[1.047s] [34mcolcon.colcon_core.environment[0m [1;30mLevel 1[0m create_file_with_runtime_dependencies(/home/robocatsorin/Desktop/RobotCode2025/ros2_ws/install/usb_cam/share/colcon-core/packages/usb_cam)
[1.048s] [34mcolcon.colcon_core.environment[0m [1;30mLevel 1[0m create_environment_scripts_only(usb_cam)
[1.048s] [34mcolcon.colcon_core.environment[0m [1;30mLevel 1[0m checking '/home/robocatsorin/Desktop/RobotCode2025/ros2_ws/install/usb_cam' for CMake module files
[1.049s] [34mcolcon.colcon_core.environment[0m [1;30mLevel 1[0m checking '/home/robocatsorin/Desktop/RobotCode2025/ros2_ws/install/usb_cam' for CMake config files
[1.050s] [34mcolcon.colcon_core.shell[0m [1;30mLevel 1[0m create_environment_hook('usb_cam', 'cmake_prefix_path')
[1.050s] [34mcolcon.colcon_core.shell[0m [1;30mINFO[0m Creating environment hook '/home/robocatsorin/Desktop/RobotCode2025/ros2_ws/install/usb_cam/share/usb_cam/hook/cmake_prefix_path.ps1'
[1.052s] [34mcolcon.colcon_core.shell[0m [1;30mINFO[0m Creating environment descriptor '/home/robocatsorin/Desktop/RobotCode2025/ros2_ws/install/usb_cam/share/usb_cam/hook/cmake_prefix_path.dsv'
[1.053s] [34mcolcon.colcon_core.shell[0m [1;30mINFO[0m Creating environment hook '/home/robocatsorin/Desktop/RobotCode2025/ros2_ws/install/usb_cam/share/usb_cam/hook/cmake_prefix_path.sh'
[1.054s] [34mcolcon.colcon_core.environment[0m [1;30mLevel 1[0m checking '/home/robocatsorin/Desktop/RobotCode2025/ros2_ws/install/usb_cam/lib'
[1.054s] [34mcolcon.colcon_core.shell[0m [1;30mLevel 1[0m create_environment_hook('usb_cam', 'ld_library_path_lib')
[1.055s] [34mcolcon.colcon_core.shell[0m [1;30mINFO[0m Creating environment hook '/home/robocatsorin/Desktop/RobotCode2025/ros2_ws/install/usb_cam/share/usb_cam/hook/ld_library_path_lib.ps1'
[1.056s] [34mcolcon.colcon_core.shell[0m [1;30mINFO[0m Creating environment descriptor '/home/robocatsorin/Desktop/RobotCode2025/ros2_ws/install/usb_cam/share/usb_cam/hook/ld_library_path_lib.dsv'
[1.056s] [34mcolcon.colcon_core.shell[0m [1;30mINFO[0m Creating environment hook '/home/robocatsorin/Desktop/RobotCode2025/ros2_ws/install/usb_cam/share/usb_cam/hook/ld_library_path_lib.sh'
[1.057s] [34mcolcon.colcon_core.environment[0m [1;30mLevel 1[0m checking '/home/robocatsorin/Desktop/RobotCode2025/ros2_ws/install/usb_cam/bin'
[1.058s] [34mcolcon.colcon_core.environment[0m [1;30mLevel 1[0m checking '/home/robocatsorin/Desktop/RobotCode2025/ros2_ws/install/usb_cam/lib/pkgconfig/usb_cam.pc'
[1.058s] [34mcolcon.colcon_core.environment[0m [1;30mLevel 1[0m checking '/home/robocatsorin/Desktop/RobotCode2025/ros2_ws/install/usb_cam/lib/python3.10/site-packages'
[1.059s] [34mcolcon.colcon_core.environment[0m [1;30mLevel 1[0m checking '/home/robocatsorin/Desktop/RobotCode2025/ros2_ws/install/usb_cam/bin'
[1.059s] [34mcolcon.colcon_core.shell[0m [1;30mINFO[0m Creating package script '/home/robocatsorin/Desktop/RobotCode2025/ros2_ws/install/usb_cam/share/usb_cam/package.ps1'
[1.060s] [34mcolcon.colcon_core.shell[0m [1;30mINFO[0m Creating package descriptor '/home/robocatsorin/Desktop/RobotCode2025/ros2_ws/install/usb_cam/share/usb_cam/package.dsv'
[1.061s] [34mcolcon.colcon_core.shell[0m [1;30mINFO[0m Creating package script '/home/robocatsorin/Desktop/RobotCode2025/ros2_ws/install/usb_cam/share/usb_cam/package.sh'
[1.062s] [34mcolcon.colcon_core.shell[0m [1;30mINFO[0m Creating package script '/home/robocatsorin/Desktop/RobotCode2025/ros2_ws/install/usb_cam/share/usb_cam/package.bash'
[1.063s] [34mcolcon.colcon_core.shell[0m [1;30mINFO[0m Creating package script '/home/robocatsorin/Desktop/RobotCode2025/ros2_ws/install/usb_cam/share/usb_cam/package.zsh'
[1.064s] [34mcolcon.colcon_core.environment[0m [1;30mLevel 1[0m create_file_with_runtime_dependencies(/home/robocatsorin/Desktop/RobotCode2025/ros2_ws/install/usb_cam/share/colcon-core/packages/usb_cam)
[15.593s] [34mcolcon.colcon_core.event_handler.log_command[0m [1;30mDEBUG[0m [32mInvoked command in '/home/robocatsorin/Desktop/RobotCode2025/ros2_ws/build/custom_interfaces' returned '0': CMAKE_PREFIX_PATH=${CMAKE_PREFIX_PATH}:/home/robocatsorin/Desktop/RobotCode2025/ros2_ws/install/py_sensors:/home/robocatsorin/Desktop/RobotCode2025/ros2_ws/install/py_objectdetection:/home/robocatsorin/Desktop/RobotCode2025/ros2_ws/install/py_motors:/opt/ros/humble /usr/bin/cmake --build /home/robocatsorin/Desktop/RobotCode2025/ros2_ws/build/custom_interfaces -- -j8 -l8[0m
[15.596s] [34mcolcon.colcon_core.event_handler.log_command[0m [1;30mDEBUG[0m [32mInvoking command in '/home/robocatsorin/Desktop/RobotCode2025/ros2_ws/build/custom_interfaces': CMAKE_PREFIX_PATH=${CMAKE_PREFIX_PATH}:/home/robocatsorin/Desktop/RobotCode2025/ros2_ws/install/py_sensors:/home/robocatsorin/Desktop/RobotCode2025/ros2_ws/install/py_objectdetection:/home/robocatsorin/Desktop/RobotCode2025/ros2_ws/install/py_motors:/opt/ros/humble /usr/bin/cmake --install /home/robocatsorin/Desktop/RobotCode2025/ros2_ws/build/custom_interfaces[0m
[15.791s] [34mcolcon.colcon_core.environment[0m [1;30mLevel 1[0m create_environment_scripts_only(custom_interfaces)
[15.791s] [34mcolcon.colcon_core.environment[0m [1;30mLevel 1[0m checking '/home/robocatsorin/Desktop/RobotCode2025/ros2_ws/install/custom_interfaces' for CMake module files
[15.792s] [34mcolcon.colcon_core.event_handler.log_command[0m [1;30mDEBUG[0m [32mInvoked command in '/home/robocatsorin/Desktop/RobotCode2025/ros2_ws/build/custom_interfaces' returned '0': CMAKE_PREFIX_PATH=${CMAKE_PREFIX_PATH}:/home/robocatsorin/Desktop/RobotCode2025/ros2_ws/install/py_sensors:/home/robocatsorin/Desktop/RobotCode2025/ros2_ws/install/py_objectdetection:/home/robocatsorin/Desktop/RobotCode2025/ros2_ws/install/py_motors:/opt/ros/humble /usr/bin/cmake --install /home/robocatsorin/Desktop/RobotCode2025/ros2_ws/build/custom_interfaces[0m
[15.793s] [34mcolcon.colcon_core.environment[0m [1;30mLevel 1[0m checking '/home/robocatsorin/Desktop/RobotCode2025/ros2_ws/install/custom_interfaces' for CMake config files
[15.794s] [34mcolcon.colcon_core.shell[0m [1;30mLevel 1[0m create_environment_hook('custom_interfaces', 'cmake_prefix_path')
[15.795s] [34mcolcon.colcon_core.shell[0m [1;30mINFO[0m Creating environment hook '/home/robocatsorin/Desktop/RobotCode2025/ros2_ws/install/custom_interfaces/share/custom_interfaces/hook/cmake_prefix_path.ps1'
[15.796s] [34mcolcon.colcon_core.shell[0m [1;30mINFO[0m Creating environment descriptor '/home/robocatsorin/Desktop/RobotCode2025/ros2_ws/install/custom_interfaces/share/custom_interfaces/hook/cmake_prefix_path.dsv'
[15.797s] [34mcolcon.colcon_core.shell[0m [1;30mINFO[0m Creating environment hook '/home/robocatsorin/Desktop/RobotCode2025/ros2_ws/install/custom_interfaces/share/custom_interfaces/hook/cmake_prefix_path.sh'
[15.798s] [34mcolcon.colcon_core.environment[0m [1;30mLevel 1[0m checking '/home/robocatsorin/Desktop/RobotCode2025/ros2_ws/install/custom_interfaces/lib'
[15.798s] [34mcolcon.colcon_core.shell[0m [1;30mLevel 1[0m create_environment_hook('custom_interfaces', 'ld_library_path_lib')
[15.798s] [34mcolcon.colcon_core.shell[0m [1;30mINFO[0m Creating environment hook '/home/robocatsorin/Desktop/RobotCode2025/ros2_ws/install/custom_interfaces/share/custom_interfaces/hook/ld_library_path_lib.ps1'
[15.799s] [34mcolcon.colcon_core.shell[0m [1;30mINFO[0m Creating environment descriptor '/home/robocatsorin/Desktop/RobotCode2025/ros2_ws/install/custom_interfaces/share/custom_interfaces/hook/ld_library_path_lib.dsv'
[15.800s] [34mcolcon.colcon_core.shell[0m [1;30mINFO[0m Creating environment hook '/home/robocatsorin/Desktop/RobotCode2025/ros2_ws/install/custom_interfaces/share/custom_interfaces/hook/ld_library_path_lib.sh'
[15.801s] [34mcolcon.colcon_core.environment[0m [1;30mLevel 1[0m checking '/home/robocatsorin/Desktop/RobotCode2025/ros2_ws/install/custom_interfaces/bin'
[15.801s] [34mcolcon.colcon_core.environment[0m [1;30mLevel 1[0m checking '/home/robocatsorin/Desktop/RobotCode2025/ros2_ws/install/custom_interfaces/lib/pkgconfig/custom_interfaces.pc'
[15.801s] [34mcolcon.colcon_core.environment[0m [1;30mLevel 1[0m checking '/home/robocatsorin/Desktop/RobotCode2025/ros2_ws/install/custom_interfaces/lib/python3.10/site-packages'
[15.802s] [34mcolcon.colcon_core.environment[0m [1;30mLevel 1[0m checking '/home/robocatsorin/Desktop/RobotCode2025/ros2_ws/install/custom_interfaces/bin'
[15.802s] [34mcolcon.colcon_core.shell[0m [1;30mINFO[0m Creating package script '/home/robocatsorin/Desktop/RobotCode2025/ros2_ws/install/custom_interfaces/share/custom_interfaces/package.ps1'
[15.803s] [34mcolcon.colcon_core.shell[0m [1;30mINFO[0m Creating package descriptor '/home/robocatsorin/Desktop/RobotCode2025/ros2_ws/install/custom_interfaces/share/custom_interfaces/package.dsv'
[15.804s] [34mcolcon.colcon_core.shell[0m [1;30mINFO[0m Creating package script '/home/robocatsorin/Desktop/RobotCode2025/ros2_ws/install/custom_interfaces/share/custom_interfaces/package.sh'
[15.805s] [34mcolcon.colcon_core.shell[0m [1;30mINFO[0m Creating package script '/home/robocatsorin/Desktop/RobotCode2025/ros2_ws/install/custom_interfaces/share/custom_interfaces/package.bash'
[15.806s] [34mcolcon.colcon_core.shell[0m [1;30mINFO[0m Creating package script '/home/robocatsorin/Desktop/RobotCode2025/ros2_ws/install/custom_interfaces/share/custom_interfaces/package.zsh'
[15.806s] [34mcolcon.colcon_core.environment[0m [1;30mLevel 1[0m create_file_with_runtime_dependencies(/home/robocatsorin/Desktop/RobotCode2025/ros2_ws/install/custom_interfaces/share/colcon-core/packages/custom_interfaces)
[15.808s] [34mcolcon.colcon_core.environment[0m [1;30mLevel 1[0m create_environment_scripts_only(custom_interfaces)
[15.808s] [34mcolcon.colcon_core.environment[0m [1;30mLevel 1[0m checking '/home/robocatsorin/Desktop/RobotCode2025/ros2_ws/install/custom_interfaces' for CMake module files
[15.809s] [34mcolcon.colcon_core.environment[0m [1;30mLevel 1[0m checking '/home/robocatsorin/Desktop/RobotCode2025/ros2_ws/install/custom_interfaces' for CMake config files
[15.810s] [34mcolcon.colcon_core.shell[0m [1;30mLevel 1[0m create_environment_hook('custom_interfaces', 'cmake_prefix_path')
[15.811s] [34mcolcon.colcon_core.shell[0m [1;30mINFO[0m Creating environment hook '/home/robocatsorin/Desktop/RobotCode2025/ros2_ws/install/custom_interfaces/share/custom_interfaces/hook/cmake_prefix_path.ps1'
[15.811s] [34mcolcon.colcon_core.shell[0m [1;30mINFO[0m Creating environment descriptor '/home/robocatsorin/Desktop/RobotCode2025/ros2_ws/install/custom_interfaces/share/custom_interfaces/hook/cmake_prefix_path.dsv'
[15.812s] [34mcolcon.colcon_core.shell[0m [1;30mINFO[0m Creating environment hook '/home/robocatsorin/Desktop/RobotCode2025/ros2_ws/install/custom_interfaces/share/custom_interfaces/hook/cmake_prefix_path.sh'
[15.813s] [34mcolcon.colcon_core.environment[0m [1;30mLevel 1[0m checking '/home/robocatsorin/Desktop/RobotCode2025/ros2_ws/install/custom_interfaces/lib'
[15.814s] [34mcolcon.colcon_core.shell[0m [1;30mLevel 1[0m create_environment_hook('custom_interfaces', 'ld_library_path_lib')
[15.814s] [34mcolcon.colcon_core.shell[0m [1;30mINFO[0m Creating environment hook '/home/robocatsorin/Desktop/RobotCode2025/ros2_ws/install/custom_interfaces/share/custom_interfaces/hook/ld_library_path_lib.ps1'
[15.815s] [34mcolcon.colcon_core.shell[0m [1;30mINFO[0m Creating environment descriptor '/home/robocatsorin/Desktop/RobotCode2025/ros2_ws/install/custom_interfaces/share/custom_interfaces/hook/ld_library_path_lib.dsv'
[15.816s] [34mcolcon.colcon_core.shell[0m [1;30mINFO[0m Creating environment hook '/home/robocatsorin/Desktop/RobotCode2025/ros2_ws/install/custom_interfaces/share/custom_interfaces/hook/ld_library_path_lib.sh'
[15.816s] [34mcolcon.colcon_core.environment[0m [1;30mLevel 1[0m checking '/home/robocatsorin/Desktop/RobotCode2025/ros2_ws/install/custom_interfaces/bin'
[15.816s] [34mcolcon.colcon_core.environment[0m [1;30mLevel 1[0m checking '/home/robocatsorin/Desktop/RobotCode2025/ros2_ws/install/custom_interfaces/lib/pkgconfig/custom_interfaces.pc'
[15.817s] [34mcolcon.colcon_core.environment[0m [1;30mLevel 1[0m checking '/home/robocatsorin/Desktop/RobotCode2025/ros2_ws/install/custom_interfaces/lib/python3.10/site-packages'
[15.817s] [34mcolcon.colcon_core.environment[0m [1;30mLevel 1[0m checking '/home/robocatsorin/Desktop/RobotCode2025/ros2_ws/install/custom_interfaces/bin'
[15.818s] [34mcolcon.colcon_core.shell[0m [1;30mINFO[0m Creating package script '/home/robocatsorin/Desktop/RobotCode2025/ros2_ws/install/custom_interfaces/share/custom_interfaces/package.ps1'
[15.819s] [34mcolcon.colcon_core.shell[0m [1;30mINFO[0m Creating package descriptor '/home/robocatsorin/Desktop/RobotCode2025/ros2_ws/install/custom_interfaces/share/custom_interfaces/package.dsv'
[15.820s] [34mcolcon.colcon_core.shell[0m [1;30mINFO[0m Creating package script '/home/robocatsorin/Desktop/RobotCode2025/ros2_ws/install/custom_interfaces/share/custom_interfaces/package.sh'
[15.821s] [34mcolcon.colcon_core.shell[0m [1;30mINFO[0m Creating package script '/home/robocatsorin/Desktop/RobotCode2025/ros2_ws/install/custom_interfaces/share/custom_interfaces/package.bash'
[15.822s] [34mcolcon.colcon_core.shell[0m [1;30mINFO[0m Creating package script '/home/robocatsorin/Desktop/RobotCode2025/ros2_ws/install/custom_interfaces/share/custom_interfaces/package.zsh'
[15.822s] [34mcolcon.colcon_core.environment[0m [1;30mLevel 1[0m create_file_with_runtime_dependencies(/home/robocatsorin/Desktop/RobotCode2025/ros2_ws/install/custom_interfaces/share/colcon-core/packages/custom_interfaces)
[15.823s] [34mcolcon.colcon_ros.task.ament_cmake.build[0m [1;30mINFO[0m Building ROS package in '/home/robocatsorin/Desktop/RobotCode2025/ros2_ws/src/cpp_subcontroller' with build type 'ament_cmake'
[15.823s] [34mcolcon.colcon_cmake.task.cmake.build[0m [1;30mINFO[0m Building CMake package in '/home/robocatsorin/Desktop/RobotCode2025/ros2_ws/src/cpp_subcontroller'
[15.824s] [34mcolcon.colcon_core.shell[0m [1;30mINFO[0m Skip shell extension 'powershell' for command environment: Not usable outside of PowerShell
[15.824s] [34mcolcon.colcon_core.shell[0m [1;30mDEBUG[0m [32mSkip shell extension 'dsv' for command environment[0m
[15.831s] [34mcolcon.colcon_ros.task.ament_python.build[0m [1;30mINFO[0m Building ROS package in '/home/robocatsorin/Desktop/RobotCode2025/ros2_ws/src/py_motors' with build type 'ament_python'
[15.832s] [34mcolcon.colcon_core.shell[0m [1;30mLevel 1[0m create_environment_hook('py_motors', 'ament_prefix_path')
[15.832s] [34mcolcon.colcon_core.shell[0m [1;30mINFO[0m Creating environment hook '/home/robocatsorin/Desktop/RobotCode2025/ros2_ws/install/py_motors/share/py_motors/hook/ament_prefix_path.ps1'
[15.833s] [34mcolcon.colcon_core.shell[0m [1;30mINFO[0m Creating environment descriptor '/home/robocatsorin/Desktop/RobotCode2025/ros2_ws/install/py_motors/share/py_motors/hook/ament_prefix_path.dsv'
[15.834s] [34mcolcon.colcon_core.shell[0m [1;30mINFO[0m Creating environment hook '/home/robocatsorin/Desktop/RobotCode2025/ros2_ws/install/py_motors/share/py_motors/hook/ament_prefix_path.sh'
[15.835s] [34mcolcon.colcon_core.shell[0m [1;30mINFO[0m Skip shell extension 'powershell' for command environment: Not usable outside of PowerShell
[15.835s] [34mcolcon.colcon_core.shell[0m [1;30mDEBUG[0m [32mSkip shell extension 'dsv' for command environment[0m
[15.841s] [34mcolcon.colcon_ros.task.ament_python.build[0m [1;30mINFO[0m Building ROS package in '/home/robocatsorin/Desktop/RobotCode2025/ros2_ws/src/py_objectdetection' with build type 'ament_python'
[15.842s] [34mcolcon.colcon_core.shell[0m [1;30mLevel 1[0m create_environment_hook('py_objectdetection', 'ament_prefix_path')
[15.842s] [34mcolcon.colcon_core.shell[0m [1;30mINFO[0m Creating environment hook '/home/robocatsorin/Desktop/RobotCode2025/ros2_ws/install/py_objectdetection/share/py_objectdetection/hook/ament_prefix_path.ps1'
[15.843s] [34mcolcon.colcon_core.shell[0m [1;30mINFO[0m Creating environment descriptor '/home/robocatsorin/Desktop/RobotCode2025/ros2_ws/install/py_objectdetection/share/py_objectdetection/hook/ament_prefix_path.dsv'
[15.844s] [34mcolcon.colcon_core.shell[0m [1;30mINFO[0m Creating environment hook '/home/robocatsorin/Desktop/RobotCode2025/ros2_ws/install/py_objectdetection/share/py_objectdetection/hook/ament_prefix_path.sh'
[15.845s] [34mcolcon.colcon_core.shell[0m [1;30mINFO[0m Skip shell extension 'powershell' for command environment: Not usable outside of PowerShell
[15.845s] [34mcolcon.colcon_core.shell[0m [1;30mDEBUG[0m [32mSkip shell extension 'dsv' for command environment[0m
[15.852s] [34mcolcon.colcon_ros.task.ament_python.build[0m [1;30mINFO[0m Building ROS package in '/home/robocatsorin/Desktop/RobotCode2025/ros2_ws/src/py_sensors' with build type 'ament_python'
[15.852s] [34mcolcon.colcon_core.shell[0m [1;30mLevel 1[0m create_environment_hook('py_sensors', 'ament_prefix_path')
[15.853s] [34mcolcon.colcon_core.shell[0m [1;30mINFO[0m Creating environment hook '/home/robocatsorin/Desktop/RobotCode2025/ros2_ws/install/py_sensors/share/py_sensors/hook/ament_prefix_path.ps1'
[15.854s] [34mcolcon.colcon_core.shell[0m [1;30mINFO[0m Creating environment descriptor '/home/robocatsorin/Desktop/RobotCode2025/ros2_ws/install/py_sensors/share/py_sensors/hook/ament_prefix_path.dsv'
[15.855s] [34mcolcon.colcon_core.shell[0m [1;30mINFO[0m Creating environment hook '/home/robocatsorin/Desktop/RobotCode2025/ros2_ws/install/py_sensors/share/py_sensors/hook/ament_prefix_path.sh'
[15.856s] [34mcolcon.colcon_core.shell[0m [1;30mINFO[0m Skip shell extension 'powershell' for command environment: Not usable outside of PowerShell
[15.856s] [34mcolcon.colcon_core.shell[0m [1;30mDEBUG[0m [32mSkip shell extension 'dsv' for command environment[0m
[15.869s] [34mcolcon.colcon_core.event_handler.log_command[0m [1;30mDEBUG[0m [32mInvoking command in '/home/robocatsorin/Desktop/RobotCode2025/ros2_ws/build/cpp_subcontroller': CMAKE_PREFIX_PATH=/home/robocatsorin/Desktop/RobotCode2025/ros2_ws/install/custom_interfaces:/home/robocatsorin/Desktop/RobotCode2025/ros2_ws/install/usb_cam:/home/robocatsorin/Desktop/RobotCode2025/ros2_ws/install/cpp_subcontroller:/home/robocatsorin/Desktop/RobotCode2025/ros2_ws/install/py_sensors:/home/robocatsorin/Desktop/RobotCode2025/ros2_ws/install/py_objectdetection:/home/robocatsorin/Desktop/RobotCode2025/ros2_ws/install/py_motors:/opt/ros/humble LD_LIBRARY_PATH=/home/robocatsorin/Desktop/RobotCode2025/ros2_ws/install/custom_interfaces/lib:/home/robocatsorin/Desktop/RobotCode2025/ros2_ws/install/usb_cam/lib:/opt/ros/humble/opt/rviz_ogre_vendor/lib:/opt/ros/humble/lib/aarch64-linux-gnu:/opt/ros/humble/lib:/usr/local/cuda-12.6/lib64 /usr/bin/cmake --build /home/robocatsorin/Desktop/RobotCode2025/ros2_ws/build/cpp_subcontroller -- -j8 -l8[0m
[16.385s] [34mcolcon.colcon_core.task.python.build[0m [1;30mINFO[0m Building Python package in '/home/robocatsorin/Desktop/RobotCode2025/ros2_ws/src/py_motors'
[16.386s] [34mcolcon.colcon_core.shell[0m [1;30mINFO[0m Skip shell extension 'powershell' for command environment: Not usable outside of PowerShell
[16.386s] [34mcolcon.colcon_core.shell[0m [1;30mDEBUG[0m [32mSkip shell extension 'dsv' for command environment[0m
[16.915s] [34mcolcon.colcon_core.task.python.build[0m [1;30mINFO[0m Building Python package in '/home/robocatsorin/Desktop/RobotCode2025/ros2_ws/src/py_objectdetection'
[16.916s] [34mcolcon.colcon_core.shell[0m [1;30mINFO[0m Skip shell extension 'powershell' for command environment: Not usable outside of PowerShell
[16.916s] [34mcolcon.colcon_core.shell[0m [1;30mDEBUG[0m [32mSkip shell extension 'dsv' for command environment[0m
[17.445s] [34mcolcon.colcon_core.task.python.build[0m [1;30mINFO[0m Building Python package in '/home/robocatsorin/Desktop/RobotCode2025/ros2_ws/src/py_sensors'
[17.446s] [34mcolcon.colcon_core.shell[0m [1;30mINFO[0m Skip shell extension 'powershell' for command environment: Not usable outside of PowerShell
[17.446s] [34mcolcon.colcon_core.shell[0m [1;30mDEBUG[0m [32mSkip shell extension 'dsv' for command environment[0m
[18.172s] [34mcolcon.colcon_core.event_handler.log_command[0m [1;30mDEBUG[0m [32mInvoking command in '/home/robocatsorin/Desktop/RobotCode2025/ros2_ws/src/py_objectdetection': CMAKE_PREFIX_PATH=/home/robocatsorin/Desktop/RobotCode2025/ros2_ws/install/custom_interfaces:/home/robocatsorin/Desktop/RobotCode2025/ros2_ws/install/usb_cam:/home/robocatsorin/Desktop/RobotCode2025/ros2_ws/install/cpp_subcontroller LD_LIBRARY_PATH=/home/robocatsorin/Desktop/RobotCode2025/ros2_ws/install/custom_interfaces/lib:/home/robocatsorin/Desktop/RobotCode2025/ros2_ws/install/usb_cam/lib:/opt/ros/humble/opt/rviz_ogre_vendor/lib:/opt/ros/humble/lib/aarch64-linux-gnu:/opt/ros/humble/lib:/usr/local/cuda-12.6/lib64 PYTHONPATH=/home/robocatsorin/Desktop/RobotCode2025/ros2_ws/build/py_objectdetection/prefix_override:/usr/lib/python3/dist-packages/colcon_core/task/python/colcon_distutils_commands:/home/robocatsorin/Desktop/RobotCode2025/ros2_ws/install/py_objectdetection/lib/python3.10/site-packages:${PYTHONPATH} /usr/bin/python3 -W ignore:setup.py install is deprecated -W ignore:easy_install command is deprecated setup.py egg_info --egg-base ../../build/py_objectdetection build --build-base /home/robocatsorin/Desktop/RobotCode2025/ros2_ws/build/py_objectdetection/build install --record /home/robocatsorin/Desktop/RobotCode2025/ros2_ws/build/py_objectdetection/install.log --single-version-externally-managed install_data[0m
[18.175s] [34mcolcon.colcon_core.event_handler.log_command[0m [1;30mDEBUG[0m [32mInvoking command in '/home/robocatsorin/Desktop/RobotCode2025/ros2_ws/src/py_motors': CMAKE_PREFIX_PATH=/home/robocatsorin/Desktop/RobotCode2025/ros2_ws/install/custom_interfaces:/home/robocatsorin/Desktop/RobotCode2025/ros2_ws/install/usb_cam:/home/robocatsorin/Desktop/RobotCode2025/ros2_ws/install/cpp_subcontroller LD_LIBRARY_PATH=/home/robocatsorin/Desktop/RobotCode2025/ros2_ws/install/custom_interfaces/lib:/home/robocatsorin/Desktop/RobotCode2025/ros2_ws/install/usb_cam/lib:/opt/ros/humble/opt/rviz_ogre_vendor/lib:/opt/ros/humble/lib/aarch64-linux-gnu:/opt/ros/humble/lib:/usr/local/cuda-12.6/lib64 PYTHONPATH=/home/robocatsorin/Desktop/RobotCode2025/ros2_ws/build/py_motors/prefix_override:/usr/lib/python3/dist-packages/colcon_core/task/python/colcon_distutils_commands:/home/robocatsorin/Desktop/RobotCode2025/ros2_ws/install/py_motors/lib/python3.10/site-packages:${PYTHONPATH} /usr/bin/python3 -W ignore:setup.py install is deprecated -W ignore:easy_install command is deprecated setup.py egg_info --egg-base ../../build/py_motors build --build-base /home/robocatsorin/Desktop/RobotCode2025/ros2_ws/build/py_motors/build install --record /home/robocatsorin/Desktop/RobotCode2025/ros2_ws/build/py_motors/install.log --single-version-externally-managed install_data[0m
[18.246s] [34mcolcon.colcon_core.event_handler.log_command[0m [1;30mDEBUG[0m [32mInvoking command in '/home/robocatsorin/Desktop/RobotCode2025/ros2_ws/src/py_sensors': CMAKE_PREFIX_PATH=/home/robocatsorin/Desktop/RobotCode2025/ros2_ws/install/custom_interfaces:/home/robocatsorin/Desktop/RobotCode2025/ros2_ws/install/usb_cam:/home/robocatsorin/Desktop/RobotCode2025/ros2_ws/install/cpp_subcontroller LD_LIBRARY_PATH=/home/robocatsorin/Desktop/RobotCode2025/ros2_ws/install/custom_interfaces/lib:/home/robocatsorin/Desktop/RobotCode2025/ros2_ws/install/usb_cam/lib:/opt/ros/humble/opt/rviz_ogre_vendor/lib:/opt/ros/humble/lib/aarch64-linux-gnu:/opt/ros/humble/lib:/usr/local/cuda-12.6/lib64 PYTHONPATH=/home/robocatsorin/Desktop/RobotCode2025/ros2_ws/build/py_sensors/prefix_override:/usr/lib/python3/dist-packages/colcon_core/task/python/colcon_distutils_commands:/home/robocatsorin/Desktop/RobotCode2025/ros2_ws/install/py_sensors/lib/python3.10/site-packages:${PYTHONPATH} /usr/bin/python3 -W ignore:setup.py install is deprecated -W ignore:easy_install command is deprecated setup.py egg_info --egg-base ../../build/py_sensors build --build-base /home/robocatsorin/Desktop/RobotCode2025/ros2_ws/build/py_sensors/build install --record /home/robocatsorin/Desktop/RobotCode2025/ros2_ws/build/py_sensors/install.log --single-version-externally-managed install_data[0m
[18.826s] [34mcolcon.colcon_core.environment[0m [1;30mLevel 1[0m checking '/home/robocatsorin/Desktop/RobotCode2025/ros2_ws/install/py_motors' for CMake module files
[18.827s] [34mcolcon.colcon_core.environment[0m [1;30mLevel 1[0m checking '/home/robocatsorin/Desktop/RobotCode2025/ros2_ws/install/py_motors' for CMake config files
[18.828s] [34mcolcon.colcon_core.environment[0m [1;30mLevel 1[0m checking '/home/robocatsorin/Desktop/RobotCode2025/ros2_ws/install/py_motors/lib'
[18.829s] [34mcolcon.colcon_core.environment[0m [1;30mLevel 1[0m checking '/home/robocatsorin/Desktop/RobotCode2025/ros2_ws/install/py_motors/bin'
[18.829s] [34mcolcon.colcon_core.environment[0m [1;30mLevel 1[0m checking '/home/robocatsorin/Desktop/RobotCode2025/ros2_ws/install/py_motors/lib/pkgconfig/py_motors.pc'
[18.829s] [34mcolcon.colcon_core.environment[0m [1;30mLevel 1[0m checking '/home/robocatsorin/Desktop/RobotCode2025/ros2_ws/install/py_motors/lib/python3.10/site-packages'
[18.830s] [34mcolcon.colcon_core.event_handler.log_command[0m [1;30mDEBUG[0m [32mInvoked command in '/home/robocatsorin/Desktop/RobotCode2025/ros2_ws/src/py_motors' returned '0': CMAKE_PREFIX_PATH=/home/robocatsorin/Desktop/RobotCode2025/ros2_ws/install/custom_interfaces:/home/robocatsorin/Desktop/RobotCode2025/ros2_ws/install/usb_cam:/home/robocatsorin/Desktop/RobotCode2025/ros2_ws/install/cpp_subcontroller LD_LIBRARY_PATH=/home/robocatsorin/Desktop/RobotCode2025/ros2_ws/install/custom_interfaces/lib:/home/robocatsorin/Desktop/RobotCode2025/ros2_ws/install/usb_cam/lib:/opt/ros/humble/opt/rviz_ogre_vendor/lib:/opt/ros/humble/lib/aarch64-linux-gnu:/opt/ros/humble/lib:/usr/local/cuda-12.6/lib64 PYTHONPATH=/home/robocatsorin/Desktop/RobotCode2025/ros2_ws/build/py_motors/prefix_override:/usr/lib/python3/dist-packages/colcon_core/task/python/colcon_distutils_commands:/home/robocatsorin/Desktop/RobotCode2025/ros2_ws/install/py_motors/lib/python3.10/site-packages:${PYTHONPATH} /usr/bin/python3 -W ignore:setup.py install is deprecated -W ignore:easy_install command is deprecated setup.py egg_info --egg-base ../../build/py_motors build --build-base /home/robocatsorin/Desktop/RobotCode2025/ros2_ws/build/py_motors/build install --record /home/robocatsorin/Desktop/RobotCode2025/ros2_ws/build/py_motors/install.log --single-version-externally-managed install_data[0m
[18.830s] [34mcolcon.colcon_core.shell[0m [1;30mLevel 1[0m create_environment_hook('py_motors', 'pythonpath')
[18.831s] [34mcolcon.colcon_core.shell[0m [1;30mINFO[0m Creating environment hook '/home/robocatsorin/Desktop/RobotCode2025/ros2_ws/install/py_motors/share/py_motors/hook/pythonpath.ps1'
[18.833s] [34mcolcon.colcon_core.shell[0m [1;30mINFO[0m Creating environment descriptor '/home/robocatsorin/Desktop/RobotCode2025/ros2_ws/install/py_motors/share/py_motors/hook/pythonpath.dsv'
[18.834s] [34mcolcon.colcon_core.shell[0m [1;30mINFO[0m Creating environment hook '/home/robocatsorin/Desktop/RobotCode2025/ros2_ws/install/py_motors/share/py_motors/hook/pythonpath.sh'
[18.835s] [34mcolcon.colcon_core.environment[0m [1;30mLevel 1[0m checking '/home/robocatsorin/Desktop/RobotCode2025/ros2_ws/install/py_motors/bin'
[18.835s] [34mcolcon.colcon_core.environment[0m [1;30mLevel 1[0m create_environment_scripts_only(py_motors)
[18.836s] [34mcolcon.colcon_core.shell[0m [1;30mINFO[0m Creating package script '/home/robocatsorin/Desktop/RobotCode2025/ros2_ws/install/py_motors/share/py_motors/package.ps1'
[18.837s] [34mcolcon.colcon_core.shell[0m [1;30mINFO[0m Creating package descriptor '/home/robocatsorin/Desktop/RobotCode2025/ros2_ws/install/py_motors/share/py_motors/package.dsv'
[18.838s] [34mcolcon.colcon_core.shell[0m [1;30mINFO[0m Creating package script '/home/robocatsorin/Desktop/RobotCode2025/ros2_ws/install/py_motors/share/py_motors/package.sh'
[18.839s] [34mcolcon.colcon_core.shell[0m [1;30mINFO[0m Creating package script '/home/robocatsorin/Desktop/RobotCode2025/ros2_ws/install/py_motors/share/py_motors/package.bash'
[18.840s] [34mcolcon.colcon_core.shell[0m [1;30mINFO[0m Creating package script '/home/robocatsorin/Desktop/RobotCode2025/ros2_ws/install/py_motors/share/py_motors/package.zsh'
[18.841s] [34mcolcon.colcon_core.environment[0m [1;30mLevel 1[0m create_file_with_runtime_dependencies(/home/robocatsorin/Desktop/RobotCode2025/ros2_ws/install/py_motors/share/colcon-core/packages/py_motors)
[18.844s] [34mcolcon.colcon_core.environment[0m [1;30mLevel 1[0m checking '/home/robocatsorin/Desktop/RobotCode2025/ros2_ws/install/py_objectdetection' for CMake module files
[18.845s] [34mcolcon.colcon_core.event_handler.log_command[0m [1;30mDEBUG[0m [32mInvoked command in '/home/robocatsorin/Desktop/RobotCode2025/ros2_ws/src/py_objectdetection' returned '0': CMAKE_PREFIX_PATH=/home/robocatsorin/Desktop/RobotCode2025/ros2_ws/install/custom_interfaces:/home/robocatsorin/Desktop/RobotCode2025/ros2_ws/install/usb_cam:/home/robocatsorin/Desktop/RobotCode2025/ros2_ws/install/cpp_subcontroller LD_LIBRARY_PATH=/home/robocatsorin/Desktop/RobotCode2025/ros2_ws/install/custom_interfaces/lib:/home/robocatsorin/Desktop/RobotCode2025/ros2_ws/install/usb_cam/lib:/opt/ros/humble/opt/rviz_ogre_vendor/lib:/opt/ros/humble/lib/aarch64-linux-gnu:/opt/ros/humble/lib:/usr/local/cuda-12.6/lib64 PYTHONPATH=/home/robocatsorin/Desktop/RobotCode2025/ros2_ws/build/py_objectdetection/prefix_override:/usr/lib/python3/dist-packages/colcon_core/task/python/colcon_distutils_commands:/home/robocatsorin/Desktop/RobotCode2025/ros2_ws/install/py_objectdetection/lib/python3.10/site-packages:${PYTHONPATH} /usr/bin/python3 -W ignore:setup.py install is deprecated -W ignore:easy_install command is deprecated setup.py egg_info --egg-base ../../build/py_objectdetection build --build-base /home/robocatsorin/Desktop/RobotCode2025/ros2_ws/build/py_objectdetection/build install --record /home/robocatsorin/Desktop/RobotCode2025/ros2_ws/build/py_objectdetection/install.log --single-version-externally-managed install_data[0m
[18.846s] [34mcolcon.colcon_core.environment[0m [1;30mLevel 1[0m checking '/home/robocatsorin/Desktop/RobotCode2025/ros2_ws/install/py_objectdetection' for CMake config files
[18.847s] [34mcolcon.colcon_core.environment[0m [1;30mLevel 1[0m checking '/home/robocatsorin/Desktop/RobotCode2025/ros2_ws/install/py_objectdetection/lib'
[18.847s] [34mcolcon.colcon_core.environment[0m [1;30mLevel 1[0m checking '/home/robocatsorin/Desktop/RobotCode2025/ros2_ws/install/py_objectdetection/bin'
[18.848s] [34mcolcon.colcon_core.environment[0m [1;30mLevel 1[0m checking '/home/robocatsorin/Desktop/RobotCode2025/ros2_ws/install/py_objectdetection/lib/pkgconfig/py_objectdetection.pc'
[18.848s] [34mcolcon.colcon_core.environment[0m [1;30mLevel 1[0m checking '/home/robocatsorin/Desktop/RobotCode2025/ros2_ws/install/py_objectdetection/lib/python3.10/site-packages'
[18.848s] [34mcolcon.colcon_core.shell[0m [1;30mLevel 1[0m create_environment_hook('py_objectdetection', 'pythonpath')
[18.849s] [34mcolcon.colcon_core.shell[0m [1;30mINFO[0m Creating environment hook '/home/robocatsorin/Desktop/RobotCode2025/ros2_ws/install/py_objectdetection/share/py_objectdetection/hook/pythonpath.ps1'
[18.850s] [34mcolcon.colcon_core.shell[0m [1;30mINFO[0m Creating environment descriptor '/home/robocatsorin/Desktop/RobotCode2025/ros2_ws/install/py_objectdetection/share/py_objectdetection/hook/pythonpath.dsv'
[18.851s] [34mcolcon.colcon_core.shell[0m [1;30mINFO[0m Creating environment hook '/home/robocatsorin/Desktop/RobotCode2025/ros2_ws/install/py_objectdetection/share/py_objectdetection/hook/pythonpath.sh'
[18.852s] [34mcolcon.colcon_core.environment[0m [1;30mLevel 1[0m checking '/home/robocatsorin/Desktop/RobotCode2025/ros2_ws/install/py_objectdetection/bin'
[18.852s] [34mcolcon.colcon_core.environment[0m [1;30mLevel 1[0m create_environment_scripts_only(py_objectdetection)
[18.853s] [34mcolcon.colcon_core.shell[0m [1;30mINFO[0m Creating package script '/home/robocatsorin/Desktop/RobotCode2025/ros2_ws/install/py_objectdetection/share/py_objectdetection/package.ps1'
[18.856s] [34mcolcon.colcon_core.shell[0m [1;30mINFO[0m Creating package descriptor '/home/robocatsorin/Desktop/RobotCode2025/ros2_ws/install/py_objectdetection/share/py_objectdetection/package.dsv'
[18.857s] [34mcolcon.colcon_core.shell[0m [1;30mINFO[0m Creating package script '/home/robocatsorin/Desktop/RobotCode2025/ros2_ws/install/py_objectdetection/share/py_objectdetection/package.sh'
[18.858s] [34mcolcon.colcon_core.shell[0m [1;30mINFO[0m Creating package script '/home/robocatsorin/Desktop/RobotCode2025/ros2_ws/install/py_objectdetection/share/py_objectdetection/package.bash'
[18.859s] [34mcolcon.colcon_core.shell[0m [1;30mINFO[0m Creating package script '/home/robocatsorin/Desktop/RobotCode2025/ros2_ws/install/py_objectdetection/share/py_objectdetection/package.zsh'
[18.859s] [34mcolcon.colcon_core.environment[0m [1;30mLevel 1[0m create_file_with_runtime_dependencies(/home/robocatsorin/Desktop/RobotCode2025/ros2_ws/install/py_objectdetection/share/colcon-core/packages/py_objectdetection)
[18.892s] [34mcolcon.colcon_core.environment[0m [1;30mLevel 1[0m checking '/home/robocatsorin/Desktop/RobotCode2025/ros2_ws/install/py_sensors' for CMake module files
[18.893s] [34mcolcon.colcon_core.event_handler.log_command[0m [1;30mDEBUG[0m [32mInvoked command in '/home/robocatsorin/Desktop/RobotCode2025/ros2_ws/src/py_sensors' returned '0': CMAKE_PREFIX_PATH=/home/robocatsorin/Desktop/RobotCode2025/ros2_ws/install/custom_interfaces:/home/robocatsorin/Desktop/RobotCode2025/ros2_ws/install/usb_cam:/home/robocatsorin/Desktop/RobotCode2025/ros2_ws/install/cpp_subcontroller LD_LIBRARY_PATH=/home/robocatsorin/Desktop/RobotCode2025/ros2_ws/install/custom_interfaces/lib:/home/robocatsorin/Desktop/RobotCode2025/ros2_ws/install/usb_cam/lib:/opt/ros/humble/opt/rviz_ogre_vendor/lib:/opt/ros/humble/lib/aarch64-linux-gnu:/opt/ros/humble/lib:/usr/local/cuda-12.6/lib64 PYTHONPATH=/home/robocatsorin/Desktop/RobotCode2025/ros2_ws/build/py_sensors/prefix_override:/usr/lib/python3/dist-packages/colcon_core/task/python/colcon_distutils_commands:/home/robocatsorin/Desktop/RobotCode2025/ros2_ws/install/py_sensors/lib/python3.10/site-packages:${PYTHONPATH} /usr/bin/python3 -W ignore:setup.py install is deprecated -W ignore:easy_install command is deprecated setup.py egg_info --egg-base ../../build/py_sensors build --build-base /home/robocatsorin/Desktop/RobotCode2025/ros2_ws/build/py_sensors/build install --record /home/robocatsorin/Desktop/RobotCode2025/ros2_ws/build/py_sensors/install.log --single-version-externally-managed install_data[0m
[18.893s] [34mcolcon.colcon_core.environment[0m [1;30mLevel 1[0m checking '/home/robocatsorin/Desktop/RobotCode2025/ros2_ws/install/py_sensors' for CMake config files
[18.895s] [34mcolcon.colcon_core.environment[0m [1;30mLevel 1[0m checking '/home/robocatsorin/Desktop/RobotCode2025/ros2_ws/install/py_sensors/lib'
[18.896s] [34mcolcon.colcon_core.environment[0m [1;30mLevel 1[0m checking '/home/robocatsorin/Desktop/RobotCode2025/ros2_ws/install/py_sensors/bin'
[18.896s] [34mcolcon.colcon_core.environment[0m [1;30mLevel 1[0m checking '/home/robocatsorin/Desktop/RobotCode2025/ros2_ws/install/py_sensors/lib/pkgconfig/py_sensors.pc'
[18.897s] [34mcolcon.colcon_core.environment[0m [1;30mLevel 1[0m checking '/home/robocatsorin/Desktop/RobotCode2025/ros2_ws/install/py_sensors/lib/python3.10/site-packages'
[18.897s] [34mcolcon.colcon_core.shell[0m [1;30mLevel 1[0m create_environment_hook('py_sensors', 'pythonpath')
[18.898s] [34mcolcon.colcon_core.shell[0m [1;30mINFO[0m Creating environment hook '/home/robocatsorin/Desktop/RobotCode2025/ros2_ws/install/py_sensors/share/py_sensors/hook/pythonpath.ps1'
[18.900s] [34mcolcon.colcon_core.shell[0m [1;30mINFO[0m Creating environment descriptor '/home/robocatsorin/Desktop/RobotCode2025/ros2_ws/install/py_sensors/share/py_sensors/hook/pythonpath.dsv'
[18.902s] [34mcolcon.colcon_core.shell[0m [1;30mINFO[0m Creating environment hook '/home/robocatsorin/Desktop/RobotCode2025/ros2_ws/install/py_sensors/share/py_sensors/hook/pythonpath.sh'
[18.904s] [34mcolcon.colcon_core.environment[0m [1;30mLevel 1[0m checking '/home/robocatsorin/Desktop/RobotCode2025/ros2_ws/install/py_sensors/bin'
[18.904s] [34mcolcon.colcon_core.environment[0m [1;30mLevel 1[0m create_environment_scripts_only(py_sensors)
[18.905s] [34mcolcon.colcon_core.shell[0m [1;30mINFO[0m Creating package script '/home/robocatsorin/Desktop/RobotCode2025/ros2_ws/install/py_sensors/share/py_sensors/package.ps1'
[18.907s] [34mcolcon.colcon_core.shell[0m [1;30mINFO[0m Creating package descriptor '/home/robocatsorin/Desktop/RobotCode2025/ros2_ws/install/py_sensors/share/py_sensors/package.dsv'
[18.909s] [34mcolcon.colcon_core.shell[0m [1;30mINFO[0m Creating package script '/home/robocatsorin/Desktop/RobotCode2025/ros2_ws/install/py_sensors/share/py_sensors/package.sh'
[18.910s] [34mcolcon.colcon_core.shell[0m [1;30mINFO[0m Creating package script '/home/robocatsorin/Desktop/RobotCode2025/ros2_ws/install/py_sensors/share/py_sensors/package.bash'
[18.911s] [34mcolcon.colcon_core.shell[0m [1;30mINFO[0m Creating package script '/home/robocatsorin/Desktop/RobotCode2025/ros2_ws/install/py_sensors/share/py_sensors/package.zsh'
[18.912s] [34mcolcon.colcon_core.environment[0m [1;30mLevel 1[0m create_file_with_runtime_dependencies(/home/robocatsorin/Desktop/RobotCode2025/ros2_ws/install/py_sensors/share/colcon-core/packages/py_sensors)
[33.272s] [34mcolcon.colcon_core.event_handler.log_command[0m [1;30mDEBUG[0m [32mInvoked command in '/home/robocatsorin/Desktop/RobotCode2025/ros2_ws/build/cpp_subcontroller' returned '0': CMAKE_PREFIX_PATH=/home/robocatsorin/Desktop/RobotCode2025/ros2_ws/install/custom_interfaces:/home/robocatsorin/Desktop/RobotCode2025/ros2_ws/install/usb_cam:/home/robocatsorin/Desktop/RobotCode2025/ros2_ws/install/cpp_subcontroller:/home/robocatsorin/Desktop/RobotCode2025/ros2_ws/install/py_sensors:/home/robocatsorin/Desktop/RobotCode2025/ros2_ws/install/py_objectdetection:/home/robocatsorin/Desktop/RobotCode2025/ros2_ws/install/py_motors:/opt/ros/humble LD_LIBRARY_PATH=/home/robocatsorin/Desktop/RobotCode2025/ros2_ws/install/custom_interfaces/lib:/home/robocatsorin/Desktop/RobotCode2025/ros2_ws/install/usb_cam/lib:/opt/ros/humble/opt/rviz_ogre_vendor/lib:/opt/ros/humble/lib/aarch64-linux-gnu:/opt/ros/humble/lib:/usr/local/cuda-12.6/lib64 /usr/bin/cmake --build /home/robocatsorin/Desktop/RobotCode2025/ros2_ws/build/cpp_subcontroller -- -j8 -l8[0m
[33.278s] [34mcolcon.colcon_core.event_handler.log_command[0m [1;30mDEBUG[0m [32mInvoking command in '/home/robocatsorin/Desktop/RobotCode2025/ros2_ws/build/cpp_subcontroller': CMAKE_PREFIX_PATH=/home/robocatsorin/Desktop/RobotCode2025/ros2_ws/install/custom_interfaces:/home/robocatsorin/Desktop/RobotCode2025/ros2_ws/install/usb_cam:/home/robocatsorin/Desktop/RobotCode2025/ros2_ws/install/cpp_subcontroller:/home/robocatsorin/Desktop/RobotCode2025/ros2_ws/install/py_sensors:/home/robocatsorin/Desktop/RobotCode2025/ros2_ws/install/py_objectdetection:/home/robocatsorin/Desktop/RobotCode2025/ros2_ws/install/py_motors:/opt/ros/humble LD_LIBRARY_PATH=/home/robocatsorin/Desktop/RobotCode2025/ros2_ws/install/custom_interfaces/lib:/home/robocatsorin/Desktop/RobotCode2025/ros2_ws/install/usb_cam/lib:/opt/ros/humble/opt/rviz_ogre_vendor/lib:/opt/ros/humble/lib/aarch64-linux-gnu:/opt/ros/humble/lib:/usr/local/cuda-12.6/lib64 /usr/bin/cmake --install /home/robocatsorin/Desktop/RobotCode2025/ros2_ws/build/cpp_subcontroller[0m
[33.313s] [34mcolcon.colcon_core.environment[0m [1;30mLevel 1[0m create_environment_scripts_only(cpp_subcontroller)
[33.315s] [34mcolcon.colcon_core.environment[0m [1;30mLevel 1[0m checking '/home/robocatsorin/Desktop/RobotCode2025/ros2_ws/install/cpp_subcontroller' for CMake module files
[33.317s] [34mcolcon.colcon_core.event_handler.log_command[0m [1;30mDEBUG[0m [32mInvoked command in '/home/robocatsorin/Desktop/RobotCode2025/ros2_ws/build/cpp_subcontroller' returned '0': CMAKE_PREFIX_PATH=/home/robocatsorin/Desktop/RobotCode2025/ros2_ws/install/custom_interfaces:/home/robocatsorin/Desktop/RobotCode2025/ros2_ws/install/usb_cam:/home/robocatsorin/Desktop/RobotCode2025/ros2_ws/install/cpp_subcontroller:/home/robocatsorin/Desktop/RobotCode2025/ros2_ws/install/py_sensors:/home/robocatsorin/Desktop/RobotCode2025/ros2_ws/install/py_objectdetection:/home/robocatsorin/Desktop/RobotCode2025/ros2_ws/install/py_motors:/opt/ros/humble LD_LIBRARY_PATH=/home/robocatsorin/Desktop/RobotCode2025/ros2_ws/install/custom_interfaces/lib:/home/robocatsorin/Desktop/RobotCode2025/ros2_ws/install/usb_cam/lib:/opt/ros/humble/opt/rviz_ogre_vendor/lib:/opt/ros/humble/lib/aarch64-linux-gnu:/opt/ros/humble/lib:/usr/local/cuda-12.6/lib64 /usr/bin/cmake --install /home/robocatsorin/Desktop/RobotCode2025/ros2_ws/build/cpp_subcontroller[0m
[33.318s] [34mcolcon.colcon_core.environment[0m [1;30mLevel 1[0m checking '/home/robocatsorin/Desktop/RobotCode2025/ros2_ws/install/cpp_subcontroller' for CMake config files
[33.319s] [34mcolcon.colcon_core.shell[0m [1;30mLevel 1[0m create_environment_hook('cpp_subcontroller', 'cmake_prefix_path')
[33.320s] [34mcolcon.colcon_core.shell[0m [1;30mINFO[0m Creating environment hook '/home/robocatsorin/Desktop/RobotCode2025/ros2_ws/install/cpp_subcontroller/share/cpp_subcontroller/hook/cmake_prefix_path.ps1'
[33.322s] [34mcolcon.colcon_core.shell[0m [1;30mINFO[0m Creating environment descriptor '/home/robocatsorin/Desktop/RobotCode2025/ros2_ws/install/cpp_subcontroller/share/cpp_subcontroller/hook/cmake_prefix_path.dsv'
[33.324s] [34mcolcon.colcon_core.shell[0m [1;30mINFO[0m Creating environment hook '/home/robocatsorin/Desktop/RobotCode2025/ros2_ws/install/cpp_subcontroller/share/cpp_subcontroller/hook/cmake_prefix_path.sh'
[33.326s] [34mcolcon.colcon_core.environment[0m [1;30mLevel 1[0m checking '/home/robocatsorin/Desktop/RobotCode2025/ros2_ws/install/cpp_subcontroller/lib'
[33.327s] [34mcolcon.colcon_core.environment[0m [1;30mLevel 1[0m checking '/home/robocatsorin/Desktop/RobotCode2025/ros2_ws/install/cpp_subcontroller/bin'
[33.327s] [34mcolcon.colcon_core.environment[0m [1;30mLevel 1[0m checking '/home/robocatsorin/Desktop/RobotCode2025/ros2_ws/install/cpp_subcontroller/lib/pkgconfig/cpp_subcontroller.pc'
[33.328s] [34mcolcon.colcon_core.environment[0m [1;30mLevel 1[0m checking '/home/robocatsorin/Desktop/RobotCode2025/ros2_ws/install/cpp_subcontroller/lib/python3.10/site-packages'
[33.329s] [34mcolcon.colcon_core.environment[0m [1;30mLevel 1[0m checking '/home/robocatsorin/Desktop/RobotCode2025/ros2_ws/install/cpp_subcontroller/bin'
[33.330s] [34mcolcon.colcon_core.shell[0m [1;30mINFO[0m Creating package script '/home/robocatsorin/Desktop/RobotCode2025/ros2_ws/install/cpp_subcontroller/share/cpp_subcontroller/package.ps1'
[33.332s] [34mcolcon.colcon_core.shell[0m [1;30mINFO[0m Creating package descriptor '/home/robocatsorin/Desktop/RobotCode2025/ros2_ws/install/cpp_subcontroller/share/cpp_subcontroller/package.dsv'
[33.334s] [34mcolcon.colcon_core.shell[0m [1;30mINFO[0m Creating package script '/home/robocatsorin/Desktop/RobotCode2025/ros2_ws/install/cpp_subcontroller/share/cpp_subcontroller/package.sh'
[33.336s] [34mcolcon.colcon_core.shell[0m [1;30mINFO[0m Creating package script '/home/robocatsorin/Desktop/RobotCode2025/ros2_ws/install/cpp_subcontroller/share/cpp_subcontroller/package.bash'
[33.337s] [34mcolcon.colcon_core.shell[0m [1;30mINFO[0m Creating package script '/home/robocatsorin/Desktop/RobotCode2025/ros2_ws/install/cpp_subcontroller/share/cpp_subcontroller/package.zsh'
[33.339s] [34mcolcon.colcon_core.environment[0m [1;30mLevel 1[0m create_file_with_runtime_dependencies(/home/robocatsorin/Desktop/RobotCode2025/ros2_ws/install/cpp_subcontroller/share/colcon-core/packages/cpp_subcontroller)
[33.341s] [34mcolcon.colcon_core.environment[0m [1;30mLevel 1[0m create_environment_scripts_only(cpp_subcontroller)
[33.342s] [34mcolcon.colcon_core.environment[0m [1;30mLevel 1[0m checking '/home/robocatsorin/Desktop/RobotCode2025/ros2_ws/install/cpp_subcontroller' for CMake module files
[33.344s] [34mcolcon.colcon_core.environment[0m [1;30mLevel 1[0m checking '/home/robocatsorin/Desktop/RobotCode2025/ros2_ws/install/cpp_subcontroller' for CMake config files
[33.345s] [34mcolcon.colcon_core.shell[0m [1;30mLevel 1[0m create_environment_hook('cpp_subcontroller', 'cmake_prefix_path')
[33.346s] [34mcolcon.colcon_core.shell[0m [1;30mINFO[0m Creating environment hook '/home/robocatsorin/Desktop/RobotCode2025/ros2_ws/install/cpp_subcontroller/share/cpp_subcontroller/hook/cmake_prefix_path.ps1'
[33.348s] [34mcolcon.colcon_core.shell[0m [1;30mINFO[0m Creating environment descriptor '/home/robocatsorin/Desktop/RobotCode2025/ros2_ws/install/cpp_subcontroller/share/cpp_subcontroller/hook/cmake_prefix_path.dsv'
[33.349s] [34mcolcon.colcon_core.shell[0m [1;30mINFO[0m Creating environment hook '/home/robocatsorin/Desktop/RobotCode2025/ros2_ws/install/cpp_subcontroller/share/cpp_subcontroller/hook/cmake_prefix_path.sh'
[33.351s] [34mcolcon.colcon_core.environment[0m [1;30mLevel 1[0m checking '/home/robocatsorin/Desktop/RobotCode2025/ros2_ws/install/cpp_subcontroller/lib'
[33.352s] [34mcolcon.colcon_core.environment[0m [1;30mLevel 1[0m checking '/home/robocatsorin/Desktop/RobotCode2025/ros2_ws/install/cpp_subcontroller/bin'
[33.352s] [34mcolcon.colcon_core.environment[0m [1;30mLevel 1[0m checking '/home/robocatsorin/Desktop/RobotCode2025/ros2_ws/install/cpp_subcontroller/lib/pkgconfig/cpp_subcontroller.pc'
[33.353s] [34mcolcon.colcon_core.environment[0m [1;30mLevel 1[0m checking '/home/robocatsorin/Desktop/RobotCode2025/ros2_ws/install/cpp_subcontroller/lib/python3.10/site-packages'
[33.354s] [34mcolcon.colcon_core.environment[0m [1;30mLevel 1[0m checking '/home/robocatsorin/Desktop/RobotCode2025/ros2_ws/install/cpp_subcontroller/bin'
[33.355s] [34mcolcon.colcon_core.shell[0m [1;30mINFO[0m Creating package script '/home/robocatsorin/Desktop/RobotCode2025/ros2_ws/install/cpp_subcontroller/share/cpp_subcontroller/package.ps1'
[33.357s] [34mcolcon.colcon_core.shell[0m [1;30mINFO[0m Creating package descriptor '/home/robocatsorin/Desktop/RobotCode2025/ros2_ws/install/cpp_subcontroller/share/cpp_subcontroller/package.dsv'
[33.359s] [34mcolcon.colcon_core.shell[0m [1;30mINFO[0m Creating package script '/home/robocatsorin/Desktop/RobotCode2025/ros2_ws/install/cpp_subcontroller/share/cpp_subcontroller/package.sh'
[33.361s] [34mcolcon.colcon_core.shell[0m [1;30mINFO[0m Creating package script '/home/robocatsorin/Desktop/RobotCode2025/ros2_ws/install/cpp_subcontroller/share/cpp_subcontroller/package.bash'
[33.362s] [34mcolcon.colcon_core.shell[0m [1;30mINFO[0m Creating package script '/home/robocatsorin/Desktop/RobotCode2025/ros2_ws/install/cpp_subcontroller/share/cpp_subcontroller/package.zsh'
[33.364s] [34mcolcon.colcon_core.environment[0m [1;30mLevel 1[0m create_file_with_runtime_dependencies(/home/robocatsorin/Desktop/RobotCode2025/ros2_ws/install/cpp_subcontroller/share/colcon-core/packages/cpp_subcontroller)
[33.365s] [34mcolcon.colcon_parallel_executor.executor.parallel[0m [1;30mDEBUG[0m [32mclosing loop[0m
[33.367s] [34mcolcon.colcon_parallel_executor.executor.parallel[0m [1;30mDEBUG[0m [32mloop closed[0m
[33.367s] [34mcolcon.colcon_parallel_executor.executor.parallel[0m [1;30mDEBUG[0m [32mrun_until_complete finished with '0'[0m
[33.368s] [34mcolcon.colcon_core.event_reactor[0m [1;30mDEBUG[0m [32mjoining thread[0m
[33.389s] [34mcolcon.colcon_core.plugin_system[0m [1;30mINFO[0m Skipping extension 'colcon_notification.desktop_notification.terminal_notifier': Not used on non-Darwin systems
[33.389s] [34mcolcon.colcon_core.plugin_system[0m [1;30mINFO[0m Skipping extension 'colcon_notification.desktop_notification.win32': Not used on non-Windows systems
[33.390s] [34mcolcon.colcon_notification.desktop_notification[0m [1;30mINFO[0m Sending desktop notification using 'notify2'
[33.435s] [34mcolcon.colcon_core.event_reactor[0m [1;30mDEBUG[0m [32mjoined thread[0m
[33.437s] [34mcolcon.colcon_core.shell[0m [1;30mINFO[0m Creating prefix script '/home/robocatsorin/Desktop/RobotCode2025/ros2_ws/install/local_setup.ps1'
[33.441s] [34mcolcon.colcon_core.shell[0m [1;30mINFO[0m Creating prefix util module '/home/robocatsorin/Desktop/RobotCode2025/ros2_ws/install/_local_setup_util_ps1.py'
[33.447s] [34mcolcon.colcon_core.shell[0m [1;30mINFO[0m Creating prefix chain script '/home/robocatsorin/Desktop/RobotCode2025/ros2_ws/install/setup.ps1'
[33.452s] [34mcolcon.colcon_core.shell[0m [1;30mINFO[0m Creating prefix script '/home/robocatsorin/Desktop/RobotCode2025/ros2_ws/install/local_setup.sh'
[33.454s] [34mcolcon.colcon_core.shell[0m [1;30mINFO[0m Creating prefix util module '/home/robocatsorin/Desktop/RobotCode2025/ros2_ws/install/_local_setup_util_sh.py'
[33.456s] [34mcolcon.colcon_core.shell[0m [1;30mINFO[0m Creating prefix chain script '/home/robocatsorin/Desktop/RobotCode2025/ros2_ws/install/setup.sh'
[33.461s] [34mcolcon.colcon_core.shell[0m [1;30mINFO[0m Creating prefix script '/home/robocatsorin/Desktop/RobotCode2025/ros2_ws/install/local_setup.bash'
[33.463s] [34mcolcon.colcon_core.shell[0m [1;30mINFO[0m Creating prefix chain script '/home/robocatsorin/Desktop/RobotCode2025/ros2_ws/install/setup.bash'
[33.468s] [34mcolcon.colcon_core.shell[0m [1;30mINFO[0m Creating prefix script '/home/robocatsorin/Desktop/RobotCode2025/ros2_ws/install/local_setup.zsh'
[33.470s] [34mcolcon.colcon_core.shell[0m [1;30mINFO[0m Creating prefix chain script '/home/robocatsorin/Desktop/RobotCode2025/ros2_ws/install/setup.zsh'
