[0.024s] Invoking command in '/home/robocats/Desktop/RobotCode2025/ros2_ws/build/custom_interfaces': CMAKE_PREFIX_PATH=${CMAKE_PREFIX_PATH}:/home/robocats/Desktop/RobotCode2025/ros2_ws/install/py_sensors:/home/robocats/Desktop/RobotCode2025/ros2_ws/install/py_motors:/opt/ros/humble /usr/bin/cmake --build /home/robocats/Desktop/RobotCode2025/ros2_ws/build/custom_interfaces -- -j12 -l12
[0.153s] -- Found ament_cmake: 1.3.11 (/opt/ros/humble/share/ament_cmake/cmake)
[0.438s] -- Found geometry_msgs: 4.8.0 (/opt/ros/humble/share/geometry_msgs/cmake)
[0.499s] -- Found rosidl_generator_c: 3.1.6 (/opt/ros/humble/share/rosidl_generator_c/cmake)
[0.505s] -- Found rosidl_adapter: 3.1.6 (/opt/ros/humble/share/rosidl_adapter/cmake)
[0.521s] -- Found rosidl_generator_cpp: 3.1.6 (/opt/ros/humble/share/rosidl_generator_cpp/cmake)
[0.546s] -- Using all available rosidl_typesupport_c: rosidl_typesupport_fastrtps_c;rosidl_typesupport_introspection_c
[0.573s] -- Using all available rosidl_typesupport_cpp: rosidl_typesupport_fastrtps_cpp;rosidl_typesupport_introspection_cpp
[0.645s] -- Found rosidl_default_generators: 1.2.0 (/opt/ros/humble/share/rosidl_default_generators/cmake)
[1.246s] -- Found ament_cmake_ros: 0.10.0 (/opt/ros/humble/share/ament_cmake_ros/cmake)
[2.090s] -- Using all available rosidl_typesupport_c: rosidl_typesupport_fastrtps_c;rosidl_typesupport_introspection_c
[2.449s] -- Using all available rosidl_typesupport_cpp: rosidl_typesupport_fastrtps_cpp;rosidl_typesupport_introspection_cpp
[2.499s] -- Found python_cmake_module: 0.10.0 (/opt/ros/humble/share/python_cmake_module/cmake)
[2.549s] -- Using PYTHON_EXECUTABLE: /usr/bin/python3
[2.549s] -- Using PYTHON_INCLUDE_DIRS: /usr/include/python3.10
[2.549s] -- Using PYTHON_LIBRARIES: /usr/lib/aarch64-linux-gnu/libpython3.10.so
[2.667s] -- Configuring done
[2.778s] -- Generating done
[2.804s] -- Build files have been written to: /home/robocats/Desktop/RobotCode2025/ros2_ws/build/custom_interfaces
[2.864s] [  1%] [34m[1mGenerating C code for ROS interfaces[0m
[2.884s] [  3%] [34m[1mGenerating C++ code for ROS interfaces[0m
[2.911s] [  3%] Built target ament_cmake_python_copy_custom_interfaces
[3.300s] running egg_info
[3.301s] writing custom_interfaces.egg-info/PKG-INFO
[3.301s] writing dependency_links to custom_interfaces.egg-info/dependency_links.txt
[3.301s] writing top-level names to custom_interfaces.egg-info/top_level.txt
[3.306s] reading manifest file 'custom_interfaces.egg-info/SOURCES.txt'
[3.307s] writing manifest file 'custom_interfaces.egg-info/SOURCES.txt'
[3.368s] [  3%] Built target ament_cmake_python_build_custom_interfaces_egg
[3.567s] [  3%] Built target custom_interfaces__cpp
[3.582s] [35m[1mConsolidate compiler generated dependencies of target custom_interfaces__rosidl_generator_c[0m
[3.589s] [  5%] [34m[1mGenerating C++ introspection for ROS interfaces[0m
[3.589s] [  7%] [34m[1mGenerating C++ type support dispatch for ROS interfaces[0m
[3.590s] [  9%] [34m[1mGenerating C++ type support for eProsima Fast-RTPS[0m
[3.603s] [ 12%] [32mBuilding C object CMakeFiles/custom_interfaces__rosidl_generator_c.dir/rosidl_generator_c/custom_interfaces/msg/detail/depth_report__functions.c.o[0m
[3.603s] [ 12%] [32mBuilding C object CMakeFiles/custom_interfaces__rosidl_generator_c.dir/rosidl_generator_c/custom_interfaces/msg/detail/motion_goal__functions.c.o[0m
[3.605s] [ 14%] [32mBuilding C object CMakeFiles/custom_interfaces__rosidl_generator_c.dir/rosidl_generator_c/custom_interfaces/msg/detail/motor_command__functions.c.o[0m
[3.606s] [ 16%] [32mBuilding C object CMakeFiles/custom_interfaces__rosidl_generator_c.dir/rosidl_generator_c/custom_interfaces/msg/detail/imu_data__functions.c.o[0m
[3.719s] [ 18%] [32m[1mLinking C shared library libcustom_interfaces__rosidl_generator_c.so[0m
[3.796s] [ 18%] Built target custom_interfaces__rosidl_generator_c
[3.814s] [ 23%] [34m[1mGenerating C type support dispatch for ROS interfaces[0m
[3.814s] [ 23%] [34m[1mGenerating C introspection for ROS interfaces[0m
[3.814s] [ 23%] [34m[1mGenerating C type support for eProsima Fast-RTPS[0m
[4.112s] [35m[1mConsolidate compiler generated dependencies of target custom_interfaces__rosidl_typesupport_cpp[0m
[4.136s] [ 30%] [32mBuilding CXX object CMakeFiles/custom_interfaces__rosidl_typesupport_cpp.dir/rosidl_typesupport_cpp/custom_interfaces/msg/motion_goal__type_support.cpp.o[0m
[4.137s] [ 30%] [32mBuilding CXX object CMakeFiles/custom_interfaces__rosidl_typesupport_cpp.dir/rosidl_typesupport_cpp/custom_interfaces/msg/motor_command__type_support.cpp.o[0m
[4.137s] [ 30%] [32mBuilding CXX object CMakeFiles/custom_interfaces__rosidl_typesupport_cpp.dir/rosidl_typesupport_cpp/custom_interfaces/msg/depth_report__type_support.cpp.o[0m
[4.137s] [ 30%] [32mBuilding CXX object CMakeFiles/custom_interfaces__rosidl_typesupport_cpp.dir/rosidl_typesupport_cpp/custom_interfaces/msg/imu_data__type_support.cpp.o[0m
[4.169s] [35m[1mConsolidate compiler generated dependencies of target custom_interfaces__rosidl_typesupport_introspection_cpp[0m
[4.195s] [ 38%] [32mBuilding CXX object CMakeFiles/custom_interfaces__rosidl_typesupport_introspection_cpp.dir/rosidl_typesupport_introspection_cpp/custom_interfaces/msg/detail/motion_goal__type_support.cpp.o[0m
[4.195s] [ 38%] [32mBuilding CXX object CMakeFiles/custom_interfaces__rosidl_typesupport_introspection_cpp.dir/rosidl_typesupport_introspection_cpp/custom_interfaces/msg/detail/imu_data__type_support.cpp.o[0m
[4.195s] [ 38%] [32mBuilding CXX object CMakeFiles/custom_interfaces__rosidl_typesupport_introspection_cpp.dir/rosidl_typesupport_introspection_cpp/custom_interfaces/msg/detail/motor_command__type_support.cpp.o[0m
[4.196s] [ 38%] [32mBuilding CXX object CMakeFiles/custom_interfaces__rosidl_typesupport_introspection_cpp.dir/rosidl_typesupport_introspection_cpp/custom_interfaces/msg/detail/depth_report__type_support.cpp.o[0m
[4.305s] [35m[1mConsolidate compiler generated dependencies of target custom_interfaces__rosidl_typesupport_fastrtps_cpp[0m
[4.334s] [ 40%] [32mBuilding CXX object CMakeFiles/custom_interfaces__rosidl_typesupport_fastrtps_cpp.dir/rosidl_typesupport_fastrtps_cpp/custom_interfaces/msg/detail/dds_fastrtps/imu_data__type_support.cpp.o[0m
[4.373s] [35m[1mConsolidate compiler generated dependencies of target custom_interfaces__rosidl_typesupport_c[0m
[4.398s] [ 41%] [32mBuilding CXX object CMakeFiles/custom_interfaces__rosidl_typesupport_c.dir/rosidl_typesupport_c/custom_interfaces/msg/imu_data__type_support.cpp.o[0m
[4.463s] [ 43%] [32mBuilding CXX object CMakeFiles/custom_interfaces__rosidl_typesupport_c.dir/rosidl_typesupport_c/custom_interfaces/msg/depth_report__type_support.cpp.o[0m
[4.525s] [35m[1mConsolidate compiler generated dependencies of target custom_interfaces__rosidl_typesupport_introspection_c[0m
[4.546s] [ 45%] [32mBuilding CXX object CMakeFiles/custom_interfaces__rosidl_typesupport_c.dir/rosidl_typesupport_c/custom_interfaces/msg/motion_goal__type_support.cpp.o[0m
[4.561s] [ 47%] [32mBuilding C object CMakeFiles/custom_interfaces__rosidl_typesupport_introspection_c.dir/rosidl_typesupport_introspection_c/custom_interfaces/msg/detail/imu_data__type_support.c.o[0m
[4.579s] [35m[1mConsolidate compiler generated dependencies of target custom_interfaces__rosidl_typesupport_fastrtps_c[0m
[4.608s] [ 50%] [32mBuilding CXX object CMakeFiles/custom_interfaces__rosidl_typesupport_fastrtps_c.dir/rosidl_typesupport_fastrtps_c/custom_interfaces/msg/detail/imu_data__type_support_c.cpp.o[0m
[4.609s] [ 50%] [32mBuilding CXX object CMakeFiles/custom_interfaces__rosidl_typesupport_c.dir/rosidl_typesupport_c/custom_interfaces/msg/motor_command__type_support.cpp.o[0m
[4.637s] [ 54%] [32mBuilding CXX object CMakeFiles/custom_interfaces__rosidl_typesupport_fastrtps_cpp.dir/rosidl_typesupport_fastrtps_cpp/custom_interfaces/msg/detail/dds_fastrtps/depth_report__type_support.cpp.o[0m
[4.637s] [ 54%] [32mBuilding C object CMakeFiles/custom_interfaces__rosidl_typesupport_introspection_c.dir/rosidl_typesupport_introspection_c/custom_interfaces/msg/detail/depth_report__type_support.c.o[0m
[4.643s] [ 58%] [32mBuilding CXX object CMakeFiles/custom_interfaces__rosidl_typesupport_fastrtps_c.dir/rosidl_typesupport_fastrtps_c/custom_interfaces/msg/detail/depth_report__type_support_c.cpp.o[0m
[4.643s] [ 58%] [32mBuilding C object CMakeFiles/custom_interfaces__rosidl_typesupport_introspection_c.dir/rosidl_typesupport_introspection_c/custom_interfaces/msg/detail/motion_goal__type_support.c.o[0m
[4.665s] [ 60%] [32m[1mLinking CXX shared library libcustom_interfaces__rosidl_typesupport_c.so[0m
[4.667s] [ 61%] [32m[1mLinking CXX shared library libcustom_interfaces__rosidl_typesupport_cpp.so[0m
[4.700s] [ 63%] [32mBuilding C object CMakeFiles/custom_interfaces__rosidl_typesupport_introspection_c.dir/rosidl_typesupport_introspection_c/custom_interfaces/msg/detail/motor_command__type_support.c.o[0m
[4.728s] [ 65%] [32mBuilding CXX object CMakeFiles/custom_interfaces__rosidl_typesupport_fastrtps_cpp.dir/rosidl_typesupport_fastrtps_cpp/custom_interfaces/msg/detail/dds_fastrtps/motion_goal__type_support.cpp.o[0m
[4.745s] [ 65%] Built target custom_interfaces__rosidl_typesupport_c
[4.762s] [ 67%] [32mBuilding CXX object CMakeFiles/custom_interfaces__rosidl_typesupport_fastrtps_cpp.dir/rosidl_typesupport_fastrtps_cpp/custom_interfaces/msg/detail/dds_fastrtps/motor_command__type_support.cpp.o[0m
[4.763s] [ 67%] Built target custom_interfaces__rosidl_typesupport_cpp
[4.781s] [ 69%] [32m[1mLinking C shared library libcustom_interfaces__rosidl_typesupport_introspection_c.so[0m
[4.781s] [ 70%] [32mBuilding CXX object CMakeFiles/custom_interfaces__rosidl_typesupport_fastrtps_c.dir/rosidl_typesupport_fastrtps_c/custom_interfaces/msg/detail/motion_goal__type_support_c.cpp.o[0m
[4.840s] [ 70%] Built target custom_interfaces__rosidl_typesupport_introspection_c
[4.857s] [ 72%] [32mBuilding CXX object CMakeFiles/custom_interfaces__rosidl_typesupport_fastrtps_c.dir/rosidl_typesupport_fastrtps_c/custom_interfaces/msg/detail/motor_command__type_support_c.cpp.o[0m
[4.906s] [ 74%] [32m[1mLinking CXX shared library libcustom_interfaces__rosidl_typesupport_introspection_cpp.so[0m
[5.103s] [ 74%] Built target custom_interfaces__rosidl_typesupport_introspection_cpp
[5.439s] [ 76%] [32m[1mLinking CXX shared library libcustom_interfaces__rosidl_typesupport_fastrtps_c.so[0m
[5.441s] [ 78%] [32m[1mLinking CXX shared library libcustom_interfaces__rosidl_typesupport_fastrtps_cpp.so[0m
[5.588s] [ 78%] Built target custom_interfaces__rosidl_typesupport_fastrtps_cpp
[5.590s] [ 78%] Built target custom_interfaces__rosidl_typesupport_fastrtps_c
[5.639s] [ 78%] Built target custom_interfaces
[5.690s] [ 80%] [34m[1mGenerating Python code for ROS interfaces[0m
[6.639s] [ 80%] Built target custom_interfaces__py
[6.671s] [35m[1mConsolidate compiler generated dependencies of target custom_interfaces__rosidl_generator_py[0m
[6.706s] [ 85%] [32mBuilding C object CMakeFiles/custom_interfaces__rosidl_generator_py.dir/rosidl_generator_py/custom_interfaces/msg/_motion_goal_s.c.o[0m
[6.706s] [ 85%] [32mBuilding C object CMakeFiles/custom_interfaces__rosidl_generator_py.dir/rosidl_generator_py/custom_interfaces/msg/_depth_report_s.c.o[0m
[6.706s] [ 85%] [32mBuilding C object CMakeFiles/custom_interfaces__rosidl_generator_py.dir/rosidl_generator_py/custom_interfaces/msg/_imu_data_s.c.o[0m
[6.707s] [ 87%] [32mBuilding C object CMakeFiles/custom_interfaces__rosidl_generator_py.dir/rosidl_generator_py/custom_interfaces/msg/_motor_command_s.c.o[0m
[6.940s] [ 89%] [32m[1mLinking C shared library rosidl_generator_py/custom_interfaces/libcustom_interfaces__rosidl_generator_py.so[0m
[7.039s] [ 89%] Built target custom_interfaces__rosidl_generator_py
[7.063s] [35m[1mConsolidate compiler generated dependencies of target custom_interfaces__rosidl_typesupport_introspection_c__pyext[0m
[7.063s] [35m[1mConsolidate compiler generated dependencies of target custom_interfaces__rosidl_typesupport_fastrtps_c__pyext[0m
[7.063s] [35m[1mConsolidate compiler generated dependencies of target custom_interfaces__rosidl_typesupport_c__pyext[0m
[7.092s] [ 94%] [32mBuilding C object CMakeFiles/custom_interfaces__rosidl_typesupport_fastrtps_c__pyext.dir/rosidl_generator_py/custom_interfaces/_custom_interfaces_s.ep.rosidl_typesupport_fastrtps_c.c.o[0m
[7.093s] [ 94%] [32mBuilding C object CMakeFiles/custom_interfaces__rosidl_typesupport_introspection_c__pyext.dir/rosidl_generator_py/custom_interfaces/_custom_interfaces_s.ep.rosidl_typesupport_introspection_c.c.o[0m
[7.093s] [ 94%] [32mBuilding C object CMakeFiles/custom_interfaces__rosidl_typesupport_c__pyext.dir/rosidl_generator_py/custom_interfaces/_custom_interfaces_s.ep.rosidl_typesupport_c.c.o[0m
[7.263s] [ 96%] [32m[1mLinking C shared library rosidl_generator_py/custom_interfaces/custom_interfaces_s__rosidl_typesupport_introspection_c.cpython-310-aarch64-linux-gnu.so[0m
[7.263s] [ 98%] [32m[1mLinking C shared library rosidl_generator_py/custom_interfaces/custom_interfaces_s__rosidl_typesupport_fastrtps_c.cpython-310-aarch64-linux-gnu.so[0m
[7.268s] [100%] [32m[1mLinking C shared library rosidl_generator_py/custom_interfaces/custom_interfaces_s__rosidl_typesupport_c.cpython-310-aarch64-linux-gnu.so[0m
[7.331s] [100%] Built target custom_interfaces__rosidl_typesupport_c__pyext
[7.332s] [100%] Built target custom_interfaces__rosidl_typesupport_fastrtps_c__pyext
[7.333s] [100%] Built target custom_interfaces__rosidl_typesupport_introspection_c__pyext
[7.359s] Invoked command in '/home/robocats/Desktop/RobotCode2025/ros2_ws/build/custom_interfaces' returned '0': CMAKE_PREFIX_PATH=${CMAKE_PREFIX_PATH}:/home/robocats/Desktop/RobotCode2025/ros2_ws/install/py_sensors:/home/robocats/Desktop/RobotCode2025/ros2_ws/install/py_motors:/opt/ros/humble /usr/bin/cmake --build /home/robocats/Desktop/RobotCode2025/ros2_ws/build/custom_interfaces -- -j12 -l12
[7.379s] Invoking command in '/home/robocats/Desktop/RobotCode2025/ros2_ws/build/custom_interfaces': CMAKE_PREFIX_PATH=${CMAKE_PREFIX_PATH}:/home/robocats/Desktop/RobotCode2025/ros2_ws/install/py_sensors:/home/robocats/Desktop/RobotCode2025/ros2_ws/install/py_motors:/opt/ros/humble /usr/bin/cmake --install /home/robocats/Desktop/RobotCode2025/ros2_ws/build/custom_interfaces
[7.395s] -- Install configuration: ""
[7.396s] -- Up-to-date: /home/robocats/Desktop/RobotCode2025/ros2_ws/install/custom_interfaces/share/ament_index/resource_index/rosidl_interfaces/custom_interfaces
[7.396s] -- Up-to-date: /home/robocats/Desktop/RobotCode2025/ros2_ws/install/custom_interfaces/include/custom_interfaces/custom_interfaces
[7.396s] -- Up-to-date: /home/robocats/Desktop/RobotCode2025/ros2_ws/install/custom_interfaces/include/custom_interfaces/custom_interfaces/msg
[7.396s] -- Installing: /home/robocats/Desktop/RobotCode2025/ros2_ws/install/custom_interfaces/include/custom_interfaces/custom_interfaces/msg/depth_report.h
[7.397s] -- Installing: /home/robocats/Desktop/RobotCode2025/ros2_ws/install/custom_interfaces/include/custom_interfaces/custom_interfaces/msg/motor_command.h
[7.397s] -- Up-to-date: /home/robocats/Desktop/RobotCode2025/ros2_ws/install/custom_interfaces/include/custom_interfaces/custom_interfaces/msg/detail
[7.397s] -- Installing: /home/robocats/Desktop/RobotCode2025/ros2_ws/install/custom_interfaces/include/custom_interfaces/custom_interfaces/msg/detail/motion_goal__functions.h
[7.397s] -- Installing: /home/robocats/Desktop/RobotCode2025/ros2_ws/install/custom_interfaces/include/custom_interfaces/custom_interfaces/msg/detail/motor_command__functions.h
[7.397s] -- Installing: /home/robocats/Desktop/RobotCode2025/ros2_ws/install/custom_interfaces/include/custom_interfaces/custom_interfaces/msg/detail/imu_data__functions.h
[7.398s] -- Installing: /home/robocats/Desktop/RobotCode2025/ros2_ws/install/custom_interfaces/include/custom_interfaces/custom_interfaces/msg/detail/imu_data__struct.h
[7.398s] -- Installing: /home/robocats/Desktop/RobotCode2025/ros2_ws/install/custom_interfaces/include/custom_interfaces/custom_interfaces/msg/detail/depth_report__functions.c
[7.398s] -- Installing: /home/robocats/Desktop/RobotCode2025/ros2_ws/install/custom_interfaces/include/custom_interfaces/custom_interfaces/msg/detail/motion_goal__type_support.h
[7.398s] -- Installing: /home/robocats/Desktop/RobotCode2025/ros2_ws/install/custom_interfaces/include/custom_interfaces/custom_interfaces/msg/detail/depth_report__struct.h
[7.398s] -- Installing: /home/robocats/Desktop/RobotCode2025/ros2_ws/install/custom_interfaces/include/custom_interfaces/custom_interfaces/msg/detail/motion_goal__struct.h
[7.399s] -- Installing: /home/robocats/Desktop/RobotCode2025/ros2_ws/install/custom_interfaces/include/custom_interfaces/custom_interfaces/msg/detail/motor_command__functions.c
[7.399s] -- Installing: /home/robocats/Desktop/RobotCode2025/ros2_ws/install/custom_interfaces/include/custom_interfaces/custom_interfaces/msg/detail/motion_goal__functions.c
[7.399s] -- Installing: /home/robocats/Desktop/RobotCode2025/ros2_ws/install/custom_interfaces/include/custom_interfaces/custom_interfaces/msg/detail/motor_command__struct.h
[7.399s] -- Installing: /home/robocats/Desktop/RobotCode2025/ros2_ws/install/custom_interfaces/include/custom_interfaces/custom_interfaces/msg/detail/motor_command__type_support.h
[7.400s] -- Installing: /home/robocats/Desktop/RobotCode2025/ros2_ws/install/custom_interfaces/include/custom_interfaces/custom_interfaces/msg/detail/depth_report__functions.h
[7.400s] -- Installing: /home/robocats/Desktop/RobotCode2025/ros2_ws/install/custom_interfaces/include/custom_interfaces/custom_interfaces/msg/detail/imu_data__type_support.h
[7.400s] -- Installing: /home/robocats/Desktop/RobotCode2025/ros2_ws/install/custom_interfaces/include/custom_interfaces/custom_interfaces/msg/detail/imu_data__functions.c
[7.400s] -- Installing: /home/robocats/Desktop/RobotCode2025/ros2_ws/install/custom_interfaces/include/custom_interfaces/custom_interfaces/msg/detail/depth_report__type_support.h
[7.401s] -- Installing: /home/robocats/Desktop/RobotCode2025/ros2_ws/install/custom_interfaces/include/custom_interfaces/custom_interfaces/msg/motion_goal.h
[7.401s] -- Installing: /home/robocats/Desktop/RobotCode2025/ros2_ws/install/custom_interfaces/include/custom_interfaces/custom_interfaces/msg/imu_data.h
[7.402s] -- Up-to-date: /home/robocats/Desktop/RobotCode2025/ros2_ws/install/custom_interfaces/include/custom_interfaces/custom_interfaces/msg/rosidl_generator_c__visibility_control.h
[7.402s] -- Up-to-date: /home/robocats/Desktop/RobotCode2025/ros2_ws/install/custom_interfaces/share/custom_interfaces/environment/library_path.sh
[7.402s] -- Installing: /home/robocats/Desktop/RobotCode2025/ros2_ws/install/custom_interfaces/share/custom_interfaces/environment/library_path.dsv
[7.402s] -- Installing: /home/robocats/Desktop/RobotCode2025/ros2_ws/install/custom_interfaces/lib/libcustom_interfaces__rosidl_generator_c.so
[7.403s] -- Set runtime path of "/home/robocats/Desktop/RobotCode2025/ros2_ws/install/custom_interfaces/lib/libcustom_interfaces__rosidl_generator_c.so" to ""
[7.403s] -- Up-to-date: /home/robocats/Desktop/RobotCode2025/ros2_ws/install/custom_interfaces/include/custom_interfaces/custom_interfaces
[7.404s] -- Up-to-date: /home/robocats/Desktop/RobotCode2025/ros2_ws/install/custom_interfaces/include/custom_interfaces/custom_interfaces/msg
[7.404s] -- Up-to-date: /home/robocats/Desktop/RobotCode2025/ros2_ws/install/custom_interfaces/include/custom_interfaces/custom_interfaces/msg/detail
[7.404s] -- Installing: /home/robocats/Desktop/RobotCode2025/ros2_ws/install/custom_interfaces/include/custom_interfaces/custom_interfaces/msg/detail/motion_goal__rosidl_typesupport_fastrtps_c.h
[7.404s] -- Installing: /home/robocats/Desktop/RobotCode2025/ros2_ws/install/custom_interfaces/include/custom_interfaces/custom_interfaces/msg/detail/motor_command__rosidl_typesupport_fastrtps_c.h
[7.404s] -- Installing: /home/robocats/Desktop/RobotCode2025/ros2_ws/install/custom_interfaces/include/custom_interfaces/custom_interfaces/msg/detail/depth_report__rosidl_typesupport_fastrtps_c.h
[7.405s] -- Installing: /home/robocats/Desktop/RobotCode2025/ros2_ws/install/custom_interfaces/include/custom_interfaces/custom_interfaces/msg/detail/imu_data__rosidl_typesupport_fastrtps_c.h
[7.405s] -- Up-to-date: /home/robocats/Desktop/RobotCode2025/ros2_ws/install/custom_interfaces/include/custom_interfaces/custom_interfaces/msg/rosidl_typesupport_fastrtps_c__visibility_control.h
[7.405s] -- Installing: /home/robocats/Desktop/RobotCode2025/ros2_ws/install/custom_interfaces/lib/libcustom_interfaces__rosidl_typesupport_fastrtps_c.so
[7.405s] -- Set runtime path of "/home/robocats/Desktop/RobotCode2025/ros2_ws/install/custom_interfaces/lib/libcustom_interfaces__rosidl_typesupport_fastrtps_c.so" to ""
[7.406s] -- Up-to-date: /home/robocats/Desktop/RobotCode2025/ros2_ws/install/custom_interfaces/include/custom_interfaces/custom_interfaces
[7.406s] -- Up-to-date: /home/robocats/Desktop/RobotCode2025/ros2_ws/install/custom_interfaces/include/custom_interfaces/custom_interfaces/msg
[7.406s] -- Up-to-date: /home/robocats/Desktop/RobotCode2025/ros2_ws/install/custom_interfaces/include/custom_interfaces/custom_interfaces/msg/detail
[7.406s] -- Installing: /home/robocats/Desktop/RobotCode2025/ros2_ws/install/custom_interfaces/include/custom_interfaces/custom_interfaces/msg/detail/imu_data__type_support.hpp
[7.406s] -- Installing: /home/robocats/Desktop/RobotCode2025/ros2_ws/install/custom_interfaces/include/custom_interfaces/custom_interfaces/msg/detail/motor_command__traits.hpp
[7.407s] -- Installing: /home/robocats/Desktop/RobotCode2025/ros2_ws/install/custom_interfaces/include/custom_interfaces/custom_interfaces/msg/detail/motor_command__type_support.hpp
[7.407s] -- Installing: /home/robocats/Desktop/RobotCode2025/ros2_ws/install/custom_interfaces/include/custom_interfaces/custom_interfaces/msg/detail/motion_goal__builder.hpp
[7.407s] -- Installing: /home/robocats/Desktop/RobotCode2025/ros2_ws/install/custom_interfaces/include/custom_interfaces/custom_interfaces/msg/detail/motion_goal__type_support.hpp
[7.407s] -- Installing: /home/robocats/Desktop/RobotCode2025/ros2_ws/install/custom_interfaces/include/custom_interfaces/custom_interfaces/msg/detail/depth_report__type_support.hpp
[7.408s] -- Installing: /home/robocats/Desktop/RobotCode2025/ros2_ws/install/custom_interfaces/include/custom_interfaces/custom_interfaces/msg/detail/depth_report__struct.hpp
[7.408s] -- Installing: /home/robocats/Desktop/RobotCode2025/ros2_ws/install/custom_interfaces/include/custom_interfaces/custom_interfaces/msg/detail/motor_command__struct.hpp
[7.408s] -- Installing: /home/robocats/Desktop/RobotCode2025/ros2_ws/install/custom_interfaces/include/custom_interfaces/custom_interfaces/msg/detail/motion_goal__struct.hpp
[7.408s] -- Installing: /home/robocats/Desktop/RobotCode2025/ros2_ws/install/custom_interfaces/include/custom_interfaces/custom_interfaces/msg/detail/depth_report__builder.hpp
[7.408s] -- Installing: /home/robocats/Desktop/RobotCode2025/ros2_ws/install/custom_interfaces/include/custom_interfaces/custom_interfaces/msg/detail/imu_data__struct.hpp
[7.409s] -- Installing: /home/robocats/Desktop/RobotCode2025/ros2_ws/install/custom_interfaces/include/custom_interfaces/custom_interfaces/msg/detail/motor_command__builder.hpp
[7.409s] -- Installing: /home/robocats/Desktop/RobotCode2025/ros2_ws/install/custom_interfaces/include/custom_interfaces/custom_interfaces/msg/detail/depth_report__traits.hpp
[7.409s] -- Installing: /home/robocats/Desktop/RobotCode2025/ros2_ws/install/custom_interfaces/include/custom_interfaces/custom_interfaces/msg/detail/motion_goal__traits.hpp
[7.409s] -- Installing: /home/robocats/Desktop/RobotCode2025/ros2_ws/install/custom_interfaces/include/custom_interfaces/custom_interfaces/msg/detail/imu_data__builder.hpp
[7.410s] -- Installing: /home/robocats/Desktop/RobotCode2025/ros2_ws/install/custom_interfaces/include/custom_interfaces/custom_interfaces/msg/detail/imu_data__traits.hpp
[7.410s] -- Up-to-date: /home/robocats/Desktop/RobotCode2025/ros2_ws/install/custom_interfaces/include/custom_interfaces/custom_interfaces/msg/rosidl_generator_cpp__visibility_control.hpp
[7.410s] -- Installing: /home/robocats/Desktop/RobotCode2025/ros2_ws/install/custom_interfaces/include/custom_interfaces/custom_interfaces/msg/motion_goal.hpp
[7.410s] -- Installing: /home/robocats/Desktop/RobotCode2025/ros2_ws/install/custom_interfaces/include/custom_interfaces/custom_interfaces/msg/depth_report.hpp
[7.411s] -- Installing: /home/robocats/Desktop/RobotCode2025/ros2_ws/install/custom_interfaces/include/custom_interfaces/custom_interfaces/msg/imu_data.hpp
[7.411s] -- Installing: /home/robocats/Desktop/RobotCode2025/ros2_ws/install/custom_interfaces/include/custom_interfaces/custom_interfaces/msg/motor_command.hpp
[7.411s] -- Up-to-date: /home/robocats/Desktop/RobotCode2025/ros2_ws/install/custom_interfaces/include/custom_interfaces/custom_interfaces
[7.411s] -- Up-to-date: /home/robocats/Desktop/RobotCode2025/ros2_ws/install/custom_interfaces/include/custom_interfaces/custom_interfaces/msg
[7.412s] -- Up-to-date: /home/robocats/Desktop/RobotCode2025/ros2_ws/install/custom_interfaces/include/custom_interfaces/custom_interfaces/msg/detail
[7.412s] -- Installing: /home/robocats/Desktop/RobotCode2025/ros2_ws/install/custom_interfaces/include/custom_interfaces/custom_interfaces/msg/detail/imu_data__rosidl_typesupport_fastrtps_cpp.hpp
[7.412s] -- Installing: /home/robocats/Desktop/RobotCode2025/ros2_ws/install/custom_interfaces/include/custom_interfaces/custom_interfaces/msg/detail/depth_report__rosidl_typesupport_fastrtps_cpp.hpp
[7.412s] -- Up-to-date: /home/robocats/Desktop/RobotCode2025/ros2_ws/install/custom_interfaces/include/custom_interfaces/custom_interfaces/msg/detail/dds_fastrtps
[7.413s] -- Installing: /home/robocats/Desktop/RobotCode2025/ros2_ws/install/custom_interfaces/include/custom_interfaces/custom_interfaces/msg/detail/motor_command__rosidl_typesupport_fastrtps_cpp.hpp
[7.413s] -- Installing: /home/robocats/Desktop/RobotCode2025/ros2_ws/install/custom_interfaces/include/custom_interfaces/custom_interfaces/msg/detail/motion_goal__rosidl_typesupport_fastrtps_cpp.hpp
[7.413s] -- Up-to-date: /home/robocats/Desktop/RobotCode2025/ros2_ws/install/custom_interfaces/include/custom_interfaces/custom_interfaces/msg/rosidl_typesupport_fastrtps_cpp__visibility_control.h
[7.414s] -- Installing: /home/robocats/Desktop/RobotCode2025/ros2_ws/install/custom_interfaces/lib/libcustom_interfaces__rosidl_typesupport_fastrtps_cpp.so
[7.414s] -- Set runtime path of "/home/robocats/Desktop/RobotCode2025/ros2_ws/install/custom_interfaces/lib/libcustom_interfaces__rosidl_typesupport_fastrtps_cpp.so" to ""
[7.414s] -- Up-to-date: /home/robocats/Desktop/RobotCode2025/ros2_ws/install/custom_interfaces/include/custom_interfaces/custom_interfaces
[7.414s] -- Up-to-date: /home/robocats/Desktop/RobotCode2025/ros2_ws/install/custom_interfaces/include/custom_interfaces/custom_interfaces/msg
[7.415s] -- Up-to-date: /home/robocats/Desktop/RobotCode2025/ros2_ws/install/custom_interfaces/include/custom_interfaces/custom_interfaces/msg/detail
[7.415s] -- Installing: /home/robocats/Desktop/RobotCode2025/ros2_ws/install/custom_interfaces/include/custom_interfaces/custom_interfaces/msg/detail/motion_goal__type_support.c
[7.415s] -- Installing: /home/robocats/Desktop/RobotCode2025/ros2_ws/install/custom_interfaces/include/custom_interfaces/custom_interfaces/msg/detail/motion_goal__rosidl_typesupport_introspection_c.h
[7.416s] -- Installing: /home/robocats/Desktop/RobotCode2025/ros2_ws/install/custom_interfaces/include/custom_interfaces/custom_interfaces/msg/detail/imu_data__rosidl_typesupport_introspection_c.h
[7.416s] -- Installing: /home/robocats/Desktop/RobotCode2025/ros2_ws/install/custom_interfaces/include/custom_interfaces/custom_interfaces/msg/detail/motor_command__rosidl_typesupport_introspection_c.h
[7.416s] -- Installing: /home/robocats/Desktop/RobotCode2025/ros2_ws/install/custom_interfaces/include/custom_interfaces/custom_interfaces/msg/detail/motor_command__type_support.c
[7.416s] -- Installing: /home/robocats/Desktop/RobotCode2025/ros2_ws/install/custom_interfaces/include/custom_interfaces/custom_interfaces/msg/detail/imu_data__type_support.c
[7.417s] -- Installing: /home/robocats/Desktop/RobotCode2025/ros2_ws/install/custom_interfaces/include/custom_interfaces/custom_interfaces/msg/detail/depth_report__rosidl_typesupport_introspection_c.h
[7.417s] -- Installing: /home/robocats/Desktop/RobotCode2025/ros2_ws/install/custom_interfaces/include/custom_interfaces/custom_interfaces/msg/detail/depth_report__type_support.c
[7.417s] -- Up-to-date: /home/robocats/Desktop/RobotCode2025/ros2_ws/install/custom_interfaces/include/custom_interfaces/custom_interfaces/msg/rosidl_typesupport_introspection_c__visibility_control.h
[7.418s] -- Installing: /home/robocats/Desktop/RobotCode2025/ros2_ws/install/custom_interfaces/lib/libcustom_interfaces__rosidl_typesupport_introspection_c.so
[7.418s] -- Set runtime path of "/home/robocats/Desktop/RobotCode2025/ros2_ws/install/custom_interfaces/lib/libcustom_interfaces__rosidl_typesupport_introspection_c.so" to ""
[7.418s] -- Installing: /home/robocats/Desktop/RobotCode2025/ros2_ws/install/custom_interfaces/lib/libcustom_interfaces__rosidl_typesupport_c.so
[7.419s] -- Set runtime path of "/home/robocats/Desktop/RobotCode2025/ros2_ws/install/custom_interfaces/lib/libcustom_interfaces__rosidl_typesupport_c.so" to ""
[7.419s] -- Up-to-date: /home/robocats/Desktop/RobotCode2025/ros2_ws/install/custom_interfaces/include/custom_interfaces/custom_interfaces
[7.419s] -- Up-to-date: /home/robocats/Desktop/RobotCode2025/ros2_ws/install/custom_interfaces/include/custom_interfaces/custom_interfaces/msg
[7.419s] -- Up-to-date: /home/robocats/Desktop/RobotCode2025/ros2_ws/install/custom_interfaces/include/custom_interfaces/custom_interfaces/msg/detail
[7.420s] -- Installing: /home/robocats/Desktop/RobotCode2025/ros2_ws/install/custom_interfaces/include/custom_interfaces/custom_interfaces/msg/detail/depth_report__rosidl_typesupport_introspection_cpp.hpp
[7.420s] -- Installing: /home/robocats/Desktop/RobotCode2025/ros2_ws/install/custom_interfaces/include/custom_interfaces/custom_interfaces/msg/detail/imu_data__type_support.cpp
[7.420s] -- Installing: /home/robocats/Desktop/RobotCode2025/ros2_ws/install/custom_interfaces/include/custom_interfaces/custom_interfaces/msg/detail/motor_command__type_support.cpp
[7.420s] -- Installing: /home/robocats/Desktop/RobotCode2025/ros2_ws/install/custom_interfaces/include/custom_interfaces/custom_interfaces/msg/detail/depth_report__type_support.cpp
[7.421s] -- Installing: /home/robocats/Desktop/RobotCode2025/ros2_ws/install/custom_interfaces/include/custom_interfaces/custom_interfaces/msg/detail/motion_goal__rosidl_typesupport_introspection_cpp.hpp
[7.421s] -- Installing: /home/robocats/Desktop/RobotCode2025/ros2_ws/install/custom_interfaces/include/custom_interfaces/custom_interfaces/msg/detail/motion_goal__type_support.cpp
[7.421s] -- Installing: /home/robocats/Desktop/RobotCode2025/ros2_ws/install/custom_interfaces/include/custom_interfaces/custom_interfaces/msg/detail/imu_data__rosidl_typesupport_introspection_cpp.hpp
[7.422s] -- Installing: /home/robocats/Desktop/RobotCode2025/ros2_ws/install/custom_interfaces/include/custom_interfaces/custom_interfaces/msg/detail/motor_command__rosidl_typesupport_introspection_cpp.hpp
[7.422s] -- Installing: /home/robocats/Desktop/RobotCode2025/ros2_ws/install/custom_interfaces/lib/libcustom_interfaces__rosidl_typesupport_introspection_cpp.so
[7.422s] -- Set runtime path of "/home/robocats/Desktop/RobotCode2025/ros2_ws/install/custom_interfaces/lib/libcustom_interfaces__rosidl_typesupport_introspection_cpp.so" to ""
[7.422s] -- Installing: /home/robocats/Desktop/RobotCode2025/ros2_ws/install/custom_interfaces/lib/libcustom_interfaces__rosidl_typesupport_cpp.so
[7.423s] -- Set runtime path of "/home/robocats/Desktop/RobotCode2025/ros2_ws/install/custom_interfaces/lib/libcustom_interfaces__rosidl_typesupport_cpp.so" to ""
[7.423s] -- Up-to-date: /home/robocats/Desktop/RobotCode2025/ros2_ws/install/custom_interfaces/share/custom_interfaces/environment/pythonpath.sh
[7.423s] -- Installing: /home/robocats/Desktop/RobotCode2025/ros2_ws/install/custom_interfaces/share/custom_interfaces/environment/pythonpath.dsv
[7.424s] -- Up-to-date: /home/robocats/Desktop/RobotCode2025/ros2_ws/install/custom_interfaces/local/lib/python3.10/dist-packages/custom_interfaces-0.0.0-py3.10.egg-info
[7.424s] -- Installing: /home/robocats/Desktop/RobotCode2025/ros2_ws/install/custom_interfaces/local/lib/python3.10/dist-packages/custom_interfaces-0.0.0-py3.10.egg-info/SOURCES.txt
[7.424s] -- Installing: /home/robocats/Desktop/RobotCode2025/ros2_ws/install/custom_interfaces/local/lib/python3.10/dist-packages/custom_interfaces-0.0.0-py3.10.egg-info/top_level.txt
[7.424s] -- Installing: /home/robocats/Desktop/RobotCode2025/ros2_ws/install/custom_interfaces/local/lib/python3.10/dist-packages/custom_interfaces-0.0.0-py3.10.egg-info/dependency_links.txt
[7.425s] -- Installing: /home/robocats/Desktop/RobotCode2025/ros2_ws/install/custom_interfaces/local/lib/python3.10/dist-packages/custom_interfaces-0.0.0-py3.10.egg-info/PKG-INFO
[7.425s] -- Up-to-date: /home/robocats/Desktop/RobotCode2025/ros2_ws/install/custom_interfaces/local/lib/python3.10/dist-packages/custom_interfaces
[7.425s] -- Installing: /home/robocats/Desktop/RobotCode2025/ros2_ws/install/custom_interfaces/local/lib/python3.10/dist-packages/custom_interfaces/custom_interfaces_s__rosidl_typesupport_introspection_c.cpython-310-aarch64-linux-gnu.so
[7.426s] -- Installing: /home/robocats/Desktop/RobotCode2025/ros2_ws/install/custom_interfaces/local/lib/python3.10/dist-packages/custom_interfaces/_custom_interfaces_s.ep.rosidl_typesupport_introspection_c.c
[7.426s] -- Installing: /home/robocats/Desktop/RobotCode2025/ros2_ws/install/custom_interfaces/local/lib/python3.10/dist-packages/custom_interfaces/_custom_interfaces_s.ep.rosidl_typesupport_fastrtps_c.c
[7.426s] -- Installing: /home/robocats/Desktop/RobotCode2025/ros2_ws/install/custom_interfaces/local/lib/python3.10/dist-packages/custom_interfaces/_custom_interfaces_s.ep.rosidl_typesupport_c.c
[7.426s] -- Up-to-date: /home/robocats/Desktop/RobotCode2025/ros2_ws/install/custom_interfaces/local/lib/python3.10/dist-packages/custom_interfaces/msg
[7.427s] -- Installing: /home/robocats/Desktop/RobotCode2025/ros2_ws/install/custom_interfaces/local/lib/python3.10/dist-packages/custom_interfaces/msg/_imu_data_s.c
[7.427s] -- Installing: /home/robocats/Desktop/RobotCode2025/ros2_ws/install/custom_interfaces/local/lib/python3.10/dist-packages/custom_interfaces/msg/_motion_goal_s.c
[7.427s] -- Installing: /home/robocats/Desktop/RobotCode2025/ros2_ws/install/custom_interfaces/local/lib/python3.10/dist-packages/custom_interfaces/msg/_imu_data.py
[7.427s] -- Installing: /home/robocats/Desktop/RobotCode2025/ros2_ws/install/custom_interfaces/local/lib/python3.10/dist-packages/custom_interfaces/msg/_motor_command.py
[7.428s] -- Installing: /home/robocats/Desktop/RobotCode2025/ros2_ws/install/custom_interfaces/local/lib/python3.10/dist-packages/custom_interfaces/msg/_motion_goal.py
[7.428s] -- Installing: /home/robocats/Desktop/RobotCode2025/ros2_ws/install/custom_interfaces/local/lib/python3.10/dist-packages/custom_interfaces/msg/_depth_report.py
[7.428s] -- Installing: /home/robocats/Desktop/RobotCode2025/ros2_ws/install/custom_interfaces/local/lib/python3.10/dist-packages/custom_interfaces/msg/_motor_command_s.c
[7.428s] -- Installing: /home/robocats/Desktop/RobotCode2025/ros2_ws/install/custom_interfaces/local/lib/python3.10/dist-packages/custom_interfaces/msg/__init__.py
[7.429s] -- Installing: /home/robocats/Desktop/RobotCode2025/ros2_ws/install/custom_interfaces/local/lib/python3.10/dist-packages/custom_interfaces/msg/_depth_report_s.c
[7.429s] -- Installing: /home/robocats/Desktop/RobotCode2025/ros2_ws/install/custom_interfaces/local/lib/python3.10/dist-packages/custom_interfaces/custom_interfaces_s__rosidl_typesupport_fastrtps_c.cpython-310-aarch64-linux-gnu.so
[7.429s] -- Installing: /home/robocats/Desktop/RobotCode2025/ros2_ws/install/custom_interfaces/local/lib/python3.10/dist-packages/custom_interfaces/__init__.py
[7.429s] -- Installing: /home/robocats/Desktop/RobotCode2025/ros2_ws/install/custom_interfaces/local/lib/python3.10/dist-packages/custom_interfaces/custom_interfaces_s__rosidl_typesupport_c.cpython-310-aarch64-linux-gnu.so
[7.430s] -- Installing: /home/robocats/Desktop/RobotCode2025/ros2_ws/install/custom_interfaces/local/lib/python3.10/dist-packages/custom_interfaces/libcustom_interfaces__rosidl_generator_py.so
[7.493s] Listing '/home/robocats/Desktop/RobotCode2025/ros2_ws/install/custom_interfaces/local/lib/python3.10/dist-packages/custom_interfaces'...
[7.493s] Compiling '/home/robocats/Desktop/RobotCode2025/ros2_ws/install/custom_interfaces/local/lib/python3.10/dist-packages/custom_interfaces/__init__.py'...
[7.494s] Listing '/home/robocats/Desktop/RobotCode2025/ros2_ws/install/custom_interfaces/local/lib/python3.10/dist-packages/custom_interfaces/msg'...
[7.494s] Compiling '/home/robocats/Desktop/RobotCode2025/ros2_ws/install/custom_interfaces/local/lib/python3.10/dist-packages/custom_interfaces/msg/__init__.py'...
[7.494s] Compiling '/home/robocats/Desktop/RobotCode2025/ros2_ws/install/custom_interfaces/local/lib/python3.10/dist-packages/custom_interfaces/msg/_depth_report.py'...
[7.495s] Compiling '/home/robocats/Desktop/RobotCode2025/ros2_ws/install/custom_interfaces/local/lib/python3.10/dist-packages/custom_interfaces/msg/_imu_data.py'...
[7.495s] Compiling '/home/robocats/Desktop/RobotCode2025/ros2_ws/install/custom_interfaces/local/lib/python3.10/dist-packages/custom_interfaces/msg/_motion_goal.py'...
[7.495s] Compiling '/home/robocats/Desktop/RobotCode2025/ros2_ws/install/custom_interfaces/local/lib/python3.10/dist-packages/custom_interfaces/msg/_motor_command.py'...
[7.503s] -- Installing: /home/robocats/Desktop/RobotCode2025/ros2_ws/install/custom_interfaces/local/lib/python3.10/dist-packages/custom_interfaces/custom_interfaces_s__rosidl_typesupport_fastrtps_c.cpython-310-aarch64-linux-gnu.so
[7.503s] -- Set runtime path of "/home/robocats/Desktop/RobotCode2025/ros2_ws/install/custom_interfaces/local/lib/python3.10/dist-packages/custom_interfaces/custom_interfaces_s__rosidl_typesupport_fastrtps_c.cpython-310-aarch64-linux-gnu.so" to ""
[7.504s] -- Installing: /home/robocats/Desktop/RobotCode2025/ros2_ws/install/custom_interfaces/local/lib/python3.10/dist-packages/custom_interfaces/custom_interfaces_s__rosidl_typesupport_introspection_c.cpython-310-aarch64-linux-gnu.so
[7.504s] -- Set runtime path of "/home/robocats/Desktop/RobotCode2025/ros2_ws/install/custom_interfaces/local/lib/python3.10/dist-packages/custom_interfaces/custom_interfaces_s__rosidl_typesupport_introspection_c.cpython-310-aarch64-linux-gnu.so" to ""
[7.504s] -- Installing: /home/robocats/Desktop/RobotCode2025/ros2_ws/install/custom_interfaces/local/lib/python3.10/dist-packages/custom_interfaces/custom_interfaces_s__rosidl_typesupport_c.cpython-310-aarch64-linux-gnu.so
[7.505s] -- Set runtime path of "/home/robocats/Desktop/RobotCode2025/ros2_ws/install/custom_interfaces/local/lib/python3.10/dist-packages/custom_interfaces/custom_interfaces_s__rosidl_typesupport_c.cpython-310-aarch64-linux-gnu.so" to ""
[7.505s] -- Installing: /home/robocats/Desktop/RobotCode2025/ros2_ws/install/custom_interfaces/lib/libcustom_interfaces__rosidl_generator_py.so
[7.505s] -- Set runtime path of "/home/robocats/Desktop/RobotCode2025/ros2_ws/install/custom_interfaces/lib/libcustom_interfaces__rosidl_generator_py.so" to ""
[7.506s] -- Up-to-date: /home/robocats/Desktop/RobotCode2025/ros2_ws/install/custom_interfaces/share/custom_interfaces/msg/ImuData.idl
[7.506s] -- Up-to-date: /home/robocats/Desktop/RobotCode2025/ros2_ws/install/custom_interfaces/share/custom_interfaces/msg/DepthReport.idl
[7.507s] -- Up-to-date: /home/robocats/Desktop/RobotCode2025/ros2_ws/install/custom_interfaces/share/custom_interfaces/msg/MotionGoal.idl
[7.507s] -- Installing: /home/robocats/Desktop/RobotCode2025/ros2_ws/install/custom_interfaces/share/custom_interfaces/msg/MotorCommand.idl
[7.507s] -- Up-to-date: /home/robocats/Desktop/RobotCode2025/ros2_ws/install/custom_interfaces/share/custom_interfaces/msg/ImuData.msg
[7.507s] -- Up-to-date: /home/robocats/Desktop/RobotCode2025/ros2_ws/install/custom_interfaces/share/custom_interfaces/msg/DepthReport.msg
[7.508s] -- Up-to-date: /home/robocats/Desktop/RobotCode2025/ros2_ws/install/custom_interfaces/share/custom_interfaces/msg/MotionGoal.msg
[7.508s] -- Installing: /home/robocats/Desktop/RobotCode2025/ros2_ws/install/custom_interfaces/share/custom_interfaces/msg/MotorCommand.msg
[7.508s] -- Up-to-date: /home/robocats/Desktop/RobotCode2025/ros2_ws/install/custom_interfaces/share/ament_index/resource_index/package_run_dependencies/custom_interfaces
[7.509s] -- Installing: /home/robocats/Desktop/RobotCode2025/ros2_ws/install/custom_interfaces/share/ament_index/resource_index/parent_prefix_path/custom_interfaces
[7.509s] -- Up-to-date: /home/robocats/Desktop/RobotCode2025/ros2_ws/install/custom_interfaces/share/custom_interfaces/environment/ament_prefix_path.sh
[7.509s] -- Installing: /home/robocats/Desktop/RobotCode2025/ros2_ws/install/custom_interfaces/share/custom_interfaces/environment/ament_prefix_path.dsv
[7.509s] -- Up-to-date: /home/robocats/Desktop/RobotCode2025/ros2_ws/install/custom_interfaces/share/custom_interfaces/environment/path.sh
[7.510s] -- Installing: /home/robocats/Desktop/RobotCode2025/ros2_ws/install/custom_interfaces/share/custom_interfaces/environment/path.dsv
[7.510s] -- Up-to-date: /home/robocats/Desktop/RobotCode2025/ros2_ws/install/custom_interfaces/share/custom_interfaces/local_setup.bash
[7.510s] -- Up-to-date: /home/robocats/Desktop/RobotCode2025/ros2_ws/install/custom_interfaces/share/custom_interfaces/local_setup.sh
[7.511s] -- Up-to-date: /home/robocats/Desktop/RobotCode2025/ros2_ws/install/custom_interfaces/share/custom_interfaces/local_setup.zsh
[7.511s] -- Installing: /home/robocats/Desktop/RobotCode2025/ros2_ws/install/custom_interfaces/share/custom_interfaces/local_setup.dsv
[7.511s] -- Installing: /home/robocats/Desktop/RobotCode2025/ros2_ws/install/custom_interfaces/share/custom_interfaces/package.dsv
[7.512s] -- Up-to-date: /home/robocats/Desktop/RobotCode2025/ros2_ws/install/custom_interfaces/share/ament_index/resource_index/packages/custom_interfaces
[7.512s] -- Up-to-date: /home/robocats/Desktop/RobotCode2025/ros2_ws/install/custom_interfaces/share/custom_interfaces/cmake/export_custom_interfaces__rosidl_generator_cExport.cmake
[7.512s] -- Up-to-date: /home/robocats/Desktop/RobotCode2025/ros2_ws/install/custom_interfaces/share/custom_interfaces/cmake/export_custom_interfaces__rosidl_generator_cExport-noconfig.cmake
[7.512s] -- Up-to-date: /home/robocats/Desktop/RobotCode2025/ros2_ws/install/custom_interfaces/share/custom_interfaces/cmake/export_custom_interfaces__rosidl_typesupport_fastrtps_cExport.cmake
[7.513s] -- Up-to-date: /home/robocats/Desktop/RobotCode2025/ros2_ws/install/custom_interfaces/share/custom_interfaces/cmake/export_custom_interfaces__rosidl_typesupport_fastrtps_cExport-noconfig.cmake
[7.513s] -- Up-to-date: /home/robocats/Desktop/RobotCode2025/ros2_ws/install/custom_interfaces/share/custom_interfaces/cmake/export_custom_interfaces__rosidl_generator_cppExport.cmake
[7.513s] -- Up-to-date: /home/robocats/Desktop/RobotCode2025/ros2_ws/install/custom_interfaces/share/custom_interfaces/cmake/export_custom_interfaces__rosidl_typesupport_fastrtps_cppExport.cmake
[7.513s] -- Up-to-date: /home/robocats/Desktop/RobotCode2025/ros2_ws/install/custom_interfaces/share/custom_interfaces/cmake/export_custom_interfaces__rosidl_typesupport_fastrtps_cppExport-noconfig.cmake
[7.514s] -- Up-to-date: /home/robocats/Desktop/RobotCode2025/ros2_ws/install/custom_interfaces/share/custom_interfaces/cmake/custom_interfaces__rosidl_typesupport_introspection_cExport.cmake
[7.514s] -- Up-to-date: /home/robocats/Desktop/RobotCode2025/ros2_ws/install/custom_interfaces/share/custom_interfaces/cmake/custom_interfaces__rosidl_typesupport_introspection_cExport-noconfig.cmake
[7.514s] -- Up-to-date: /home/robocats/Desktop/RobotCode2025/ros2_ws/install/custom_interfaces/share/custom_interfaces/cmake/custom_interfaces__rosidl_typesupport_cExport.cmake
[7.514s] -- Up-to-date: /home/robocats/Desktop/RobotCode2025/ros2_ws/install/custom_interfaces/share/custom_interfaces/cmake/custom_interfaces__rosidl_typesupport_cExport-noconfig.cmake
[7.515s] -- Up-to-date: /home/robocats/Desktop/RobotCode2025/ros2_ws/install/custom_interfaces/share/custom_interfaces/cmake/custom_interfaces__rosidl_typesupport_introspection_cppExport.cmake
[7.515s] -- Up-to-date: /home/robocats/Desktop/RobotCode2025/ros2_ws/install/custom_interfaces/share/custom_interfaces/cmake/custom_interfaces__rosidl_typesupport_introspection_cppExport-noconfig.cmake
[7.515s] -- Up-to-date: /home/robocats/Desktop/RobotCode2025/ros2_ws/install/custom_interfaces/share/custom_interfaces/cmake/custom_interfaces__rosidl_typesupport_cppExport.cmake
[7.515s] -- Up-to-date: /home/robocats/Desktop/RobotCode2025/ros2_ws/install/custom_interfaces/share/custom_interfaces/cmake/custom_interfaces__rosidl_typesupport_cppExport-noconfig.cmake
[7.516s] -- Up-to-date: /home/robocats/Desktop/RobotCode2025/ros2_ws/install/custom_interfaces/share/custom_interfaces/cmake/export_custom_interfaces__rosidl_generator_pyExport.cmake
[7.516s] -- Up-to-date: /home/robocats/Desktop/RobotCode2025/ros2_ws/install/custom_interfaces/share/custom_interfaces/cmake/export_custom_interfaces__rosidl_generator_pyExport-noconfig.cmake
[7.517s] -- Up-to-date: /home/robocats/Desktop/RobotCode2025/ros2_ws/install/custom_interfaces/share/custom_interfaces/cmake/rosidl_cmake-extras.cmake
[7.518s] -- Up-to-date: /home/robocats/Desktop/RobotCode2025/ros2_ws/install/custom_interfaces/share/custom_interfaces/cmake/ament_cmake_export_dependencies-extras.cmake
[7.518s] -- Up-to-date: /home/robocats/Desktop/RobotCode2025/ros2_ws/install/custom_interfaces/share/custom_interfaces/cmake/ament_cmake_export_include_directories-extras.cmake
[7.519s] -- Up-to-date: /home/robocats/Desktop/RobotCode2025/ros2_ws/install/custom_interfaces/share/custom_interfaces/cmake/ament_cmake_export_libraries-extras.cmake
[7.519s] -- Up-to-date: /home/robocats/Desktop/RobotCode2025/ros2_ws/install/custom_interfaces/share/custom_interfaces/cmake/ament_cmake_export_targets-extras.cmake
[7.519s] -- Up-to-date: /home/robocats/Desktop/RobotCode2025/ros2_ws/install/custom_interfaces/share/custom_interfaces/cmake/rosidl_cmake_export_typesupport_targets-extras.cmake
[7.520s] -- Up-to-date: /home/robocats/Desktop/RobotCode2025/ros2_ws/install/custom_interfaces/share/custom_interfaces/cmake/rosidl_cmake_export_typesupport_libraries-extras.cmake
[7.521s] -- Up-to-date: /home/robocats/Desktop/RobotCode2025/ros2_ws/install/custom_interfaces/share/custom_interfaces/cmake/custom_interfacesConfig.cmake
[7.521s] -- Up-to-date: /home/robocats/Desktop/RobotCode2025/ros2_ws/install/custom_interfaces/share/custom_interfaces/cmake/custom_interfacesConfig-version.cmake
[7.521s] -- Up-to-date: /home/robocats/Desktop/RobotCode2025/ros2_ws/install/custom_interfaces/share/custom_interfaces/package.xml
[7.522s] Invoked command in '/home/robocats/Desktop/RobotCode2025/ros2_ws/build/custom_interfaces' returned '0': CMAKE_PREFIX_PATH=${CMAKE_PREFIX_PATH}:/home/robocats/Desktop/RobotCode2025/ros2_ws/install/py_sensors:/home/robocats/Desktop/RobotCode2025/ros2_ws/install/py_motors:/opt/ros/humble /usr/bin/cmake --install /home/robocats/Desktop/RobotCode2025/ros2_ws/build/custom_interfaces
