[2.853s] Invoking command in '/home/robocatsorin/Desktop/RobotCode2025/ros2_ws/src/py_motors': CMAKE_PREFIX_PATH=/home/robocatsorin/Desktop/RobotCode2025/ros2_ws/install/custom_interfaces:/home/robocatsorin/Desktop/RobotCode2025/ros2_ws/install/usb_cam:/home/robocatsorin/Desktop/RobotCode2025/ros2_ws/install/cpp_subcontroller LD_LIBRARY_PATH=/home/robocatsorin/Desktop/RobotCode2025/ros2_ws/install/custom_interfaces/lib:/home/robocatsorin/Desktop/RobotCode2025/ros2_ws/install/usb_cam/lib:/opt/ros/humble/opt/rviz_ogre_vendor/lib:/opt/ros/humble/lib/aarch64-linux-gnu:/opt/ros/humble/lib:/usr/local/cuda-12.6/lib64 PYTHONPATH=/home/robocatsorin/Desktop/RobotCode2025/ros2_ws/build/py_motors/prefix_override:/usr/lib/python3/dist-packages/colcon_core/task/python/colcon_distutils_commands:/home/robocatsorin/Desktop/RobotCode2025/ros2_ws/install/py_motors/lib/python3.10/site-packages:${PYTHONPATH} /usr/bin/python3 -W ignore:setup.py install is deprecated -W ignore:easy_install command is deprecated setup.py egg_info --egg-base ../../build/py_motors build --build-base /home/robocatsorin/Desktop/RobotCode2025/ros2_ws/build/py_motors/build install --record /home/robocatsorin/Desktop/RobotCode2025/ros2_ws/build/py_motors/install.log --single-version-externally-managed install_data
[3.430s] running egg_info
[3.433s] writing ../../build/py_motors/py_motors.egg-info/PKG-INFO
[3.434s] writing dependency_links to ../../build/py_motors/py_motors.egg-info/dependency_links.txt
[3.435s] writing entry points to ../../build/py_motors/py_motors.egg-info/entry_points.txt
[3.436s] writing requirements to ../../build/py_motors/py_motors.egg-info/requires.txt
[3.437s] writing top-level names to ../../build/py_motors/py_motors.egg-info/top_level.txt
[3.442s] reading manifest file '../../build/py_motors/py_motors.egg-info/SOURCES.txt'
[3.443s] adding license file 'LICENSE'
[3.446s] writing manifest file '../../build/py_motors/py_motors.egg-info/SOURCES.txt'
[3.447s] running build
[3.447s] running build_py
[3.448s] running install
[3.448s] running install_lib
[3.452s] running install_data
[3.452s] running install_egg_info
[3.456s] removing '/home/robocatsorin/Desktop/RobotCode2025/ros2_ws/install/py_motors/lib/python3.10/site-packages/py_motors-0.0.0-py3.10.egg-info' (and everything under it)
[3.457s] Copying ../../build/py_motors/py_motors.egg-info to /home/robocatsorin/Desktop/RobotCode2025/ros2_ws/install/py_motors/lib/python3.10/site-packages/py_motors-0.0.0-py3.10.egg-info
[3.459s] running install_scripts
[3.510s] Installing motor_conductor script to /home/robocatsorin/Desktop/RobotCode2025/ros2_ws/install/py_motors/lib/py_motors
[3.511s] Installing motor_controller script to /home/robocatsorin/Desktop/RobotCode2025/ros2_ws/install/py_motors/lib/py_motors
[3.511s] writing list of installed files to '/home/robocatsorin/Desktop/RobotCode2025/ros2_ws/build/py_motors/install.log'
[3.617s] Invoked command in '/home/robocatsorin/Desktop/RobotCode2025/ros2_ws/src/py_motors' returned '0': CMAKE_PREFIX_PATH=/home/robocatsorin/Desktop/RobotCode2025/ros2_ws/install/custom_interfaces:/home/robocatsorin/Desktop/RobotCode2025/ros2_ws/install/usb_cam:/home/robocatsorin/Desktop/RobotCode2025/ros2_ws/install/cpp_subcontroller LD_LIBRARY_PATH=/home/robocatsorin/Desktop/RobotCode2025/ros2_ws/install/custom_interfaces/lib:/home/robocatsorin/Desktop/RobotCode2025/ros2_ws/install/usb_cam/lib:/opt/ros/humble/opt/rviz_ogre_vendor/lib:/opt/ros/humble/lib/aarch64-linux-gnu:/opt/ros/humble/lib:/usr/local/cuda-12.6/lib64 PYTHONPATH=/home/robocatsorin/Desktop/RobotCode2025/ros2_ws/build/py_motors/prefix_override:/usr/lib/python3/dist-packages/colcon_core/task/python/colcon_distutils_commands:/home/robocatsorin/Desktop/RobotCode2025/ros2_ws/install/py_motors/lib/python3.10/site-packages:${PYTHONPATH} /usr/bin/python3 -W ignore:setup.py install is deprecated -W ignore:easy_install command is deprecated setup.py egg_info --egg-base ../../build/py_motors build --build-base /home/robocatsorin/Desktop/RobotCode2025/ros2_ws/build/py_motors/build install --record /home/robocatsorin/Desktop/RobotCode2025/ros2_ws/build/py_motors/install.log --single-version-externally-managed install_data
