[2.425s] Invoking command in '/home/robocatsorin/Desktop/RobotCode2025/ros2_ws/src/py_sensors': CMAKE_PREFIX_PATH=/home/robocatsorin/Desktop/RobotCode2025/ros2_ws/install/custom_interfaces:/home/robocatsorin/Desktop/RobotCode2025/ros2_ws/install/usb_cam:/home/robocatsorin/Desktop/RobotCode2025/ros2_ws/install/cpp_subcontroller LD_LIBRARY_PATH=/home/robocatsorin/Desktop/RobotCode2025/ros2_ws/install/custom_interfaces/lib:/home/robocatsorin/Desktop/RobotCode2025/ros2_ws/install/usb_cam/lib:/opt/ros/humble/opt/rviz_ogre_vendor/lib:/opt/ros/humble/lib/aarch64-linux-gnu:/opt/ros/humble/lib:/usr/local/cuda-12.6/lib64 PYTHONPATH=/home/robocatsorin/Desktop/RobotCode2025/ros2_ws/build/py_sensors/prefix_override:/usr/lib/python3/dist-packages/colcon_core/task/python/colcon_distutils_commands:/home/robocatsorin/Desktop/RobotCode2025/ros2_ws/install/py_sensors/lib/python3.10/site-packages:${PYTHONPATH} /usr/bin/python3 -W ignore:setup.py install is deprecated -W ignore:easy_install command is deprecated setup.py egg_info --egg-base ../../build/py_sensors build --build-base /home/robocatsorin/Desktop/RobotCode2025/ros2_ws/build/py_sensors/build install --record /home/robocatsorin/Desktop/RobotCode2025/ros2_ws/build/py_sensors/install.log --single-version-externally-managed install_data
[3.058s] running egg_info
[3.058s] writing ../../build/py_sensors/py_sensors.egg-info/PKG-INFO
[3.059s] writing dependency_links to ../../build/py_sensors/py_sensors.egg-info/dependency_links.txt
[3.060s] writing entry points to ../../build/py_sensors/py_sensors.egg-info/entry_points.txt
[3.060s] writing requirements to ../../build/py_sensors/py_sensors.egg-info/requires.txt
[3.060s] writing top-level names to ../../build/py_sensors/py_sensors.egg-info/top_level.txt
[3.066s] reading manifest file '../../build/py_sensors/py_sensors.egg-info/SOURCES.txt'
[3.066s] adding license file 'LICENSE'
[3.069s] writing manifest file '../../build/py_sensors/py_sensors.egg-info/SOURCES.txt'
[3.069s] running build
[3.069s] running build_py
[3.070s] running install
[3.071s] running install_lib
[3.076s] running install_data
[3.076s] running install_egg_info
[3.080s] removing '/home/robocatsorin/Desktop/RobotCode2025/ros2_ws/install/py_sensors/lib/python3.10/site-packages/py_sensors-0.0.0-py3.10.egg-info' (and everything under it)
[3.084s] Copying ../../build/py_sensors/py_sensors.egg-info to /home/robocatsorin/Desktop/RobotCode2025/ros2_ws/install/py_sensors/lib/python3.10/site-packages/py_sensors-0.0.0-py3.10.egg-info
[3.085s] running install_scripts
[3.132s] Installing bar02 script to /home/robocatsorin/Desktop/RobotCode2025/ros2_ws/install/py_sensors/lib/py_sensors
[3.132s] Installing camera script to /home/robocatsorin/Desktop/RobotCode2025/ros2_ws/install/py_sensors/lib/py_sensors
[3.133s] Installing imu script to /home/robocatsorin/Desktop/RobotCode2025/ros2_ws/install/py_sensors/lib/py_sensors
[3.133s] writing list of installed files to '/home/robocatsorin/Desktop/RobotCode2025/ros2_ws/build/py_sensors/install.log'
[3.212s] Invoked command in '/home/robocatsorin/Desktop/RobotCode2025/ros2_ws/src/py_sensors' returned '0': CMAKE_PREFIX_PATH=/home/robocatsorin/Desktop/RobotCode2025/ros2_ws/install/custom_interfaces:/home/robocatsorin/Desktop/RobotCode2025/ros2_ws/install/usb_cam:/home/robocatsorin/Desktop/RobotCode2025/ros2_ws/install/cpp_subcontroller LD_LIBRARY_PATH=/home/robocatsorin/Desktop/RobotCode2025/ros2_ws/install/custom_interfaces/lib:/home/robocatsorin/Desktop/RobotCode2025/ros2_ws/install/usb_cam/lib:/opt/ros/humble/opt/rviz_ogre_vendor/lib:/opt/ros/humble/lib/aarch64-linux-gnu:/opt/ros/humble/lib:/usr/local/cuda-12.6/lib64 PYTHONPATH=/home/robocatsorin/Desktop/RobotCode2025/ros2_ws/build/py_sensors/prefix_override:/usr/lib/python3/dist-packages/colcon_core/task/python/colcon_distutils_commands:/home/robocatsorin/Desktop/RobotCode2025/ros2_ws/install/py_sensors/lib/python3.10/site-packages:${PYTHONPATH} /usr/bin/python3 -W ignore:setup.py install is deprecated -W ignore:easy_install command is deprecated setup.py egg_info --egg-base ../../build/py_sensors build --build-base /home/robocatsorin/Desktop/RobotCode2025/ros2_ws/build/py_sensors/build install --record /home/robocatsorin/Desktop/RobotCode2025/ros2_ws/build/py_sensors/install.log --single-version-externally-managed install_data
