[2.462s] Invoking command in '/home/robocatsorin/Desktop/RobotCode2025/ros2_ws/src/py_sensors': AMENT_PREFIX_PATH=/home/robocatsorin/Desktop/RobotCode2025/ros2_ws/install/custom_interfaces:${AMENT_PREFIX_PATH} CMAKE_PREFIX_PATH=/home/robocatsorin/Desktop/RobotCode2025/ros2_ws/install/custom_interfaces LD_LIBRARY_PATH=/home/robocatsorin/Desktop/RobotCode2025/ros2_ws/install/custom_interfaces/lib:/opt/ros/humble/opt/rviz_ogre_vendor/lib:/opt/ros/humble/lib/aarch64-linux-gnu:/opt/ros/humble/lib:/usr/local/cuda-12.6/lib64 PYTHONPATH=/home/robocatsorin/Desktop/RobotCode2025/ros2_ws/build/py_sensors/prefix_override:/usr/lib/python3/dist-packages/colcon_core/task/python/colcon_distutils_commands:/home/robocatsorin/Desktop/RobotCode2025/ros2_ws/install/py_sensors/lib/python3.10/site-packages:/home/robocatsorin/Desktop/RobotCode2025/ros2_ws/install/custom_interfaces/local/lib/python3.10/dist-packages:${PYTHONPATH} /usr/bin/python3 -W ignore:setup.py install is deprecated -W ignore:easy_install command is deprecated setup.py egg_info --egg-base ../../build/py_sensors build --build-base /home/robocatsorin/Desktop/RobotCode2025/ros2_ws/build/py_sensors/build install --record /home/robocatsorin/Desktop/RobotCode2025/ros2_ws/build/py_sensors/install.log --single-version-externally-managed install_data
[2.944s] running egg_info
[2.945s] creating ../../build/py_sensors/py_sensors.egg-info
[2.946s] writing ../../build/py_sensors/py_sensors.egg-info/PKG-INFO
[2.946s] writing dependency_links to ../../build/py_sensors/py_sensors.egg-info/dependency_links.txt
[2.946s] writing entry points to ../../build/py_sensors/py_sensors.egg-info/entry_points.txt
[2.947s] writing requirements to ../../build/py_sensors/py_sensors.egg-info/requires.txt
[2.947s] writing top-level names to ../../build/py_sensors/py_sensors.egg-info/top_level.txt
[2.947s] writing manifest file '../../build/py_sensors/py_sensors.egg-info/SOURCES.txt'
[2.952s] reading manifest file '../../build/py_sensors/py_sensors.egg-info/SOURCES.txt'
[2.952s] adding license file 'LICENSE'
[2.953s] writing manifest file '../../build/py_sensors/py_sensors.egg-info/SOURCES.txt'
[2.954s] running build
[2.954s] running build_py
[2.954s] creating /home/robocatsorin/Desktop/RobotCode2025/ros2_ws/build/py_sensors/build
[2.954s] creating /home/robocatsorin/Desktop/RobotCode2025/ros2_ws/build/py_sensors/build/lib
[2.954s] creating /home/robocatsorin/Desktop/RobotCode2025/ros2_ws/build/py_sensors/build/lib/py_sensors
[2.955s] copying py_sensors/__init__.py -> /home/robocatsorin/Desktop/RobotCode2025/ros2_ws/build/py_sensors/build/lib/py_sensors
[2.955s] copying py_sensors/depth_publisher.py -> /home/robocatsorin/Desktop/RobotCode2025/ros2_ws/build/py_sensors/build/lib/py_sensors
[2.955s] copying py_sensors/BNO.py -> /home/robocatsorin/Desktop/RobotCode2025/ros2_ws/build/py_sensors/build/lib/py_sensors
[2.955s] copying py_sensors/imu_publisher.py -> /home/robocatsorin/Desktop/RobotCode2025/ros2_ws/build/py_sensors/build/lib/py_sensors
[2.955s] copying py_sensors/BAR02.py -> /home/robocatsorin/Desktop/RobotCode2025/ros2_ws/build/py_sensors/build/lib/py_sensors
[2.956s] creating /home/robocatsorin/Desktop/RobotCode2025/ros2_ws/build/py_sensors/build/lib/py_sensors/ms5837
[2.956s] copying py_sensors/ms5837/__init__.py -> /home/robocatsorin/Desktop/RobotCode2025/ros2_ws/build/py_sensors/build/lib/py_sensors/ms5837
[2.956s] copying py_sensors/ms5837/ms5837.py -> /home/robocatsorin/Desktop/RobotCode2025/ros2_ws/build/py_sensors/build/lib/py_sensors/ms5837
[2.957s] running install
[2.957s] running install_lib
[2.959s] creating /home/robocatsorin/Desktop/RobotCode2025/ros2_ws/install/py_sensors/lib/python3.10/site-packages/py_sensors
[2.960s] copying /home/robocatsorin/Desktop/RobotCode2025/ros2_ws/build/py_sensors/build/lib/py_sensors/__init__.py -> /home/robocatsorin/Desktop/RobotCode2025/ros2_ws/install/py_sensors/lib/python3.10/site-packages/py_sensors
[2.960s] creating /home/robocatsorin/Desktop/RobotCode2025/ros2_ws/install/py_sensors/lib/python3.10/site-packages/py_sensors/ms5837
[2.960s] copying /home/robocatsorin/Desktop/RobotCode2025/ros2_ws/build/py_sensors/build/lib/py_sensors/ms5837/__init__.py -> /home/robocatsorin/Desktop/RobotCode2025/ros2_ws/install/py_sensors/lib/python3.10/site-packages/py_sensors/ms5837
[2.960s] copying /home/robocatsorin/Desktop/RobotCode2025/ros2_ws/build/py_sensors/build/lib/py_sensors/ms5837/ms5837.py -> /home/robocatsorin/Desktop/RobotCode2025/ros2_ws/install/py_sensors/lib/python3.10/site-packages/py_sensors/ms5837
[2.960s] copying /home/robocatsorin/Desktop/RobotCode2025/ros2_ws/build/py_sensors/build/lib/py_sensors/depth_publisher.py -> /home/robocatsorin/Desktop/RobotCode2025/ros2_ws/install/py_sensors/lib/python3.10/site-packages/py_sensors
[2.960s] copying /home/robocatsorin/Desktop/RobotCode2025/ros2_ws/build/py_sensors/build/lib/py_sensors/BNO.py -> /home/robocatsorin/Desktop/RobotCode2025/ros2_ws/install/py_sensors/lib/python3.10/site-packages/py_sensors
[2.961s] copying /home/robocatsorin/Desktop/RobotCode2025/ros2_ws/build/py_sensors/build/lib/py_sensors/imu_publisher.py -> /home/robocatsorin/Desktop/RobotCode2025/ros2_ws/install/py_sensors/lib/python3.10/site-packages/py_sensors
[2.961s] copying /home/robocatsorin/Desktop/RobotCode2025/ros2_ws/build/py_sensors/build/lib/py_sensors/BAR02.py -> /home/robocatsorin/Desktop/RobotCode2025/ros2_ws/install/py_sensors/lib/python3.10/site-packages/py_sensors
[2.962s] byte-compiling /home/robocatsorin/Desktop/RobotCode2025/ros2_ws/install/py_sensors/lib/python3.10/site-packages/py_sensors/__init__.py to __init__.cpython-310.pyc
[2.963s] byte-compiling /home/robocatsorin/Desktop/RobotCode2025/ros2_ws/install/py_sensors/lib/python3.10/site-packages/py_sensors/ms5837/__init__.py to __init__.cpython-310.pyc
[2.963s] byte-compiling /home/robocatsorin/Desktop/RobotCode2025/ros2_ws/install/py_sensors/lib/python3.10/site-packages/py_sensors/ms5837/ms5837.py to ms5837.cpython-310.pyc
[2.966s] byte-compiling /home/robocatsorin/Desktop/RobotCode2025/ros2_ws/install/py_sensors/lib/python3.10/site-packages/py_sensors/depth_publisher.py to depth_publisher.cpython-310.pyc
[2.967s] byte-compiling /home/robocatsorin/Desktop/RobotCode2025/ros2_ws/install/py_sensors/lib/python3.10/site-packages/py_sensors/BNO.py to BNO.cpython-310.pyc
[2.968s] byte-compiling /home/robocatsorin/Desktop/RobotCode2025/ros2_ws/install/py_sensors/lib/python3.10/site-packages/py_sensors/imu_publisher.py to imu_publisher.cpython-310.pyc
[2.969s] byte-compiling /home/robocatsorin/Desktop/RobotCode2025/ros2_ws/install/py_sensors/lib/python3.10/site-packages/py_sensors/BAR02.py to BAR02.cpython-310.pyc
[2.969s] running install_data
[2.970s] creating /home/robocatsorin/Desktop/RobotCode2025/ros2_ws/install/py_sensors/share/ament_index
[2.970s] creating /home/robocatsorin/Desktop/RobotCode2025/ros2_ws/install/py_sensors/share/ament_index/resource_index
[2.970s] creating /home/robocatsorin/Desktop/RobotCode2025/ros2_ws/install/py_sensors/share/ament_index/resource_index/packages
[2.971s] copying resource/py_sensors -> /home/robocatsorin/Desktop/RobotCode2025/ros2_ws/install/py_sensors/share/ament_index/resource_index/packages
[2.971s] copying package.xml -> /home/robocatsorin/Desktop/RobotCode2025/ros2_ws/install/py_sensors/share/py_sensors
[2.971s] running install_egg_info
[2.975s] Copying ../../build/py_sensors/py_sensors.egg-info to /home/robocatsorin/Desktop/RobotCode2025/ros2_ws/install/py_sensors/lib/python3.10/site-packages/py_sensors-0.0.0-py3.10.egg-info
[2.978s] running install_scripts
[3.020s] Installing bar02 script to /home/robocatsorin/Desktop/RobotCode2025/ros2_ws/install/py_sensors/lib/py_sensors
[3.021s] Installing camera script to /home/robocatsorin/Desktop/RobotCode2025/ros2_ws/install/py_sensors/lib/py_sensors
[3.021s] Installing imu script to /home/robocatsorin/Desktop/RobotCode2025/ros2_ws/install/py_sensors/lib/py_sensors
[3.022s] writing list of installed files to '/home/robocatsorin/Desktop/RobotCode2025/ros2_ws/build/py_sensors/install.log'
[3.112s] Invoked command in '/home/robocatsorin/Desktop/RobotCode2025/ros2_ws/src/py_sensors' returned '0': AMENT_PREFIX_PATH=/home/robocatsorin/Desktop/RobotCode2025/ros2_ws/install/custom_interfaces:${AMENT_PREFIX_PATH} CMAKE_PREFIX_PATH=/home/robocatsorin/Desktop/RobotCode2025/ros2_ws/install/custom_interfaces LD_LIBRARY_PATH=/home/robocatsorin/Desktop/RobotCode2025/ros2_ws/install/custom_interfaces/lib:/opt/ros/humble/opt/rviz_ogre_vendor/lib:/opt/ros/humble/lib/aarch64-linux-gnu:/opt/ros/humble/lib:/usr/local/cuda-12.6/lib64 PYTHONPATH=/home/robocatsorin/Desktop/RobotCode2025/ros2_ws/build/py_sensors/prefix_override:/usr/lib/python3/dist-packages/colcon_core/task/python/colcon_distutils_commands:/home/robocatsorin/Desktop/RobotCode2025/ros2_ws/install/py_sensors/lib/python3.10/site-packages:/home/robocatsorin/Desktop/RobotCode2025/ros2_ws/install/custom_interfaces/local/lib/python3.10/dist-packages:${PYTHONPATH} /usr/bin/python3 -W ignore:setup.py install is deprecated -W ignore:easy_install command is deprecated setup.py egg_info --egg-base ../../build/py_sensors build --build-base /home/robocatsorin/Desktop/RobotCode2025/ros2_ws/build/py_sensors/build install --record /home/robocatsorin/Desktop/RobotCode2025/ros2_ws/build/py_sensors/install.log --single-version-externally-managed install_data
