[0.173s] DEBUG:colcon:Command line arguments: ['/usr/bin/colcon', 'build']
[0.174s] DEBUG:colcon:Parsed command line arguments: Namespace(log_base=None, log_level=None, verb_name='build', build_base='build', install_base='install', merge_install=False, symlink_install=False, test_result_base=None, continue_on_error=False, executor='parallel', parallel_workers=12, event_handlers=None, ignore_user_meta=False, metas=['./colcon.meta'], base_paths=['.'], packages_ignore=None, packages_ignore_regex=None, paths=None, packages_up_to=None, packages_up_to_regex=None, packages_above=None, packages_above_and_dependencies=None, packages_above_depth=None, packages_select_by_dep=None, packages_skip_by_dep=None, packages_skip_up_to=None, packages_select_build_failed=False, packages_skip_build_finished=False, packages_select_test_failures=False, packages_skip_test_passed=False, packages_select=None, packages_skip=None, packages_select_regex=None, packages_skip_regex=None, packages_start=None, packages_end=None, allow_overriding=[], cmake_args=None, cmake_target=None, cmake_target_skip_unavailable=False, cmake_clean_cache=False, cmake_clean_first=False, cmake_force_configure=False, ament_cmake_args=None, catkin_cmake_args=None, catkin_skip_building_tests=False, verb_parser=<colcon_defaults.argument_parser.defaults.DefaultArgumentsDecorator object at 0xffff86ee4f10>, verb_extension=<colcon_core.verb.build.BuildVerb object at 0xffff870a2ce0>, main=<bound method BuildVerb.main of <colcon_core.verb.build.BuildVerb object at 0xffff870a2ce0>>)
[0.444s] Level 1:colcon.colcon_core.package_discovery:discover_packages(colcon_meta) check parameters
[0.444s] Level 1:colcon.colcon_core.package_discovery:discover_packages(recursive) check parameters
[0.444s] Level 1:colcon.colcon_core.package_discovery:discover_packages(ignore) check parameters
[0.444s] Level 1:colcon.colcon_core.package_discovery:discover_packages(path) check parameters
[0.445s] Level 1:colcon.colcon_core.package_discovery:discover_packages(colcon_meta) discover
[0.445s] Level 1:colcon.colcon_core.package_discovery:discover_packages(recursive) discover
[0.445s] INFO:colcon.colcon_core.package_discovery:Crawling recursively for packages in '/home/robocats/Desktop/RobotCode2025/ros2_ws'
[0.445s] Level 1:colcon.colcon_core.package_identification:_identify(.) by extensions ['ignore', 'ignore_ament_install']
[0.445s] Level 1:colcon.colcon_core.package_identification:_identify(.) by extension 'ignore'
[0.445s] Level 1:colcon.colcon_core.package_identification:_identify(.) by extension 'ignore_ament_install'
[0.445s] Level 1:colcon.colcon_core.package_identification:_identify(.) by extensions ['colcon_pkg']
[0.446s] Level 1:colcon.colcon_core.package_identification:_identify(.) by extension 'colcon_pkg'
[0.446s] Level 1:colcon.colcon_core.package_identification:_identify(.) by extensions ['colcon_meta']
[0.446s] Level 1:colcon.colcon_core.package_identification:_identify(.) by extension 'colcon_meta'
[0.446s] Level 1:colcon.colcon_core.package_identification:_identify(.) by extensions ['ros']
[0.446s] Level 1:colcon.colcon_core.package_identification:_identify(.) by extension 'ros'
[0.463s] Level 1:colcon.colcon_core.package_identification:_identify(.) by extensions ['cmake', 'python']
[0.464s] Level 1:colcon.colcon_core.package_identification:_identify(.) by extension 'cmake'
[0.464s] Level 1:colcon.colcon_core.package_identification:_identify(.) by extension 'python'
[0.464s] Level 1:colcon.colcon_core.package_identification:_identify(.) by extensions ['python_setup_py']
[0.464s] Level 1:colcon.colcon_core.package_identification:_identify(.) by extension 'python_setup_py'
[0.464s] Level 1:colcon.colcon_core.package_identification:_identify(build) by extensions ['ignore', 'ignore_ament_install']
[0.464s] Level 1:colcon.colcon_core.package_identification:_identify(build) by extension 'ignore'
[0.464s] Level 1:colcon.colcon_core.package_identification:_identify(build) ignored
[0.465s] Level 1:colcon.colcon_core.package_identification:_identify(install) by extensions ['ignore', 'ignore_ament_install']
[0.465s] Level 1:colcon.colcon_core.package_identification:_identify(install) by extension 'ignore'
[0.465s] Level 1:colcon.colcon_core.package_identification:_identify(install) ignored
[0.465s] Level 1:colcon.colcon_core.package_identification:_identify(launch) by extensions ['ignore', 'ignore_ament_install']
[0.465s] Level 1:colcon.colcon_core.package_identification:_identify(launch) by extension 'ignore'
[0.465s] Level 1:colcon.colcon_core.package_identification:_identify(launch) by extension 'ignore_ament_install'
[0.465s] Level 1:colcon.colcon_core.package_identification:_identify(launch) by extensions ['colcon_pkg']
[0.465s] Level 1:colcon.colcon_core.package_identification:_identify(launch) by extension 'colcon_pkg'
[0.466s] Level 1:colcon.colcon_core.package_identification:_identify(launch) by extensions ['colcon_meta']
[0.466s] Level 1:colcon.colcon_core.package_identification:_identify(launch) by extension 'colcon_meta'
[0.466s] Level 1:colcon.colcon_core.package_identification:_identify(launch) by extensions ['ros']
[0.466s] Level 1:colcon.colcon_core.package_identification:_identify(launch) by extension 'ros'
[0.466s] Level 1:colcon.colcon_core.package_identification:_identify(launch) by extensions ['cmake', 'python']
[0.466s] Level 1:colcon.colcon_core.package_identification:_identify(launch) by extension 'cmake'
[0.466s] Level 1:colcon.colcon_core.package_identification:_identify(launch) by extension 'python'
[0.466s] Level 1:colcon.colcon_core.package_identification:_identify(launch) by extensions ['python_setup_py']
[0.466s] Level 1:colcon.colcon_core.package_identification:_identify(launch) by extension 'python_setup_py'
[0.466s] Level 1:colcon.colcon_core.package_identification:_identify(launch/__pycache__) by extensions ['ignore', 'ignore_ament_install']
[0.466s] Level 1:colcon.colcon_core.package_identification:_identify(launch/__pycache__) by extension 'ignore'
[0.466s] Level 1:colcon.colcon_core.package_identification:_identify(launch/__pycache__) by extension 'ignore_ament_install'
[0.467s] Level 1:colcon.colcon_core.package_identification:_identify(launch/__pycache__) by extensions ['colcon_pkg']
[0.467s] Level 1:colcon.colcon_core.package_identification:_identify(launch/__pycache__) by extension 'colcon_pkg'
[0.467s] Level 1:colcon.colcon_core.package_identification:_identify(launch/__pycache__) by extensions ['colcon_meta']
[0.467s] Level 1:colcon.colcon_core.package_identification:_identify(launch/__pycache__) by extension 'colcon_meta'
[0.467s] Level 1:colcon.colcon_core.package_identification:_identify(launch/__pycache__) by extensions ['ros']
[0.467s] Level 1:colcon.colcon_core.package_identification:_identify(launch/__pycache__) by extension 'ros'
[0.467s] Level 1:colcon.colcon_core.package_identification:_identify(launch/__pycache__) by extensions ['cmake', 'python']
[0.467s] Level 1:colcon.colcon_core.package_identification:_identify(launch/__pycache__) by extension 'cmake'
[0.467s] Level 1:colcon.colcon_core.package_identification:_identify(launch/__pycache__) by extension 'python'
[0.467s] Level 1:colcon.colcon_core.package_identification:_identify(launch/__pycache__) by extensions ['python_setup_py']
[0.467s] Level 1:colcon.colcon_core.package_identification:_identify(launch/__pycache__) by extension 'python_setup_py'
[0.467s] Level 1:colcon.colcon_core.package_identification:_identify(log) by extensions ['ignore', 'ignore_ament_install']
[0.468s] Level 1:colcon.colcon_core.package_identification:_identify(log) by extension 'ignore'
[0.468s] Level 1:colcon.colcon_core.package_identification:_identify(log) ignored
[0.468s] Level 1:colcon.colcon_core.package_identification:_identify(src) by extensions ['ignore', 'ignore_ament_install']
[0.468s] Level 1:colcon.colcon_core.package_identification:_identify(src) by extension 'ignore'
[0.468s] Level 1:colcon.colcon_core.package_identification:_identify(src) by extension 'ignore_ament_install'
[0.468s] Level 1:colcon.colcon_core.package_identification:_identify(src) by extensions ['colcon_pkg']
[0.468s] Level 1:colcon.colcon_core.package_identification:_identify(src) by extension 'colcon_pkg'
[0.468s] Level 1:colcon.colcon_core.package_identification:_identify(src) by extensions ['colcon_meta']
[0.468s] Level 1:colcon.colcon_core.package_identification:_identify(src) by extension 'colcon_meta'
[0.468s] Level 1:colcon.colcon_core.package_identification:_identify(src) by extensions ['ros']
[0.468s] Level 1:colcon.colcon_core.package_identification:_identify(src) by extension 'ros'
[0.469s] Level 1:colcon.colcon_core.package_identification:_identify(src) by extensions ['cmake', 'python']
[0.469s] Level 1:colcon.colcon_core.package_identification:_identify(src) by extension 'cmake'
[0.469s] Level 1:colcon.colcon_core.package_identification:_identify(src) by extension 'python'
[0.469s] Level 1:colcon.colcon_core.package_identification:_identify(src) by extensions ['python_setup_py']
[0.469s] Level 1:colcon.colcon_core.package_identification:_identify(src) by extension 'python_setup_py'
[0.469s] Level 1:colcon.colcon_core.package_identification:_identify(src/custom_interfaces) by extensions ['ignore', 'ignore_ament_install']
[0.469s] Level 1:colcon.colcon_core.package_identification:_identify(src/custom_interfaces) by extension 'ignore'
[0.469s] Level 1:colcon.colcon_core.package_identification:_identify(src/custom_interfaces) by extension 'ignore_ament_install'
[0.469s] Level 1:colcon.colcon_core.package_identification:_identify(src/custom_interfaces) by extensions ['colcon_pkg']
[0.469s] Level 1:colcon.colcon_core.package_identification:_identify(src/custom_interfaces) by extension 'colcon_pkg'
[0.469s] Level 1:colcon.colcon_core.package_identification:_identify(src/custom_interfaces) by extensions ['colcon_meta']
[0.469s] Level 1:colcon.colcon_core.package_identification:_identify(src/custom_interfaces) by extension 'colcon_meta'
[0.469s] Level 1:colcon.colcon_core.package_identification:_identify(src/custom_interfaces) by extensions ['ros']
[0.470s] Level 1:colcon.colcon_core.package_identification:_identify(src/custom_interfaces) by extension 'ros'
[0.474s] DEBUG:colcon.colcon_core.package_identification:Package 'src/custom_interfaces' with type 'ros.ament_cmake' and name 'custom_interfaces'
[0.474s] Level 1:colcon.colcon_core.package_identification:_identify(src/py_sensors) by extensions ['ignore', 'ignore_ament_install']
[0.474s] Level 1:colcon.colcon_core.package_identification:_identify(src/py_sensors) by extension 'ignore'
[0.474s] Level 1:colcon.colcon_core.package_identification:_identify(src/py_sensors) by extension 'ignore_ament_install'
[0.474s] Level 1:colcon.colcon_core.package_identification:_identify(src/py_sensors) by extensions ['colcon_pkg']
[0.474s] Level 1:colcon.colcon_core.package_identification:_identify(src/py_sensors) by extension 'colcon_pkg'
[0.474s] Level 1:colcon.colcon_core.package_identification:_identify(src/py_sensors) by extensions ['colcon_meta']
[0.475s] Level 1:colcon.colcon_core.package_identification:_identify(src/py_sensors) by extension 'colcon_meta'
[0.475s] Level 1:colcon.colcon_core.package_identification:_identify(src/py_sensors) by extensions ['ros']
[0.475s] Level 1:colcon.colcon_core.package_identification:_identify(src/py_sensors) by extension 'ros'
[0.476s] DEBUG:colcon.colcon_core.package_identification:Package 'src/py_sensors' with type 'ros.ament_python' and name 'py_sensors'
[0.476s] Level 1:colcon.colcon_core.package_discovery:discover_packages(recursive) using defaults
[0.476s] Level 1:colcon.colcon_core.package_discovery:discover_packages(ignore) discover
[0.476s] Level 1:colcon.colcon_core.package_discovery:discover_packages(ignore) using defaults
[0.476s] Level 1:colcon.colcon_core.package_discovery:discover_packages(path) discover
[0.476s] Level 1:colcon.colcon_core.package_discovery:discover_packages(path) using defaults
[0.539s] Level 1:colcon.colcon_core.package_discovery:discover_packages(prefix_path) check parameters
[0.539s] Level 1:colcon.colcon_core.package_discovery:discover_packages(prefix_path) discover
[0.542s] DEBUG:colcon.colcon_installed_package_information.package_discovery:Found 2 installed packages in /home/robocats/Desktop/RobotCode2025/ros2_ws/install
[0.544s] DEBUG:colcon.colcon_installed_package_information.package_discovery:Found 303 installed packages in /opt/ros/humble
[0.546s] Level 1:colcon.colcon_core.package_discovery:discover_packages(prefix_path) using defaults
[0.608s] Level 5:colcon.colcon_core.verb:set package 'custom_interfaces' build argument 'cmake_args' from command line to 'None'
[0.608s] Level 5:colcon.colcon_core.verb:set package 'custom_interfaces' build argument 'cmake_target' from command line to 'None'
[0.608s] Level 5:colcon.colcon_core.verb:set package 'custom_interfaces' build argument 'cmake_target_skip_unavailable' from command line to 'False'
[0.608s] Level 5:colcon.colcon_core.verb:set package 'custom_interfaces' build argument 'cmake_clean_cache' from command line to 'False'
[0.608s] Level 5:colcon.colcon_core.verb:set package 'custom_interfaces' build argument 'cmake_clean_first' from command line to 'False'
[0.608s] Level 5:colcon.colcon_core.verb:set package 'custom_interfaces' build argument 'cmake_force_configure' from command line to 'False'
[0.608s] Level 5:colcon.colcon_core.verb:set package 'custom_interfaces' build argument 'ament_cmake_args' from command line to 'None'
[0.608s] Level 5:colcon.colcon_core.verb:set package 'custom_interfaces' build argument 'catkin_cmake_args' from command line to 'None'
[0.608s] Level 5:colcon.colcon_core.verb:set package 'custom_interfaces' build argument 'catkin_skip_building_tests' from command line to 'False'
[0.608s] DEBUG:colcon.colcon_core.verb:Building package 'custom_interfaces' with the following arguments: {'ament_cmake_args': None, 'build_base': '/home/robocats/Desktop/RobotCode2025/ros2_ws/build/custom_interfaces', 'catkin_cmake_args': None, 'catkin_skip_building_tests': False, 'cmake_args': None, 'cmake_clean_cache': False, 'cmake_clean_first': False, 'cmake_force_configure': False, 'cmake_target': None, 'cmake_target_skip_unavailable': False, 'install_base': '/home/robocats/Desktop/RobotCode2025/ros2_ws/install/custom_interfaces', 'merge_install': False, 'path': '/home/robocats/Desktop/RobotCode2025/ros2_ws/src/custom_interfaces', 'symlink_install': False, 'test_result_base': None}
[0.609s] Level 5:colcon.colcon_core.verb:set package 'py_sensors' build argument 'cmake_args' from command line to 'None'
[0.609s] Level 5:colcon.colcon_core.verb:set package 'py_sensors' build argument 'cmake_target' from command line to 'None'
[0.609s] Level 5:colcon.colcon_core.verb:set package 'py_sensors' build argument 'cmake_target_skip_unavailable' from command line to 'False'
[0.609s] Level 5:colcon.colcon_core.verb:set package 'py_sensors' build argument 'cmake_clean_cache' from command line to 'False'
[0.609s] Level 5:colcon.colcon_core.verb:set package 'py_sensors' build argument 'cmake_clean_first' from command line to 'False'
[0.609s] Level 5:colcon.colcon_core.verb:set package 'py_sensors' build argument 'cmake_force_configure' from command line to 'False'
[0.609s] Level 5:colcon.colcon_core.verb:set package 'py_sensors' build argument 'ament_cmake_args' from command line to 'None'
[0.609s] Level 5:colcon.colcon_core.verb:set package 'py_sensors' build argument 'catkin_cmake_args' from command line to 'None'
[0.609s] Level 5:colcon.colcon_core.verb:set package 'py_sensors' build argument 'catkin_skip_building_tests' from command line to 'False'
[0.609s] DEBUG:colcon.colcon_core.verb:Building package 'py_sensors' with the following arguments: {'ament_cmake_args': None, 'build_base': '/home/robocats/Desktop/RobotCode2025/ros2_ws/build/py_sensors', 'catkin_cmake_args': None, 'catkin_skip_building_tests': False, 'cmake_args': None, 'cmake_clean_cache': False, 'cmake_clean_first': False, 'cmake_force_configure': False, 'cmake_target': None, 'cmake_target_skip_unavailable': False, 'install_base': '/home/robocats/Desktop/RobotCode2025/ros2_ws/install/py_sensors', 'merge_install': False, 'path': '/home/robocats/Desktop/RobotCode2025/ros2_ws/src/py_sensors', 'symlink_install': False, 'test_result_base': None}
[0.610s] INFO:colcon.colcon_core.executor:Executing jobs using 'parallel' executor
[0.611s] DEBUG:colcon.colcon_parallel_executor.executor.parallel:run_until_complete
[0.612s] INFO:colcon.colcon_ros.task.ament_cmake.build:Building ROS package in '/home/robocats/Desktop/RobotCode2025/ros2_ws/src/custom_interfaces' with build type 'ament_cmake'
[0.612s] INFO:colcon.colcon_cmake.task.cmake.build:Building CMake package in '/home/robocats/Desktop/RobotCode2025/ros2_ws/src/custom_interfaces'
[0.616s] INFO:colcon.colcon_core.plugin_system:Skipping extension 'colcon_core.shell.bat': Not used on non-Windows systems
[0.617s] INFO:colcon.colcon_core.shell:Skip shell extension 'powershell' for command environment: Not usable outside of PowerShell
[0.617s] DEBUG:colcon.colcon_core.shell:Skip shell extension 'dsv' for command environment
[0.633s] DEBUG:colcon.colcon_core.event_handler.log_command:Invoking command in '/home/robocats/Desktop/RobotCode2025/ros2_ws/build/custom_interfaces': CMAKE_PREFIX_PATH=${CMAKE_PREFIX_PATH}:/home/robocats/Desktop/RobotCode2025/ros2_ws/install/py_sensors:/opt/ros/humble /usr/bin/cmake --build /home/robocats/Desktop/RobotCode2025/ros2_ws/build/custom_interfaces -- -j12 -l12
[1.272s] DEBUG:colcon.colcon_core.event_handler.log_command:Invoked command in '/home/robocats/Desktop/RobotCode2025/ros2_ws/build/custom_interfaces' returned '0': CMAKE_PREFIX_PATH=${CMAKE_PREFIX_PATH}:/home/robocats/Desktop/RobotCode2025/ros2_ws/install/py_sensors:/opt/ros/humble /usr/bin/cmake --build /home/robocats/Desktop/RobotCode2025/ros2_ws/build/custom_interfaces -- -j12 -l12
[1.289s] DEBUG:colcon.colcon_core.event_handler.log_command:Invoking command in '/home/robocats/Desktop/RobotCode2025/ros2_ws/build/custom_interfaces': CMAKE_PREFIX_PATH=${CMAKE_PREFIX_PATH}:/home/robocats/Desktop/RobotCode2025/ros2_ws/install/py_sensors:/opt/ros/humble /usr/bin/cmake --install /home/robocats/Desktop/RobotCode2025/ros2_ws/build/custom_interfaces
[1.386s] Level 1:colcon.colcon_core.environment:create_environment_scripts_only(custom_interfaces)
[1.387s] DEBUG:colcon.colcon_core.event_handler.log_command:Invoked command in '/home/robocats/Desktop/RobotCode2025/ros2_ws/build/custom_interfaces' returned '0': CMAKE_PREFIX_PATH=${CMAKE_PREFIX_PATH}:/home/robocats/Desktop/RobotCode2025/ros2_ws/install/py_sensors:/opt/ros/humble /usr/bin/cmake --install /home/robocats/Desktop/RobotCode2025/ros2_ws/build/custom_interfaces
[1.395s] Level 1:colcon.colcon_core.environment:checking '/home/robocats/Desktop/RobotCode2025/ros2_ws/install/custom_interfaces' for CMake module files
[1.398s] Level 1:colcon.colcon_core.environment:checking '/home/robocats/Desktop/RobotCode2025/ros2_ws/install/custom_interfaces' for CMake config files
[1.400s] Level 1:colcon.colcon_core.shell:create_environment_hook('custom_interfaces', 'cmake_prefix_path')
[1.400s] INFO:colcon.colcon_core.shell:Creating environment hook '/home/robocats/Desktop/RobotCode2025/ros2_ws/install/custom_interfaces/share/custom_interfaces/hook/cmake_prefix_path.ps1'
[1.403s] INFO:colcon.colcon_core.shell:Creating environment descriptor '/home/robocats/Desktop/RobotCode2025/ros2_ws/install/custom_interfaces/share/custom_interfaces/hook/cmake_prefix_path.dsv'
[1.404s] INFO:colcon.colcon_core.shell:Creating environment hook '/home/robocats/Desktop/RobotCode2025/ros2_ws/install/custom_interfaces/share/custom_interfaces/hook/cmake_prefix_path.sh'
[1.408s] Level 1:colcon.colcon_core.environment:checking '/home/robocats/Desktop/RobotCode2025/ros2_ws/install/custom_interfaces/lib'
[1.408s] Level 1:colcon.colcon_core.shell:create_environment_hook('custom_interfaces', 'ld_library_path_lib')
[1.409s] INFO:colcon.colcon_core.shell:Creating environment hook '/home/robocats/Desktop/RobotCode2025/ros2_ws/install/custom_interfaces/share/custom_interfaces/hook/ld_library_path_lib.ps1'
[1.411s] INFO:colcon.colcon_core.shell:Creating environment descriptor '/home/robocats/Desktop/RobotCode2025/ros2_ws/install/custom_interfaces/share/custom_interfaces/hook/ld_library_path_lib.dsv'
[1.412s] INFO:colcon.colcon_core.shell:Creating environment hook '/home/robocats/Desktop/RobotCode2025/ros2_ws/install/custom_interfaces/share/custom_interfaces/hook/ld_library_path_lib.sh'
[1.414s] Level 1:colcon.colcon_core.environment:checking '/home/robocats/Desktop/RobotCode2025/ros2_ws/install/custom_interfaces/bin'
[1.414s] Level 1:colcon.colcon_core.environment:checking '/home/robocats/Desktop/RobotCode2025/ros2_ws/install/custom_interfaces/lib/pkgconfig/custom_interfaces.pc'
[1.415s] Level 1:colcon.colcon_core.environment:checking '/home/robocats/Desktop/RobotCode2025/ros2_ws/install/custom_interfaces/lib/python3.10/site-packages'
[1.416s] Level 1:colcon.colcon_core.environment:checking '/home/robocats/Desktop/RobotCode2025/ros2_ws/install/custom_interfaces/bin'
[1.417s] INFO:colcon.colcon_core.shell:Creating package script '/home/robocats/Desktop/RobotCode2025/ros2_ws/install/custom_interfaces/share/custom_interfaces/package.ps1'
[1.420s] INFO:colcon.colcon_core.shell:Creating package descriptor '/home/robocats/Desktop/RobotCode2025/ros2_ws/install/custom_interfaces/share/custom_interfaces/package.dsv'
[1.422s] INFO:colcon.colcon_core.shell:Creating package script '/home/robocats/Desktop/RobotCode2025/ros2_ws/install/custom_interfaces/share/custom_interfaces/package.sh'
[1.424s] INFO:colcon.colcon_core.shell:Creating package script '/home/robocats/Desktop/RobotCode2025/ros2_ws/install/custom_interfaces/share/custom_interfaces/package.bash'
[1.427s] INFO:colcon.colcon_core.shell:Creating package script '/home/robocats/Desktop/RobotCode2025/ros2_ws/install/custom_interfaces/share/custom_interfaces/package.zsh'
[1.430s] Level 1:colcon.colcon_core.environment:create_file_with_runtime_dependencies(/home/robocats/Desktop/RobotCode2025/ros2_ws/install/custom_interfaces/share/colcon-core/packages/custom_interfaces)
[1.432s] Level 1:colcon.colcon_core.environment:create_environment_scripts_only(custom_interfaces)
[1.433s] Level 1:colcon.colcon_core.environment:checking '/home/robocats/Desktop/RobotCode2025/ros2_ws/install/custom_interfaces' for CMake module files
[1.435s] Level 1:colcon.colcon_core.environment:checking '/home/robocats/Desktop/RobotCode2025/ros2_ws/install/custom_interfaces' for CMake config files
[1.437s] Level 1:colcon.colcon_core.shell:create_environment_hook('custom_interfaces', 'cmake_prefix_path')
[1.438s] INFO:colcon.colcon_core.shell:Creating environment hook '/home/robocats/Desktop/RobotCode2025/ros2_ws/install/custom_interfaces/share/custom_interfaces/hook/cmake_prefix_path.ps1'
[1.439s] INFO:colcon.colcon_core.shell:Creating environment descriptor '/home/robocats/Desktop/RobotCode2025/ros2_ws/install/custom_interfaces/share/custom_interfaces/hook/cmake_prefix_path.dsv'
[1.440s] INFO:colcon.colcon_core.shell:Creating environment hook '/home/robocats/Desktop/RobotCode2025/ros2_ws/install/custom_interfaces/share/custom_interfaces/hook/cmake_prefix_path.sh'
[1.442s] Level 1:colcon.colcon_core.environment:checking '/home/robocats/Desktop/RobotCode2025/ros2_ws/install/custom_interfaces/lib'
[1.443s] Level 1:colcon.colcon_core.shell:create_environment_hook('custom_interfaces', 'ld_library_path_lib')
[1.443s] INFO:colcon.colcon_core.shell:Creating environment hook '/home/robocats/Desktop/RobotCode2025/ros2_ws/install/custom_interfaces/share/custom_interfaces/hook/ld_library_path_lib.ps1'
[1.445s] INFO:colcon.colcon_core.shell:Creating environment descriptor '/home/robocats/Desktop/RobotCode2025/ros2_ws/install/custom_interfaces/share/custom_interfaces/hook/ld_library_path_lib.dsv'
[1.446s] INFO:colcon.colcon_core.shell:Creating environment hook '/home/robocats/Desktop/RobotCode2025/ros2_ws/install/custom_interfaces/share/custom_interfaces/hook/ld_library_path_lib.sh'
[1.446s] Level 1:colcon.colcon_core.environment:checking '/home/robocats/Desktop/RobotCode2025/ros2_ws/install/custom_interfaces/bin'
[1.446s] Level 1:colcon.colcon_core.environment:checking '/home/robocats/Desktop/RobotCode2025/ros2_ws/install/custom_interfaces/lib/pkgconfig/custom_interfaces.pc'
[1.447s] Level 1:colcon.colcon_core.environment:checking '/home/robocats/Desktop/RobotCode2025/ros2_ws/install/custom_interfaces/lib/python3.10/site-packages'
[1.447s] Level 1:colcon.colcon_core.environment:checking '/home/robocats/Desktop/RobotCode2025/ros2_ws/install/custom_interfaces/bin'
[1.448s] INFO:colcon.colcon_core.shell:Creating package script '/home/robocats/Desktop/RobotCode2025/ros2_ws/install/custom_interfaces/share/custom_interfaces/package.ps1'
[1.449s] INFO:colcon.colcon_core.shell:Creating package descriptor '/home/robocats/Desktop/RobotCode2025/ros2_ws/install/custom_interfaces/share/custom_interfaces/package.dsv'
[1.450s] INFO:colcon.colcon_core.shell:Creating package script '/home/robocats/Desktop/RobotCode2025/ros2_ws/install/custom_interfaces/share/custom_interfaces/package.sh'
[1.451s] INFO:colcon.colcon_core.shell:Creating package script '/home/robocats/Desktop/RobotCode2025/ros2_ws/install/custom_interfaces/share/custom_interfaces/package.bash'
[1.452s] INFO:colcon.colcon_core.shell:Creating package script '/home/robocats/Desktop/RobotCode2025/ros2_ws/install/custom_interfaces/share/custom_interfaces/package.zsh'
[1.453s] Level 1:colcon.colcon_core.environment:create_file_with_runtime_dependencies(/home/robocats/Desktop/RobotCode2025/ros2_ws/install/custom_interfaces/share/colcon-core/packages/custom_interfaces)
[1.454s] INFO:colcon.colcon_ros.task.ament_python.build:Building ROS package in '/home/robocats/Desktop/RobotCode2025/ros2_ws/src/py_sensors' with build type 'ament_python'
[1.454s] Level 1:colcon.colcon_core.shell:create_environment_hook('py_sensors', 'ament_prefix_path')
[1.455s] INFO:colcon.colcon_core.shell:Creating environment hook '/home/robocats/Desktop/RobotCode2025/ros2_ws/install/py_sensors/share/py_sensors/hook/ament_prefix_path.ps1'
[1.457s] INFO:colcon.colcon_core.shell:Creating environment descriptor '/home/robocats/Desktop/RobotCode2025/ros2_ws/install/py_sensors/share/py_sensors/hook/ament_prefix_path.dsv'
[1.458s] INFO:colcon.colcon_core.shell:Creating environment hook '/home/robocats/Desktop/RobotCode2025/ros2_ws/install/py_sensors/share/py_sensors/hook/ament_prefix_path.sh'
[1.460s] INFO:colcon.colcon_core.shell:Skip shell extension 'powershell' for command environment: Not usable outside of PowerShell
[1.461s] DEBUG:colcon.colcon_core.shell:Skip shell extension 'dsv' for command environment
[1.918s] INFO:colcon.colcon_core.task.python.build:Building Python package in '/home/robocats/Desktop/RobotCode2025/ros2_ws/src/py_sensors'
[1.919s] INFO:colcon.colcon_core.shell:Skip shell extension 'powershell' for command environment: Not usable outside of PowerShell
[1.919s] DEBUG:colcon.colcon_core.shell:Skip shell extension 'dsv' for command environment
[2.479s] DEBUG:colcon.colcon_core.event_handler.log_command:Invoking command in '/home/robocats/Desktop/RobotCode2025/ros2_ws/src/py_sensors': LD_LIBRARY_PATH=/home/robocats/Desktop/RobotCode2025/ros2_ws/install/custom_interfaces/lib:/opt/ros/humble/opt/rviz_ogre_vendor/lib:/opt/ros/humble/lib/aarch64-linux-gnu:/opt/ros/humble/lib:/usr/local/cuda-12.2/lib64 PYTHONPATH=/home/robocats/Desktop/RobotCode2025/ros2_ws/build/py_sensors/prefix_override:/usr/lib/python3/dist-packages/colcon_core/task/python/colcon_distutils_commands:/home/robocats/Desktop/RobotCode2025/ros2_ws/install/py_sensors/lib/python3.10/site-packages:${PYTHONPATH} /usr/bin/python3 -W ignore:setup.py install is deprecated -W ignore:easy_install command is deprecated setup.py egg_info --egg-base ../../build/py_sensors build --build-base /home/robocats/Desktop/RobotCode2025/ros2_ws/build/py_sensors/build install --record /home/robocats/Desktop/RobotCode2025/ros2_ws/build/py_sensors/install.log --single-version-externally-managed install_data
[2.961s] Level 1:colcon.colcon_core.environment:checking '/home/robocats/Desktop/RobotCode2025/ros2_ws/install/py_sensors' for CMake module files
[2.964s] DEBUG:colcon.colcon_core.event_handler.log_command:Invoked command in '/home/robocats/Desktop/RobotCode2025/ros2_ws/src/py_sensors' returned '0': LD_LIBRARY_PATH=/home/robocats/Desktop/RobotCode2025/ros2_ws/install/custom_interfaces/lib:/opt/ros/humble/opt/rviz_ogre_vendor/lib:/opt/ros/humble/lib/aarch64-linux-gnu:/opt/ros/humble/lib:/usr/local/cuda-12.2/lib64 PYTHONPATH=/home/robocats/Desktop/RobotCode2025/ros2_ws/build/py_sensors/prefix_override:/usr/lib/python3/dist-packages/colcon_core/task/python/colcon_distutils_commands:/home/robocats/Desktop/RobotCode2025/ros2_ws/install/py_sensors/lib/python3.10/site-packages:${PYTHONPATH} /usr/bin/python3 -W ignore:setup.py install is deprecated -W ignore:easy_install command is deprecated setup.py egg_info --egg-base ../../build/py_sensors build --build-base /home/robocats/Desktop/RobotCode2025/ros2_ws/build/py_sensors/build install --record /home/robocats/Desktop/RobotCode2025/ros2_ws/build/py_sensors/install.log --single-version-externally-managed install_data
[2.965s] Level 1:colcon.colcon_core.environment:checking '/home/robocats/Desktop/RobotCode2025/ros2_ws/install/py_sensors' for CMake config files
[2.967s] Level 1:colcon.colcon_core.environment:checking '/home/robocats/Desktop/RobotCode2025/ros2_ws/install/py_sensors/lib'
[2.967s] Level 1:colcon.colcon_core.environment:checking '/home/robocats/Desktop/RobotCode2025/ros2_ws/install/py_sensors/bin'
[2.968s] Level 1:colcon.colcon_core.environment:checking '/home/robocats/Desktop/RobotCode2025/ros2_ws/install/py_sensors/lib/pkgconfig/py_sensors.pc'
[2.969s] Level 1:colcon.colcon_core.environment:checking '/home/robocats/Desktop/RobotCode2025/ros2_ws/install/py_sensors/lib/python3.10/site-packages'
[2.969s] Level 1:colcon.colcon_core.shell:create_environment_hook('py_sensors', 'pythonpath')
[2.970s] INFO:colcon.colcon_core.shell:Creating environment hook '/home/robocats/Desktop/RobotCode2025/ros2_ws/install/py_sensors/share/py_sensors/hook/pythonpath.ps1'
[2.972s] INFO:colcon.colcon_core.shell:Creating environment descriptor '/home/robocats/Desktop/RobotCode2025/ros2_ws/install/py_sensors/share/py_sensors/hook/pythonpath.dsv'
[2.974s] INFO:colcon.colcon_core.shell:Creating environment hook '/home/robocats/Desktop/RobotCode2025/ros2_ws/install/py_sensors/share/py_sensors/hook/pythonpath.sh'
[2.976s] Level 1:colcon.colcon_core.environment:checking '/home/robocats/Desktop/RobotCode2025/ros2_ws/install/py_sensors/bin'
[2.976s] Level 1:colcon.colcon_core.environment:create_environment_scripts_only(py_sensors)
[2.978s] INFO:colcon.colcon_core.shell:Creating package script '/home/robocats/Desktop/RobotCode2025/ros2_ws/install/py_sensors/share/py_sensors/package.ps1'
[2.980s] INFO:colcon.colcon_core.shell:Creating package descriptor '/home/robocats/Desktop/RobotCode2025/ros2_ws/install/py_sensors/share/py_sensors/package.dsv'
[2.982s] INFO:colcon.colcon_core.shell:Creating package script '/home/robocats/Desktop/RobotCode2025/ros2_ws/install/py_sensors/share/py_sensors/package.sh'
[2.984s] INFO:colcon.colcon_core.shell:Creating package script '/home/robocats/Desktop/RobotCode2025/ros2_ws/install/py_sensors/share/py_sensors/package.bash'
[2.985s] INFO:colcon.colcon_core.shell:Creating package script '/home/robocats/Desktop/RobotCode2025/ros2_ws/install/py_sensors/share/py_sensors/package.zsh'
[2.987s] Level 1:colcon.colcon_core.environment:create_file_with_runtime_dependencies(/home/robocats/Desktop/RobotCode2025/ros2_ws/install/py_sensors/share/colcon-core/packages/py_sensors)
[2.988s] DEBUG:colcon.colcon_parallel_executor.executor.parallel:closing loop
[2.989s] DEBUG:colcon.colcon_parallel_executor.executor.parallel:loop closed
[2.989s] DEBUG:colcon.colcon_parallel_executor.executor.parallel:run_until_complete finished with '0'
[2.990s] DEBUG:colcon.colcon_core.event_reactor:joining thread
[3.012s] INFO:colcon.colcon_core.plugin_system:Skipping extension 'colcon_notification.desktop_notification.terminal_notifier': Not used on non-Darwin systems
[3.013s] INFO:colcon.colcon_core.plugin_system:Skipping extension 'colcon_notification.desktop_notification.win32': Not used on non-Windows systems
[3.013s] INFO:colcon.colcon_notification.desktop_notification:Sending desktop notification using 'notify2'
[3.049s] DEBUG:colcon.colcon_core.event_reactor:joined thread
[3.049s] INFO:colcon.colcon_core.shell:Creating prefix script '/home/robocats/Desktop/RobotCode2025/ros2_ws/install/local_setup.ps1'
[3.052s] INFO:colcon.colcon_core.shell:Creating prefix util module '/home/robocats/Desktop/RobotCode2025/ros2_ws/install/_local_setup_util_ps1.py'
[3.056s] INFO:colcon.colcon_core.shell:Creating prefix chain script '/home/robocats/Desktop/RobotCode2025/ros2_ws/install/setup.ps1'
[3.059s] INFO:colcon.colcon_core.shell:Creating prefix script '/home/robocats/Desktop/RobotCode2025/ros2_ws/install/local_setup.sh'
[3.061s] INFO:colcon.colcon_core.shell:Creating prefix util module '/home/robocats/Desktop/RobotCode2025/ros2_ws/install/_local_setup_util_sh.py'
[3.063s] INFO:colcon.colcon_core.shell:Creating prefix chain script '/home/robocats/Desktop/RobotCode2025/ros2_ws/install/setup.sh'
[3.066s] INFO:colcon.colcon_core.shell:Creating prefix script '/home/robocats/Desktop/RobotCode2025/ros2_ws/install/local_setup.bash'
[3.067s] INFO:colcon.colcon_core.shell:Creating prefix chain script '/home/robocats/Desktop/RobotCode2025/ros2_ws/install/setup.bash'
[3.068s] INFO:colcon.colcon_core.shell:Creating prefix script '/home/robocats/Desktop/RobotCode2025/ros2_ws/install/local_setup.zsh'
[3.069s] INFO:colcon.colcon_core.shell:Creating prefix chain script '/home/robocats/Desktop/RobotCode2025/ros2_ws/install/setup.zsh'
