[2.561s] Invoking command in '/home/robocatsorin/Desktop/RobotCode2025/ros2_ws/src/py_objectdetection': AMENT_PREFIX_PATH=/home/robocatsorin/Desktop/RobotCode2025/ros2_ws/install/custom_interfaces:${AMENT_PREFIX_PATH} CMAKE_PREFIX_PATH=/home/robocatsorin/Desktop/RobotCode2025/ros2_ws/install/custom_interfaces LD_LIBRARY_PATH=/home/robocatsorin/Desktop/RobotCode2025/ros2_ws/install/custom_interfaces/lib:/opt/ros/humble/opt/rviz_ogre_vendor/lib:/opt/ros/humble/lib/aarch64-linux-gnu:/opt/ros/humble/lib:/usr/local/cuda-12.6/lib64 PYTHONPATH=/home/robocatsorin/Desktop/RobotCode2025/ros2_ws/build/py_objectdetection/prefix_override:/usr/lib/python3/dist-packages/colcon_core/task/python/colcon_distutils_commands:/home/robocatsorin/Desktop/RobotCode2025/ros2_ws/install/py_objectdetection/lib/python3.10/site-packages:/home/robocatsorin/Desktop/RobotCode2025/ros2_ws/install/custom_interfaces/local/lib/python3.10/dist-packages:${PYTHONPATH} /usr/bin/python3 -W ignore:setup.py install is deprecated -W ignore:easy_install command is deprecated setup.py egg_info --egg-base ../../build/py_objectdetection build --build-base /home/robocatsorin/Desktop/RobotCode2025/ros2_ws/build/py_objectdetection/build install --record /home/robocatsorin/Desktop/RobotCode2025/ros2_ws/build/py_objectdetection/install.log --single-version-externally-managed install_data
[3.178s] running egg_info
[3.179s] creating ../../build/py_objectdetection/py_objectdetection.egg-info
[3.183s] writing ../../build/py_objectdetection/py_objectdetection.egg-info/PKG-INFO
[3.183s] writing dependency_links to ../../build/py_objectdetection/py_objectdetection.egg-info/dependency_links.txt
[3.183s] writing entry points to ../../build/py_objectdetection/py_objectdetection.egg-info/entry_points.txt
[3.183s] writing requirements to ../../build/py_objectdetection/py_objectdetection.egg-info/requires.txt
[3.184s] writing top-level names to ../../build/py_objectdetection/py_objectdetection.egg-info/top_level.txt
[3.184s] writing manifest file '../../build/py_objectdetection/py_objectdetection.egg-info/SOURCES.txt'
[3.186s] reading manifest file '../../build/py_objectdetection/py_objectdetection.egg-info/SOURCES.txt'
[3.186s] adding license file 'LICENSE'
[3.188s] writing manifest file '../../build/py_objectdetection/py_objectdetection.egg-info/SOURCES.txt'
[3.188s] running build
[3.188s] running build_py
[3.189s] creating /home/robocatsorin/Desktop/RobotCode2025/ros2_ws/build/py_objectdetection/build
[3.189s] creating /home/robocatsorin/Desktop/RobotCode2025/ros2_ws/build/py_objectdetection/build/lib
[3.189s] creating /home/robocatsorin/Desktop/RobotCode2025/ros2_ws/build/py_objectdetection/build/lib/py_objectdetection
[3.189s] copying py_objectdetection/__init__.py -> /home/robocatsorin/Desktop/RobotCode2025/ros2_ws/build/py_objectdetection/build/lib/py_objectdetection
[3.189s] copying py_objectdetection/detection_publisher.py -> /home/robocatsorin/Desktop/RobotCode2025/ros2_ws/build/py_objectdetection/build/lib/py_objectdetection
[3.190s] copying py_objectdetection/depth_image_to_map.py -> /home/robocatsorin/Desktop/RobotCode2025/ros2_ws/build/py_objectdetection/build/lib/py_objectdetection
[3.190s] copying py_objectdetection/depth_image_to_map_o3d.py -> /home/robocatsorin/Desktop/RobotCode2025/ros2_ws/build/py_objectdetection/build/lib/py_objectdetection
[3.191s] running install
[3.192s] running install_lib
[3.194s] creating /home/robocatsorin/Desktop/RobotCode2025/ros2_ws/install/py_objectdetection/lib/python3.10/site-packages/py_objectdetection
[3.194s] copying /home/robocatsorin/Desktop/RobotCode2025/ros2_ws/build/py_objectdetection/build/lib/py_objectdetection/__init__.py -> /home/robocatsorin/Desktop/RobotCode2025/ros2_ws/install/py_objectdetection/lib/python3.10/site-packages/py_objectdetection
[3.194s] copying /home/robocatsorin/Desktop/RobotCode2025/ros2_ws/build/py_objectdetection/build/lib/py_objectdetection/detection_publisher.py -> /home/robocatsorin/Desktop/RobotCode2025/ros2_ws/install/py_objectdetection/lib/python3.10/site-packages/py_objectdetection
[3.195s] copying /home/robocatsorin/Desktop/RobotCode2025/ros2_ws/build/py_objectdetection/build/lib/py_objectdetection/depth_image_to_map.py -> /home/robocatsorin/Desktop/RobotCode2025/ros2_ws/install/py_objectdetection/lib/python3.10/site-packages/py_objectdetection
[3.195s] copying /home/robocatsorin/Desktop/RobotCode2025/ros2_ws/build/py_objectdetection/build/lib/py_objectdetection/depth_image_to_map_o3d.py -> /home/robocatsorin/Desktop/RobotCode2025/ros2_ws/install/py_objectdetection/lib/python3.10/site-packages/py_objectdetection
[3.197s] byte-compiling /home/robocatsorin/Desktop/RobotCode2025/ros2_ws/install/py_objectdetection/lib/python3.10/site-packages/py_objectdetection/__init__.py to __init__.cpython-310.pyc
[3.197s] byte-compiling /home/robocatsorin/Desktop/RobotCode2025/ros2_ws/install/py_objectdetection/lib/python3.10/site-packages/py_objectdetection/detection_publisher.py to detection_publisher.cpython-310.pyc
[3.200s] byte-compiling /home/robocatsorin/Desktop/RobotCode2025/ros2_ws/install/py_objectdetection/lib/python3.10/site-packages/py_objectdetection/depth_image_to_map.py to depth_image_to_map.cpython-310.pyc
[3.203s] byte-compiling /home/robocatsorin/Desktop/RobotCode2025/ros2_ws/install/py_objectdetection/lib/python3.10/site-packages/py_objectdetection/depth_image_to_map_o3d.py to depth_image_to_map_o3d.cpython-310.pyc
[3.205s] running install_data
[3.205s] creating /home/robocatsorin/Desktop/RobotCode2025/ros2_ws/install/py_objectdetection/share/ament_index
[3.205s] creating /home/robocatsorin/Desktop/RobotCode2025/ros2_ws/install/py_objectdetection/share/ament_index/resource_index
[3.206s] creating /home/robocatsorin/Desktop/RobotCode2025/ros2_ws/install/py_objectdetection/share/ament_index/resource_index/packages
[3.206s] copying resource/py_objectdetection -> /home/robocatsorin/Desktop/RobotCode2025/ros2_ws/install/py_objectdetection/share/ament_index/resource_index/packages
[3.206s] copying package.xml -> /home/robocatsorin/Desktop/RobotCode2025/ros2_ws/install/py_objectdetection/share/py_objectdetection
[3.206s] running install_egg_info
[3.211s] Copying ../../build/py_objectdetection/py_objectdetection.egg-info to /home/robocatsorin/Desktop/RobotCode2025/ros2_ws/install/py_objectdetection/lib/python3.10/site-packages/py_objectdetection-0.0.0-py3.10.egg-info
[3.214s] running install_scripts
[3.267s] Installing detector script to /home/robocatsorin/Desktop/RobotCode2025/ros2_ws/install/py_objectdetection/lib/py_objectdetection
[3.267s] Installing mapper script to /home/robocatsorin/Desktop/RobotCode2025/ros2_ws/install/py_objectdetection/lib/py_objectdetection
[3.267s] Installing tester script to /home/robocatsorin/Desktop/RobotCode2025/ros2_ws/install/py_objectdetection/lib/py_objectdetection
[3.269s] writing list of installed files to '/home/robocatsorin/Desktop/RobotCode2025/ros2_ws/build/py_objectdetection/install.log'
[3.392s] Invoked command in '/home/robocatsorin/Desktop/RobotCode2025/ros2_ws/src/py_objectdetection' returned '0': AMENT_PREFIX_PATH=/home/robocatsorin/Desktop/RobotCode2025/ros2_ws/install/custom_interfaces:${AMENT_PREFIX_PATH} CMAKE_PREFIX_PATH=/home/robocatsorin/Desktop/RobotCode2025/ros2_ws/install/custom_interfaces LD_LIBRARY_PATH=/home/robocatsorin/Desktop/RobotCode2025/ros2_ws/install/custom_interfaces/lib:/opt/ros/humble/opt/rviz_ogre_vendor/lib:/opt/ros/humble/lib/aarch64-linux-gnu:/opt/ros/humble/lib:/usr/local/cuda-12.6/lib64 PYTHONPATH=/home/robocatsorin/Desktop/RobotCode2025/ros2_ws/build/py_objectdetection/prefix_override:/usr/lib/python3/dist-packages/colcon_core/task/python/colcon_distutils_commands:/home/robocatsorin/Desktop/RobotCode2025/ros2_ws/install/py_objectdetection/lib/python3.10/site-packages:/home/robocatsorin/Desktop/RobotCode2025/ros2_ws/install/custom_interfaces/local/lib/python3.10/dist-packages:${PYTHONPATH} /usr/bin/python3 -W ignore:setup.py install is deprecated -W ignore:easy_install command is deprecated setup.py egg_info --egg-base ../../build/py_objectdetection build --build-base /home/robocatsorin/Desktop/RobotCode2025/ros2_ws/build/py_objectdetection/build install --record /home/robocatsorin/Desktop/RobotCode2025/ros2_ws/build/py_objectdetection/install.log --single-version-externally-managed install_data
