[2.617s] Invoking command in '/home/robocatsorin/Desktop/RobotCode2025/ros2_ws/src/py_sensors': AMENT_PREFIX_PATH=/home/robocatsorin/Desktop/RobotCode2025/ros2_ws/install/custom_interfaces:${AMENT_PREFIX_PATH} CMAKE_PREFIX_PATH=/home/robocatsorin/Desktop/RobotCode2025/ros2_ws/install/custom_interfaces LD_LIBRARY_PATH=/home/robocatsorin/Desktop/RobotCode2025/ros2_ws/install/custom_interfaces/lib:/opt/ros/humble/opt/rviz_ogre_vendor/lib:/opt/ros/humble/lib/aarch64-linux-gnu:/opt/ros/humble/lib:/usr/local/cuda-12.6/lib64 PYTHONPATH=/home/robocatsorin/Desktop/RobotCode2025/ros2_ws/build/py_sensors/prefix_override:/usr/lib/python3/dist-packages/colcon_core/task/python/colcon_distutils_commands:/home/robocatsorin/Desktop/RobotCode2025/ros2_ws/install/py_sensors/lib/python3.10/site-packages:/home/robocatsorin/Desktop/RobotCode2025/ros2_ws/install/custom_interfaces/local/lib/python3.10/dist-packages:${PYTHONPATH} /usr/bin/python3 -W ignore:setup.py install is deprecated -W ignore:easy_install command is deprecated setup.py egg_info --egg-base ../../build/py_sensors build --build-base /home/robocatsorin/Desktop/RobotCode2025/ros2_ws/build/py_sensors/build install --record /home/robocatsorin/Desktop/RobotCode2025/ros2_ws/build/py_sensors/install.log --single-version-externally-managed install_data
[3.155s] running egg_info
[3.157s] writing ../../build/py_sensors/py_sensors.egg-info/PKG-INFO
[3.158s] writing dependency_links to ../../build/py_sensors/py_sensors.egg-info/dependency_links.txt
[3.159s] writing entry points to ../../build/py_sensors/py_sensors.egg-info/entry_points.txt
[3.159s] writing requirements to ../../build/py_sensors/py_sensors.egg-info/requires.txt
[3.160s] writing top-level names to ../../build/py_sensors/py_sensors.egg-info/top_level.txt
[3.165s] reading manifest file '../../build/py_sensors/py_sensors.egg-info/SOURCES.txt'
[3.166s] adding license file 'LICENSE'
[3.168s] writing manifest file '../../build/py_sensors/py_sensors.egg-info/SOURCES.txt'
[3.168s] running build
[3.168s] running build_py
[3.170s] running install
[3.171s] running install_lib
[3.175s] running install_data
[3.175s] running install_egg_info
[3.180s] removing '/home/robocatsorin/Desktop/RobotCode2025/ros2_ws/install/py_sensors/lib/python3.10/site-packages/py_sensors-0.0.0-py3.10.egg-info' (and everything under it)
[3.181s] Copying ../../build/py_sensors/py_sensors.egg-info to /home/robocatsorin/Desktop/RobotCode2025/ros2_ws/install/py_sensors/lib/python3.10/site-packages/py_sensors-0.0.0-py3.10.egg-info
[3.183s] running install_scripts
[3.227s] Installing bar02 script to /home/robocatsorin/Desktop/RobotCode2025/ros2_ws/install/py_sensors/lib/py_sensors
[3.228s] Installing camera script to /home/robocatsorin/Desktop/RobotCode2025/ros2_ws/install/py_sensors/lib/py_sensors
[3.228s] Installing imu script to /home/robocatsorin/Desktop/RobotCode2025/ros2_ws/install/py_sensors/lib/py_sensors
[3.230s] writing list of installed files to '/home/robocatsorin/Desktop/RobotCode2025/ros2_ws/build/py_sensors/install.log'
[3.347s] Invoked command in '/home/robocatsorin/Desktop/RobotCode2025/ros2_ws/src/py_sensors' returned '0': AMENT_PREFIX_PATH=/home/robocatsorin/Desktop/RobotCode2025/ros2_ws/install/custom_interfaces:${AMENT_PREFIX_PATH} CMAKE_PREFIX_PATH=/home/robocatsorin/Desktop/RobotCode2025/ros2_ws/install/custom_interfaces LD_LIBRARY_PATH=/home/robocatsorin/Desktop/RobotCode2025/ros2_ws/install/custom_interfaces/lib:/opt/ros/humble/opt/rviz_ogre_vendor/lib:/opt/ros/humble/lib/aarch64-linux-gnu:/opt/ros/humble/lib:/usr/local/cuda-12.6/lib64 PYTHONPATH=/home/robocatsorin/Desktop/RobotCode2025/ros2_ws/build/py_sensors/prefix_override:/usr/lib/python3/dist-packages/colcon_core/task/python/colcon_distutils_commands:/home/robocatsorin/Desktop/RobotCode2025/ros2_ws/install/py_sensors/lib/python3.10/site-packages:/home/robocatsorin/Desktop/RobotCode2025/ros2_ws/install/custom_interfaces/local/lib/python3.10/dist-packages:${PYTHONPATH} /usr/bin/python3 -W ignore:setup.py install is deprecated -W ignore:easy_install command is deprecated setup.py egg_info --egg-base ../../build/py_sensors build --build-base /home/robocatsorin/Desktop/RobotCode2025/ros2_ws/build/py_sensors/build install --record /home/robocatsorin/Desktop/RobotCode2025/ros2_ws/build/py_sensors/install.log --single-version-externally-managed install_data
