[0.024s] Invoking command in '/home/robocatsorin/Desktop/RobotCode2025/ros2_ws/build/custom_interfaces': CMAKE_PREFIX_PATH=${CMAKE_PREFIX_PATH}:/home/robocatsorin/Desktop/RobotCode2025/ros2_ws/install/py_sensors:/home/robocatsorin/Desktop/RobotCode2025/ros2_ws/install/py_objectdetection:/home/robocatsorin/Desktop/RobotCode2025/ros2_ws/install/py_motors:/opt/ros/humble /usr/bin/cmake /home/robocatsorin/Desktop/RobotCode2025/ros2_ws/src/custom_interfaces -DCMAKE_INSTALL_PREFIX=/home/robocatsorin/Desktop/RobotCode2025/ros2_ws/install/custom_interfaces
[0.224s] -- The C compiler identification is GNU 11.4.0
[0.382s] -- The CXX compiler identification is GNU 11.4.0
[0.401s] -- Detecting C compiler ABI info
[0.533s] -- Detecting C compiler ABI info - done
[0.546s] -- Check for working C compiler: /usr/bin/cc - skipped
[0.547s] -- Detecting C compile features
[0.549s] -- Detecting C compile features - done
[0.560s] -- Detecting CXX compiler ABI info
[0.716s] -- Detecting CXX compiler ABI info - done
[0.727s] -- Check for working CXX compiler: /usr/bin/c++ - skipped
[0.728s] -- Detecting CXX compile features
[0.728s] -- Detecting CXX compile features - done
[0.743s] -- Found ament_cmake: 1.3.11 (/opt/ros/humble/share/ament_cmake/cmake)
[1.068s] -- Found Python3: /usr/bin/python3 (found version "3.10.12") found components: Interpreter 
[1.317s] -- Found geometry_msgs: 4.8.0 (/opt/ros/humble/share/geometry_msgs/cmake)
[1.421s] -- Found rosidl_generator_c: 3.1.6 (/opt/ros/humble/share/rosidl_generator_c/cmake)
[1.436s] -- Found rosidl_adapter: 3.1.6 (/opt/ros/humble/share/rosidl_adapter/cmake)
[1.460s] -- Found rosidl_generator_cpp: 3.1.6 (/opt/ros/humble/share/rosidl_generator_cpp/cmake)
[1.492s] -- Using all available rosidl_typesupport_c: rosidl_typesupport_fastrtps_c;rosidl_typesupport_introspection_c
[1.532s] -- Using all available rosidl_typesupport_cpp: rosidl_typesupport_fastrtps_cpp;rosidl_typesupport_introspection_cpp
[1.621s] -- Found rosidl_default_generators: 1.2.0 (/opt/ros/humble/share/rosidl_default_generators/cmake)
[2.259s] -- Found ament_cmake_ros: 0.10.0 (/opt/ros/humble/share/ament_cmake_ros/cmake)
[3.159s] -- Using all available rosidl_typesupport_c: rosidl_typesupport_fastrtps_c;rosidl_typesupport_introspection_c
[3.513s] -- Using all available rosidl_typesupport_cpp: rosidl_typesupport_fastrtps_cpp;rosidl_typesupport_introspection_cpp
[3.560s] -- Found PythonInterp: /usr/bin/python3 (found suitable version "3.10.12", minimum required is "3.6") 
[3.564s] -- Found python_cmake_module: 0.10.0 (/opt/ros/humble/share/python_cmake_module/cmake)
[3.620s] -- Found PythonLibs: /usr/lib/aarch64-linux-gnu/libpython3.10.so (found suitable version "3.10.12", minimum required is "3.5") 
[3.621s] -- Using PYTHON_EXECUTABLE: /usr/bin/python3
[3.621s] -- Using PYTHON_INCLUDE_DIRS: /usr/include/python3.10
[3.621s] -- Using PYTHON_LIBRARIES: /usr/lib/aarch64-linux-gnu/libpython3.10.so
[3.665s] -- Found PythonExtra: .so  
[3.799s] -- Configuring done
[3.894s] -- Generating done
[3.921s] -- Build files have been written to: /home/robocatsorin/Desktop/RobotCode2025/ros2_ws/build/custom_interfaces
[3.952s] Invoked command in '/home/robocatsorin/Desktop/RobotCode2025/ros2_ws/build/custom_interfaces' returned '0': CMAKE_PREFIX_PATH=${CMAKE_PREFIX_PATH}:/home/robocatsorin/Desktop/RobotCode2025/ros2_ws/install/py_sensors:/home/robocatsorin/Desktop/RobotCode2025/ros2_ws/install/py_objectdetection:/home/robocatsorin/Desktop/RobotCode2025/ros2_ws/install/py_motors:/opt/ros/humble /usr/bin/cmake /home/robocatsorin/Desktop/RobotCode2025/ros2_ws/src/custom_interfaces -DCMAKE_INSTALL_PREFIX=/home/robocatsorin/Desktop/RobotCode2025/ros2_ws/install/custom_interfaces
[3.952s] Invoking command in '/home/robocatsorin/Desktop/RobotCode2025/ros2_ws/build/custom_interfaces': CMAKE_PREFIX_PATH=${CMAKE_PREFIX_PATH}:/home/robocatsorin/Desktop/RobotCode2025/ros2_ws/install/py_sensors:/home/robocatsorin/Desktop/RobotCode2025/ros2_ws/install/py_objectdetection:/home/robocatsorin/Desktop/RobotCode2025/ros2_ws/install/py_motors:/opt/ros/humble /usr/bin/cmake --build /home/robocatsorin/Desktop/RobotCode2025/ros2_ws/build/custom_interfaces -- -j8 -l8
[4.039s] [  1%] [34m[1mGenerating C code for ROS interfaces[0m
[4.066s] [  2%] [34m[1mGenerating C++ code for ROS interfaces[0m
[4.084s] [  2%] Built target ament_cmake_python_copy_custom_interfaces
[4.726s] running egg_info
[4.729s] creating custom_interfaces.egg-info
[4.730s] writing custom_interfaces.egg-info/PKG-INFO
[4.732s] writing dependency_links to custom_interfaces.egg-info/dependency_links.txt
[4.733s] writing top-level names to custom_interfaces.egg-info/top_level.txt
[4.735s] writing manifest file 'custom_interfaces.egg-info/SOURCES.txt'
[4.746s] reading manifest file 'custom_interfaces.egg-info/SOURCES.txt'
[4.752s] writing manifest file 'custom_interfaces.egg-info/SOURCES.txt'
[4.862s] [  2%] Built target ament_cmake_python_build_custom_interfaces_egg
[5.573s] [  4%] [32mBuilding C object CMakeFiles/custom_interfaces__rosidl_generator_c.dir/rosidl_generator_c/custom_interfaces/msg/detail/imu_data__functions.c.o[0m
[5.589s] [  5%] [32mBuilding C object CMakeFiles/custom_interfaces__rosidl_generator_c.dir/rosidl_generator_c/custom_interfaces/msg/detail/depth_report__functions.c.o[0m
[5.590s] [  7%] [32mBuilding C object CMakeFiles/custom_interfaces__rosidl_generator_c.dir/rosidl_generator_c/custom_interfaces/msg/detail/motion_goal__functions.c.o[0m
[5.591s] [  8%] [32mBuilding C object CMakeFiles/custom_interfaces__rosidl_generator_c.dir/rosidl_generator_c/custom_interfaces/msg/detail/bounding_box__functions.c.o[0m
[5.608s] [  9%] [32mBuilding C object CMakeFiles/custom_interfaces__rosidl_generator_c.dir/rosidl_generator_c/custom_interfaces/msg/detail/motor_command__functions.c.o[0m
[5.616s] [ 11%] [32mBuilding C object CMakeFiles/custom_interfaces__rosidl_generator_c.dir/rosidl_generator_c/custom_interfaces/msg/detail/detection_buffer__functions.c.o[0m
[5.621s] [ 11%] Built target custom_interfaces__cpp
[5.698s] [ 12%] [34m[1mGenerating C++ type support dispatch for ROS interfaces[0m
[5.705s] [ 14%] [34m[1mGenerating C++ type support for eProsima Fast-RTPS[0m
[5.713s] [ 15%] [34m[1mGenerating C++ introspection for ROS interfaces[0m
[5.787s] [ 16%] [32m[1mLinking C shared library libcustom_interfaces__rosidl_generator_c.so[0m
[5.872s] [ 16%] Built target custom_interfaces__rosidl_generator_c
[5.896s] [ 18%] [34m[1mGenerating C type support for eProsima Fast-RTPS[0m
[5.915s] [ 19%] [34m[1mGenerating C introspection for ROS interfaces[0m
[5.958s] [ 21%] [34m[1mGenerating C type support dispatch for ROS interfaces[0m
[6.691s] [ 22%] [32mBuilding CXX object CMakeFiles/custom_interfaces__rosidl_typesupport_cpp.dir/rosidl_typesupport_cpp/custom_interfaces/msg/imu_data__type_support.cpp.o[0m
[6.703s] [ 25%] [32mBuilding CXX object CMakeFiles/custom_interfaces__rosidl_typesupport_cpp.dir/rosidl_typesupport_cpp/custom_interfaces/msg/motion_goal__type_support.cpp.o[0m
[6.717s] [ 23%] [32mBuilding CXX object CMakeFiles/custom_interfaces__rosidl_typesupport_cpp.dir/rosidl_typesupport_cpp/custom_interfaces/msg/depth_report__type_support.cpp.o[0m
[7.267s] [ 26%] [32mBuilding CXX object CMakeFiles/custom_interfaces__rosidl_typesupport_introspection_cpp.dir/rosidl_typesupport_introspection_cpp/custom_interfaces/msg/detail/imu_data__type_support.cpp.o[0m
[7.344s] [ 28%] [32mBuilding CXX object CMakeFiles/custom_interfaces__rosidl_typesupport_c.dir/rosidl_typesupport_c/custom_interfaces/msg/imu_data__type_support.cpp.o[0m
[7.538s] [ 29%] [32mBuilding CXX object CMakeFiles/custom_interfaces__rosidl_typesupport_c.dir/rosidl_typesupport_c/custom_interfaces/msg/depth_report__type_support.cpp.o[0m
[7.603s] [ 30%] [32mBuilding CXX object CMakeFiles/custom_interfaces__rosidl_typesupport_c.dir/rosidl_typesupport_c/custom_interfaces/msg/motion_goal__type_support.cpp.o[0m
[7.608s] [ 32%] [32mBuilding CXX object CMakeFiles/custom_interfaces__rosidl_typesupport_cpp.dir/rosidl_typesupport_cpp/custom_interfaces/msg/bounding_box__type_support.cpp.o[0m
[7.611s] [ 33%] [32mBuilding CXX object CMakeFiles/custom_interfaces__rosidl_typesupport_cpp.dir/rosidl_typesupport_cpp/custom_interfaces/msg/motor_command__type_support.cpp.o[0m
[7.634s] [ 36%] [32mBuilding C object CMakeFiles/custom_interfaces__rosidl_typesupport_introspection_c.dir/rosidl_typesupport_introspection_c/custom_interfaces/msg/detail/imu_data__type_support.c.o[0m
[7.636s] [ 36%] [32mBuilding CXX object CMakeFiles/custom_interfaces__rosidl_typesupport_fastrtps_c.dir/rosidl_typesupport_fastrtps_c/custom_interfaces/msg/detail/imu_data__type_support_c.cpp.o[0m
[7.654s] [ 38%] [32mBuilding CXX object CMakeFiles/custom_interfaces__rosidl_typesupport_fastrtps_cpp.dir/rosidl_typesupport_fastrtps_cpp/custom_interfaces/msg/detail/dds_fastrtps/imu_data__type_support.cpp.o[0m
[7.687s] [ 39%] [32mBuilding C object CMakeFiles/custom_interfaces__rosidl_typesupport_introspection_c.dir/rosidl_typesupport_introspection_c/custom_interfaces/msg/detail/depth_report__type_support.c.o[0m
[7.732s] [ 40%] [32mBuilding CXX object CMakeFiles/custom_interfaces__rosidl_typesupport_c.dir/rosidl_typesupport_c/custom_interfaces/msg/motor_command__type_support.cpp.o[0m
[7.784s] [ 42%] [32mBuilding CXX object CMakeFiles/custom_interfaces__rosidl_typesupport_fastrtps_c.dir/rosidl_typesupport_fastrtps_c/custom_interfaces/msg/detail/depth_report__type_support_c.cpp.o[0m
[7.888s] [ 43%] [32mBuilding C object CMakeFiles/custom_interfaces__rosidl_typesupport_introspection_c.dir/rosidl_typesupport_introspection_c/custom_interfaces/msg/detail/motion_goal__type_support.c.o[0m
[7.932s] [ 45%] [32mBuilding CXX object CMakeFiles/custom_interfaces__rosidl_typesupport_c.dir/rosidl_typesupport_c/custom_interfaces/msg/bounding_box__type_support.cpp.o[0m
[8.096s] [ 46%] [32mBuilding C object CMakeFiles/custom_interfaces__rosidl_typesupport_introspection_c.dir/rosidl_typesupport_introspection_c/custom_interfaces/msg/detail/motor_command__type_support.c.o[0m
[8.120s] [ 47%] [32mBuilding CXX object CMakeFiles/custom_interfaces__rosidl_typesupport_c.dir/rosidl_typesupport_c/custom_interfaces/msg/detection_buffer__type_support.cpp.o[0m
[8.261s] [ 49%] [32mBuilding CXX object CMakeFiles/custom_interfaces__rosidl_typesupport_introspection_cpp.dir/rosidl_typesupport_introspection_cpp/custom_interfaces/msg/detail/depth_report__type_support.cpp.o[0m
[8.282s] [ 50%] [32mBuilding C object CMakeFiles/custom_interfaces__rosidl_typesupport_introspection_c.dir/rosidl_typesupport_introspection_c/custom_interfaces/msg/detail/bounding_box__type_support.c.o[0m
[8.291s] [ 52%] [32m[1mLinking CXX shared library libcustom_interfaces__rosidl_typesupport_c.so[0m
[8.384s] [ 53%] [32mBuilding CXX object CMakeFiles/custom_interfaces__rosidl_typesupport_introspection_cpp.dir/rosidl_typesupport_introspection_cpp/custom_interfaces/msg/detail/motion_goal__type_support.cpp.o[0m
[8.435s] [ 54%] [32mBuilding CXX object CMakeFiles/custom_interfaces__rosidl_typesupport_cpp.dir/rosidl_typesupport_cpp/custom_interfaces/msg/detection_buffer__type_support.cpp.o[0m
[8.457s] [ 56%] [32mBuilding C object CMakeFiles/custom_interfaces__rosidl_typesupport_introspection_c.dir/rosidl_typesupport_introspection_c/custom_interfaces/msg/detail/detection_buffer__type_support.c.o[0m
[8.494s] [ 56%] Built target custom_interfaces__rosidl_typesupport_c
[8.565s] [ 57%] [32mBuilding CXX object CMakeFiles/custom_interfaces__rosidl_typesupport_fastrtps_cpp.dir/rosidl_typesupport_fastrtps_cpp/custom_interfaces/msg/detail/dds_fastrtps/depth_report__type_support.cpp.o[0m
[8.664s] [ 59%] [32m[1mLinking C shared library libcustom_interfaces__rosidl_typesupport_introspection_c.so[0m
[8.720s] [ 60%] [32mBuilding CXX object CMakeFiles/custom_interfaces__rosidl_typesupport_fastrtps_cpp.dir/rosidl_typesupport_fastrtps_cpp/custom_interfaces/msg/detail/dds_fastrtps/motion_goal__type_support.cpp.o[0m
[8.737s] [ 61%] [32mBuilding CXX object CMakeFiles/custom_interfaces__rosidl_typesupport_fastrtps_c.dir/rosidl_typesupport_fastrtps_c/custom_interfaces/msg/detail/motion_goal__type_support_c.cpp.o[0m
[8.852s] [ 61%] Built target custom_interfaces__rosidl_typesupport_introspection_c
[8.908s] [ 63%] [32mBuilding CXX object CMakeFiles/custom_interfaces__rosidl_typesupport_fastrtps_c.dir/rosidl_typesupport_fastrtps_c/custom_interfaces/msg/detail/motor_command__type_support_c.cpp.o[0m
[9.314s] [ 64%] [32mBuilding CXX object CMakeFiles/custom_interfaces__rosidl_typesupport_fastrtps_c.dir/rosidl_typesupport_fastrtps_c/custom_interfaces/msg/detail/bounding_box__type_support_c.cpp.o[0m
[9.496s] [ 66%] [32m[1mLinking CXX shared library libcustom_interfaces__rosidl_typesupport_cpp.so[0m
[9.606s] [ 67%] [32mBuilding CXX object CMakeFiles/custom_interfaces__rosidl_typesupport_fastrtps_cpp.dir/rosidl_typesupport_fastrtps_cpp/custom_interfaces/msg/detail/dds_fastrtps/motor_command__type_support.cpp.o[0m
[9.608s] [ 69%] [32mBuilding CXX object CMakeFiles/custom_interfaces__rosidl_typesupport_introspection_cpp.dir/rosidl_typesupport_introspection_cpp/custom_interfaces/msg/detail/motor_command__type_support.cpp.o[0m
[9.624s] [ 70%] [32mBuilding CXX object CMakeFiles/custom_interfaces__rosidl_typesupport_fastrtps_c.dir/rosidl_typesupport_fastrtps_c/custom_interfaces/msg/detail/detection_buffer__type_support_c.cpp.o[0m
[9.695s] [ 70%] Built target custom_interfaces__rosidl_typesupport_cpp
[9.714s] [ 71%] [32mBuilding CXX object CMakeFiles/custom_interfaces__rosidl_typesupport_introspection_cpp.dir/rosidl_typesupport_introspection_cpp/custom_interfaces/msg/detail/detection_buffer__type_support.cpp.o[0m
[9.716s] [ 73%] [32mBuilding CXX object CMakeFiles/custom_interfaces__rosidl_typesupport_introspection_cpp.dir/rosidl_typesupport_introspection_cpp/custom_interfaces/msg/detail/bounding_box__type_support.cpp.o[0m
[9.914s] [ 74%] [32mBuilding CXX object CMakeFiles/custom_interfaces__rosidl_typesupport_fastrtps_cpp.dir/rosidl_typesupport_fastrtps_cpp/custom_interfaces/msg/detail/dds_fastrtps/bounding_box__type_support.cpp.o[0m
[10.036s] [ 76%] [32mBuilding CXX object CMakeFiles/custom_interfaces__rosidl_typesupport_fastrtps_cpp.dir/rosidl_typesupport_fastrtps_cpp/custom_interfaces/msg/detail/dds_fastrtps/detection_buffer__type_support.cpp.o[0m
[10.693s] [ 77%] [32m[1mLinking CXX shared library libcustom_interfaces__rosidl_typesupport_fastrtps_c.so[0m
[10.955s] [ 77%] Built target custom_interfaces__rosidl_typesupport_fastrtps_c
[11.025s] [ 78%] [32m[1mLinking CXX shared library libcustom_interfaces__rosidl_typesupport_introspection_cpp.so[0m
[11.183s] [ 78%] Built target custom_interfaces__rosidl_typesupport_introspection_cpp
[11.290s] [ 80%] [32m[1mLinking CXX shared library libcustom_interfaces__rosidl_typesupport_fastrtps_cpp.so[0m
[11.446s] [ 80%] Built target custom_interfaces__rosidl_typesupport_fastrtps_cpp
[11.492s] [ 80%] Built target custom_interfaces
[11.533s] [ 81%] [34m[1mGenerating Python code for ROS interfaces[0m
[15.658s] [ 81%] Built target custom_interfaces__py
[15.697s] [ 85%] [32mBuilding C object CMakeFiles/custom_interfaces__rosidl_generator_py.dir/rosidl_generator_py/custom_interfaces/msg/_depth_report_s.c.o[0m
[15.699s] [ 85%] [32mBuilding C object CMakeFiles/custom_interfaces__rosidl_generator_py.dir/rosidl_generator_py/custom_interfaces/msg/_imu_data_s.c.o[0m
[15.700s] [ 85%] [32mBuilding C object CMakeFiles/custom_interfaces__rosidl_generator_py.dir/rosidl_generator_py/custom_interfaces/msg/_motor_command_s.c.o[0m
[15.701s] [ 88%] [32mBuilding C object CMakeFiles/custom_interfaces__rosidl_generator_py.dir/rosidl_generator_py/custom_interfaces/msg/_detection_buffer_s.c.o[0m
[15.702s] [ 88%] [32mBuilding C object CMakeFiles/custom_interfaces__rosidl_generator_py.dir/rosidl_generator_py/custom_interfaces/msg/_motion_goal_s.c.o[0m
[15.707s] [ 90%] [32mBuilding C object CMakeFiles/custom_interfaces__rosidl_generator_py.dir/rosidl_generator_py/custom_interfaces/msg/_bounding_box_s.c.o[0m
[16.078s] [ 91%] [32m[1mLinking C shared library rosidl_generator_py/custom_interfaces/libcustom_interfaces__rosidl_generator_py.so[0m
[16.167s] [ 91%] Built target custom_interfaces__rosidl_generator_py
[16.213s] [ 92%] [32mBuilding C object CMakeFiles/custom_interfaces__rosidl_typesupport_c__pyext.dir/rosidl_generator_py/custom_interfaces/_custom_interfaces_s.ep.rosidl_typesupport_c.c.o[0m
[16.213s] [ 94%] [32mBuilding C object CMakeFiles/custom_interfaces__rosidl_typesupport_fastrtps_c__pyext.dir/rosidl_generator_py/custom_interfaces/_custom_interfaces_s.ep.rosidl_typesupport_fastrtps_c.c.o[0m
[16.223s] [ 95%] [32mBuilding C object CMakeFiles/custom_interfaces__rosidl_typesupport_introspection_c__pyext.dir/rosidl_generator_py/custom_interfaces/_custom_interfaces_s.ep.rosidl_typesupport_introspection_c.c.o[0m
[16.548s] [ 97%] [32m[1mLinking C shared library rosidl_generator_py/custom_interfaces/custom_interfaces_s__rosidl_typesupport_c.cpython-310-aarch64-linux-gnu.so[0m
[16.564s] [ 98%] [32m[1mLinking C shared library rosidl_generator_py/custom_interfaces/custom_interfaces_s__rosidl_typesupport_fastrtps_c.cpython-310-aarch64-linux-gnu.so[0m
[16.579s] [100%] [32m[1mLinking C shared library rosidl_generator_py/custom_interfaces/custom_interfaces_s__rosidl_typesupport_introspection_c.cpython-310-aarch64-linux-gnu.so[0m
[16.647s] [100%] Built target custom_interfaces__rosidl_typesupport_c__pyext
[16.651s] [100%] Built target custom_interfaces__rosidl_typesupport_fastrtps_c__pyext
[16.680s] [100%] Built target custom_interfaces__rosidl_typesupport_introspection_c__pyext
[16.711s] Invoked command in '/home/robocatsorin/Desktop/RobotCode2025/ros2_ws/build/custom_interfaces' returned '0': CMAKE_PREFIX_PATH=${CMAKE_PREFIX_PATH}:/home/robocatsorin/Desktop/RobotCode2025/ros2_ws/install/py_sensors:/home/robocatsorin/Desktop/RobotCode2025/ros2_ws/install/py_objectdetection:/home/robocatsorin/Desktop/RobotCode2025/ros2_ws/install/py_motors:/opt/ros/humble /usr/bin/cmake --build /home/robocatsorin/Desktop/RobotCode2025/ros2_ws/build/custom_interfaces -- -j8 -l8
[16.731s] Invoking command in '/home/robocatsorin/Desktop/RobotCode2025/ros2_ws/build/custom_interfaces': CMAKE_PREFIX_PATH=${CMAKE_PREFIX_PATH}:/home/robocatsorin/Desktop/RobotCode2025/ros2_ws/install/py_sensors:/home/robocatsorin/Desktop/RobotCode2025/ros2_ws/install/py_objectdetection:/home/robocatsorin/Desktop/RobotCode2025/ros2_ws/install/py_motors:/opt/ros/humble /usr/bin/cmake --install /home/robocatsorin/Desktop/RobotCode2025/ros2_ws/build/custom_interfaces
[16.749s] -- Install configuration: ""
[16.749s] -- Installing: /home/robocatsorin/Desktop/RobotCode2025/ros2_ws/install/custom_interfaces/share/ament_index/resource_index/rosidl_interfaces/custom_interfaces
[16.750s] -- Up-to-date: /home/robocatsorin/Desktop/RobotCode2025/ros2_ws/install/custom_interfaces/include/custom_interfaces/custom_interfaces
[16.750s] -- Up-to-date: /home/robocatsorin/Desktop/RobotCode2025/ros2_ws/install/custom_interfaces/include/custom_interfaces/custom_interfaces/msg
[16.751s] -- Installing: /home/robocatsorin/Desktop/RobotCode2025/ros2_ws/install/custom_interfaces/include/custom_interfaces/custom_interfaces/msg/depth_report.h
[16.751s] -- Installing: /home/robocatsorin/Desktop/RobotCode2025/ros2_ws/install/custom_interfaces/include/custom_interfaces/custom_interfaces/msg/bounding_box.h
[16.751s] -- Up-to-date: /home/robocatsorin/Desktop/RobotCode2025/ros2_ws/install/custom_interfaces/include/custom_interfaces/custom_interfaces/msg/detail
[16.751s] -- Installing: /home/robocatsorin/Desktop/RobotCode2025/ros2_ws/install/custom_interfaces/include/custom_interfaces/custom_interfaces/msg/detail/motor_command__type_support.h
[16.752s] -- Installing: /home/robocatsorin/Desktop/RobotCode2025/ros2_ws/install/custom_interfaces/include/custom_interfaces/custom_interfaces/msg/detail/imu_data__functions.c
[16.752s] -- Installing: /home/robocatsorin/Desktop/RobotCode2025/ros2_ws/install/custom_interfaces/include/custom_interfaces/custom_interfaces/msg/detail/bounding_box__type_support.h
[16.752s] -- Installing: /home/robocatsorin/Desktop/RobotCode2025/ros2_ws/install/custom_interfaces/include/custom_interfaces/custom_interfaces/msg/detail/detection_buffer__functions.h
[16.752s] -- Installing: /home/robocatsorin/Desktop/RobotCode2025/ros2_ws/install/custom_interfaces/include/custom_interfaces/custom_interfaces/msg/detail/imu_data__functions.h
[16.752s] -- Installing: /home/robocatsorin/Desktop/RobotCode2025/ros2_ws/install/custom_interfaces/include/custom_interfaces/custom_interfaces/msg/detail/detection_buffer__type_support.h
[16.753s] -- Installing: /home/robocatsorin/Desktop/RobotCode2025/ros2_ws/install/custom_interfaces/include/custom_interfaces/custom_interfaces/msg/detail/bounding_box__functions.h
[16.753s] -- Installing: /home/robocatsorin/Desktop/RobotCode2025/ros2_ws/install/custom_interfaces/include/custom_interfaces/custom_interfaces/msg/detail/motion_goal__struct.h
[16.753s] -- Installing: /home/robocatsorin/Desktop/RobotCode2025/ros2_ws/install/custom_interfaces/include/custom_interfaces/custom_interfaces/msg/detail/imu_data__struct.h
[16.753s] -- Installing: /home/robocatsorin/Desktop/RobotCode2025/ros2_ws/install/custom_interfaces/include/custom_interfaces/custom_interfaces/msg/detail/bounding_box__functions.c
[16.753s] -- Installing: /home/robocatsorin/Desktop/RobotCode2025/ros2_ws/install/custom_interfaces/include/custom_interfaces/custom_interfaces/msg/detail/motor_command__struct.h
[16.754s] -- Installing: /home/robocatsorin/Desktop/RobotCode2025/ros2_ws/install/custom_interfaces/include/custom_interfaces/custom_interfaces/msg/detail/motion_goal__type_support.h
[16.754s] -- Installing: /home/robocatsorin/Desktop/RobotCode2025/ros2_ws/install/custom_interfaces/include/custom_interfaces/custom_interfaces/msg/detail/detection_buffer__struct.h
[16.754s] -- Installing: /home/robocatsorin/Desktop/RobotCode2025/ros2_ws/install/custom_interfaces/include/custom_interfaces/custom_interfaces/msg/detail/motion_goal__functions.h
[16.754s] -- Installing: /home/robocatsorin/Desktop/RobotCode2025/ros2_ws/install/custom_interfaces/include/custom_interfaces/custom_interfaces/msg/detail/motor_command__functions.c
[16.754s] -- Installing: /home/robocatsorin/Desktop/RobotCode2025/ros2_ws/install/custom_interfaces/include/custom_interfaces/custom_interfaces/msg/detail/motor_command__functions.h
[16.755s] -- Installing: /home/robocatsorin/Desktop/RobotCode2025/ros2_ws/install/custom_interfaces/include/custom_interfaces/custom_interfaces/msg/detail/depth_report__struct.h
[16.755s] -- Installing: /home/robocatsorin/Desktop/RobotCode2025/ros2_ws/install/custom_interfaces/include/custom_interfaces/custom_interfaces/msg/detail/imu_data__type_support.h
[16.755s] -- Installing: /home/robocatsorin/Desktop/RobotCode2025/ros2_ws/install/custom_interfaces/include/custom_interfaces/custom_interfaces/msg/detail/depth_report__functions.c
[16.756s] -- Installing: /home/robocatsorin/Desktop/RobotCode2025/ros2_ws/install/custom_interfaces/include/custom_interfaces/custom_interfaces/msg/detail/motion_goal__functions.c
[16.756s] -- Installing: /home/robocatsorin/Desktop/RobotCode2025/ros2_ws/install/custom_interfaces/include/custom_interfaces/custom_interfaces/msg/detail/depth_report__functions.h
[16.756s] -- Installing: /home/robocatsorin/Desktop/RobotCode2025/ros2_ws/install/custom_interfaces/include/custom_interfaces/custom_interfaces/msg/detail/detection_buffer__functions.c
[16.757s] -- Installing: /home/robocatsorin/Desktop/RobotCode2025/ros2_ws/install/custom_interfaces/include/custom_interfaces/custom_interfaces/msg/detail/depth_report__type_support.h
[16.757s] -- Installing: /home/robocatsorin/Desktop/RobotCode2025/ros2_ws/install/custom_interfaces/include/custom_interfaces/custom_interfaces/msg/detail/bounding_box__struct.h
[16.757s] -- Installing: /home/robocatsorin/Desktop/RobotCode2025/ros2_ws/install/custom_interfaces/include/custom_interfaces/custom_interfaces/msg/motion_goal.h
[16.757s] -- Installing: /home/robocatsorin/Desktop/RobotCode2025/ros2_ws/install/custom_interfaces/include/custom_interfaces/custom_interfaces/msg/rosidl_generator_c__visibility_control.h
[16.758s] -- Installing: /home/robocatsorin/Desktop/RobotCode2025/ros2_ws/install/custom_interfaces/include/custom_interfaces/custom_interfaces/msg/detection_buffer.h
[16.758s] -- Installing: /home/robocatsorin/Desktop/RobotCode2025/ros2_ws/install/custom_interfaces/include/custom_interfaces/custom_interfaces/msg/imu_data.h
[16.758s] -- Installing: /home/robocatsorin/Desktop/RobotCode2025/ros2_ws/install/custom_interfaces/include/custom_interfaces/custom_interfaces/msg/motor_command.h
[16.759s] -- Installing: /home/robocatsorin/Desktop/RobotCode2025/ros2_ws/install/custom_interfaces/share/custom_interfaces/environment/library_path.sh
[16.759s] -- Installing: /home/robocatsorin/Desktop/RobotCode2025/ros2_ws/install/custom_interfaces/share/custom_interfaces/environment/library_path.dsv
[16.761s] -- Installing: /home/robocatsorin/Desktop/RobotCode2025/ros2_ws/install/custom_interfaces/lib/libcustom_interfaces__rosidl_generator_c.so
[16.762s] -- Set runtime path of "/home/robocatsorin/Desktop/RobotCode2025/ros2_ws/install/custom_interfaces/lib/libcustom_interfaces__rosidl_generator_c.so" to ""
[16.762s] -- Up-to-date: /home/robocatsorin/Desktop/RobotCode2025/ros2_ws/install/custom_interfaces/include/custom_interfaces/custom_interfaces
[16.762s] -- Up-to-date: /home/robocatsorin/Desktop/RobotCode2025/ros2_ws/install/custom_interfaces/include/custom_interfaces/custom_interfaces/msg
[16.762s] -- Up-to-date: /home/robocatsorin/Desktop/RobotCode2025/ros2_ws/install/custom_interfaces/include/custom_interfaces/custom_interfaces/msg/detail
[16.763s] -- Installing: /home/robocatsorin/Desktop/RobotCode2025/ros2_ws/install/custom_interfaces/include/custom_interfaces/custom_interfaces/msg/detail/imu_data__rosidl_typesupport_fastrtps_c.h
[16.763s] -- Installing: /home/robocatsorin/Desktop/RobotCode2025/ros2_ws/install/custom_interfaces/include/custom_interfaces/custom_interfaces/msg/detail/motion_goal__rosidl_typesupport_fastrtps_c.h
[16.763s] -- Installing: /home/robocatsorin/Desktop/RobotCode2025/ros2_ws/install/custom_interfaces/include/custom_interfaces/custom_interfaces/msg/detail/bounding_box__rosidl_typesupport_fastrtps_c.h
[16.763s] -- Installing: /home/robocatsorin/Desktop/RobotCode2025/ros2_ws/install/custom_interfaces/include/custom_interfaces/custom_interfaces/msg/detail/detection_buffer__rosidl_typesupport_fastrtps_c.h
[16.763s] -- Installing: /home/robocatsorin/Desktop/RobotCode2025/ros2_ws/install/custom_interfaces/include/custom_interfaces/custom_interfaces/msg/detail/motor_command__rosidl_typesupport_fastrtps_c.h
[16.763s] -- Installing: /home/robocatsorin/Desktop/RobotCode2025/ros2_ws/install/custom_interfaces/include/custom_interfaces/custom_interfaces/msg/detail/depth_report__rosidl_typesupport_fastrtps_c.h
[16.764s] -- Installing: /home/robocatsorin/Desktop/RobotCode2025/ros2_ws/install/custom_interfaces/include/custom_interfaces/custom_interfaces/msg/rosidl_typesupport_fastrtps_c__visibility_control.h
[16.765s] -- Installing: /home/robocatsorin/Desktop/RobotCode2025/ros2_ws/install/custom_interfaces/lib/libcustom_interfaces__rosidl_typesupport_fastrtps_c.so
[16.766s] -- Set runtime path of "/home/robocatsorin/Desktop/RobotCode2025/ros2_ws/install/custom_interfaces/lib/libcustom_interfaces__rosidl_typesupport_fastrtps_c.so" to ""
[16.767s] -- Up-to-date: /home/robocatsorin/Desktop/RobotCode2025/ros2_ws/install/custom_interfaces/include/custom_interfaces/custom_interfaces
[16.767s] -- Up-to-date: /home/robocatsorin/Desktop/RobotCode2025/ros2_ws/install/custom_interfaces/include/custom_interfaces/custom_interfaces/msg
[16.767s] -- Installing: /home/robocatsorin/Desktop/RobotCode2025/ros2_ws/install/custom_interfaces/include/custom_interfaces/custom_interfaces/msg/depth_report.hpp
[16.767s] -- Installing: /home/robocatsorin/Desktop/RobotCode2025/ros2_ws/install/custom_interfaces/include/custom_interfaces/custom_interfaces/msg/motor_command.hpp
[16.768s] -- Installing: /home/robocatsorin/Desktop/RobotCode2025/ros2_ws/install/custom_interfaces/include/custom_interfaces/custom_interfaces/msg/imu_data.hpp
[16.768s] -- Up-to-date: /home/robocatsorin/Desktop/RobotCode2025/ros2_ws/install/custom_interfaces/include/custom_interfaces/custom_interfaces/msg/detail
[16.768s] -- Installing: /home/robocatsorin/Desktop/RobotCode2025/ros2_ws/install/custom_interfaces/include/custom_interfaces/custom_interfaces/msg/detail/motion_goal__type_support.hpp
[16.768s] -- Installing: /home/robocatsorin/Desktop/RobotCode2025/ros2_ws/install/custom_interfaces/include/custom_interfaces/custom_interfaces/msg/detail/motor_command__builder.hpp
[16.768s] -- Installing: /home/robocatsorin/Desktop/RobotCode2025/ros2_ws/install/custom_interfaces/include/custom_interfaces/custom_interfaces/msg/detail/bounding_box__traits.hpp
[16.769s] -- Installing: /home/robocatsorin/Desktop/RobotCode2025/ros2_ws/install/custom_interfaces/include/custom_interfaces/custom_interfaces/msg/detail/detection_buffer__traits.hpp
[16.769s] -- Installing: /home/robocatsorin/Desktop/RobotCode2025/ros2_ws/install/custom_interfaces/include/custom_interfaces/custom_interfaces/msg/detail/motor_command__struct.hpp
[16.769s] -- Installing: /home/robocatsorin/Desktop/RobotCode2025/ros2_ws/install/custom_interfaces/include/custom_interfaces/custom_interfaces/msg/detail/motor_command__traits.hpp
[16.769s] -- Installing: /home/robocatsorin/Desktop/RobotCode2025/ros2_ws/install/custom_interfaces/include/custom_interfaces/custom_interfaces/msg/detail/bounding_box__struct.hpp
[16.769s] -- Installing: /home/robocatsorin/Desktop/RobotCode2025/ros2_ws/install/custom_interfaces/include/custom_interfaces/custom_interfaces/msg/detail/depth_report__type_support.hpp
[16.769s] -- Installing: /home/robocatsorin/Desktop/RobotCode2025/ros2_ws/install/custom_interfaces/include/custom_interfaces/custom_interfaces/msg/detail/detection_buffer__struct.hpp
[16.769s] -- Installing: /home/robocatsorin/Desktop/RobotCode2025/ros2_ws/install/custom_interfaces/include/custom_interfaces/custom_interfaces/msg/detail/depth_report__builder.hpp
[16.770s] -- Installing: /home/robocatsorin/Desktop/RobotCode2025/ros2_ws/install/custom_interfaces/include/custom_interfaces/custom_interfaces/msg/detail/motion_goal__builder.hpp
[16.770s] -- Installing: /home/robocatsorin/Desktop/RobotCode2025/ros2_ws/install/custom_interfaces/include/custom_interfaces/custom_interfaces/msg/detail/bounding_box__type_support.hpp
[16.770s] -- Installing: /home/robocatsorin/Desktop/RobotCode2025/ros2_ws/install/custom_interfaces/include/custom_interfaces/custom_interfaces/msg/detail/bounding_box__builder.hpp
[16.770s] -- Installing: /home/robocatsorin/Desktop/RobotCode2025/ros2_ws/install/custom_interfaces/include/custom_interfaces/custom_interfaces/msg/detail/depth_report__traits.hpp
[16.771s] -- Installing: /home/robocatsorin/Desktop/RobotCode2025/ros2_ws/install/custom_interfaces/include/custom_interfaces/custom_interfaces/msg/detail/motion_goal__traits.hpp
[16.771s] -- Installing: /home/robocatsorin/Desktop/RobotCode2025/ros2_ws/install/custom_interfaces/include/custom_interfaces/custom_interfaces/msg/detail/detection_buffer__type_support.hpp
[16.771s] -- Installing: /home/robocatsorin/Desktop/RobotCode2025/ros2_ws/install/custom_interfaces/include/custom_interfaces/custom_interfaces/msg/detail/motor_command__type_support.hpp
[16.771s] -- Installing: /home/robocatsorin/Desktop/RobotCode2025/ros2_ws/install/custom_interfaces/include/custom_interfaces/custom_interfaces/msg/detail/motion_goal__struct.hpp
[16.772s] -- Installing: /home/robocatsorin/Desktop/RobotCode2025/ros2_ws/install/custom_interfaces/include/custom_interfaces/custom_interfaces/msg/detail/imu_data__traits.hpp
[16.772s] -- Installing: /home/robocatsorin/Desktop/RobotCode2025/ros2_ws/install/custom_interfaces/include/custom_interfaces/custom_interfaces/msg/detail/imu_data__builder.hpp
[16.772s] -- Installing: /home/robocatsorin/Desktop/RobotCode2025/ros2_ws/install/custom_interfaces/include/custom_interfaces/custom_interfaces/msg/detail/depth_report__struct.hpp
[16.772s] -- Installing: /home/robocatsorin/Desktop/RobotCode2025/ros2_ws/install/custom_interfaces/include/custom_interfaces/custom_interfaces/msg/detail/imu_data__type_support.hpp
[16.773s] -- Installing: /home/robocatsorin/Desktop/RobotCode2025/ros2_ws/install/custom_interfaces/include/custom_interfaces/custom_interfaces/msg/detail/imu_data__struct.hpp
[16.773s] -- Installing: /home/robocatsorin/Desktop/RobotCode2025/ros2_ws/install/custom_interfaces/include/custom_interfaces/custom_interfaces/msg/detail/detection_buffer__builder.hpp
[16.773s] -- Installing: /home/robocatsorin/Desktop/RobotCode2025/ros2_ws/install/custom_interfaces/include/custom_interfaces/custom_interfaces/msg/motion_goal.hpp
[16.773s] -- Installing: /home/robocatsorin/Desktop/RobotCode2025/ros2_ws/install/custom_interfaces/include/custom_interfaces/custom_interfaces/msg/detection_buffer.hpp
[16.774s] -- Installing: /home/robocatsorin/Desktop/RobotCode2025/ros2_ws/install/custom_interfaces/include/custom_interfaces/custom_interfaces/msg/bounding_box.hpp
[16.774s] -- Installing: /home/robocatsorin/Desktop/RobotCode2025/ros2_ws/install/custom_interfaces/include/custom_interfaces/custom_interfaces/msg/rosidl_generator_cpp__visibility_control.hpp
[16.774s] -- Up-to-date: /home/robocatsorin/Desktop/RobotCode2025/ros2_ws/install/custom_interfaces/include/custom_interfaces/custom_interfaces
[16.774s] -- Up-to-date: /home/robocatsorin/Desktop/RobotCode2025/ros2_ws/install/custom_interfaces/include/custom_interfaces/custom_interfaces/msg
[16.774s] -- Up-to-date: /home/robocatsorin/Desktop/RobotCode2025/ros2_ws/install/custom_interfaces/include/custom_interfaces/custom_interfaces/msg/detail
[16.775s] -- Installing: /home/robocatsorin/Desktop/RobotCode2025/ros2_ws/install/custom_interfaces/include/custom_interfaces/custom_interfaces/msg/detail/depth_report__rosidl_typesupport_fastrtps_cpp.hpp
[16.775s] -- Installing: /home/robocatsorin/Desktop/RobotCode2025/ros2_ws/install/custom_interfaces/include/custom_interfaces/custom_interfaces/msg/detail/detection_buffer__rosidl_typesupport_fastrtps_cpp.hpp
[16.775s] -- Installing: /home/robocatsorin/Desktop/RobotCode2025/ros2_ws/install/custom_interfaces/include/custom_interfaces/custom_interfaces/msg/detail/motor_command__rosidl_typesupport_fastrtps_cpp.hpp
[16.775s] -- Installing: /home/robocatsorin/Desktop/RobotCode2025/ros2_ws/install/custom_interfaces/include/custom_interfaces/custom_interfaces/msg/detail/motion_goal__rosidl_typesupport_fastrtps_cpp.hpp
[16.775s] -- Installing: /home/robocatsorin/Desktop/RobotCode2025/ros2_ws/install/custom_interfaces/include/custom_interfaces/custom_interfaces/msg/detail/bounding_box__rosidl_typesupport_fastrtps_cpp.hpp
[16.776s] -- Installing: /home/robocatsorin/Desktop/RobotCode2025/ros2_ws/install/custom_interfaces/include/custom_interfaces/custom_interfaces/msg/detail/dds_fastrtps
[16.776s] -- Installing: /home/robocatsorin/Desktop/RobotCode2025/ros2_ws/install/custom_interfaces/include/custom_interfaces/custom_interfaces/msg/detail/imu_data__rosidl_typesupport_fastrtps_cpp.hpp
[16.776s] -- Installing: /home/robocatsorin/Desktop/RobotCode2025/ros2_ws/install/custom_interfaces/include/custom_interfaces/custom_interfaces/msg/rosidl_typesupport_fastrtps_cpp__visibility_control.h
[16.778s] -- Installing: /home/robocatsorin/Desktop/RobotCode2025/ros2_ws/install/custom_interfaces/lib/libcustom_interfaces__rosidl_typesupport_fastrtps_cpp.so
[16.779s] -- Set runtime path of "/home/robocatsorin/Desktop/RobotCode2025/ros2_ws/install/custom_interfaces/lib/libcustom_interfaces__rosidl_typesupport_fastrtps_cpp.so" to ""
[16.779s] -- Up-to-date: /home/robocatsorin/Desktop/RobotCode2025/ros2_ws/install/custom_interfaces/include/custom_interfaces/custom_interfaces
[16.779s] -- Up-to-date: /home/robocatsorin/Desktop/RobotCode2025/ros2_ws/install/custom_interfaces/include/custom_interfaces/custom_interfaces/msg
[16.780s] -- Up-to-date: /home/robocatsorin/Desktop/RobotCode2025/ros2_ws/install/custom_interfaces/include/custom_interfaces/custom_interfaces/msg/detail
[16.780s] -- Installing: /home/robocatsorin/Desktop/RobotCode2025/ros2_ws/install/custom_interfaces/include/custom_interfaces/custom_interfaces/msg/detail/bounding_box__rosidl_typesupport_introspection_c.h
[16.780s] -- Installing: /home/robocatsorin/Desktop/RobotCode2025/ros2_ws/install/custom_interfaces/include/custom_interfaces/custom_interfaces/msg/detail/detection_buffer__rosidl_typesupport_introspection_c.h
[16.780s] -- Installing: /home/robocatsorin/Desktop/RobotCode2025/ros2_ws/install/custom_interfaces/include/custom_interfaces/custom_interfaces/msg/detail/motion_goal__type_support.c
[16.780s] -- Installing: /home/robocatsorin/Desktop/RobotCode2025/ros2_ws/install/custom_interfaces/include/custom_interfaces/custom_interfaces/msg/detail/bounding_box__type_support.c
[16.780s] -- Installing: /home/robocatsorin/Desktop/RobotCode2025/ros2_ws/install/custom_interfaces/include/custom_interfaces/custom_interfaces/msg/detail/motion_goal__rosidl_typesupport_introspection_c.h
[16.781s] -- Installing: /home/robocatsorin/Desktop/RobotCode2025/ros2_ws/install/custom_interfaces/include/custom_interfaces/custom_interfaces/msg/detail/motor_command__rosidl_typesupport_introspection_c.h
[16.781s] -- Installing: /home/robocatsorin/Desktop/RobotCode2025/ros2_ws/install/custom_interfaces/include/custom_interfaces/custom_interfaces/msg/detail/imu_data__type_support.c
[16.781s] -- Installing: /home/robocatsorin/Desktop/RobotCode2025/ros2_ws/install/custom_interfaces/include/custom_interfaces/custom_interfaces/msg/detail/depth_report__type_support.c
[16.781s] -- Installing: /home/robocatsorin/Desktop/RobotCode2025/ros2_ws/install/custom_interfaces/include/custom_interfaces/custom_interfaces/msg/detail/motor_command__type_support.c
[16.781s] -- Installing: /home/robocatsorin/Desktop/RobotCode2025/ros2_ws/install/custom_interfaces/include/custom_interfaces/custom_interfaces/msg/detail/depth_report__rosidl_typesupport_introspection_c.h
[16.782s] -- Installing: /home/robocatsorin/Desktop/RobotCode2025/ros2_ws/install/custom_interfaces/include/custom_interfaces/custom_interfaces/msg/detail/imu_data__rosidl_typesupport_introspection_c.h
[16.782s] -- Installing: /home/robocatsorin/Desktop/RobotCode2025/ros2_ws/install/custom_interfaces/include/custom_interfaces/custom_interfaces/msg/detail/detection_buffer__type_support.c
[16.782s] -- Installing: /home/robocatsorin/Desktop/RobotCode2025/ros2_ws/install/custom_interfaces/include/custom_interfaces/custom_interfaces/msg/rosidl_typesupport_introspection_c__visibility_control.h
[16.783s] -- Installing: /home/robocatsorin/Desktop/RobotCode2025/ros2_ws/install/custom_interfaces/lib/libcustom_interfaces__rosidl_typesupport_introspection_c.so
[16.784s] -- Set runtime path of "/home/robocatsorin/Desktop/RobotCode2025/ros2_ws/install/custom_interfaces/lib/libcustom_interfaces__rosidl_typesupport_introspection_c.so" to ""
[16.785s] -- Installing: /home/robocatsorin/Desktop/RobotCode2025/ros2_ws/install/custom_interfaces/lib/libcustom_interfaces__rosidl_typesupport_c.so
[16.786s] -- Set runtime path of "/home/robocatsorin/Desktop/RobotCode2025/ros2_ws/install/custom_interfaces/lib/libcustom_interfaces__rosidl_typesupport_c.so" to ""
[16.786s] -- Up-to-date: /home/robocatsorin/Desktop/RobotCode2025/ros2_ws/install/custom_interfaces/include/custom_interfaces/custom_interfaces
[16.786s] -- Up-to-date: /home/robocatsorin/Desktop/RobotCode2025/ros2_ws/install/custom_interfaces/include/custom_interfaces/custom_interfaces/msg
[16.787s] -- Up-to-date: /home/robocatsorin/Desktop/RobotCode2025/ros2_ws/install/custom_interfaces/include/custom_interfaces/custom_interfaces/msg/detail
[16.787s] -- Installing: /home/robocatsorin/Desktop/RobotCode2025/ros2_ws/install/custom_interfaces/include/custom_interfaces/custom_interfaces/msg/detail/motor_command__type_support.cpp
[16.787s] -- Installing: /home/robocatsorin/Desktop/RobotCode2025/ros2_ws/install/custom_interfaces/include/custom_interfaces/custom_interfaces/msg/detail/depth_report__rosidl_typesupport_introspection_cpp.hpp
[16.787s] -- Installing: /home/robocatsorin/Desktop/RobotCode2025/ros2_ws/install/custom_interfaces/include/custom_interfaces/custom_interfaces/msg/detail/bounding_box__type_support.cpp
[16.787s] -- Installing: /home/robocatsorin/Desktop/RobotCode2025/ros2_ws/install/custom_interfaces/include/custom_interfaces/custom_interfaces/msg/detail/detection_buffer__rosidl_typesupport_introspection_cpp.hpp
[16.787s] -- Installing: /home/robocatsorin/Desktop/RobotCode2025/ros2_ws/install/custom_interfaces/include/custom_interfaces/custom_interfaces/msg/detail/bounding_box__rosidl_typesupport_introspection_cpp.hpp
[16.788s] -- Installing: /home/robocatsorin/Desktop/RobotCode2025/ros2_ws/install/custom_interfaces/include/custom_interfaces/custom_interfaces/msg/detail/imu_data__rosidl_typesupport_introspection_cpp.hpp
[16.788s] -- Installing: /home/robocatsorin/Desktop/RobotCode2025/ros2_ws/install/custom_interfaces/include/custom_interfaces/custom_interfaces/msg/detail/motor_command__rosidl_typesupport_introspection_cpp.hpp
[16.788s] -- Installing: /home/robocatsorin/Desktop/RobotCode2025/ros2_ws/install/custom_interfaces/include/custom_interfaces/custom_interfaces/msg/detail/detection_buffer__type_support.cpp
[16.788s] -- Installing: /home/robocatsorin/Desktop/RobotCode2025/ros2_ws/install/custom_interfaces/include/custom_interfaces/custom_interfaces/msg/detail/motion_goal__type_support.cpp
[16.788s] -- Installing: /home/robocatsorin/Desktop/RobotCode2025/ros2_ws/install/custom_interfaces/include/custom_interfaces/custom_interfaces/msg/detail/depth_report__type_support.cpp
[16.789s] -- Installing: /home/robocatsorin/Desktop/RobotCode2025/ros2_ws/install/custom_interfaces/include/custom_interfaces/custom_interfaces/msg/detail/imu_data__type_support.cpp
[16.789s] -- Installing: /home/robocatsorin/Desktop/RobotCode2025/ros2_ws/install/custom_interfaces/include/custom_interfaces/custom_interfaces/msg/detail/motion_goal__rosidl_typesupport_introspection_cpp.hpp
[16.790s] -- Installing: /home/robocatsorin/Desktop/RobotCode2025/ros2_ws/install/custom_interfaces/lib/libcustom_interfaces__rosidl_typesupport_introspection_cpp.so
[16.791s] -- Set runtime path of "/home/robocatsorin/Desktop/RobotCode2025/ros2_ws/install/custom_interfaces/lib/libcustom_interfaces__rosidl_typesupport_introspection_cpp.so" to ""
[16.792s] -- Installing: /home/robocatsorin/Desktop/RobotCode2025/ros2_ws/install/custom_interfaces/lib/libcustom_interfaces__rosidl_typesupport_cpp.so
[16.793s] -- Set runtime path of "/home/robocatsorin/Desktop/RobotCode2025/ros2_ws/install/custom_interfaces/lib/libcustom_interfaces__rosidl_typesupport_cpp.so" to ""
[16.793s] -- Installing: /home/robocatsorin/Desktop/RobotCode2025/ros2_ws/install/custom_interfaces/share/custom_interfaces/environment/pythonpath.sh
[16.793s] -- Installing: /home/robocatsorin/Desktop/RobotCode2025/ros2_ws/install/custom_interfaces/share/custom_interfaces/environment/pythonpath.dsv
[16.793s] -- Up-to-date: /home/robocatsorin/Desktop/RobotCode2025/ros2_ws/install/custom_interfaces/local/lib/python3.10/dist-packages/custom_interfaces-0.0.0-py3.10.egg-info
[16.793s] -- Installing: /home/robocatsorin/Desktop/RobotCode2025/ros2_ws/install/custom_interfaces/local/lib/python3.10/dist-packages/custom_interfaces-0.0.0-py3.10.egg-info/dependency_links.txt
[16.794s] -- Installing: /home/robocatsorin/Desktop/RobotCode2025/ros2_ws/install/custom_interfaces/local/lib/python3.10/dist-packages/custom_interfaces-0.0.0-py3.10.egg-info/SOURCES.txt
[16.794s] -- Installing: /home/robocatsorin/Desktop/RobotCode2025/ros2_ws/install/custom_interfaces/local/lib/python3.10/dist-packages/custom_interfaces-0.0.0-py3.10.egg-info/top_level.txt
[16.794s] -- Installing: /home/robocatsorin/Desktop/RobotCode2025/ros2_ws/install/custom_interfaces/local/lib/python3.10/dist-packages/custom_interfaces-0.0.0-py3.10.egg-info/PKG-INFO
[16.794s] -- Up-to-date: /home/robocatsorin/Desktop/RobotCode2025/ros2_ws/install/custom_interfaces/local/lib/python3.10/dist-packages/custom_interfaces
[16.795s] -- Installing: /home/robocatsorin/Desktop/RobotCode2025/ros2_ws/install/custom_interfaces/local/lib/python3.10/dist-packages/custom_interfaces/custom_interfaces_s__rosidl_typesupport_c.cpython-310-aarch64-linux-gnu.so
[16.795s] -- Installing: /home/robocatsorin/Desktop/RobotCode2025/ros2_ws/install/custom_interfaces/local/lib/python3.10/dist-packages/custom_interfaces/_custom_interfaces_s.ep.rosidl_typesupport_fastrtps_c.c
[16.795s] -- Installing: /home/robocatsorin/Desktop/RobotCode2025/ros2_ws/install/custom_interfaces/local/lib/python3.10/dist-packages/custom_interfaces/__init__.py
[16.795s] -- Installing: /home/robocatsorin/Desktop/RobotCode2025/ros2_ws/install/custom_interfaces/local/lib/python3.10/dist-packages/custom_interfaces/custom_interfaces_s__rosidl_typesupport_introspection_c.cpython-310-aarch64-linux-gnu.so
[16.796s] -- Installing: /home/robocatsorin/Desktop/RobotCode2025/ros2_ws/install/custom_interfaces/local/lib/python3.10/dist-packages/custom_interfaces/_custom_interfaces_s.ep.rosidl_typesupport_introspection_c.c
[16.796s] -- Installing: /home/robocatsorin/Desktop/RobotCode2025/ros2_ws/install/custom_interfaces/local/lib/python3.10/dist-packages/custom_interfaces/libcustom_interfaces__rosidl_generator_py.so
[16.796s] -- Up-to-date: /home/robocatsorin/Desktop/RobotCode2025/ros2_ws/install/custom_interfaces/local/lib/python3.10/dist-packages/custom_interfaces/msg
[16.797s] -- Installing: /home/robocatsorin/Desktop/RobotCode2025/ros2_ws/install/custom_interfaces/local/lib/python3.10/dist-packages/custom_interfaces/msg/_bounding_box_s.c
[16.797s] -- Installing: /home/robocatsorin/Desktop/RobotCode2025/ros2_ws/install/custom_interfaces/local/lib/python3.10/dist-packages/custom_interfaces/msg/_imu_data.py
[16.797s] -- Installing: /home/robocatsorin/Desktop/RobotCode2025/ros2_ws/install/custom_interfaces/local/lib/python3.10/dist-packages/custom_interfaces/msg/_motion_goal.py
[16.798s] -- Installing: /home/robocatsorin/Desktop/RobotCode2025/ros2_ws/install/custom_interfaces/local/lib/python3.10/dist-packages/custom_interfaces/msg/_imu_data_s.c
[16.798s] -- Installing: /home/robocatsorin/Desktop/RobotCode2025/ros2_ws/install/custom_interfaces/local/lib/python3.10/dist-packages/custom_interfaces/msg/__init__.py
[16.798s] -- Installing: /home/robocatsorin/Desktop/RobotCode2025/ros2_ws/install/custom_interfaces/local/lib/python3.10/dist-packages/custom_interfaces/msg/_motor_command_s.c
[16.798s] -- Installing: /home/robocatsorin/Desktop/RobotCode2025/ros2_ws/install/custom_interfaces/local/lib/python3.10/dist-packages/custom_interfaces/msg/_motion_goal_s.c
[16.799s] -- Installing: /home/robocatsorin/Desktop/RobotCode2025/ros2_ws/install/custom_interfaces/local/lib/python3.10/dist-packages/custom_interfaces/msg/_motor_command.py
[16.799s] -- Installing: /home/robocatsorin/Desktop/RobotCode2025/ros2_ws/install/custom_interfaces/local/lib/python3.10/dist-packages/custom_interfaces/msg/_depth_report.py
[16.799s] -- Installing: /home/robocatsorin/Desktop/RobotCode2025/ros2_ws/install/custom_interfaces/local/lib/python3.10/dist-packages/custom_interfaces/msg/_detection_buffer.py
[16.799s] -- Installing: /home/robocatsorin/Desktop/RobotCode2025/ros2_ws/install/custom_interfaces/local/lib/python3.10/dist-packages/custom_interfaces/msg/_detection_buffer_s.c
[16.800s] -- Installing: /home/robocatsorin/Desktop/RobotCode2025/ros2_ws/install/custom_interfaces/local/lib/python3.10/dist-packages/custom_interfaces/msg/_depth_report_s.c
[16.800s] -- Installing: /home/robocatsorin/Desktop/RobotCode2025/ros2_ws/install/custom_interfaces/local/lib/python3.10/dist-packages/custom_interfaces/msg/_bounding_box.py
[16.800s] -- Installing: /home/robocatsorin/Desktop/RobotCode2025/ros2_ws/install/custom_interfaces/local/lib/python3.10/dist-packages/custom_interfaces/custom_interfaces_s__rosidl_typesupport_fastrtps_c.cpython-310-aarch64-linux-gnu.so
[16.801s] -- Installing: /home/robocatsorin/Desktop/RobotCode2025/ros2_ws/install/custom_interfaces/local/lib/python3.10/dist-packages/custom_interfaces/_custom_interfaces_s.ep.rosidl_typesupport_c.c
[16.898s] Listing '/home/robocatsorin/Desktop/RobotCode2025/ros2_ws/install/custom_interfaces/local/lib/python3.10/dist-packages/custom_interfaces'...
[16.898s] Compiling '/home/robocatsorin/Desktop/RobotCode2025/ros2_ws/install/custom_interfaces/local/lib/python3.10/dist-packages/custom_interfaces/__init__.py'...
[16.898s] Listing '/home/robocatsorin/Desktop/RobotCode2025/ros2_ws/install/custom_interfaces/local/lib/python3.10/dist-packages/custom_interfaces/action'...
[16.898s] Compiling '/home/robocatsorin/Desktop/RobotCode2025/ros2_ws/install/custom_interfaces/local/lib/python3.10/dist-packages/custom_interfaces/action/__init__.py'...
[16.898s] Compiling '/home/robocatsorin/Desktop/RobotCode2025/ros2_ws/install/custom_interfaces/local/lib/python3.10/dist-packages/custom_interfaces/action/_detection_action.py'...
[16.898s] Listing '/home/robocatsorin/Desktop/RobotCode2025/ros2_ws/install/custom_interfaces/local/lib/python3.10/dist-packages/custom_interfaces/msg'...
[16.898s] Compiling '/home/robocatsorin/Desktop/RobotCode2025/ros2_ws/install/custom_interfaces/local/lib/python3.10/dist-packages/custom_interfaces/msg/__init__.py'...
[16.899s] Compiling '/home/robocatsorin/Desktop/RobotCode2025/ros2_ws/install/custom_interfaces/local/lib/python3.10/dist-packages/custom_interfaces/msg/_bounding_box.py'...
[16.899s] Compiling '/home/robocatsorin/Desktop/RobotCode2025/ros2_ws/install/custom_interfaces/local/lib/python3.10/dist-packages/custom_interfaces/msg/_depth_report.py'...
[16.899s] Compiling '/home/robocatsorin/Desktop/RobotCode2025/ros2_ws/install/custom_interfaces/local/lib/python3.10/dist-packages/custom_interfaces/msg/_detection_buffer.py'...
[16.899s] Compiling '/home/robocatsorin/Desktop/RobotCode2025/ros2_ws/install/custom_interfaces/local/lib/python3.10/dist-packages/custom_interfaces/msg/_imu_data.py'...
[16.899s] Compiling '/home/robocatsorin/Desktop/RobotCode2025/ros2_ws/install/custom_interfaces/local/lib/python3.10/dist-packages/custom_interfaces/msg/_motion_goal.py'...
[16.899s] Compiling '/home/robocatsorin/Desktop/RobotCode2025/ros2_ws/install/custom_interfaces/local/lib/python3.10/dist-packages/custom_interfaces/msg/_motor_command.py'...
[16.911s] -- Installing: /home/robocatsorin/Desktop/RobotCode2025/ros2_ws/install/custom_interfaces/local/lib/python3.10/dist-packages/custom_interfaces/custom_interfaces_s__rosidl_typesupport_fastrtps_c.cpython-310-aarch64-linux-gnu.so
[16.912s] -- Set runtime path of "/home/robocatsorin/Desktop/RobotCode2025/ros2_ws/install/custom_interfaces/local/lib/python3.10/dist-packages/custom_interfaces/custom_interfaces_s__rosidl_typesupport_fastrtps_c.cpython-310-aarch64-linux-gnu.so" to ""
[16.912s] -- Installing: /home/robocatsorin/Desktop/RobotCode2025/ros2_ws/install/custom_interfaces/local/lib/python3.10/dist-packages/custom_interfaces/custom_interfaces_s__rosidl_typesupport_introspection_c.cpython-310-aarch64-linux-gnu.so
[16.913s] -- Set runtime path of "/home/robocatsorin/Desktop/RobotCode2025/ros2_ws/install/custom_interfaces/local/lib/python3.10/dist-packages/custom_interfaces/custom_interfaces_s__rosidl_typesupport_introspection_c.cpython-310-aarch64-linux-gnu.so" to ""
[16.914s] -- Installing: /home/robocatsorin/Desktop/RobotCode2025/ros2_ws/install/custom_interfaces/local/lib/python3.10/dist-packages/custom_interfaces/custom_interfaces_s__rosidl_typesupport_c.cpython-310-aarch64-linux-gnu.so
[16.914s] -- Set runtime path of "/home/robocatsorin/Desktop/RobotCode2025/ros2_ws/install/custom_interfaces/local/lib/python3.10/dist-packages/custom_interfaces/custom_interfaces_s__rosidl_typesupport_c.cpython-310-aarch64-linux-gnu.so" to ""
[16.934s] -- Installing: /home/robocatsorin/Desktop/RobotCode2025/ros2_ws/install/custom_interfaces/lib/libcustom_interfaces__rosidl_generator_py.so
[16.935s] -- Set runtime path of "/home/robocatsorin/Desktop/RobotCode2025/ros2_ws/install/custom_interfaces/lib/libcustom_interfaces__rosidl_generator_py.so" to ""
[16.935s] -- Installing: /home/robocatsorin/Desktop/RobotCode2025/ros2_ws/install/custom_interfaces/share/custom_interfaces/msg/ImuData.idl
[16.936s] -- Installing: /home/robocatsorin/Desktop/RobotCode2025/ros2_ws/install/custom_interfaces/share/custom_interfaces/msg/DepthReport.idl
[16.936s] -- Installing: /home/robocatsorin/Desktop/RobotCode2025/ros2_ws/install/custom_interfaces/share/custom_interfaces/msg/MotionGoal.idl
[16.937s] -- Installing: /home/robocatsorin/Desktop/RobotCode2025/ros2_ws/install/custom_interfaces/share/custom_interfaces/msg/MotorCommand.idl
[16.937s] -- Installing: /home/robocatsorin/Desktop/RobotCode2025/ros2_ws/install/custom_interfaces/share/custom_interfaces/msg/BoundingBox.idl
[16.938s] -- Installing: /home/robocatsorin/Desktop/RobotCode2025/ros2_ws/install/custom_interfaces/share/custom_interfaces/msg/DetectionBuffer.idl
[16.939s] -- Up-to-date: /home/robocatsorin/Desktop/RobotCode2025/ros2_ws/install/custom_interfaces/share/custom_interfaces/msg/ImuData.msg
[16.939s] -- Up-to-date: /home/robocatsorin/Desktop/RobotCode2025/ros2_ws/install/custom_interfaces/share/custom_interfaces/msg/DepthReport.msg
[16.939s] -- Up-to-date: /home/robocatsorin/Desktop/RobotCode2025/ros2_ws/install/custom_interfaces/share/custom_interfaces/msg/MotionGoal.msg
[16.940s] -- Up-to-date: /home/robocatsorin/Desktop/RobotCode2025/ros2_ws/install/custom_interfaces/share/custom_interfaces/msg/MotorCommand.msg
[16.940s] -- Up-to-date: /home/robocatsorin/Desktop/RobotCode2025/ros2_ws/install/custom_interfaces/share/custom_interfaces/msg/BoundingBox.msg
[16.940s] -- Up-to-date: /home/robocatsorin/Desktop/RobotCode2025/ros2_ws/install/custom_interfaces/share/custom_interfaces/msg/DetectionBuffer.msg
[16.940s] -- Installing: /home/robocatsorin/Desktop/RobotCode2025/ros2_ws/install/custom_interfaces/share/ament_index/resource_index/package_run_dependencies/custom_interfaces
[16.941s] -- Installing: /home/robocatsorin/Desktop/RobotCode2025/ros2_ws/install/custom_interfaces/share/ament_index/resource_index/parent_prefix_path/custom_interfaces
[16.941s] -- Installing: /home/robocatsorin/Desktop/RobotCode2025/ros2_ws/install/custom_interfaces/share/custom_interfaces/environment/ament_prefix_path.sh
[16.942s] -- Installing: /home/robocatsorin/Desktop/RobotCode2025/ros2_ws/install/custom_interfaces/share/custom_interfaces/environment/ament_prefix_path.dsv
[16.942s] -- Installing: /home/robocatsorin/Desktop/RobotCode2025/ros2_ws/install/custom_interfaces/share/custom_interfaces/environment/path.sh
[16.942s] -- Installing: /home/robocatsorin/Desktop/RobotCode2025/ros2_ws/install/custom_interfaces/share/custom_interfaces/environment/path.dsv
[16.943s] -- Installing: /home/robocatsorin/Desktop/RobotCode2025/ros2_ws/install/custom_interfaces/share/custom_interfaces/local_setup.bash
[16.943s] -- Installing: /home/robocatsorin/Desktop/RobotCode2025/ros2_ws/install/custom_interfaces/share/custom_interfaces/local_setup.sh
[16.943s] -- Installing: /home/robocatsorin/Desktop/RobotCode2025/ros2_ws/install/custom_interfaces/share/custom_interfaces/local_setup.zsh
[16.944s] -- Installing: /home/robocatsorin/Desktop/RobotCode2025/ros2_ws/install/custom_interfaces/share/custom_interfaces/local_setup.dsv
[16.944s] -- Installing: /home/robocatsorin/Desktop/RobotCode2025/ros2_ws/install/custom_interfaces/share/custom_interfaces/package.dsv
[16.945s] -- Installing: /home/robocatsorin/Desktop/RobotCode2025/ros2_ws/install/custom_interfaces/share/ament_index/resource_index/packages/custom_interfaces
[16.946s] -- Installing: /home/robocatsorin/Desktop/RobotCode2025/ros2_ws/install/custom_interfaces/share/custom_interfaces/cmake/export_custom_interfaces__rosidl_generator_cExport.cmake
[16.947s] -- Installing: /home/robocatsorin/Desktop/RobotCode2025/ros2_ws/install/custom_interfaces/share/custom_interfaces/cmake/export_custom_interfaces__rosidl_generator_cExport-noconfig.cmake
[16.948s] -- Installing: /home/robocatsorin/Desktop/RobotCode2025/ros2_ws/install/custom_interfaces/share/custom_interfaces/cmake/export_custom_interfaces__rosidl_typesupport_fastrtps_cExport.cmake
[16.949s] -- Installing: /home/robocatsorin/Desktop/RobotCode2025/ros2_ws/install/custom_interfaces/share/custom_interfaces/cmake/export_custom_interfaces__rosidl_typesupport_fastrtps_cExport-noconfig.cmake
[16.950s] -- Installing: /home/robocatsorin/Desktop/RobotCode2025/ros2_ws/install/custom_interfaces/share/custom_interfaces/cmake/export_custom_interfaces__rosidl_generator_cppExport.cmake
[16.951s] -- Installing: /home/robocatsorin/Desktop/RobotCode2025/ros2_ws/install/custom_interfaces/share/custom_interfaces/cmake/export_custom_interfaces__rosidl_typesupport_fastrtps_cppExport.cmake
[16.952s] -- Installing: /home/robocatsorin/Desktop/RobotCode2025/ros2_ws/install/custom_interfaces/share/custom_interfaces/cmake/export_custom_interfaces__rosidl_typesupport_fastrtps_cppExport-noconfig.cmake
[16.953s] -- Installing: /home/robocatsorin/Desktop/RobotCode2025/ros2_ws/install/custom_interfaces/share/custom_interfaces/cmake/custom_interfaces__rosidl_typesupport_introspection_cExport.cmake
[16.954s] -- Installing: /home/robocatsorin/Desktop/RobotCode2025/ros2_ws/install/custom_interfaces/share/custom_interfaces/cmake/custom_interfaces__rosidl_typesupport_introspection_cExport-noconfig.cmake
[16.955s] -- Installing: /home/robocatsorin/Desktop/RobotCode2025/ros2_ws/install/custom_interfaces/share/custom_interfaces/cmake/custom_interfaces__rosidl_typesupport_cExport.cmake
[16.956s] -- Installing: /home/robocatsorin/Desktop/RobotCode2025/ros2_ws/install/custom_interfaces/share/custom_interfaces/cmake/custom_interfaces__rosidl_typesupport_cExport-noconfig.cmake
[16.957s] -- Installing: /home/robocatsorin/Desktop/RobotCode2025/ros2_ws/install/custom_interfaces/share/custom_interfaces/cmake/custom_interfaces__rosidl_typesupport_introspection_cppExport.cmake
[16.958s] -- Installing: /home/robocatsorin/Desktop/RobotCode2025/ros2_ws/install/custom_interfaces/share/custom_interfaces/cmake/custom_interfaces__rosidl_typesupport_introspection_cppExport-noconfig.cmake
[16.959s] -- Installing: /home/robocatsorin/Desktop/RobotCode2025/ros2_ws/install/custom_interfaces/share/custom_interfaces/cmake/custom_interfaces__rosidl_typesupport_cppExport.cmake
[16.959s] -- Installing: /home/robocatsorin/Desktop/RobotCode2025/ros2_ws/install/custom_interfaces/share/custom_interfaces/cmake/custom_interfaces__rosidl_typesupport_cppExport-noconfig.cmake
[16.961s] -- Installing: /home/robocatsorin/Desktop/RobotCode2025/ros2_ws/install/custom_interfaces/share/custom_interfaces/cmake/export_custom_interfaces__rosidl_generator_pyExport.cmake
[16.961s] -- Installing: /home/robocatsorin/Desktop/RobotCode2025/ros2_ws/install/custom_interfaces/share/custom_interfaces/cmake/export_custom_interfaces__rosidl_generator_pyExport-noconfig.cmake
[16.962s] -- Installing: /home/robocatsorin/Desktop/RobotCode2025/ros2_ws/install/custom_interfaces/share/custom_interfaces/cmake/rosidl_cmake-extras.cmake
[16.963s] -- Installing: /home/robocatsorin/Desktop/RobotCode2025/ros2_ws/install/custom_interfaces/share/custom_interfaces/cmake/ament_cmake_export_dependencies-extras.cmake
[16.963s] -- Installing: /home/robocatsorin/Desktop/RobotCode2025/ros2_ws/install/custom_interfaces/share/custom_interfaces/cmake/ament_cmake_export_include_directories-extras.cmake
[16.964s] -- Installing: /home/robocatsorin/Desktop/RobotCode2025/ros2_ws/install/custom_interfaces/share/custom_interfaces/cmake/ament_cmake_export_libraries-extras.cmake
[16.965s] -- Installing: /home/robocatsorin/Desktop/RobotCode2025/ros2_ws/install/custom_interfaces/share/custom_interfaces/cmake/ament_cmake_export_targets-extras.cmake
[16.965s] -- Installing: /home/robocatsorin/Desktop/RobotCode2025/ros2_ws/install/custom_interfaces/share/custom_interfaces/cmake/rosidl_cmake_export_typesupport_targets-extras.cmake
[16.966s] -- Installing: /home/robocatsorin/Desktop/RobotCode2025/ros2_ws/install/custom_interfaces/share/custom_interfaces/cmake/rosidl_cmake_export_typesupport_libraries-extras.cmake
[16.966s] -- Installing: /home/robocatsorin/Desktop/RobotCode2025/ros2_ws/install/custom_interfaces/share/custom_interfaces/cmake/custom_interfacesConfig.cmake
[16.966s] -- Installing: /home/robocatsorin/Desktop/RobotCode2025/ros2_ws/install/custom_interfaces/share/custom_interfaces/cmake/custom_interfacesConfig-version.cmake
[16.966s] -- Up-to-date: /home/robocatsorin/Desktop/RobotCode2025/ros2_ws/install/custom_interfaces/share/custom_interfaces/package.xml
[16.973s] Invoked command in '/home/robocatsorin/Desktop/RobotCode2025/ros2_ws/build/custom_interfaces' returned '0': CMAKE_PREFIX_PATH=${CMAKE_PREFIX_PATH}:/home/robocatsorin/Desktop/RobotCode2025/ros2_ws/install/py_sensors:/home/robocatsorin/Desktop/RobotCode2025/ros2_ws/install/py_objectdetection:/home/robocatsorin/Desktop/RobotCode2025/ros2_ws/install/py_motors:/opt/ros/humble /usr/bin/cmake --install /home/robocatsorin/Desktop/RobotCode2025/ros2_ws/build/custom_interfaces
