-- Found ament_cmake: 1.3.11 (/opt/ros/humble/share/ament_cmake/cmake)
-- Found rclcpp: 16.0.12 (/opt/ros/humble/share/rclcpp/cmake)
-- Found rosidl_generator_c: 3.1.6 (/opt/ros/humble/share/rosidl_generator_c/cmake)
-- Found rosidl_adapter: 3.1.6 (/opt/ros/humble/share/rosidl_adapter/cmake)
-- Found rosidl_generator_cpp: 3.1.6 (/opt/ros/humble/share/rosidl_generator_cpp/cmake)
-- Using all available rosidl_typesupport_c: rosidl_typesupport_fastrtps_c;rosidl_typesupport_introspection_c
-- Using all available rosidl_typesupport_cpp: rosidl_typesupport_fastrtps_cpp;rosidl_typesupport_introspection_cpp
-- Found rmw_implementation_cmake: 6.1.2 (/opt/ros/humble/share/rmw_implementation_cmake/cmake)
-- Found rmw_fastrtps_cpp: 6.2.7 (/opt/ros/humble/share/rmw_fastrtps_cpp/cmake)
-- Using RMW implementation 'rmw_fastrtps_cpp' as default
-- Found custom_interfaces: 0.0.0 (/home/robocats/Desktop/RobotCode2025/ros2_ws/install/custom_interfaces/share/custom_interfaces/cmake)
-- Configuring done
-- Generating done
-- Build files have been written to: /home/robocats/Desktop/RobotCode2025/ros2_ws/build/cpp_subcontroller
[35m[1mConsolidate compiler generated dependencies of target navigator[0m
[35m[1mConsolidate compiler generated dependencies of target motion_director[0m
[ 25%] [32mBuilding CXX object CMakeFiles/motion_director.dir/src/MotionDirector.cpp.o[0m
[ 50%] [32mBuilding CXX object CMakeFiles/navigator.dir/src/Navigator.cpp.o[0m
[ 75%] [32m[1mLinking CXX executable motion_director[0m
[ 75%] Built target motion_director
[100%] [32m[1mLinking CXX executable navigator[0m
[100%] Built target navigator
-- Install configuration: ""
-- Installing: /home/robocats/Desktop/RobotCode2025/ros2_ws/install/cpp_subcontroller/lib/cpp_subcontroller/motion_director
-- Set runtime path of "/home/robocats/Desktop/RobotCode2025/ros2_ws/install/cpp_subcontroller/lib/cpp_subcontroller/motion_director" to ""
-- Installing: /home/robocats/Desktop/RobotCode2025/ros2_ws/install/cpp_subcontroller/lib/cpp_subcontroller/navigator
-- Set runtime path of "/home/robocats/Desktop/RobotCode2025/ros2_ws/install/cpp_subcontroller/lib/cpp_subcontroller/navigator" to ""
-- Up-to-date: /home/robocats/Desktop/RobotCode2025/ros2_ws/install/cpp_subcontroller/share/ament_index/resource_index/package_run_dependencies/cpp_subcontroller
-- Installing: /home/robocats/Desktop/RobotCode2025/ros2_ws/install/cpp_subcontroller/share/ament_index/resource_index/parent_prefix_path/cpp_subcontroller
-- Up-to-date: /home/robocats/Desktop/RobotCode2025/ros2_ws/install/cpp_subcontroller/share/cpp_subcontroller/environment/ament_prefix_path.sh
-- Installing: /home/robocats/Desktop/RobotCode2025/ros2_ws/install/cpp_subcontroller/share/cpp_subcontroller/environment/ament_prefix_path.dsv
-- Up-to-date: /home/robocats/Desktop/RobotCode2025/ros2_ws/install/cpp_subcontroller/share/cpp_subcontroller/environment/path.sh
-- Installing: /home/robocats/Desktop/RobotCode2025/ros2_ws/install/cpp_subcontroller/share/cpp_subcontroller/environment/path.dsv
-- Up-to-date: /home/robocats/Desktop/RobotCode2025/ros2_ws/install/cpp_subcontroller/share/cpp_subcontroller/local_setup.bash
-- Up-to-date: /home/robocats/Desktop/RobotCode2025/ros2_ws/install/cpp_subcontroller/share/cpp_subcontroller/local_setup.sh
-- Up-to-date: /home/robocats/Desktop/RobotCode2025/ros2_ws/install/cpp_subcontroller/share/cpp_subcontroller/local_setup.zsh
-- Installing: /home/robocats/Desktop/RobotCode2025/ros2_ws/install/cpp_subcontroller/share/cpp_subcontroller/local_setup.dsv
-- Installing: /home/robocats/Desktop/RobotCode2025/ros2_ws/install/cpp_subcontroller/share/cpp_subcontroller/package.dsv
-- Up-to-date: /home/robocats/Desktop/RobotCode2025/ros2_ws/install/cpp_subcontroller/share/ament_index/resource_index/packages/cpp_subcontroller
-- Up-to-date: /home/robocats/Desktop/RobotCode2025/ros2_ws/install/cpp_subcontroller/share/cpp_subcontroller/cmake/cpp_subcontrollerConfig.cmake
-- Up-to-date: /home/robocats/Desktop/RobotCode2025/ros2_ws/install/cpp_subcontroller/share/cpp_subcontroller/cmake/cpp_subcontrollerConfig-version.cmake
-- Up-to-date: /home/robocats/Desktop/RobotCode2025/ros2_ws/install/cpp_subcontroller/share/cpp_subcontroller/package.xml
