[0.166s] DEBUG:colcon:Command line arguments: ['/usr/bin/colcon', 'build']
[0.166s] DEBUG:colcon:Parsed command line arguments: Namespace(log_base=None, log_level=None, verb_name='build', build_base='build', install_base='install', merge_install=False, symlink_install=False, test_result_base=None, continue_on_error=False, executor='parallel', parallel_workers=12, event_handlers=None, ignore_user_meta=False, metas=['./colcon.meta'], base_paths=['.'], packages_ignore=None, packages_ignore_regex=None, paths=None, packages_up_to=None, packages_up_to_regex=None, packages_above=None, packages_above_and_dependencies=None, packages_above_depth=None, packages_select_by_dep=None, packages_skip_by_dep=None, packages_skip_up_to=None, packages_select_build_failed=False, packages_skip_build_finished=False, packages_select_test_failures=False, packages_skip_test_passed=False, packages_select=None, packages_skip=None, packages_select_regex=None, packages_skip_regex=None, packages_start=None, packages_end=None, allow_overriding=[], cmake_args=None, cmake_target=None, cmake_target_skip_unavailable=False, cmake_clean_cache=False, cmake_clean_first=False, cmake_force_configure=False, ament_cmake_args=None, catkin_cmake_args=None, catkin_skip_building_tests=False, verb_parser=<colcon_defaults.argument_parser.defaults.DefaultArgumentsDecorator object at 0xffff8a799f00>, verb_extension=<colcon_core.verb.build.BuildVerb object at 0xffff8a92bcd0>, main=<bound method BuildVerb.main of <colcon_core.verb.build.BuildVerb object at 0xffff8a92bcd0>>)
[0.431s] Level 1:colcon.colcon_core.package_discovery:discover_packages(colcon_meta) check parameters
[0.431s] Level 1:colcon.colcon_core.package_discovery:discover_packages(recursive) check parameters
[0.432s] Level 1:colcon.colcon_core.package_discovery:discover_packages(ignore) check parameters
[0.432s] Level 1:colcon.colcon_core.package_discovery:discover_packages(path) check parameters
[0.432s] Level 1:colcon.colcon_core.package_discovery:discover_packages(colcon_meta) discover
[0.432s] Level 1:colcon.colcon_core.package_discovery:discover_packages(recursive) discover
[0.432s] INFO:colcon.colcon_core.package_discovery:Crawling recursively for packages in '/home/robocats/Desktop/RobotCode2025/ros2_ws'
[0.432s] Level 1:colcon.colcon_core.package_identification:_identify(.) by extensions ['ignore', 'ignore_ament_install']
[0.432s] Level 1:colcon.colcon_core.package_identification:_identify(.) by extension 'ignore'
[0.433s] Level 1:colcon.colcon_core.package_identification:_identify(.) by extension 'ignore_ament_install'
[0.433s] Level 1:colcon.colcon_core.package_identification:_identify(.) by extensions ['colcon_pkg']
[0.433s] Level 1:colcon.colcon_core.package_identification:_identify(.) by extension 'colcon_pkg'
[0.433s] Level 1:colcon.colcon_core.package_identification:_identify(.) by extensions ['colcon_meta']
[0.433s] Level 1:colcon.colcon_core.package_identification:_identify(.) by extension 'colcon_meta'
[0.433s] Level 1:colcon.colcon_core.package_identification:_identify(.) by extensions ['ros']
[0.433s] Level 1:colcon.colcon_core.package_identification:_identify(.) by extension 'ros'
[0.450s] Level 1:colcon.colcon_core.package_identification:_identify(.) by extensions ['cmake', 'python']
[0.450s] Level 1:colcon.colcon_core.package_identification:_identify(.) by extension 'cmake'
[0.450s] Level 1:colcon.colcon_core.package_identification:_identify(.) by extension 'python'
[0.450s] Level 1:colcon.colcon_core.package_identification:_identify(.) by extensions ['python_setup_py']
[0.450s] Level 1:colcon.colcon_core.package_identification:_identify(.) by extension 'python_setup_py'
[0.450s] Level 1:colcon.colcon_core.package_identification:_identify(build) by extensions ['ignore', 'ignore_ament_install']
[0.451s] Level 1:colcon.colcon_core.package_identification:_identify(build) by extension 'ignore'
[0.451s] Level 1:colcon.colcon_core.package_identification:_identify(build) ignored
[0.451s] Level 1:colcon.colcon_core.package_identification:_identify(install) by extensions ['ignore', 'ignore_ament_install']
[0.451s] Level 1:colcon.colcon_core.package_identification:_identify(install) by extension 'ignore'
[0.451s] Level 1:colcon.colcon_core.package_identification:_identify(install) ignored
[0.451s] Level 1:colcon.colcon_core.package_identification:_identify(launch) by extensions ['ignore', 'ignore_ament_install']
[0.451s] Level 1:colcon.colcon_core.package_identification:_identify(launch) by extension 'ignore'
[0.451s] Level 1:colcon.colcon_core.package_identification:_identify(launch) by extension 'ignore_ament_install'
[0.452s] Level 1:colcon.colcon_core.package_identification:_identify(launch) by extensions ['colcon_pkg']
[0.452s] Level 1:colcon.colcon_core.package_identification:_identify(launch) by extension 'colcon_pkg'
[0.452s] Level 1:colcon.colcon_core.package_identification:_identify(launch) by extensions ['colcon_meta']
[0.452s] Level 1:colcon.colcon_core.package_identification:_identify(launch) by extension 'colcon_meta'
[0.452s] Level 1:colcon.colcon_core.package_identification:_identify(launch) by extensions ['ros']
[0.452s] Level 1:colcon.colcon_core.package_identification:_identify(launch) by extension 'ros'
[0.452s] Level 1:colcon.colcon_core.package_identification:_identify(launch) by extensions ['cmake', 'python']
[0.452s] Level 1:colcon.colcon_core.package_identification:_identify(launch) by extension 'cmake'
[0.452s] Level 1:colcon.colcon_core.package_identification:_identify(launch) by extension 'python'
[0.452s] Level 1:colcon.colcon_core.package_identification:_identify(launch) by extensions ['python_setup_py']
[0.452s] Level 1:colcon.colcon_core.package_identification:_identify(launch) by extension 'python_setup_py'
[0.452s] Level 1:colcon.colcon_core.package_identification:_identify(launch/__pycache__) by extensions ['ignore', 'ignore_ament_install']
[0.452s] Level 1:colcon.colcon_core.package_identification:_identify(launch/__pycache__) by extension 'ignore'
[0.453s] Level 1:colcon.colcon_core.package_identification:_identify(launch/__pycache__) by extension 'ignore_ament_install'
[0.453s] Level 1:colcon.colcon_core.package_identification:_identify(launch/__pycache__) by extensions ['colcon_pkg']
[0.453s] Level 1:colcon.colcon_core.package_identification:_identify(launch/__pycache__) by extension 'colcon_pkg'
[0.453s] Level 1:colcon.colcon_core.package_identification:_identify(launch/__pycache__) by extensions ['colcon_meta']
[0.453s] Level 1:colcon.colcon_core.package_identification:_identify(launch/__pycache__) by extension 'colcon_meta'
[0.453s] Level 1:colcon.colcon_core.package_identification:_identify(launch/__pycache__) by extensions ['ros']
[0.453s] Level 1:colcon.colcon_core.package_identification:_identify(launch/__pycache__) by extension 'ros'
[0.453s] Level 1:colcon.colcon_core.package_identification:_identify(launch/__pycache__) by extensions ['cmake', 'python']
[0.453s] Level 1:colcon.colcon_core.package_identification:_identify(launch/__pycache__) by extension 'cmake'
[0.453s] Level 1:colcon.colcon_core.package_identification:_identify(launch/__pycache__) by extension 'python'
[0.453s] Level 1:colcon.colcon_core.package_identification:_identify(launch/__pycache__) by extensions ['python_setup_py']
[0.453s] Level 1:colcon.colcon_core.package_identification:_identify(launch/__pycache__) by extension 'python_setup_py'
[0.454s] Level 1:colcon.colcon_core.package_identification:_identify(log) by extensions ['ignore', 'ignore_ament_install']
[0.454s] Level 1:colcon.colcon_core.package_identification:_identify(log) by extension 'ignore'
[0.454s] Level 1:colcon.colcon_core.package_identification:_identify(log) ignored
[0.454s] Level 1:colcon.colcon_core.package_identification:_identify(src) by extensions ['ignore', 'ignore_ament_install']
[0.454s] Level 1:colcon.colcon_core.package_identification:_identify(src) by extension 'ignore'
[0.454s] Level 1:colcon.colcon_core.package_identification:_identify(src) by extension 'ignore_ament_install'
[0.454s] Level 1:colcon.colcon_core.package_identification:_identify(src) by extensions ['colcon_pkg']
[0.454s] Level 1:colcon.colcon_core.package_identification:_identify(src) by extension 'colcon_pkg'
[0.454s] Level 1:colcon.colcon_core.package_identification:_identify(src) by extensions ['colcon_meta']
[0.454s] Level 1:colcon.colcon_core.package_identification:_identify(src) by extension 'colcon_meta'
[0.454s] Level 1:colcon.colcon_core.package_identification:_identify(src) by extensions ['ros']
[0.454s] Level 1:colcon.colcon_core.package_identification:_identify(src) by extension 'ros'
[0.455s] Level 1:colcon.colcon_core.package_identification:_identify(src) by extensions ['cmake', 'python']
[0.455s] Level 1:colcon.colcon_core.package_identification:_identify(src) by extension 'cmake'
[0.455s] Level 1:colcon.colcon_core.package_identification:_identify(src) by extension 'python'
[0.455s] Level 1:colcon.colcon_core.package_identification:_identify(src) by extensions ['python_setup_py']
[0.455s] Level 1:colcon.colcon_core.package_identification:_identify(src) by extension 'python_setup_py'
[0.455s] Level 1:colcon.colcon_core.package_identification:_identify(src/cpp_subcontroller) by extensions ['ignore', 'ignore_ament_install']
[0.455s] Level 1:colcon.colcon_core.package_identification:_identify(src/cpp_subcontroller) by extension 'ignore'
[0.455s] Level 1:colcon.colcon_core.package_identification:_identify(src/cpp_subcontroller) by extension 'ignore_ament_install'
[0.455s] Level 1:colcon.colcon_core.package_identification:_identify(src/cpp_subcontroller) by extensions ['colcon_pkg']
[0.455s] Level 1:colcon.colcon_core.package_identification:_identify(src/cpp_subcontroller) by extension 'colcon_pkg'
[0.455s] Level 1:colcon.colcon_core.package_identification:_identify(src/cpp_subcontroller) by extensions ['colcon_meta']
[0.455s] Level 1:colcon.colcon_core.package_identification:_identify(src/cpp_subcontroller) by extension 'colcon_meta'
[0.456s] Level 1:colcon.colcon_core.package_identification:_identify(src/cpp_subcontroller) by extensions ['ros']
[0.456s] Level 1:colcon.colcon_core.package_identification:_identify(src/cpp_subcontroller) by extension 'ros'
[0.459s] DEBUG:colcon.colcon_core.package_identification:Package 'src/cpp_subcontroller' with type 'ros.ament_cmake' and name 'cpp_subcontroller'
[0.459s] Level 1:colcon.colcon_core.package_identification:_identify(src/custom_interfaces) by extensions ['ignore', 'ignore_ament_install']
[0.460s] Level 1:colcon.colcon_core.package_identification:_identify(src/custom_interfaces) by extension 'ignore'
[0.460s] Level 1:colcon.colcon_core.package_identification:_identify(src/custom_interfaces) by extension 'ignore_ament_install'
[0.460s] Level 1:colcon.colcon_core.package_identification:_identify(src/custom_interfaces) by extensions ['colcon_pkg']
[0.460s] Level 1:colcon.colcon_core.package_identification:_identify(src/custom_interfaces) by extension 'colcon_pkg'
[0.460s] Level 1:colcon.colcon_core.package_identification:_identify(src/custom_interfaces) by extensions ['colcon_meta']
[0.460s] Level 1:colcon.colcon_core.package_identification:_identify(src/custom_interfaces) by extension 'colcon_meta'
[0.460s] Level 1:colcon.colcon_core.package_identification:_identify(src/custom_interfaces) by extensions ['ros']
[0.460s] Level 1:colcon.colcon_core.package_identification:_identify(src/custom_interfaces) by extension 'ros'
[0.461s] DEBUG:colcon.colcon_core.package_identification:Package 'src/custom_interfaces' with type 'ros.ament_cmake' and name 'custom_interfaces'
[0.461s] Level 1:colcon.colcon_core.package_identification:_identify(src/py_motors) by extensions ['ignore', 'ignore_ament_install']
[0.461s] Level 1:colcon.colcon_core.package_identification:_identify(src/py_motors) by extension 'ignore'
[0.462s] Level 1:colcon.colcon_core.package_identification:_identify(src/py_motors) by extension 'ignore_ament_install'
[0.462s] Level 1:colcon.colcon_core.package_identification:_identify(src/py_motors) by extensions ['colcon_pkg']
[0.462s] Level 1:colcon.colcon_core.package_identification:_identify(src/py_motors) by extension 'colcon_pkg'
[0.462s] Level 1:colcon.colcon_core.package_identification:_identify(src/py_motors) by extensions ['colcon_meta']
[0.462s] Level 1:colcon.colcon_core.package_identification:_identify(src/py_motors) by extension 'colcon_meta'
[0.462s] Level 1:colcon.colcon_core.package_identification:_identify(src/py_motors) by extensions ['ros']
[0.462s] Level 1:colcon.colcon_core.package_identification:_identify(src/py_motors) by extension 'ros'
[0.463s] DEBUG:colcon.colcon_core.package_identification:Package 'src/py_motors' with type 'ros.ament_python' and name 'py_motors'
[0.463s] Level 1:colcon.colcon_core.package_identification:_identify(src/py_objectdetection) by extensions ['ignore', 'ignore_ament_install']
[0.463s] Level 1:colcon.colcon_core.package_identification:_identify(src/py_objectdetection) by extension 'ignore'
[0.463s] Level 1:colcon.colcon_core.package_identification:_identify(src/py_objectdetection) by extension 'ignore_ament_install'
[0.464s] Level 1:colcon.colcon_core.package_identification:_identify(src/py_objectdetection) by extensions ['colcon_pkg']
[0.464s] Level 1:colcon.colcon_core.package_identification:_identify(src/py_objectdetection) by extension 'colcon_pkg'
[0.464s] Level 1:colcon.colcon_core.package_identification:_identify(src/py_objectdetection) by extensions ['colcon_meta']
[0.464s] Level 1:colcon.colcon_core.package_identification:_identify(src/py_objectdetection) by extension 'colcon_meta'
[0.464s] Level 1:colcon.colcon_core.package_identification:_identify(src/py_objectdetection) by extensions ['ros']
[0.464s] Level 1:colcon.colcon_core.package_identification:_identify(src/py_objectdetection) by extension 'ros'
[0.465s] DEBUG:colcon.colcon_core.package_identification:Package 'src/py_objectdetection' with type 'ros.ament_python' and name 'py_objectdetection'
[0.465s] Level 1:colcon.colcon_core.package_identification:_identify(src/py_sensors) by extensions ['ignore', 'ignore_ament_install']
[0.465s] Level 1:colcon.colcon_core.package_identification:_identify(src/py_sensors) by extension 'ignore'
[0.465s] Level 1:colcon.colcon_core.package_identification:_identify(src/py_sensors) by extension 'ignore_ament_install'
[0.465s] Level 1:colcon.colcon_core.package_identification:_identify(src/py_sensors) by extensions ['colcon_pkg']
[0.465s] Level 1:colcon.colcon_core.package_identification:_identify(src/py_sensors) by extension 'colcon_pkg'
[0.465s] Level 1:colcon.colcon_core.package_identification:_identify(src/py_sensors) by extensions ['colcon_meta']
[0.465s] Level 1:colcon.colcon_core.package_identification:_identify(src/py_sensors) by extension 'colcon_meta'
[0.465s] Level 1:colcon.colcon_core.package_identification:_identify(src/py_sensors) by extensions ['ros']
[0.465s] Level 1:colcon.colcon_core.package_identification:_identify(src/py_sensors) by extension 'ros'
[0.466s] DEBUG:colcon.colcon_core.package_identification:Package 'src/py_sensors' with type 'ros.ament_python' and name 'py_sensors'
[0.466s] Level 1:colcon.colcon_core.package_identification:_identify(src/usb_cam) by extensions ['ignore', 'ignore_ament_install']
[0.466s] Level 1:colcon.colcon_core.package_identification:_identify(src/usb_cam) by extension 'ignore'
[0.466s] Level 1:colcon.colcon_core.package_identification:_identify(src/usb_cam) by extension 'ignore_ament_install'
[0.466s] Level 1:colcon.colcon_core.package_identification:_identify(src/usb_cam) by extensions ['colcon_pkg']
[0.467s] Level 1:colcon.colcon_core.package_identification:_identify(src/usb_cam) by extension 'colcon_pkg'
[0.467s] Level 1:colcon.colcon_core.package_identification:_identify(src/usb_cam) by extensions ['colcon_meta']
[0.467s] Level 1:colcon.colcon_core.package_identification:_identify(src/usb_cam) by extension 'colcon_meta'
[0.467s] Level 1:colcon.colcon_core.package_identification:_identify(src/usb_cam) by extensions ['ros']
[0.467s] Level 1:colcon.colcon_core.package_identification:_identify(src/usb_cam) by extension 'ros'
[0.469s] DEBUG:colcon.colcon_core.package_identification:Package 'src/usb_cam' with type 'ros.ament_cmake' and name 'usb_cam'
[0.469s] Level 1:colcon.colcon_core.package_discovery:discover_packages(recursive) using defaults
[0.469s] Level 1:colcon.colcon_core.package_discovery:discover_packages(ignore) discover
[0.469s] Level 1:colcon.colcon_core.package_discovery:discover_packages(ignore) using defaults
[0.469s] Level 1:colcon.colcon_core.package_discovery:discover_packages(path) discover
[0.469s] Level 1:colcon.colcon_core.package_discovery:discover_packages(path) using defaults
[0.529s] Level 1:colcon.colcon_core.package_discovery:discover_packages(prefix_path) check parameters
[0.529s] Level 1:colcon.colcon_core.package_discovery:discover_packages(prefix_path) discover
[0.532s] DEBUG:colcon.colcon_installed_package_information.package_discovery:Found 6 installed packages in /home/robocats/Desktop/RobotCode2025/ros2_ws/install
[0.534s] DEBUG:colcon.colcon_installed_package_information.package_discovery:Found 303 installed packages in /opt/ros/humble
[0.536s] Level 1:colcon.colcon_core.package_discovery:discover_packages(prefix_path) using defaults
[0.601s] Level 5:colcon.colcon_core.verb:set package 'custom_interfaces' build argument 'cmake_args' from command line to 'None'
[0.602s] Level 5:colcon.colcon_core.verb:set package 'custom_interfaces' build argument 'cmake_target' from command line to 'None'
[0.602s] Level 5:colcon.colcon_core.verb:set package 'custom_interfaces' build argument 'cmake_target_skip_unavailable' from command line to 'False'
[0.602s] Level 5:colcon.colcon_core.verb:set package 'custom_interfaces' build argument 'cmake_clean_cache' from command line to 'False'
[0.602s] Level 5:colcon.colcon_core.verb:set package 'custom_interfaces' build argument 'cmake_clean_first' from command line to 'False'
[0.602s] Level 5:colcon.colcon_core.verb:set package 'custom_interfaces' build argument 'cmake_force_configure' from command line to 'False'
[0.602s] Level 5:colcon.colcon_core.verb:set package 'custom_interfaces' build argument 'ament_cmake_args' from command line to 'None'
[0.602s] Level 5:colcon.colcon_core.verb:set package 'custom_interfaces' build argument 'catkin_cmake_args' from command line to 'None'
[0.602s] Level 5:colcon.colcon_core.verb:set package 'custom_interfaces' build argument 'catkin_skip_building_tests' from command line to 'False'
[0.602s] DEBUG:colcon.colcon_core.verb:Building package 'custom_interfaces' with the following arguments: {'ament_cmake_args': None, 'build_base': '/home/robocats/Desktop/RobotCode2025/ros2_ws/build/custom_interfaces', 'catkin_cmake_args': None, 'catkin_skip_building_tests': False, 'cmake_args': None, 'cmake_clean_cache': False, 'cmake_clean_first': False, 'cmake_force_configure': False, 'cmake_target': None, 'cmake_target_skip_unavailable': False, 'install_base': '/home/robocats/Desktop/RobotCode2025/ros2_ws/install/custom_interfaces', 'merge_install': False, 'path': '/home/robocats/Desktop/RobotCode2025/ros2_ws/src/custom_interfaces', 'symlink_install': False, 'test_result_base': None}
[0.603s] Level 5:colcon.colcon_core.verb:set package 'usb_cam' build argument 'cmake_args' from command line to 'None'
[0.603s] Level 5:colcon.colcon_core.verb:set package 'usb_cam' build argument 'cmake_target' from command line to 'None'
[0.603s] Level 5:colcon.colcon_core.verb:set package 'usb_cam' build argument 'cmake_target_skip_unavailable' from command line to 'False'
[0.603s] Level 5:colcon.colcon_core.verb:set package 'usb_cam' build argument 'cmake_clean_cache' from command line to 'False'
[0.603s] Level 5:colcon.colcon_core.verb:set package 'usb_cam' build argument 'cmake_clean_first' from command line to 'False'
[0.603s] Level 5:colcon.colcon_core.verb:set package 'usb_cam' build argument 'cmake_force_configure' from command line to 'False'
[0.603s] Level 5:colcon.colcon_core.verb:set package 'usb_cam' build argument 'ament_cmake_args' from command line to 'None'
[0.603s] Level 5:colcon.colcon_core.verb:set package 'usb_cam' build argument 'catkin_cmake_args' from command line to 'None'
[0.603s] Level 5:colcon.colcon_core.verb:set package 'usb_cam' build argument 'catkin_skip_building_tests' from command line to 'False'
[0.603s] DEBUG:colcon.colcon_core.verb:Building package 'usb_cam' with the following arguments: {'ament_cmake_args': None, 'build_base': '/home/robocats/Desktop/RobotCode2025/ros2_ws/build/usb_cam', 'catkin_cmake_args': None, 'catkin_skip_building_tests': False, 'cmake_args': None, 'cmake_clean_cache': False, 'cmake_clean_first': False, 'cmake_force_configure': False, 'cmake_target': None, 'cmake_target_skip_unavailable': False, 'install_base': '/home/robocats/Desktop/RobotCode2025/ros2_ws/install/usb_cam', 'merge_install': False, 'path': '/home/robocats/Desktop/RobotCode2025/ros2_ws/src/usb_cam', 'symlink_install': False, 'test_result_base': None}
[0.604s] Level 5:colcon.colcon_core.verb:set package 'cpp_subcontroller' build argument 'cmake_args' from command line to 'None'
[0.604s] Level 5:colcon.colcon_core.verb:set package 'cpp_subcontroller' build argument 'cmake_target' from command line to 'None'
[0.604s] Level 5:colcon.colcon_core.verb:set package 'cpp_subcontroller' build argument 'cmake_target_skip_unavailable' from command line to 'False'
[0.604s] Level 5:colcon.colcon_core.verb:set package 'cpp_subcontroller' build argument 'cmake_clean_cache' from command line to 'False'
[0.604s] Level 5:colcon.colcon_core.verb:set package 'cpp_subcontroller' build argument 'cmake_clean_first' from command line to 'False'
[0.604s] Level 5:colcon.colcon_core.verb:set package 'cpp_subcontroller' build argument 'cmake_force_configure' from command line to 'False'
[0.604s] Level 5:colcon.colcon_core.verb:set package 'cpp_subcontroller' build argument 'ament_cmake_args' from command line to 'None'
[0.604s] Level 5:colcon.colcon_core.verb:set package 'cpp_subcontroller' build argument 'catkin_cmake_args' from command line to 'None'
[0.605s] Level 5:colcon.colcon_core.verb:set package 'cpp_subcontroller' build argument 'catkin_skip_building_tests' from command line to 'False'
[0.605s] DEBUG:colcon.colcon_core.verb:Building package 'cpp_subcontroller' with the following arguments: {'ament_cmake_args': None, 'build_base': '/home/robocats/Desktop/RobotCode2025/ros2_ws/build/cpp_subcontroller', 'catkin_cmake_args': None, 'catkin_skip_building_tests': False, 'cmake_args': None, 'cmake_clean_cache': False, 'cmake_clean_first': False, 'cmake_force_configure': False, 'cmake_target': None, 'cmake_target_skip_unavailable': False, 'install_base': '/home/robocats/Desktop/RobotCode2025/ros2_ws/install/cpp_subcontroller', 'merge_install': False, 'path': '/home/robocats/Desktop/RobotCode2025/ros2_ws/src/cpp_subcontroller', 'symlink_install': False, 'test_result_base': None}
[0.605s] Level 5:colcon.colcon_core.verb:set package 'py_motors' build argument 'cmake_args' from command line to 'None'
[0.605s] Level 5:colcon.colcon_core.verb:set package 'py_motors' build argument 'cmake_target' from command line to 'None'
[0.605s] Level 5:colcon.colcon_core.verb:set package 'py_motors' build argument 'cmake_target_skip_unavailable' from command line to 'False'
[0.605s] Level 5:colcon.colcon_core.verb:set package 'py_motors' build argument 'cmake_clean_cache' from command line to 'False'
[0.605s] Level 5:colcon.colcon_core.verb:set package 'py_motors' build argument 'cmake_clean_first' from command line to 'False'
[0.605s] Level 5:colcon.colcon_core.verb:set package 'py_motors' build argument 'cmake_force_configure' from command line to 'False'
[0.605s] Level 5:colcon.colcon_core.verb:set package 'py_motors' build argument 'ament_cmake_args' from command line to 'None'
[0.606s] Level 5:colcon.colcon_core.verb:set package 'py_motors' build argument 'catkin_cmake_args' from command line to 'None'
[0.606s] Level 5:colcon.colcon_core.verb:set package 'py_motors' build argument 'catkin_skip_building_tests' from command line to 'False'
[0.606s] DEBUG:colcon.colcon_core.verb:Building package 'py_motors' with the following arguments: {'ament_cmake_args': None, 'build_base': '/home/robocats/Desktop/RobotCode2025/ros2_ws/build/py_motors', 'catkin_cmake_args': None, 'catkin_skip_building_tests': False, 'cmake_args': None, 'cmake_clean_cache': False, 'cmake_clean_first': False, 'cmake_force_configure': False, 'cmake_target': None, 'cmake_target_skip_unavailable': False, 'install_base': '/home/robocats/Desktop/RobotCode2025/ros2_ws/install/py_motors', 'merge_install': False, 'path': '/home/robocats/Desktop/RobotCode2025/ros2_ws/src/py_motors', 'symlink_install': False, 'test_result_base': None}
[0.606s] Level 5:colcon.colcon_core.verb:set package 'py_objectdetection' build argument 'cmake_args' from command line to 'None'
[0.606s] Level 5:colcon.colcon_core.verb:set package 'py_objectdetection' build argument 'cmake_target' from command line to 'None'
[0.606s] Level 5:colcon.colcon_core.verb:set package 'py_objectdetection' build argument 'cmake_target_skip_unavailable' from command line to 'False'
[0.606s] Level 5:colcon.colcon_core.verb:set package 'py_objectdetection' build argument 'cmake_clean_cache' from command line to 'False'
[0.606s] Level 5:colcon.colcon_core.verb:set package 'py_objectdetection' build argument 'cmake_clean_first' from command line to 'False'
[0.606s] Level 5:colcon.colcon_core.verb:set package 'py_objectdetection' build argument 'cmake_force_configure' from command line to 'False'
[0.606s] Level 5:colcon.colcon_core.verb:set package 'py_objectdetection' build argument 'ament_cmake_args' from command line to 'None'
[0.606s] Level 5:colcon.colcon_core.verb:set package 'py_objectdetection' build argument 'catkin_cmake_args' from command line to 'None'
[0.606s] Level 5:colcon.colcon_core.verb:set package 'py_objectdetection' build argument 'catkin_skip_building_tests' from command line to 'False'
[0.606s] DEBUG:colcon.colcon_core.verb:Building package 'py_objectdetection' with the following arguments: {'ament_cmake_args': None, 'build_base': '/home/robocats/Desktop/RobotCode2025/ros2_ws/build/py_objectdetection', 'catkin_cmake_args': None, 'catkin_skip_building_tests': False, 'cmake_args': None, 'cmake_clean_cache': False, 'cmake_clean_first': False, 'cmake_force_configure': False, 'cmake_target': None, 'cmake_target_skip_unavailable': False, 'install_base': '/home/robocats/Desktop/RobotCode2025/ros2_ws/install/py_objectdetection', 'merge_install': False, 'path': '/home/robocats/Desktop/RobotCode2025/ros2_ws/src/py_objectdetection', 'symlink_install': False, 'test_result_base': None}
[0.607s] Level 5:colcon.colcon_core.verb:set package 'py_sensors' build argument 'cmake_args' from command line to 'None'
[0.607s] Level 5:colcon.colcon_core.verb:set package 'py_sensors' build argument 'cmake_target' from command line to 'None'
[0.607s] Level 5:colcon.colcon_core.verb:set package 'py_sensors' build argument 'cmake_target_skip_unavailable' from command line to 'False'
[0.607s] Level 5:colcon.colcon_core.verb:set package 'py_sensors' build argument 'cmake_clean_cache' from command line to 'False'
[0.607s] Level 5:colcon.colcon_core.verb:set package 'py_sensors' build argument 'cmake_clean_first' from command line to 'False'
[0.607s] Level 5:colcon.colcon_core.verb:set package 'py_sensors' build argument 'cmake_force_configure' from command line to 'False'
[0.607s] Level 5:colcon.colcon_core.verb:set package 'py_sensors' build argument 'ament_cmake_args' from command line to 'None'
[0.607s] Level 5:colcon.colcon_core.verb:set package 'py_sensors' build argument 'catkin_cmake_args' from command line to 'None'
[0.607s] Level 5:colcon.colcon_core.verb:set package 'py_sensors' build argument 'catkin_skip_building_tests' from command line to 'False'
[0.607s] DEBUG:colcon.colcon_core.verb:Building package 'py_sensors' with the following arguments: {'ament_cmake_args': None, 'build_base': '/home/robocats/Desktop/RobotCode2025/ros2_ws/build/py_sensors', 'catkin_cmake_args': None, 'catkin_skip_building_tests': False, 'cmake_args': None, 'cmake_clean_cache': False, 'cmake_clean_first': False, 'cmake_force_configure': False, 'cmake_target': None, 'cmake_target_skip_unavailable': False, 'install_base': '/home/robocats/Desktop/RobotCode2025/ros2_ws/install/py_sensors', 'merge_install': False, 'path': '/home/robocats/Desktop/RobotCode2025/ros2_ws/src/py_sensors', 'symlink_install': False, 'test_result_base': None}
[0.607s] INFO:colcon.colcon_core.executor:Executing jobs using 'parallel' executor
[0.610s] DEBUG:colcon.colcon_parallel_executor.executor.parallel:run_until_complete
[0.610s] INFO:colcon.colcon_ros.task.ament_cmake.build:Building ROS package in '/home/robocats/Desktop/RobotCode2025/ros2_ws/src/custom_interfaces' with build type 'ament_cmake'
[0.611s] INFO:colcon.colcon_cmake.task.cmake.build:Building CMake package in '/home/robocats/Desktop/RobotCode2025/ros2_ws/src/custom_interfaces'
[0.614s] INFO:colcon.colcon_core.plugin_system:Skipping extension 'colcon_core.shell.bat': Not used on non-Windows systems
[0.615s] INFO:colcon.colcon_core.shell:Skip shell extension 'powershell' for command environment: Not usable outside of PowerShell
[0.615s] DEBUG:colcon.colcon_core.shell:Skip shell extension 'dsv' for command environment
[0.623s] INFO:colcon.colcon_ros.task.ament_cmake.build:Building ROS package in '/home/robocats/Desktop/RobotCode2025/ros2_ws/src/usb_cam' with build type 'ament_cmake'
[0.624s] INFO:colcon.colcon_cmake.task.cmake.build:Building CMake package in '/home/robocats/Desktop/RobotCode2025/ros2_ws/src/usb_cam'
[0.624s] INFO:colcon.colcon_core.shell:Skip shell extension 'powershell' for command environment: Not usable outside of PowerShell
[0.625s] DEBUG:colcon.colcon_core.shell:Skip shell extension 'dsv' for command environment
[0.642s] DEBUG:colcon.colcon_core.event_handler.log_command:Invoking command in '/home/robocats/Desktop/RobotCode2025/ros2_ws/build/custom_interfaces': CMAKE_PREFIX_PATH=${CMAKE_PREFIX_PATH}:/home/robocats/Desktop/RobotCode2025/ros2_ws/install/py_objectdetection:/home/robocats/Desktop/RobotCode2025/ros2_ws/install/py_sensors:/home/robocats/Desktop/RobotCode2025/ros2_ws/install/py_motors:/opt/ros/humble /usr/bin/cmake --build /home/robocats/Desktop/RobotCode2025/ros2_ws/build/custom_interfaces -- -j12 -l12
[0.651s] DEBUG:colcon.colcon_core.event_handler.log_command:Invoking command in '/home/robocats/Desktop/RobotCode2025/ros2_ws/build/usb_cam': CMAKE_PREFIX_PATH=${CMAKE_PREFIX_PATH}:/home/robocats/Desktop/RobotCode2025/ros2_ws/install/py_objectdetection:/home/robocats/Desktop/RobotCode2025/ros2_ws/install/py_sensors:/home/robocats/Desktop/RobotCode2025/ros2_ws/install/py_motors:/opt/ros/humble /usr/bin/cmake --build /home/robocats/Desktop/RobotCode2025/ros2_ws/build/usb_cam -- -j12 -l12
[0.814s] DEBUG:colcon.colcon_core.event_handler.log_command:Invoked command in '/home/robocats/Desktop/RobotCode2025/ros2_ws/build/usb_cam' returned '0': CMAKE_PREFIX_PATH=${CMAKE_PREFIX_PATH}:/home/robocats/Desktop/RobotCode2025/ros2_ws/install/py_objectdetection:/home/robocats/Desktop/RobotCode2025/ros2_ws/install/py_sensors:/home/robocats/Desktop/RobotCode2025/ros2_ws/install/py_motors:/opt/ros/humble /usr/bin/cmake --build /home/robocats/Desktop/RobotCode2025/ros2_ws/build/usb_cam -- -j12 -l12
[0.837s] DEBUG:colcon.colcon_core.event_handler.log_command:Invoking command in '/home/robocats/Desktop/RobotCode2025/ros2_ws/build/usb_cam': CMAKE_PREFIX_PATH=${CMAKE_PREFIX_PATH}:/home/robocats/Desktop/RobotCode2025/ros2_ws/install/py_objectdetection:/home/robocats/Desktop/RobotCode2025/ros2_ws/install/py_sensors:/home/robocats/Desktop/RobotCode2025/ros2_ws/install/py_motors:/opt/ros/humble /usr/bin/cmake --install /home/robocats/Desktop/RobotCode2025/ros2_ws/build/usb_cam
[0.859s] Level 1:colcon.colcon_core.environment:create_environment_scripts_only(usb_cam)
[0.861s] DEBUG:colcon.colcon_core.event_handler.log_command:Invoked command in '/home/robocats/Desktop/RobotCode2025/ros2_ws/build/usb_cam' returned '0': CMAKE_PREFIX_PATH=${CMAKE_PREFIX_PATH}:/home/robocats/Desktop/RobotCode2025/ros2_ws/install/py_objectdetection:/home/robocats/Desktop/RobotCode2025/ros2_ws/install/py_sensors:/home/robocats/Desktop/RobotCode2025/ros2_ws/install/py_motors:/opt/ros/humble /usr/bin/cmake --install /home/robocats/Desktop/RobotCode2025/ros2_ws/build/usb_cam
[0.865s] Level 1:colcon.colcon_core.environment:checking '/home/robocats/Desktop/RobotCode2025/ros2_ws/install/usb_cam' for CMake module files
[0.866s] Level 1:colcon.colcon_core.environment:checking '/home/robocats/Desktop/RobotCode2025/ros2_ws/install/usb_cam' for CMake config files
[0.866s] Level 1:colcon.colcon_core.shell:create_environment_hook('usb_cam', 'cmake_prefix_path')
[0.867s] INFO:colcon.colcon_core.shell:Creating environment hook '/home/robocats/Desktop/RobotCode2025/ros2_ws/install/usb_cam/share/usb_cam/hook/cmake_prefix_path.ps1'
[0.870s] INFO:colcon.colcon_core.shell:Creating environment descriptor '/home/robocats/Desktop/RobotCode2025/ros2_ws/install/usb_cam/share/usb_cam/hook/cmake_prefix_path.dsv'
[0.871s] INFO:colcon.colcon_core.shell:Creating environment hook '/home/robocats/Desktop/RobotCode2025/ros2_ws/install/usb_cam/share/usb_cam/hook/cmake_prefix_path.sh'
[0.873s] Level 1:colcon.colcon_core.environment:checking '/home/robocats/Desktop/RobotCode2025/ros2_ws/install/usb_cam/lib'
[0.874s] Level 1:colcon.colcon_core.shell:create_environment_hook('usb_cam', 'ld_library_path_lib')
[0.874s] INFO:colcon.colcon_core.shell:Creating environment hook '/home/robocats/Desktop/RobotCode2025/ros2_ws/install/usb_cam/share/usb_cam/hook/ld_library_path_lib.ps1'
[0.875s] INFO:colcon.colcon_core.shell:Creating environment descriptor '/home/robocats/Desktop/RobotCode2025/ros2_ws/install/usb_cam/share/usb_cam/hook/ld_library_path_lib.dsv'
[0.876s] INFO:colcon.colcon_core.shell:Creating environment hook '/home/robocats/Desktop/RobotCode2025/ros2_ws/install/usb_cam/share/usb_cam/hook/ld_library_path_lib.sh'
[0.877s] Level 1:colcon.colcon_core.environment:checking '/home/robocats/Desktop/RobotCode2025/ros2_ws/install/usb_cam/bin'
[0.877s] Level 1:colcon.colcon_core.environment:checking '/home/robocats/Desktop/RobotCode2025/ros2_ws/install/usb_cam/lib/pkgconfig/usb_cam.pc'
[0.877s] Level 1:colcon.colcon_core.environment:checking '/home/robocats/Desktop/RobotCode2025/ros2_ws/install/usb_cam/lib/python3.10/site-packages'
[0.877s] Level 1:colcon.colcon_core.environment:checking '/home/robocats/Desktop/RobotCode2025/ros2_ws/install/usb_cam/bin'
[0.878s] INFO:colcon.colcon_core.shell:Creating package script '/home/robocats/Desktop/RobotCode2025/ros2_ws/install/usb_cam/share/usb_cam/package.ps1'
[0.880s] INFO:colcon.colcon_core.shell:Creating package descriptor '/home/robocats/Desktop/RobotCode2025/ros2_ws/install/usb_cam/share/usb_cam/package.dsv'
[0.881s] INFO:colcon.colcon_core.shell:Creating package script '/home/robocats/Desktop/RobotCode2025/ros2_ws/install/usb_cam/share/usb_cam/package.sh'
[0.882s] INFO:colcon.colcon_core.shell:Creating package script '/home/robocats/Desktop/RobotCode2025/ros2_ws/install/usb_cam/share/usb_cam/package.bash'
[0.884s] INFO:colcon.colcon_core.shell:Creating package script '/home/robocats/Desktop/RobotCode2025/ros2_ws/install/usb_cam/share/usb_cam/package.zsh'
[0.885s] Level 1:colcon.colcon_core.environment:create_file_with_runtime_dependencies(/home/robocats/Desktop/RobotCode2025/ros2_ws/install/usb_cam/share/colcon-core/packages/usb_cam)
[0.886s] Level 1:colcon.colcon_core.environment:create_environment_scripts_only(usb_cam)
[0.886s] Level 1:colcon.colcon_core.environment:checking '/home/robocats/Desktop/RobotCode2025/ros2_ws/install/usb_cam' for CMake module files
[0.887s] Level 1:colcon.colcon_core.environment:checking '/home/robocats/Desktop/RobotCode2025/ros2_ws/install/usb_cam' for CMake config files
[0.888s] Level 1:colcon.colcon_core.shell:create_environment_hook('usb_cam', 'cmake_prefix_path')
[0.888s] INFO:colcon.colcon_core.shell:Creating environment hook '/home/robocats/Desktop/RobotCode2025/ros2_ws/install/usb_cam/share/usb_cam/hook/cmake_prefix_path.ps1'
[0.889s] INFO:colcon.colcon_core.shell:Creating environment descriptor '/home/robocats/Desktop/RobotCode2025/ros2_ws/install/usb_cam/share/usb_cam/hook/cmake_prefix_path.dsv'
[0.890s] INFO:colcon.colcon_core.shell:Creating environment hook '/home/robocats/Desktop/RobotCode2025/ros2_ws/install/usb_cam/share/usb_cam/hook/cmake_prefix_path.sh'
[0.891s] Level 1:colcon.colcon_core.environment:checking '/home/robocats/Desktop/RobotCode2025/ros2_ws/install/usb_cam/lib'
[0.891s] Level 1:colcon.colcon_core.shell:create_environment_hook('usb_cam', 'ld_library_path_lib')
[0.892s] INFO:colcon.colcon_core.shell:Creating environment hook '/home/robocats/Desktop/RobotCode2025/ros2_ws/install/usb_cam/share/usb_cam/hook/ld_library_path_lib.ps1'
[0.893s] INFO:colcon.colcon_core.shell:Creating environment descriptor '/home/robocats/Desktop/RobotCode2025/ros2_ws/install/usb_cam/share/usb_cam/hook/ld_library_path_lib.dsv'
[0.893s] INFO:colcon.colcon_core.shell:Creating environment hook '/home/robocats/Desktop/RobotCode2025/ros2_ws/install/usb_cam/share/usb_cam/hook/ld_library_path_lib.sh'
[0.894s] Level 1:colcon.colcon_core.environment:checking '/home/robocats/Desktop/RobotCode2025/ros2_ws/install/usb_cam/bin'
[0.894s] Level 1:colcon.colcon_core.environment:checking '/home/robocats/Desktop/RobotCode2025/ros2_ws/install/usb_cam/lib/pkgconfig/usb_cam.pc'
[0.894s] Level 1:colcon.colcon_core.environment:checking '/home/robocats/Desktop/RobotCode2025/ros2_ws/install/usb_cam/lib/python3.10/site-packages'
[0.895s] Level 1:colcon.colcon_core.environment:checking '/home/robocats/Desktop/RobotCode2025/ros2_ws/install/usb_cam/bin'
[0.895s] INFO:colcon.colcon_core.shell:Creating package script '/home/robocats/Desktop/RobotCode2025/ros2_ws/install/usb_cam/share/usb_cam/package.ps1'
[0.896s] INFO:colcon.colcon_core.shell:Creating package descriptor '/home/robocats/Desktop/RobotCode2025/ros2_ws/install/usb_cam/share/usb_cam/package.dsv'
[0.897s] INFO:colcon.colcon_core.shell:Creating package script '/home/robocats/Desktop/RobotCode2025/ros2_ws/install/usb_cam/share/usb_cam/package.sh'
[0.898s] INFO:colcon.colcon_core.shell:Creating package script '/home/robocats/Desktop/RobotCode2025/ros2_ws/install/usb_cam/share/usb_cam/package.bash'
[0.899s] INFO:colcon.colcon_core.shell:Creating package script '/home/robocats/Desktop/RobotCode2025/ros2_ws/install/usb_cam/share/usb_cam/package.zsh'
[0.900s] Level 1:colcon.colcon_core.environment:create_file_with_runtime_dependencies(/home/robocats/Desktop/RobotCode2025/ros2_ws/install/usb_cam/share/colcon-core/packages/usb_cam)
[1.283s] DEBUG:colcon.colcon_core.event_handler.log_command:Invoked command in '/home/robocats/Desktop/RobotCode2025/ros2_ws/build/custom_interfaces' returned '0': CMAKE_PREFIX_PATH=${CMAKE_PREFIX_PATH}:/home/robocats/Desktop/RobotCode2025/ros2_ws/install/py_objectdetection:/home/robocats/Desktop/RobotCode2025/ros2_ws/install/py_sensors:/home/robocats/Desktop/RobotCode2025/ros2_ws/install/py_motors:/opt/ros/humble /usr/bin/cmake --build /home/robocats/Desktop/RobotCode2025/ros2_ws/build/custom_interfaces -- -j12 -l12
[1.287s] DEBUG:colcon.colcon_core.event_handler.log_command:Invoking command in '/home/robocats/Desktop/RobotCode2025/ros2_ws/build/custom_interfaces': CMAKE_PREFIX_PATH=${CMAKE_PREFIX_PATH}:/home/robocats/Desktop/RobotCode2025/ros2_ws/install/py_objectdetection:/home/robocats/Desktop/RobotCode2025/ros2_ws/install/py_sensors:/home/robocats/Desktop/RobotCode2025/ros2_ws/install/py_motors:/opt/ros/humble /usr/bin/cmake --install /home/robocats/Desktop/RobotCode2025/ros2_ws/build/custom_interfaces
[1.389s] Level 1:colcon.colcon_core.environment:create_environment_scripts_only(custom_interfaces)
[1.390s] Level 1:colcon.colcon_core.environment:checking '/home/robocats/Desktop/RobotCode2025/ros2_ws/install/custom_interfaces' for CMake module files
[1.391s] DEBUG:colcon.colcon_core.event_handler.log_command:Invoked command in '/home/robocats/Desktop/RobotCode2025/ros2_ws/build/custom_interfaces' returned '0': CMAKE_PREFIX_PATH=${CMAKE_PREFIX_PATH}:/home/robocats/Desktop/RobotCode2025/ros2_ws/install/py_objectdetection:/home/robocats/Desktop/RobotCode2025/ros2_ws/install/py_sensors:/home/robocats/Desktop/RobotCode2025/ros2_ws/install/py_motors:/opt/ros/humble /usr/bin/cmake --install /home/robocats/Desktop/RobotCode2025/ros2_ws/build/custom_interfaces
[1.393s] Level 1:colcon.colcon_core.environment:checking '/home/robocats/Desktop/RobotCode2025/ros2_ws/install/custom_interfaces' for CMake config files
[1.396s] Level 1:colcon.colcon_core.shell:create_environment_hook('custom_interfaces', 'cmake_prefix_path')
[1.397s] INFO:colcon.colcon_core.shell:Creating environment hook '/home/robocats/Desktop/RobotCode2025/ros2_ws/install/custom_interfaces/share/custom_interfaces/hook/cmake_prefix_path.ps1'
[1.399s] INFO:colcon.colcon_core.shell:Creating environment descriptor '/home/robocats/Desktop/RobotCode2025/ros2_ws/install/custom_interfaces/share/custom_interfaces/hook/cmake_prefix_path.dsv'
[1.400s] INFO:colcon.colcon_core.shell:Creating environment hook '/home/robocats/Desktop/RobotCode2025/ros2_ws/install/custom_interfaces/share/custom_interfaces/hook/cmake_prefix_path.sh'
[1.402s] Level 1:colcon.colcon_core.environment:checking '/home/robocats/Desktop/RobotCode2025/ros2_ws/install/custom_interfaces/lib'
[1.403s] Level 1:colcon.colcon_core.shell:create_environment_hook('custom_interfaces', 'ld_library_path_lib')
[1.403s] INFO:colcon.colcon_core.shell:Creating environment hook '/home/robocats/Desktop/RobotCode2025/ros2_ws/install/custom_interfaces/share/custom_interfaces/hook/ld_library_path_lib.ps1'
[1.404s] INFO:colcon.colcon_core.shell:Creating environment descriptor '/home/robocats/Desktop/RobotCode2025/ros2_ws/install/custom_interfaces/share/custom_interfaces/hook/ld_library_path_lib.dsv'
[1.405s] INFO:colcon.colcon_core.shell:Creating environment hook '/home/robocats/Desktop/RobotCode2025/ros2_ws/install/custom_interfaces/share/custom_interfaces/hook/ld_library_path_lib.sh'
[1.407s] Level 1:colcon.colcon_core.environment:checking '/home/robocats/Desktop/RobotCode2025/ros2_ws/install/custom_interfaces/bin'
[1.407s] Level 1:colcon.colcon_core.environment:checking '/home/robocats/Desktop/RobotCode2025/ros2_ws/install/custom_interfaces/lib/pkgconfig/custom_interfaces.pc'
[1.408s] Level 1:colcon.colcon_core.environment:checking '/home/robocats/Desktop/RobotCode2025/ros2_ws/install/custom_interfaces/lib/python3.10/site-packages'
[1.409s] Level 1:colcon.colcon_core.environment:checking '/home/robocats/Desktop/RobotCode2025/ros2_ws/install/custom_interfaces/bin'
[1.409s] INFO:colcon.colcon_core.shell:Creating package script '/home/robocats/Desktop/RobotCode2025/ros2_ws/install/custom_interfaces/share/custom_interfaces/package.ps1'
[1.411s] INFO:colcon.colcon_core.shell:Creating package descriptor '/home/robocats/Desktop/RobotCode2025/ros2_ws/install/custom_interfaces/share/custom_interfaces/package.dsv'
[1.413s] INFO:colcon.colcon_core.shell:Creating package script '/home/robocats/Desktop/RobotCode2025/ros2_ws/install/custom_interfaces/share/custom_interfaces/package.sh'
[1.415s] INFO:colcon.colcon_core.shell:Creating package script '/home/robocats/Desktop/RobotCode2025/ros2_ws/install/custom_interfaces/share/custom_interfaces/package.bash'
[1.416s] INFO:colcon.colcon_core.shell:Creating package script '/home/robocats/Desktop/RobotCode2025/ros2_ws/install/custom_interfaces/share/custom_interfaces/package.zsh'
[1.416s] Level 1:colcon.colcon_core.environment:create_file_with_runtime_dependencies(/home/robocats/Desktop/RobotCode2025/ros2_ws/install/custom_interfaces/share/colcon-core/packages/custom_interfaces)
[1.417s] Level 1:colcon.colcon_core.environment:create_environment_scripts_only(custom_interfaces)
[1.418s] Level 1:colcon.colcon_core.environment:checking '/home/robocats/Desktop/RobotCode2025/ros2_ws/install/custom_interfaces' for CMake module files
[1.420s] Level 1:colcon.colcon_core.environment:checking '/home/robocats/Desktop/RobotCode2025/ros2_ws/install/custom_interfaces' for CMake config files
[1.421s] Level 1:colcon.colcon_core.shell:create_environment_hook('custom_interfaces', 'cmake_prefix_path')
[1.421s] INFO:colcon.colcon_core.shell:Creating environment hook '/home/robocats/Desktop/RobotCode2025/ros2_ws/install/custom_interfaces/share/custom_interfaces/hook/cmake_prefix_path.ps1'
[1.422s] INFO:colcon.colcon_core.shell:Creating environment descriptor '/home/robocats/Desktop/RobotCode2025/ros2_ws/install/custom_interfaces/share/custom_interfaces/hook/cmake_prefix_path.dsv'
[1.423s] INFO:colcon.colcon_core.shell:Creating environment hook '/home/robocats/Desktop/RobotCode2025/ros2_ws/install/custom_interfaces/share/custom_interfaces/hook/cmake_prefix_path.sh'
[1.425s] Level 1:colcon.colcon_core.environment:checking '/home/robocats/Desktop/RobotCode2025/ros2_ws/install/custom_interfaces/lib'
[1.425s] Level 1:colcon.colcon_core.shell:create_environment_hook('custom_interfaces', 'ld_library_path_lib')
[1.426s] INFO:colcon.colcon_core.shell:Creating environment hook '/home/robocats/Desktop/RobotCode2025/ros2_ws/install/custom_interfaces/share/custom_interfaces/hook/ld_library_path_lib.ps1'
[1.427s] INFO:colcon.colcon_core.shell:Creating environment descriptor '/home/robocats/Desktop/RobotCode2025/ros2_ws/install/custom_interfaces/share/custom_interfaces/hook/ld_library_path_lib.dsv'
[1.428s] INFO:colcon.colcon_core.shell:Creating environment hook '/home/robocats/Desktop/RobotCode2025/ros2_ws/install/custom_interfaces/share/custom_interfaces/hook/ld_library_path_lib.sh'
[1.428s] Level 1:colcon.colcon_core.environment:checking '/home/robocats/Desktop/RobotCode2025/ros2_ws/install/custom_interfaces/bin'
[1.428s] Level 1:colcon.colcon_core.environment:checking '/home/robocats/Desktop/RobotCode2025/ros2_ws/install/custom_interfaces/lib/pkgconfig/custom_interfaces.pc'
[1.429s] Level 1:colcon.colcon_core.environment:checking '/home/robocats/Desktop/RobotCode2025/ros2_ws/install/custom_interfaces/lib/python3.10/site-packages'
[1.430s] Level 1:colcon.colcon_core.environment:checking '/home/robocats/Desktop/RobotCode2025/ros2_ws/install/custom_interfaces/bin'
[1.430s] INFO:colcon.colcon_core.shell:Creating package script '/home/robocats/Desktop/RobotCode2025/ros2_ws/install/custom_interfaces/share/custom_interfaces/package.ps1'
[1.432s] INFO:colcon.colcon_core.shell:Creating package descriptor '/home/robocats/Desktop/RobotCode2025/ros2_ws/install/custom_interfaces/share/custom_interfaces/package.dsv'
[1.433s] INFO:colcon.colcon_core.shell:Creating package script '/home/robocats/Desktop/RobotCode2025/ros2_ws/install/custom_interfaces/share/custom_interfaces/package.sh'
[1.435s] INFO:colcon.colcon_core.shell:Creating package script '/home/robocats/Desktop/RobotCode2025/ros2_ws/install/custom_interfaces/share/custom_interfaces/package.bash'
[1.435s] INFO:colcon.colcon_core.shell:Creating package script '/home/robocats/Desktop/RobotCode2025/ros2_ws/install/custom_interfaces/share/custom_interfaces/package.zsh'
[1.436s] Level 1:colcon.colcon_core.environment:create_file_with_runtime_dependencies(/home/robocats/Desktop/RobotCode2025/ros2_ws/install/custom_interfaces/share/colcon-core/packages/custom_interfaces)
[1.437s] INFO:colcon.colcon_ros.task.ament_cmake.build:Building ROS package in '/home/robocats/Desktop/RobotCode2025/ros2_ws/src/cpp_subcontroller' with build type 'ament_cmake'
[1.437s] INFO:colcon.colcon_cmake.task.cmake.build:Building CMake package in '/home/robocats/Desktop/RobotCode2025/ros2_ws/src/cpp_subcontroller'
[1.438s] INFO:colcon.colcon_core.shell:Skip shell extension 'powershell' for command environment: Not usable outside of PowerShell
[1.438s] DEBUG:colcon.colcon_core.shell:Skip shell extension 'dsv' for command environment
[1.446s] INFO:colcon.colcon_ros.task.ament_python.build:Building ROS package in '/home/robocats/Desktop/RobotCode2025/ros2_ws/src/py_motors' with build type 'ament_python'
[1.447s] Level 1:colcon.colcon_core.shell:create_environment_hook('py_motors', 'ament_prefix_path')
[1.447s] INFO:colcon.colcon_core.shell:Creating environment hook '/home/robocats/Desktop/RobotCode2025/ros2_ws/install/py_motors/share/py_motors/hook/ament_prefix_path.ps1'
[1.448s] INFO:colcon.colcon_core.shell:Creating environment descriptor '/home/robocats/Desktop/RobotCode2025/ros2_ws/install/py_motors/share/py_motors/hook/ament_prefix_path.dsv'
[1.449s] INFO:colcon.colcon_core.shell:Creating environment hook '/home/robocats/Desktop/RobotCode2025/ros2_ws/install/py_motors/share/py_motors/hook/ament_prefix_path.sh'
[1.450s] INFO:colcon.colcon_core.shell:Skip shell extension 'powershell' for command environment: Not usable outside of PowerShell
[1.450s] DEBUG:colcon.colcon_core.shell:Skip shell extension 'dsv' for command environment
[1.456s] INFO:colcon.colcon_ros.task.ament_python.build:Building ROS package in '/home/robocats/Desktop/RobotCode2025/ros2_ws/src/py_objectdetection' with build type 'ament_python'
[1.457s] Level 1:colcon.colcon_core.shell:create_environment_hook('py_objectdetection', 'ament_prefix_path')
[1.457s] INFO:colcon.colcon_core.shell:Creating environment hook '/home/robocats/Desktop/RobotCode2025/ros2_ws/install/py_objectdetection/share/py_objectdetection/hook/ament_prefix_path.ps1'
[1.458s] INFO:colcon.colcon_core.shell:Creating environment descriptor '/home/robocats/Desktop/RobotCode2025/ros2_ws/install/py_objectdetection/share/py_objectdetection/hook/ament_prefix_path.dsv'
[1.459s] INFO:colcon.colcon_core.shell:Creating environment hook '/home/robocats/Desktop/RobotCode2025/ros2_ws/install/py_objectdetection/share/py_objectdetection/hook/ament_prefix_path.sh'
[1.461s] INFO:colcon.colcon_core.shell:Skip shell extension 'powershell' for command environment: Not usable outside of PowerShell
[1.461s] DEBUG:colcon.colcon_core.shell:Skip shell extension 'dsv' for command environment
[1.467s] INFO:colcon.colcon_ros.task.ament_python.build:Building ROS package in '/home/robocats/Desktop/RobotCode2025/ros2_ws/src/py_sensors' with build type 'ament_python'
[1.467s] Level 1:colcon.colcon_core.shell:create_environment_hook('py_sensors', 'ament_prefix_path')
[1.468s] INFO:colcon.colcon_core.shell:Creating environment hook '/home/robocats/Desktop/RobotCode2025/ros2_ws/install/py_sensors/share/py_sensors/hook/ament_prefix_path.ps1'
[1.469s] INFO:colcon.colcon_core.shell:Creating environment descriptor '/home/robocats/Desktop/RobotCode2025/ros2_ws/install/py_sensors/share/py_sensors/hook/ament_prefix_path.dsv'
[1.470s] INFO:colcon.colcon_core.shell:Creating environment hook '/home/robocats/Desktop/RobotCode2025/ros2_ws/install/py_sensors/share/py_sensors/hook/ament_prefix_path.sh'
[1.471s] INFO:colcon.colcon_core.shell:Skip shell extension 'powershell' for command environment: Not usable outside of PowerShell
[1.471s] DEBUG:colcon.colcon_core.shell:Skip shell extension 'dsv' for command environment
[1.484s] DEBUG:colcon.colcon_core.event_handler.log_command:Invoking command in '/home/robocats/Desktop/RobotCode2025/ros2_ws/build/cpp_subcontroller': CMAKE_PREFIX_PATH=/home/robocats/Desktop/RobotCode2025/ros2_ws/install/custom_interfaces:/home/robocats/Desktop/RobotCode2025/ros2_ws/install/usb_cam:/home/robocats/Desktop/RobotCode2025/ros2_ws/install/cpp_subcontroller:/home/robocats/Desktop/RobotCode2025/ros2_ws/install/py_objectdetection:/home/robocats/Desktop/RobotCode2025/ros2_ws/install/py_sensors:/home/robocats/Desktop/RobotCode2025/ros2_ws/install/py_motors:/opt/ros/humble LD_LIBRARY_PATH=/home/robocats/Desktop/RobotCode2025/ros2_ws/install/custom_interfaces/lib:/home/robocats/Desktop/RobotCode2025/ros2_ws/install/usb_cam/lib:/opt/ros/humble/opt/rviz_ogre_vendor/lib:/opt/ros/humble/lib/aarch64-linux-gnu:/opt/ros/humble/lib:/usr/local/cuda-12.2/lib64 /usr/bin/cmake --build /home/robocats/Desktop/RobotCode2025/ros2_ws/build/cpp_subcontroller -- -j12 -l12
[1.918s] INFO:colcon.colcon_core.task.python.build:Building Python package in '/home/robocats/Desktop/RobotCode2025/ros2_ws/src/py_motors'
[1.922s] INFO:colcon.colcon_core.shell:Skip shell extension 'powershell' for command environment: Not usable outside of PowerShell
[1.922s] DEBUG:colcon.colcon_core.shell:Skip shell extension 'dsv' for command environment
[2.384s] INFO:colcon.colcon_core.task.python.build:Building Python package in '/home/robocats/Desktop/RobotCode2025/ros2_ws/src/py_objectdetection'
[2.385s] INFO:colcon.colcon_core.shell:Skip shell extension 'powershell' for command environment: Not usable outside of PowerShell
[2.385s] DEBUG:colcon.colcon_core.shell:Skip shell extension 'dsv' for command environment
[2.403s] DEBUG:colcon.colcon_core.event_handler.log_command:Invoked command in '/home/robocats/Desktop/RobotCode2025/ros2_ws/build/cpp_subcontroller' returned '0': CMAKE_PREFIX_PATH=/home/robocats/Desktop/RobotCode2025/ros2_ws/install/custom_interfaces:/home/robocats/Desktop/RobotCode2025/ros2_ws/install/usb_cam:/home/robocats/Desktop/RobotCode2025/ros2_ws/install/cpp_subcontroller:/home/robocats/Desktop/RobotCode2025/ros2_ws/install/py_objectdetection:/home/robocats/Desktop/RobotCode2025/ros2_ws/install/py_sensors:/home/robocats/Desktop/RobotCode2025/ros2_ws/install/py_motors:/opt/ros/humble LD_LIBRARY_PATH=/home/robocats/Desktop/RobotCode2025/ros2_ws/install/custom_interfaces/lib:/home/robocats/Desktop/RobotCode2025/ros2_ws/install/usb_cam/lib:/opt/ros/humble/opt/rviz_ogre_vendor/lib:/opt/ros/humble/lib/aarch64-linux-gnu:/opt/ros/humble/lib:/usr/local/cuda-12.2/lib64 /usr/bin/cmake --build /home/robocats/Desktop/RobotCode2025/ros2_ws/build/cpp_subcontroller -- -j12 -l12
[2.407s] DEBUG:colcon.colcon_core.event_handler.log_command:Invoking command in '/home/robocats/Desktop/RobotCode2025/ros2_ws/build/cpp_subcontroller': CMAKE_PREFIX_PATH=/home/robocats/Desktop/RobotCode2025/ros2_ws/install/custom_interfaces:/home/robocats/Desktop/RobotCode2025/ros2_ws/install/usb_cam:/home/robocats/Desktop/RobotCode2025/ros2_ws/install/cpp_subcontroller:/home/robocats/Desktop/RobotCode2025/ros2_ws/install/py_objectdetection:/home/robocats/Desktop/RobotCode2025/ros2_ws/install/py_sensors:/home/robocats/Desktop/RobotCode2025/ros2_ws/install/py_motors:/opt/ros/humble LD_LIBRARY_PATH=/home/robocats/Desktop/RobotCode2025/ros2_ws/install/custom_interfaces/lib:/home/robocats/Desktop/RobotCode2025/ros2_ws/install/usb_cam/lib:/opt/ros/humble/opt/rviz_ogre_vendor/lib:/opt/ros/humble/lib/aarch64-linux-gnu:/opt/ros/humble/lib:/usr/local/cuda-12.2/lib64 /usr/bin/cmake --install /home/robocats/Desktop/RobotCode2025/ros2_ws/build/cpp_subcontroller
[2.845s] INFO:colcon.colcon_core.task.python.build:Building Python package in '/home/robocats/Desktop/RobotCode2025/ros2_ws/src/py_sensors'
[2.846s] INFO:colcon.colcon_core.shell:Skip shell extension 'powershell' for command environment: Not usable outside of PowerShell
[2.846s] DEBUG:colcon.colcon_core.shell:Skip shell extension 'dsv' for command environment
[2.879s] Level 1:colcon.colcon_core.environment:create_environment_scripts_only(cpp_subcontroller)
[2.881s] Level 1:colcon.colcon_core.environment:checking '/home/robocats/Desktop/RobotCode2025/ros2_ws/install/cpp_subcontroller' for CMake module files
[2.883s] DEBUG:colcon.colcon_core.event_handler.log_command:Invoked command in '/home/robocats/Desktop/RobotCode2025/ros2_ws/build/cpp_subcontroller' returned '0': CMAKE_PREFIX_PATH=/home/robocats/Desktop/RobotCode2025/ros2_ws/install/custom_interfaces:/home/robocats/Desktop/RobotCode2025/ros2_ws/install/usb_cam:/home/robocats/Desktop/RobotCode2025/ros2_ws/install/cpp_subcontroller:/home/robocats/Desktop/RobotCode2025/ros2_ws/install/py_objectdetection:/home/robocats/Desktop/RobotCode2025/ros2_ws/install/py_sensors:/home/robocats/Desktop/RobotCode2025/ros2_ws/install/py_motors:/opt/ros/humble LD_LIBRARY_PATH=/home/robocats/Desktop/RobotCode2025/ros2_ws/install/custom_interfaces/lib:/home/robocats/Desktop/RobotCode2025/ros2_ws/install/usb_cam/lib:/opt/ros/humble/opt/rviz_ogre_vendor/lib:/opt/ros/humble/lib/aarch64-linux-gnu:/opt/ros/humble/lib:/usr/local/cuda-12.2/lib64 /usr/bin/cmake --install /home/robocats/Desktop/RobotCode2025/ros2_ws/build/cpp_subcontroller
[2.884s] Level 1:colcon.colcon_core.environment:checking '/home/robocats/Desktop/RobotCode2025/ros2_ws/install/cpp_subcontroller' for CMake config files
[2.885s] Level 1:colcon.colcon_core.shell:create_environment_hook('cpp_subcontroller', 'cmake_prefix_path')
[2.885s] INFO:colcon.colcon_core.shell:Creating environment hook '/home/robocats/Desktop/RobotCode2025/ros2_ws/install/cpp_subcontroller/share/cpp_subcontroller/hook/cmake_prefix_path.ps1'
[2.888s] INFO:colcon.colcon_core.shell:Creating environment descriptor '/home/robocats/Desktop/RobotCode2025/ros2_ws/install/cpp_subcontroller/share/cpp_subcontroller/hook/cmake_prefix_path.dsv'
[2.889s] INFO:colcon.colcon_core.shell:Creating environment hook '/home/robocats/Desktop/RobotCode2025/ros2_ws/install/cpp_subcontroller/share/cpp_subcontroller/hook/cmake_prefix_path.sh'
[2.891s] Level 1:colcon.colcon_core.environment:checking '/home/robocats/Desktop/RobotCode2025/ros2_ws/install/cpp_subcontroller/lib'
[2.892s] Level 1:colcon.colcon_core.environment:checking '/home/robocats/Desktop/RobotCode2025/ros2_ws/install/cpp_subcontroller/bin'
[2.892s] Level 1:colcon.colcon_core.environment:checking '/home/robocats/Desktop/RobotCode2025/ros2_ws/install/cpp_subcontroller/lib/pkgconfig/cpp_subcontroller.pc'
[2.893s] Level 1:colcon.colcon_core.environment:checking '/home/robocats/Desktop/RobotCode2025/ros2_ws/install/cpp_subcontroller/lib/python3.10/site-packages'
[2.894s] Level 1:colcon.colcon_core.environment:checking '/home/robocats/Desktop/RobotCode2025/ros2_ws/install/cpp_subcontroller/bin'
[2.895s] INFO:colcon.colcon_core.shell:Creating package script '/home/robocats/Desktop/RobotCode2025/ros2_ws/install/cpp_subcontroller/share/cpp_subcontroller/package.ps1'
[2.897s] INFO:colcon.colcon_core.shell:Creating package descriptor '/home/robocats/Desktop/RobotCode2025/ros2_ws/install/cpp_subcontroller/share/cpp_subcontroller/package.dsv'
[2.898s] INFO:colcon.colcon_core.shell:Creating package script '/home/robocats/Desktop/RobotCode2025/ros2_ws/install/cpp_subcontroller/share/cpp_subcontroller/package.sh'
[2.900s] INFO:colcon.colcon_core.shell:Creating package script '/home/robocats/Desktop/RobotCode2025/ros2_ws/install/cpp_subcontroller/share/cpp_subcontroller/package.bash'
[2.901s] INFO:colcon.colcon_core.shell:Creating package script '/home/robocats/Desktop/RobotCode2025/ros2_ws/install/cpp_subcontroller/share/cpp_subcontroller/package.zsh'
[2.902s] Level 1:colcon.colcon_core.environment:create_file_with_runtime_dependencies(/home/robocats/Desktop/RobotCode2025/ros2_ws/install/cpp_subcontroller/share/colcon-core/packages/cpp_subcontroller)
[2.904s] Level 1:colcon.colcon_core.environment:create_environment_scripts_only(cpp_subcontroller)
[2.904s] Level 1:colcon.colcon_core.environment:checking '/home/robocats/Desktop/RobotCode2025/ros2_ws/install/cpp_subcontroller' for CMake module files
[2.906s] Level 1:colcon.colcon_core.environment:checking '/home/robocats/Desktop/RobotCode2025/ros2_ws/install/cpp_subcontroller' for CMake config files
[2.906s] Level 1:colcon.colcon_core.shell:create_environment_hook('cpp_subcontroller', 'cmake_prefix_path')
[2.907s] INFO:colcon.colcon_core.shell:Creating environment hook '/home/robocats/Desktop/RobotCode2025/ros2_ws/install/cpp_subcontroller/share/cpp_subcontroller/hook/cmake_prefix_path.ps1'
[2.908s] INFO:colcon.colcon_core.shell:Creating environment descriptor '/home/robocats/Desktop/RobotCode2025/ros2_ws/install/cpp_subcontroller/share/cpp_subcontroller/hook/cmake_prefix_path.dsv'
[2.909s] INFO:colcon.colcon_core.shell:Creating environment hook '/home/robocats/Desktop/RobotCode2025/ros2_ws/install/cpp_subcontroller/share/cpp_subcontroller/hook/cmake_prefix_path.sh'
[2.911s] Level 1:colcon.colcon_core.environment:checking '/home/robocats/Desktop/RobotCode2025/ros2_ws/install/cpp_subcontroller/lib'
[2.911s] Level 1:colcon.colcon_core.environment:checking '/home/robocats/Desktop/RobotCode2025/ros2_ws/install/cpp_subcontroller/bin'
[2.911s] Level 1:colcon.colcon_core.environment:checking '/home/robocats/Desktop/RobotCode2025/ros2_ws/install/cpp_subcontroller/lib/pkgconfig/cpp_subcontroller.pc'
[2.912s] Level 1:colcon.colcon_core.environment:checking '/home/robocats/Desktop/RobotCode2025/ros2_ws/install/cpp_subcontroller/lib/python3.10/site-packages'
[2.912s] Level 1:colcon.colcon_core.environment:checking '/home/robocats/Desktop/RobotCode2025/ros2_ws/install/cpp_subcontroller/bin'
[2.913s] INFO:colcon.colcon_core.shell:Creating package script '/home/robocats/Desktop/RobotCode2025/ros2_ws/install/cpp_subcontroller/share/cpp_subcontroller/package.ps1'
[2.914s] INFO:colcon.colcon_core.shell:Creating package descriptor '/home/robocats/Desktop/RobotCode2025/ros2_ws/install/cpp_subcontroller/share/cpp_subcontroller/package.dsv'
[2.916s] INFO:colcon.colcon_core.shell:Creating package script '/home/robocats/Desktop/RobotCode2025/ros2_ws/install/cpp_subcontroller/share/cpp_subcontroller/package.sh'
[2.917s] INFO:colcon.colcon_core.shell:Creating package script '/home/robocats/Desktop/RobotCode2025/ros2_ws/install/cpp_subcontroller/share/cpp_subcontroller/package.bash'
[2.918s] INFO:colcon.colcon_core.shell:Creating package script '/home/robocats/Desktop/RobotCode2025/ros2_ws/install/cpp_subcontroller/share/cpp_subcontroller/package.zsh'
[2.919s] Level 1:colcon.colcon_core.environment:create_file_with_runtime_dependencies(/home/robocats/Desktop/RobotCode2025/ros2_ws/install/cpp_subcontroller/share/colcon-core/packages/cpp_subcontroller)
[3.458s] DEBUG:colcon.colcon_core.event_handler.log_command:Invoking command in '/home/robocats/Desktop/RobotCode2025/ros2_ws/src/py_motors': CMAKE_PREFIX_PATH=/home/robocats/Desktop/RobotCode2025/ros2_ws/install/custom_interfaces:/home/robocats/Desktop/RobotCode2025/ros2_ws/install/usb_cam:/home/robocats/Desktop/RobotCode2025/ros2_ws/install/cpp_subcontroller LD_LIBRARY_PATH=/home/robocats/Desktop/RobotCode2025/ros2_ws/install/custom_interfaces/lib:/home/robocats/Desktop/RobotCode2025/ros2_ws/install/usb_cam/lib:/opt/ros/humble/opt/rviz_ogre_vendor/lib:/opt/ros/humble/lib/aarch64-linux-gnu:/opt/ros/humble/lib:/usr/local/cuda-12.2/lib64 PYTHONPATH=/home/robocats/Desktop/RobotCode2025/ros2_ws/build/py_motors/prefix_override:/usr/lib/python3/dist-packages/colcon_core/task/python/colcon_distutils_commands:/home/robocats/Desktop/RobotCode2025/ros2_ws/install/py_motors/lib/python3.10/site-packages:${PYTHONPATH} /usr/bin/python3 -W ignore:setup.py install is deprecated -W ignore:easy_install command is deprecated setup.py egg_info --egg-base ../../build/py_motors build --build-base /home/robocats/Desktop/RobotCode2025/ros2_ws/build/py_motors/build install --record /home/robocats/Desktop/RobotCode2025/ros2_ws/build/py_motors/install.log --single-version-externally-managed install_data
[3.469s] DEBUG:colcon.colcon_core.event_handler.log_command:Invoking command in '/home/robocats/Desktop/RobotCode2025/ros2_ws/src/py_objectdetection': CMAKE_PREFIX_PATH=/home/robocats/Desktop/RobotCode2025/ros2_ws/install/custom_interfaces:/home/robocats/Desktop/RobotCode2025/ros2_ws/install/usb_cam:/home/robocats/Desktop/RobotCode2025/ros2_ws/install/cpp_subcontroller LD_LIBRARY_PATH=/home/robocats/Desktop/RobotCode2025/ros2_ws/install/custom_interfaces/lib:/home/robocats/Desktop/RobotCode2025/ros2_ws/install/usb_cam/lib:/opt/ros/humble/opt/rviz_ogre_vendor/lib:/opt/ros/humble/lib/aarch64-linux-gnu:/opt/ros/humble/lib:/usr/local/cuda-12.2/lib64 PYTHONPATH=/home/robocats/Desktop/RobotCode2025/ros2_ws/build/py_objectdetection/prefix_override:/usr/lib/python3/dist-packages/colcon_core/task/python/colcon_distutils_commands:/home/robocats/Desktop/RobotCode2025/ros2_ws/install/py_objectdetection/lib/python3.10/site-packages:${PYTHONPATH} /usr/bin/python3 -W ignore:setup.py install is deprecated -W ignore:easy_install command is deprecated setup.py egg_info --egg-base ../../build/py_objectdetection build --build-base /home/robocats/Desktop/RobotCode2025/ros2_ws/build/py_objectdetection/build install --record /home/robocats/Desktop/RobotCode2025/ros2_ws/build/py_objectdetection/install.log --single-version-externally-managed install_data
[3.509s] DEBUG:colcon.colcon_core.event_handler.log_command:Invoking command in '/home/robocats/Desktop/RobotCode2025/ros2_ws/src/py_sensors': CMAKE_PREFIX_PATH=/home/robocats/Desktop/RobotCode2025/ros2_ws/install/custom_interfaces:/home/robocats/Desktop/RobotCode2025/ros2_ws/install/usb_cam:/home/robocats/Desktop/RobotCode2025/ros2_ws/install/cpp_subcontroller LD_LIBRARY_PATH=/home/robocats/Desktop/RobotCode2025/ros2_ws/install/custom_interfaces/lib:/home/robocats/Desktop/RobotCode2025/ros2_ws/install/usb_cam/lib:/opt/ros/humble/opt/rviz_ogre_vendor/lib:/opt/ros/humble/lib/aarch64-linux-gnu:/opt/ros/humble/lib:/usr/local/cuda-12.2/lib64 PYTHONPATH=/home/robocats/Desktop/RobotCode2025/ros2_ws/build/py_sensors/prefix_override:/usr/lib/python3/dist-packages/colcon_core/task/python/colcon_distutils_commands:/home/robocats/Desktop/RobotCode2025/ros2_ws/install/py_sensors/lib/python3.10/site-packages:${PYTHONPATH} /usr/bin/python3 -W ignore:setup.py install is deprecated -W ignore:easy_install command is deprecated setup.py egg_info --egg-base ../../build/py_sensors build --build-base /home/robocats/Desktop/RobotCode2025/ros2_ws/build/py_sensors/build install --record /home/robocats/Desktop/RobotCode2025/ros2_ws/build/py_sensors/install.log --single-version-externally-managed install_data
[3.963s] Level 1:colcon.colcon_core.environment:checking '/home/robocats/Desktop/RobotCode2025/ros2_ws/install/py_motors' for CMake module files
[3.964s] Level 1:colcon.colcon_core.environment:checking '/home/robocats/Desktop/RobotCode2025/ros2_ws/install/py_motors' for CMake config files
[3.965s] DEBUG:colcon.colcon_core.event_handler.log_command:Invoked command in '/home/robocats/Desktop/RobotCode2025/ros2_ws/src/py_motors' returned '0': CMAKE_PREFIX_PATH=/home/robocats/Desktop/RobotCode2025/ros2_ws/install/custom_interfaces:/home/robocats/Desktop/RobotCode2025/ros2_ws/install/usb_cam:/home/robocats/Desktop/RobotCode2025/ros2_ws/install/cpp_subcontroller LD_LIBRARY_PATH=/home/robocats/Desktop/RobotCode2025/ros2_ws/install/custom_interfaces/lib:/home/robocats/Desktop/RobotCode2025/ros2_ws/install/usb_cam/lib:/opt/ros/humble/opt/rviz_ogre_vendor/lib:/opt/ros/humble/lib/aarch64-linux-gnu:/opt/ros/humble/lib:/usr/local/cuda-12.2/lib64 PYTHONPATH=/home/robocats/Desktop/RobotCode2025/ros2_ws/build/py_motors/prefix_override:/usr/lib/python3/dist-packages/colcon_core/task/python/colcon_distutils_commands:/home/robocats/Desktop/RobotCode2025/ros2_ws/install/py_motors/lib/python3.10/site-packages:${PYTHONPATH} /usr/bin/python3 -W ignore:setup.py install is deprecated -W ignore:easy_install command is deprecated setup.py egg_info --egg-base ../../build/py_motors build --build-base /home/robocats/Desktop/RobotCode2025/ros2_ws/build/py_motors/build install --record /home/robocats/Desktop/RobotCode2025/ros2_ws/build/py_motors/install.log --single-version-externally-managed install_data
[3.966s] Level 1:colcon.colcon_core.environment:checking '/home/robocats/Desktop/RobotCode2025/ros2_ws/install/py_motors/lib'
[3.967s] Level 1:colcon.colcon_core.environment:checking '/home/robocats/Desktop/RobotCode2025/ros2_ws/install/py_motors/bin'
[3.967s] Level 1:colcon.colcon_core.environment:checking '/home/robocats/Desktop/RobotCode2025/ros2_ws/install/py_motors/lib/pkgconfig/py_motors.pc'
[3.967s] Level 1:colcon.colcon_core.environment:checking '/home/robocats/Desktop/RobotCode2025/ros2_ws/install/py_motors/lib/python3.10/site-packages'
[3.968s] Level 1:colcon.colcon_core.shell:create_environment_hook('py_motors', 'pythonpath')
[3.968s] INFO:colcon.colcon_core.shell:Creating environment hook '/home/robocats/Desktop/RobotCode2025/ros2_ws/install/py_motors/share/py_motors/hook/pythonpath.ps1'
[3.970s] INFO:colcon.colcon_core.shell:Creating environment descriptor '/home/robocats/Desktop/RobotCode2025/ros2_ws/install/py_motors/share/py_motors/hook/pythonpath.dsv'
[3.971s] INFO:colcon.colcon_core.shell:Creating environment hook '/home/robocats/Desktop/RobotCode2025/ros2_ws/install/py_motors/share/py_motors/hook/pythonpath.sh'
[3.973s] Level 1:colcon.colcon_core.environment:checking '/home/robocats/Desktop/RobotCode2025/ros2_ws/install/py_motors/bin'
[3.973s] Level 1:colcon.colcon_core.environment:create_environment_scripts_only(py_motors)
[3.973s] INFO:colcon.colcon_core.shell:Creating package script '/home/robocats/Desktop/RobotCode2025/ros2_ws/install/py_motors/share/py_motors/package.ps1'
[3.975s] INFO:colcon.colcon_core.shell:Creating package descriptor '/home/robocats/Desktop/RobotCode2025/ros2_ws/install/py_motors/share/py_motors/package.dsv'
[3.977s] INFO:colcon.colcon_core.shell:Creating package script '/home/robocats/Desktop/RobotCode2025/ros2_ws/install/py_motors/share/py_motors/package.sh'
[3.978s] INFO:colcon.colcon_core.shell:Creating package script '/home/robocats/Desktop/RobotCode2025/ros2_ws/install/py_motors/share/py_motors/package.bash'
[3.979s] INFO:colcon.colcon_core.shell:Creating package script '/home/robocats/Desktop/RobotCode2025/ros2_ws/install/py_motors/share/py_motors/package.zsh'
[3.980s] Level 1:colcon.colcon_core.environment:create_file_with_runtime_dependencies(/home/robocats/Desktop/RobotCode2025/ros2_ws/install/py_motors/share/colcon-core/packages/py_motors)
[3.985s] Level 1:colcon.colcon_core.environment:checking '/home/robocats/Desktop/RobotCode2025/ros2_ws/install/py_objectdetection' for CMake module files
[3.986s] DEBUG:colcon.colcon_core.event_handler.log_command:Invoked command in '/home/robocats/Desktop/RobotCode2025/ros2_ws/src/py_objectdetection' returned '0': CMAKE_PREFIX_PATH=/home/robocats/Desktop/RobotCode2025/ros2_ws/install/custom_interfaces:/home/robocats/Desktop/RobotCode2025/ros2_ws/install/usb_cam:/home/robocats/Desktop/RobotCode2025/ros2_ws/install/cpp_subcontroller LD_LIBRARY_PATH=/home/robocats/Desktop/RobotCode2025/ros2_ws/install/custom_interfaces/lib:/home/robocats/Desktop/RobotCode2025/ros2_ws/install/usb_cam/lib:/opt/ros/humble/opt/rviz_ogre_vendor/lib:/opt/ros/humble/lib/aarch64-linux-gnu:/opt/ros/humble/lib:/usr/local/cuda-12.2/lib64 PYTHONPATH=/home/robocats/Desktop/RobotCode2025/ros2_ws/build/py_objectdetection/prefix_override:/usr/lib/python3/dist-packages/colcon_core/task/python/colcon_distutils_commands:/home/robocats/Desktop/RobotCode2025/ros2_ws/install/py_objectdetection/lib/python3.10/site-packages:${PYTHONPATH} /usr/bin/python3 -W ignore:setup.py install is deprecated -W ignore:easy_install command is deprecated setup.py egg_info --egg-base ../../build/py_objectdetection build --build-base /home/robocats/Desktop/RobotCode2025/ros2_ws/build/py_objectdetection/build install --record /home/robocats/Desktop/RobotCode2025/ros2_ws/build/py_objectdetection/install.log --single-version-externally-managed install_data
[3.987s] Level 1:colcon.colcon_core.environment:checking '/home/robocats/Desktop/RobotCode2025/ros2_ws/install/py_objectdetection' for CMake config files
[3.989s] Level 1:colcon.colcon_core.environment:checking '/home/robocats/Desktop/RobotCode2025/ros2_ws/install/py_objectdetection/lib'
[3.989s] Level 1:colcon.colcon_core.environment:checking '/home/robocats/Desktop/RobotCode2025/ros2_ws/install/py_objectdetection/bin'
[3.989s] Level 1:colcon.colcon_core.environment:checking '/home/robocats/Desktop/RobotCode2025/ros2_ws/install/py_objectdetection/lib/pkgconfig/py_objectdetection.pc'
[3.989s] Level 1:colcon.colcon_core.environment:checking '/home/robocats/Desktop/RobotCode2025/ros2_ws/install/py_objectdetection/lib/python3.10/site-packages'
[3.989s] Level 1:colcon.colcon_core.shell:create_environment_hook('py_objectdetection', 'pythonpath')
[3.990s] INFO:colcon.colcon_core.shell:Creating environment hook '/home/robocats/Desktop/RobotCode2025/ros2_ws/install/py_objectdetection/share/py_objectdetection/hook/pythonpath.ps1'
[3.991s] INFO:colcon.colcon_core.shell:Creating environment descriptor '/home/robocats/Desktop/RobotCode2025/ros2_ws/install/py_objectdetection/share/py_objectdetection/hook/pythonpath.dsv'
[3.991s] INFO:colcon.colcon_core.shell:Creating environment hook '/home/robocats/Desktop/RobotCode2025/ros2_ws/install/py_objectdetection/share/py_objectdetection/hook/pythonpath.sh'
[3.993s] Level 1:colcon.colcon_core.environment:checking '/home/robocats/Desktop/RobotCode2025/ros2_ws/install/py_objectdetection/bin'
[3.993s] Level 1:colcon.colcon_core.environment:create_environment_scripts_only(py_objectdetection)
[3.993s] INFO:colcon.colcon_core.shell:Creating package script '/home/robocats/Desktop/RobotCode2025/ros2_ws/install/py_objectdetection/share/py_objectdetection/package.ps1'
[3.994s] INFO:colcon.colcon_core.shell:Creating package descriptor '/home/robocats/Desktop/RobotCode2025/ros2_ws/install/py_objectdetection/share/py_objectdetection/package.dsv'
[3.995s] INFO:colcon.colcon_core.shell:Creating package script '/home/robocats/Desktop/RobotCode2025/ros2_ws/install/py_objectdetection/share/py_objectdetection/package.sh'
[3.996s] INFO:colcon.colcon_core.shell:Creating package script '/home/robocats/Desktop/RobotCode2025/ros2_ws/install/py_objectdetection/share/py_objectdetection/package.bash'
[3.996s] INFO:colcon.colcon_core.shell:Creating package script '/home/robocats/Desktop/RobotCode2025/ros2_ws/install/py_objectdetection/share/py_objectdetection/package.zsh'
[3.997s] Level 1:colcon.colcon_core.environment:create_file_with_runtime_dependencies(/home/robocats/Desktop/RobotCode2025/ros2_ws/install/py_objectdetection/share/colcon-core/packages/py_objectdetection)
[4.097s] Level 1:colcon.colcon_core.environment:checking '/home/robocats/Desktop/RobotCode2025/ros2_ws/install/py_sensors' for CMake module files
[4.099s] DEBUG:colcon.colcon_core.event_handler.log_command:Invoked command in '/home/robocats/Desktop/RobotCode2025/ros2_ws/src/py_sensors' returned '0': CMAKE_PREFIX_PATH=/home/robocats/Desktop/RobotCode2025/ros2_ws/install/custom_interfaces:/home/robocats/Desktop/RobotCode2025/ros2_ws/install/usb_cam:/home/robocats/Desktop/RobotCode2025/ros2_ws/install/cpp_subcontroller LD_LIBRARY_PATH=/home/robocats/Desktop/RobotCode2025/ros2_ws/install/custom_interfaces/lib:/home/robocats/Desktop/RobotCode2025/ros2_ws/install/usb_cam/lib:/opt/ros/humble/opt/rviz_ogre_vendor/lib:/opt/ros/humble/lib/aarch64-linux-gnu:/opt/ros/humble/lib:/usr/local/cuda-12.2/lib64 PYTHONPATH=/home/robocats/Desktop/RobotCode2025/ros2_ws/build/py_sensors/prefix_override:/usr/lib/python3/dist-packages/colcon_core/task/python/colcon_distutils_commands:/home/robocats/Desktop/RobotCode2025/ros2_ws/install/py_sensors/lib/python3.10/site-packages:${PYTHONPATH} /usr/bin/python3 -W ignore:setup.py install is deprecated -W ignore:easy_install command is deprecated setup.py egg_info --egg-base ../../build/py_sensors build --build-base /home/robocats/Desktop/RobotCode2025/ros2_ws/build/py_sensors/build install --record /home/robocats/Desktop/RobotCode2025/ros2_ws/build/py_sensors/install.log --single-version-externally-managed install_data
[4.100s] Level 1:colcon.colcon_core.environment:checking '/home/robocats/Desktop/RobotCode2025/ros2_ws/install/py_sensors' for CMake config files
[4.102s] Level 1:colcon.colcon_core.environment:checking '/home/robocats/Desktop/RobotCode2025/ros2_ws/install/py_sensors/lib'
[4.102s] Level 1:colcon.colcon_core.environment:checking '/home/robocats/Desktop/RobotCode2025/ros2_ws/install/py_sensors/bin'
[4.103s] Level 1:colcon.colcon_core.environment:checking '/home/robocats/Desktop/RobotCode2025/ros2_ws/install/py_sensors/lib/pkgconfig/py_sensors.pc'
[4.103s] Level 1:colcon.colcon_core.environment:checking '/home/robocats/Desktop/RobotCode2025/ros2_ws/install/py_sensors/lib/python3.10/site-packages'
[4.103s] Level 1:colcon.colcon_core.shell:create_environment_hook('py_sensors', 'pythonpath')
[4.104s] INFO:colcon.colcon_core.shell:Creating environment hook '/home/robocats/Desktop/RobotCode2025/ros2_ws/install/py_sensors/share/py_sensors/hook/pythonpath.ps1'
[4.106s] INFO:colcon.colcon_core.shell:Creating environment descriptor '/home/robocats/Desktop/RobotCode2025/ros2_ws/install/py_sensors/share/py_sensors/hook/pythonpath.dsv'
[4.108s] INFO:colcon.colcon_core.shell:Creating environment hook '/home/robocats/Desktop/RobotCode2025/ros2_ws/install/py_sensors/share/py_sensors/hook/pythonpath.sh'
[4.110s] Level 1:colcon.colcon_core.environment:checking '/home/robocats/Desktop/RobotCode2025/ros2_ws/install/py_sensors/bin'
[4.110s] Level 1:colcon.colcon_core.environment:create_environment_scripts_only(py_sensors)
[4.112s] INFO:colcon.colcon_core.shell:Creating package script '/home/robocats/Desktop/RobotCode2025/ros2_ws/install/py_sensors/share/py_sensors/package.ps1'
[4.114s] INFO:colcon.colcon_core.shell:Creating package descriptor '/home/robocats/Desktop/RobotCode2025/ros2_ws/install/py_sensors/share/py_sensors/package.dsv'
[4.116s] INFO:colcon.colcon_core.shell:Creating package script '/home/robocats/Desktop/RobotCode2025/ros2_ws/install/py_sensors/share/py_sensors/package.sh'
[4.117s] INFO:colcon.colcon_core.shell:Creating package script '/home/robocats/Desktop/RobotCode2025/ros2_ws/install/py_sensors/share/py_sensors/package.bash'
[4.118s] INFO:colcon.colcon_core.shell:Creating package script '/home/robocats/Desktop/RobotCode2025/ros2_ws/install/py_sensors/share/py_sensors/package.zsh'
[4.120s] Level 1:colcon.colcon_core.environment:create_file_with_runtime_dependencies(/home/robocats/Desktop/RobotCode2025/ros2_ws/install/py_sensors/share/colcon-core/packages/py_sensors)
[4.121s] DEBUG:colcon.colcon_parallel_executor.executor.parallel:closing loop
[4.122s] DEBUG:colcon.colcon_parallel_executor.executor.parallel:loop closed
[4.122s] DEBUG:colcon.colcon_parallel_executor.executor.parallel:run_until_complete finished with '0'
[4.123s] DEBUG:colcon.colcon_core.event_reactor:joining thread
[4.144s] INFO:colcon.colcon_core.plugin_system:Skipping extension 'colcon_notification.desktop_notification.terminal_notifier': Not used on non-Darwin systems
[4.145s] INFO:colcon.colcon_core.plugin_system:Skipping extension 'colcon_notification.desktop_notification.win32': Not used on non-Windows systems
[4.145s] INFO:colcon.colcon_notification.desktop_notification:Sending desktop notification using 'notify2'
[4.187s] DEBUG:colcon.colcon_core.event_reactor:joined thread
[4.188s] INFO:colcon.colcon_core.shell:Creating prefix script '/home/robocats/Desktop/RobotCode2025/ros2_ws/install/local_setup.ps1'
[4.191s] INFO:colcon.colcon_core.shell:Creating prefix util module '/home/robocats/Desktop/RobotCode2025/ros2_ws/install/_local_setup_util_ps1.py'
[4.195s] INFO:colcon.colcon_core.shell:Creating prefix chain script '/home/robocats/Desktop/RobotCode2025/ros2_ws/install/setup.ps1'
[4.199s] INFO:colcon.colcon_core.shell:Creating prefix script '/home/robocats/Desktop/RobotCode2025/ros2_ws/install/local_setup.sh'
[4.202s] INFO:colcon.colcon_core.shell:Creating prefix util module '/home/robocats/Desktop/RobotCode2025/ros2_ws/install/_local_setup_util_sh.py'
[4.203s] INFO:colcon.colcon_core.shell:Creating prefix chain script '/home/robocats/Desktop/RobotCode2025/ros2_ws/install/setup.sh'
[4.205s] INFO:colcon.colcon_core.shell:Creating prefix script '/home/robocats/Desktop/RobotCode2025/ros2_ws/install/local_setup.bash'
[4.206s] INFO:colcon.colcon_core.shell:Creating prefix chain script '/home/robocats/Desktop/RobotCode2025/ros2_ws/install/setup.bash'
[4.208s] INFO:colcon.colcon_core.shell:Creating prefix script '/home/robocats/Desktop/RobotCode2025/ros2_ws/install/local_setup.zsh'
[4.208s] INFO:colcon.colcon_core.shell:Creating prefix chain script '/home/robocats/Desktop/RobotCode2025/ros2_ws/install/setup.zsh'
