[2.570s] Invoking command in '/home/robocatsorin/Desktop/RobotCode2025/ros2_ws/src/py_sensors': AMENT_PREFIX_PATH=/home/robocatsorin/Desktop/RobotCode2025/ros2_ws/install/custom_interfaces:${AMENT_PREFIX_PATH} CMAKE_PREFIX_PATH=/home/robocatsorin/Desktop/RobotCode2025/ros2_ws/install/custom_interfaces LD_LIBRARY_PATH=/home/robocatsorin/Desktop/RobotCode2025/ros2_ws/install/custom_interfaces/lib:/opt/ros/humble/opt/rviz_ogre_vendor/lib:/opt/ros/humble/lib/aarch64-linux-gnu:/opt/ros/humble/lib:/usr/local/cuda-12.6/lib64 PYTHONPATH=/home/robocatsorin/Desktop/RobotCode2025/ros2_ws/build/py_sensors/prefix_override:/usr/lib/python3/dist-packages/colcon_core/task/python/colcon_distutils_commands:/home/robocatsorin/Desktop/RobotCode2025/ros2_ws/install/py_sensors/lib/python3.10/site-packages:/home/robocatsorin/Desktop/RobotCode2025/ros2_ws/install/custom_interfaces/local/lib/python3.10/dist-packages:${PYTHONPATH} /usr/bin/python3 -W ignore:setup.py install is deprecated -W ignore:easy_install command is deprecated setup.py egg_info --egg-base ../../build/py_sensors build --build-base /home/robocatsorin/Desktop/RobotCode2025/ros2_ws/build/py_sensors/build install --record /home/robocatsorin/Desktop/RobotCode2025/ros2_ws/build/py_sensors/install.log --single-version-externally-managed install_data
[3.209s] running egg_info
[3.210s] creating ../../build/py_sensors/py_sensors.egg-info
[3.211s] writing ../../build/py_sensors/py_sensors.egg-info/PKG-INFO
[3.211s] writing dependency_links to ../../build/py_sensors/py_sensors.egg-info/dependency_links.txt
[3.212s] writing entry points to ../../build/py_sensors/py_sensors.egg-info/entry_points.txt
[3.212s] writing requirements to ../../build/py_sensors/py_sensors.egg-info/requires.txt
[3.212s] writing top-level names to ../../build/py_sensors/py_sensors.egg-info/top_level.txt
[3.213s] writing manifest file '../../build/py_sensors/py_sensors.egg-info/SOURCES.txt'
[3.217s] reading manifest file '../../build/py_sensors/py_sensors.egg-info/SOURCES.txt'
[3.217s] adding license file 'LICENSE'
[3.219s] writing manifest file '../../build/py_sensors/py_sensors.egg-info/SOURCES.txt'
[3.219s] running build
[3.219s] running build_py
[3.220s] creating /home/robocatsorin/Desktop/RobotCode2025/ros2_ws/build/py_sensors/build
[3.220s] creating /home/robocatsorin/Desktop/RobotCode2025/ros2_ws/build/py_sensors/build/lib
[3.220s] creating /home/robocatsorin/Desktop/RobotCode2025/ros2_ws/build/py_sensors/build/lib/py_sensors
[3.220s] copying py_sensors/__init__.py -> /home/robocatsorin/Desktop/RobotCode2025/ros2_ws/build/py_sensors/build/lib/py_sensors
[3.221s] copying py_sensors/depth_publisher.py -> /home/robocatsorin/Desktop/RobotCode2025/ros2_ws/build/py_sensors/build/lib/py_sensors
[3.221s] copying py_sensors/BNO.py -> /home/robocatsorin/Desktop/RobotCode2025/ros2_ws/build/py_sensors/build/lib/py_sensors
[3.221s] copying py_sensors/imu_publisher.py -> /home/robocatsorin/Desktop/RobotCode2025/ros2_ws/build/py_sensors/build/lib/py_sensors
[3.221s] copying py_sensors/BAR02.py -> /home/robocatsorin/Desktop/RobotCode2025/ros2_ws/build/py_sensors/build/lib/py_sensors
[3.221s] creating /home/robocatsorin/Desktop/RobotCode2025/ros2_ws/build/py_sensors/build/lib/py_sensors/ms5837
[3.221s] copying py_sensors/ms5837/__init__.py -> /home/robocatsorin/Desktop/RobotCode2025/ros2_ws/build/py_sensors/build/lib/py_sensors/ms5837
[3.222s] copying py_sensors/ms5837/ms5837.py -> /home/robocatsorin/Desktop/RobotCode2025/ros2_ws/build/py_sensors/build/lib/py_sensors/ms5837
[3.223s] running install
[3.224s] running install_lib
[3.226s] creating /home/robocatsorin/Desktop/RobotCode2025/ros2_ws/install/py_sensors/lib/python3.10/site-packages/py_sensors
[3.226s] copying /home/robocatsorin/Desktop/RobotCode2025/ros2_ws/build/py_sensors/build/lib/py_sensors/__init__.py -> /home/robocatsorin/Desktop/RobotCode2025/ros2_ws/install/py_sensors/lib/python3.10/site-packages/py_sensors
[3.226s] creating /home/robocatsorin/Desktop/RobotCode2025/ros2_ws/install/py_sensors/lib/python3.10/site-packages/py_sensors/ms5837
[3.226s] copying /home/robocatsorin/Desktop/RobotCode2025/ros2_ws/build/py_sensors/build/lib/py_sensors/ms5837/__init__.py -> /home/robocatsorin/Desktop/RobotCode2025/ros2_ws/install/py_sensors/lib/python3.10/site-packages/py_sensors/ms5837
[3.227s] copying /home/robocatsorin/Desktop/RobotCode2025/ros2_ws/build/py_sensors/build/lib/py_sensors/ms5837/ms5837.py -> /home/robocatsorin/Desktop/RobotCode2025/ros2_ws/install/py_sensors/lib/python3.10/site-packages/py_sensors/ms5837
[3.227s] copying /home/robocatsorin/Desktop/RobotCode2025/ros2_ws/build/py_sensors/build/lib/py_sensors/depth_publisher.py -> /home/robocatsorin/Desktop/RobotCode2025/ros2_ws/install/py_sensors/lib/python3.10/site-packages/py_sensors
[3.227s] copying /home/robocatsorin/Desktop/RobotCode2025/ros2_ws/build/py_sensors/build/lib/py_sensors/BNO.py -> /home/robocatsorin/Desktop/RobotCode2025/ros2_ws/install/py_sensors/lib/python3.10/site-packages/py_sensors
[3.227s] copying /home/robocatsorin/Desktop/RobotCode2025/ros2_ws/build/py_sensors/build/lib/py_sensors/imu_publisher.py -> /home/robocatsorin/Desktop/RobotCode2025/ros2_ws/install/py_sensors/lib/python3.10/site-packages/py_sensors
[3.228s] copying /home/robocatsorin/Desktop/RobotCode2025/ros2_ws/build/py_sensors/build/lib/py_sensors/BAR02.py -> /home/robocatsorin/Desktop/RobotCode2025/ros2_ws/install/py_sensors/lib/python3.10/site-packages/py_sensors
[3.229s] byte-compiling /home/robocatsorin/Desktop/RobotCode2025/ros2_ws/install/py_sensors/lib/python3.10/site-packages/py_sensors/__init__.py to __init__.cpython-310.pyc
[3.230s] byte-compiling /home/robocatsorin/Desktop/RobotCode2025/ros2_ws/install/py_sensors/lib/python3.10/site-packages/py_sensors/ms5837/__init__.py to __init__.cpython-310.pyc
[3.230s] byte-compiling /home/robocatsorin/Desktop/RobotCode2025/ros2_ws/install/py_sensors/lib/python3.10/site-packages/py_sensors/ms5837/ms5837.py to ms5837.cpython-310.pyc
[3.234s] byte-compiling /home/robocatsorin/Desktop/RobotCode2025/ros2_ws/install/py_sensors/lib/python3.10/site-packages/py_sensors/depth_publisher.py to depth_publisher.cpython-310.pyc
[3.235s] byte-compiling /home/robocatsorin/Desktop/RobotCode2025/ros2_ws/install/py_sensors/lib/python3.10/site-packages/py_sensors/BNO.py to BNO.cpython-310.pyc
[3.235s] byte-compiling /home/robocatsorin/Desktop/RobotCode2025/ros2_ws/install/py_sensors/lib/python3.10/site-packages/py_sensors/imu_publisher.py to imu_publisher.cpython-310.pyc
[3.237s] byte-compiling /home/robocatsorin/Desktop/RobotCode2025/ros2_ws/install/py_sensors/lib/python3.10/site-packages/py_sensors/BAR02.py to BAR02.cpython-310.pyc
[3.237s] running install_data
[3.238s] creating /home/robocatsorin/Desktop/RobotCode2025/ros2_ws/install/py_sensors/share/ament_index
[3.238s] creating /home/robocatsorin/Desktop/RobotCode2025/ros2_ws/install/py_sensors/share/ament_index/resource_index
[3.238s] creating /home/robocatsorin/Desktop/RobotCode2025/ros2_ws/install/py_sensors/share/ament_index/resource_index/packages
[3.238s] copying resource/py_sensors -> /home/robocatsorin/Desktop/RobotCode2025/ros2_ws/install/py_sensors/share/ament_index/resource_index/packages
[3.238s] copying package.xml -> /home/robocatsorin/Desktop/RobotCode2025/ros2_ws/install/py_sensors/share/py_sensors
[3.238s] running install_egg_info
[3.243s] Copying ../../build/py_sensors/py_sensors.egg-info to /home/robocatsorin/Desktop/RobotCode2025/ros2_ws/install/py_sensors/lib/python3.10/site-packages/py_sensors-0.0.0-py3.10.egg-info
[3.245s] running install_scripts
[3.294s] Installing bar02 script to /home/robocatsorin/Desktop/RobotCode2025/ros2_ws/install/py_sensors/lib/py_sensors
[3.295s] Installing camera script to /home/robocatsorin/Desktop/RobotCode2025/ros2_ws/install/py_sensors/lib/py_sensors
[3.295s] Installing imu script to /home/robocatsorin/Desktop/RobotCode2025/ros2_ws/install/py_sensors/lib/py_sensors
[3.296s] writing list of installed files to '/home/robocatsorin/Desktop/RobotCode2025/ros2_ws/build/py_sensors/install.log'
[3.439s] Invoked command in '/home/robocatsorin/Desktop/RobotCode2025/ros2_ws/src/py_sensors' returned '0': AMENT_PREFIX_PATH=/home/robocatsorin/Desktop/RobotCode2025/ros2_ws/install/custom_interfaces:${AMENT_PREFIX_PATH} CMAKE_PREFIX_PATH=/home/robocatsorin/Desktop/RobotCode2025/ros2_ws/install/custom_interfaces LD_LIBRARY_PATH=/home/robocatsorin/Desktop/RobotCode2025/ros2_ws/install/custom_interfaces/lib:/opt/ros/humble/opt/rviz_ogre_vendor/lib:/opt/ros/humble/lib/aarch64-linux-gnu:/opt/ros/humble/lib:/usr/local/cuda-12.6/lib64 PYTHONPATH=/home/robocatsorin/Desktop/RobotCode2025/ros2_ws/build/py_sensors/prefix_override:/usr/lib/python3/dist-packages/colcon_core/task/python/colcon_distutils_commands:/home/robocatsorin/Desktop/RobotCode2025/ros2_ws/install/py_sensors/lib/python3.10/site-packages:/home/robocatsorin/Desktop/RobotCode2025/ros2_ws/install/custom_interfaces/local/lib/python3.10/dist-packages:${PYTHONPATH} /usr/bin/python3 -W ignore:setup.py install is deprecated -W ignore:easy_install command is deprecated setup.py egg_info --egg-base ../../build/py_sensors build --build-base /home/robocatsorin/Desktop/RobotCode2025/ros2_ws/build/py_sensors/build install --record /home/robocatsorin/Desktop/RobotCode2025/ros2_ws/build/py_sensors/install.log --single-version-externally-managed install_data
