[0.219s] DEBUG:colcon:Command line arguments: ['/usr/bin/colcon', 'build']
[0.219s] DEBUG:colcon:Parsed command line arguments: Namespace(log_base=None, log_level=None, verb_name='build', build_base='build', install_base='install', merge_install=False, symlink_install=False, test_result_base=None, continue_on_error=False, executor='parallel', parallel_workers=12, event_handlers=None, ignore_user_meta=False, metas=['./colcon.meta'], base_paths=['.'], packages_ignore=None, packages_ignore_regex=None, paths=None, packages_up_to=None, packages_up_to_regex=None, packages_above=None, packages_above_and_dependencies=None, packages_above_depth=None, packages_select_by_dep=None, packages_skip_by_dep=None, packages_skip_up_to=None, packages_select_build_failed=False, packages_skip_build_finished=False, packages_select_test_failures=False, packages_skip_test_passed=False, packages_select=None, packages_skip=None, packages_select_regex=None, packages_skip_regex=None, packages_start=None, packages_end=None, allow_overriding=[], cmake_args=None, cmake_target=None, cmake_target_skip_unavailable=False, cmake_clean_cache=False, cmake_clean_first=False, cmake_force_configure=False, ament_cmake_args=None, catkin_cmake_args=None, catkin_skip_building_tests=False, verb_parser=<colcon_defaults.argument_parser.defaults.DefaultArgumentsDecorator object at 0xffffabcd49a0>, verb_extension=<colcon_core.verb.build.BuildVerb object at 0xffffabe9a770>, main=<bound method BuildVerb.main of <colcon_core.verb.build.BuildVerb object at 0xffffabe9a770>>)
[0.630s] Level 1:colcon.colcon_core.package_discovery:discover_packages(colcon_meta) check parameters
[0.630s] Level 1:colcon.colcon_core.package_discovery:discover_packages(recursive) check parameters
[0.630s] Level 1:colcon.colcon_core.package_discovery:discover_packages(ignore) check parameters
[0.630s] Level 1:colcon.colcon_core.package_discovery:discover_packages(path) check parameters
[0.630s] Level 1:colcon.colcon_core.package_discovery:discover_packages(colcon_meta) discover
[0.630s] Level 1:colcon.colcon_core.package_discovery:discover_packages(recursive) discover
[0.630s] INFO:colcon.colcon_core.package_discovery:Crawling recursively for packages in '/home/robocats/Desktop/RobotCode2025/ros2_ws'
[0.631s] Level 1:colcon.colcon_core.package_identification:_identify(.) by extensions ['ignore', 'ignore_ament_install']
[0.632s] Level 1:colcon.colcon_core.package_identification:_identify(.) by extension 'ignore'
[0.632s] Level 1:colcon.colcon_core.package_identification:_identify(.) by extension 'ignore_ament_install'
[0.632s] Level 1:colcon.colcon_core.package_identification:_identify(.) by extensions ['colcon_pkg']
[0.632s] Level 1:colcon.colcon_core.package_identification:_identify(.) by extension 'colcon_pkg'
[0.632s] Level 1:colcon.colcon_core.package_identification:_identify(.) by extensions ['colcon_meta']
[0.632s] Level 1:colcon.colcon_core.package_identification:_identify(.) by extension 'colcon_meta'
[0.632s] Level 1:colcon.colcon_core.package_identification:_identify(.) by extensions ['ros']
[0.632s] Level 1:colcon.colcon_core.package_identification:_identify(.) by extension 'ros'
[0.648s] Level 1:colcon.colcon_core.package_identification:_identify(.) by extensions ['cmake', 'python']
[0.649s] Level 1:colcon.colcon_core.package_identification:_identify(.) by extension 'cmake'
[0.649s] Level 1:colcon.colcon_core.package_identification:_identify(.) by extension 'python'
[0.649s] Level 1:colcon.colcon_core.package_identification:_identify(.) by extensions ['python_setup_py']
[0.649s] Level 1:colcon.colcon_core.package_identification:_identify(.) by extension 'python_setup_py'
[0.649s] Level 1:colcon.colcon_core.package_identification:_identify(build) by extensions ['ignore', 'ignore_ament_install']
[0.649s] Level 1:colcon.colcon_core.package_identification:_identify(build) by extension 'ignore'
[0.649s] Level 1:colcon.colcon_core.package_identification:_identify(build) ignored
[0.650s] Level 1:colcon.colcon_core.package_identification:_identify(install) by extensions ['ignore', 'ignore_ament_install']
[0.650s] Level 1:colcon.colcon_core.package_identification:_identify(install) by extension 'ignore'
[0.650s] Level 1:colcon.colcon_core.package_identification:_identify(install) ignored
[0.650s] Level 1:colcon.colcon_core.package_identification:_identify(launch) by extensions ['ignore', 'ignore_ament_install']
[0.650s] Level 1:colcon.colcon_core.package_identification:_identify(launch) by extension 'ignore'
[0.650s] Level 1:colcon.colcon_core.package_identification:_identify(launch) by extension 'ignore_ament_install'
[0.650s] Level 1:colcon.colcon_core.package_identification:_identify(launch) by extensions ['colcon_pkg']
[0.650s] Level 1:colcon.colcon_core.package_identification:_identify(launch) by extension 'colcon_pkg'
[0.650s] Level 1:colcon.colcon_core.package_identification:_identify(launch) by extensions ['colcon_meta']
[0.650s] Level 1:colcon.colcon_core.package_identification:_identify(launch) by extension 'colcon_meta'
[0.650s] Level 1:colcon.colcon_core.package_identification:_identify(launch) by extensions ['ros']
[0.650s] Level 1:colcon.colcon_core.package_identification:_identify(launch) by extension 'ros'
[0.651s] Level 1:colcon.colcon_core.package_identification:_identify(launch) by extensions ['cmake', 'python']
[0.651s] Level 1:colcon.colcon_core.package_identification:_identify(launch) by extension 'cmake'
[0.651s] Level 1:colcon.colcon_core.package_identification:_identify(launch) by extension 'python'
[0.651s] Level 1:colcon.colcon_core.package_identification:_identify(launch) by extensions ['python_setup_py']
[0.651s] Level 1:colcon.colcon_core.package_identification:_identify(launch) by extension 'python_setup_py'
[0.651s] Level 1:colcon.colcon_core.package_identification:_identify(launch/__pycache__) by extensions ['ignore', 'ignore_ament_install']
[0.651s] Level 1:colcon.colcon_core.package_identification:_identify(launch/__pycache__) by extension 'ignore'
[0.651s] Level 1:colcon.colcon_core.package_identification:_identify(launch/__pycache__) by extension 'ignore_ament_install'
[0.651s] Level 1:colcon.colcon_core.package_identification:_identify(launch/__pycache__) by extensions ['colcon_pkg']
[0.651s] Level 1:colcon.colcon_core.package_identification:_identify(launch/__pycache__) by extension 'colcon_pkg'
[0.651s] Level 1:colcon.colcon_core.package_identification:_identify(launch/__pycache__) by extensions ['colcon_meta']
[0.651s] Level 1:colcon.colcon_core.package_identification:_identify(launch/__pycache__) by extension 'colcon_meta'
[0.652s] Level 1:colcon.colcon_core.package_identification:_identify(launch/__pycache__) by extensions ['ros']
[0.652s] Level 1:colcon.colcon_core.package_identification:_identify(launch/__pycache__) by extension 'ros'
[0.652s] Level 1:colcon.colcon_core.package_identification:_identify(launch/__pycache__) by extensions ['cmake', 'python']
[0.652s] Level 1:colcon.colcon_core.package_identification:_identify(launch/__pycache__) by extension 'cmake'
[0.652s] Level 1:colcon.colcon_core.package_identification:_identify(launch/__pycache__) by extension 'python'
[0.652s] Level 1:colcon.colcon_core.package_identification:_identify(launch/__pycache__) by extensions ['python_setup_py']
[0.652s] Level 1:colcon.colcon_core.package_identification:_identify(launch/__pycache__) by extension 'python_setup_py'
[0.652s] Level 1:colcon.colcon_core.package_identification:_identify(log) by extensions ['ignore', 'ignore_ament_install']
[0.652s] Level 1:colcon.colcon_core.package_identification:_identify(log) by extension 'ignore'
[0.652s] Level 1:colcon.colcon_core.package_identification:_identify(log) ignored
[0.653s] Level 1:colcon.colcon_core.package_identification:_identify(src) by extensions ['ignore', 'ignore_ament_install']
[0.653s] Level 1:colcon.colcon_core.package_identification:_identify(src) by extension 'ignore'
[0.653s] Level 1:colcon.colcon_core.package_identification:_identify(src) by extension 'ignore_ament_install'
[0.653s] Level 1:colcon.colcon_core.package_identification:_identify(src) by extensions ['colcon_pkg']
[0.653s] Level 1:colcon.colcon_core.package_identification:_identify(src) by extension 'colcon_pkg'
[0.653s] Level 1:colcon.colcon_core.package_identification:_identify(src) by extensions ['colcon_meta']
[0.653s] Level 1:colcon.colcon_core.package_identification:_identify(src) by extension 'colcon_meta'
[0.653s] Level 1:colcon.colcon_core.package_identification:_identify(src) by extensions ['ros']
[0.653s] Level 1:colcon.colcon_core.package_identification:_identify(src) by extension 'ros'
[0.653s] Level 1:colcon.colcon_core.package_identification:_identify(src) by extensions ['cmake', 'python']
[0.653s] Level 1:colcon.colcon_core.package_identification:_identify(src) by extension 'cmake'
[0.653s] Level 1:colcon.colcon_core.package_identification:_identify(src) by extension 'python'
[0.654s] Level 1:colcon.colcon_core.package_identification:_identify(src) by extensions ['python_setup_py']
[0.654s] Level 1:colcon.colcon_core.package_identification:_identify(src) by extension 'python_setup_py'
[0.654s] Level 1:colcon.colcon_core.package_identification:_identify(src/cpp_subcontroller) by extensions ['ignore', 'ignore_ament_install']
[0.654s] Level 1:colcon.colcon_core.package_identification:_identify(src/cpp_subcontroller) by extension 'ignore'
[0.654s] Level 1:colcon.colcon_core.package_identification:_identify(src/cpp_subcontroller) by extension 'ignore_ament_install'
[0.654s] Level 1:colcon.colcon_core.package_identification:_identify(src/cpp_subcontroller) by extensions ['colcon_pkg']
[0.654s] Level 1:colcon.colcon_core.package_identification:_identify(src/cpp_subcontroller) by extension 'colcon_pkg'
[0.654s] Level 1:colcon.colcon_core.package_identification:_identify(src/cpp_subcontroller) by extensions ['colcon_meta']
[0.654s] Level 1:colcon.colcon_core.package_identification:_identify(src/cpp_subcontroller) by extension 'colcon_meta'
[0.654s] Level 1:colcon.colcon_core.package_identification:_identify(src/cpp_subcontroller) by extensions ['ros']
[0.654s] Level 1:colcon.colcon_core.package_identification:_identify(src/cpp_subcontroller) by extension 'ros'
[0.659s] DEBUG:colcon.colcon_core.package_identification:Package 'src/cpp_subcontroller' with type 'ros.ament_cmake' and name 'cpp_subcontroller'
[0.660s] Level 1:colcon.colcon_core.package_identification:_identify(src/custom_interfaces) by extensions ['ignore', 'ignore_ament_install']
[0.660s] Level 1:colcon.colcon_core.package_identification:_identify(src/custom_interfaces) by extension 'ignore'
[0.660s] Level 1:colcon.colcon_core.package_identification:_identify(src/custom_interfaces) by extension 'ignore_ament_install'
[0.660s] Level 1:colcon.colcon_core.package_identification:_identify(src/custom_interfaces) by extensions ['colcon_pkg']
[0.660s] Level 1:colcon.colcon_core.package_identification:_identify(src/custom_interfaces) by extension 'colcon_pkg'
[0.660s] Level 1:colcon.colcon_core.package_identification:_identify(src/custom_interfaces) by extensions ['colcon_meta']
[0.660s] Level 1:colcon.colcon_core.package_identification:_identify(src/custom_interfaces) by extension 'colcon_meta'
[0.660s] Level 1:colcon.colcon_core.package_identification:_identify(src/custom_interfaces) by extensions ['ros']
[0.660s] Level 1:colcon.colcon_core.package_identification:_identify(src/custom_interfaces) by extension 'ros'
[0.662s] DEBUG:colcon.colcon_core.package_identification:Package 'src/custom_interfaces' with type 'ros.ament_cmake' and name 'custom_interfaces'
[0.662s] Level 1:colcon.colcon_core.package_identification:_identify(src/py_motors) by extensions ['ignore', 'ignore_ament_install']
[0.662s] Level 1:colcon.colcon_core.package_identification:_identify(src/py_motors) by extension 'ignore'
[0.662s] Level 1:colcon.colcon_core.package_identification:_identify(src/py_motors) by extension 'ignore_ament_install'
[0.662s] Level 1:colcon.colcon_core.package_identification:_identify(src/py_motors) by extensions ['colcon_pkg']
[0.662s] Level 1:colcon.colcon_core.package_identification:_identify(src/py_motors) by extension 'colcon_pkg'
[0.662s] Level 1:colcon.colcon_core.package_identification:_identify(src/py_motors) by extensions ['colcon_meta']
[0.662s] Level 1:colcon.colcon_core.package_identification:_identify(src/py_motors) by extension 'colcon_meta'
[0.662s] Level 1:colcon.colcon_core.package_identification:_identify(src/py_motors) by extensions ['ros']
[0.662s] Level 1:colcon.colcon_core.package_identification:_identify(src/py_motors) by extension 'ros'
[0.663s] DEBUG:colcon.colcon_core.package_identification:Package 'src/py_motors' with type 'ros.ament_python' and name 'py_motors'
[0.664s] Level 1:colcon.colcon_core.package_identification:_identify(src/py_objectdetection) by extensions ['ignore', 'ignore_ament_install']
[0.664s] Level 1:colcon.colcon_core.package_identification:_identify(src/py_objectdetection) by extension 'ignore'
[0.664s] Level 1:colcon.colcon_core.package_identification:_identify(src/py_objectdetection) by extension 'ignore_ament_install'
[0.664s] Level 1:colcon.colcon_core.package_identification:_identify(src/py_objectdetection) by extensions ['colcon_pkg']
[0.664s] Level 1:colcon.colcon_core.package_identification:_identify(src/py_objectdetection) by extension 'colcon_pkg'
[0.664s] Level 1:colcon.colcon_core.package_identification:_identify(src/py_objectdetection) by extensions ['colcon_meta']
[0.664s] Level 1:colcon.colcon_core.package_identification:_identify(src/py_objectdetection) by extension 'colcon_meta'
[0.664s] Level 1:colcon.colcon_core.package_identification:_identify(src/py_objectdetection) by extensions ['ros']
[0.664s] Level 1:colcon.colcon_core.package_identification:_identify(src/py_objectdetection) by extension 'ros'
[0.665s] DEBUG:colcon.colcon_core.package_identification:Package 'src/py_objectdetection' with type 'ros.ament_python' and name 'py_objectdetection'
[0.665s] Level 1:colcon.colcon_core.package_identification:_identify(src/py_sensors) by extensions ['ignore', 'ignore_ament_install']
[0.665s] Level 1:colcon.colcon_core.package_identification:_identify(src/py_sensors) by extension 'ignore'
[0.665s] Level 1:colcon.colcon_core.package_identification:_identify(src/py_sensors) by extension 'ignore_ament_install'
[0.665s] Level 1:colcon.colcon_core.package_identification:_identify(src/py_sensors) by extensions ['colcon_pkg']
[0.666s] Level 1:colcon.colcon_core.package_identification:_identify(src/py_sensors) by extension 'colcon_pkg'
[0.666s] Level 1:colcon.colcon_core.package_identification:_identify(src/py_sensors) by extensions ['colcon_meta']
[0.666s] Level 1:colcon.colcon_core.package_identification:_identify(src/py_sensors) by extension 'colcon_meta'
[0.666s] Level 1:colcon.colcon_core.package_identification:_identify(src/py_sensors) by extensions ['ros']
[0.666s] Level 1:colcon.colcon_core.package_identification:_identify(src/py_sensors) by extension 'ros'
[0.667s] DEBUG:colcon.colcon_core.package_identification:Package 'src/py_sensors' with type 'ros.ament_python' and name 'py_sensors'
[0.667s] Level 1:colcon.colcon_core.package_identification:_identify(src/usb_cam) by extensions ['ignore', 'ignore_ament_install']
[0.667s] Level 1:colcon.colcon_core.package_identification:_identify(src/usb_cam) by extension 'ignore'
[0.667s] Level 1:colcon.colcon_core.package_identification:_identify(src/usb_cam) by extension 'ignore_ament_install'
[0.667s] Level 1:colcon.colcon_core.package_identification:_identify(src/usb_cam) by extensions ['colcon_pkg']
[0.667s] Level 1:colcon.colcon_core.package_identification:_identify(src/usb_cam) by extension 'colcon_pkg'
[0.668s] Level 1:colcon.colcon_core.package_identification:_identify(src/usb_cam) by extensions ['colcon_meta']
[0.668s] Level 1:colcon.colcon_core.package_identification:_identify(src/usb_cam) by extension 'colcon_meta'
[0.668s] Level 1:colcon.colcon_core.package_identification:_identify(src/usb_cam) by extensions ['ros']
[0.668s] Level 1:colcon.colcon_core.package_identification:_identify(src/usb_cam) by extension 'ros'
[0.670s] DEBUG:colcon.colcon_core.package_identification:Package 'src/usb_cam' with type 'ros.ament_cmake' and name 'usb_cam'
[0.670s] Level 1:colcon.colcon_core.package_discovery:discover_packages(recursive) using defaults
[0.670s] Level 1:colcon.colcon_core.package_discovery:discover_packages(ignore) discover
[0.670s] Level 1:colcon.colcon_core.package_discovery:discover_packages(ignore) using defaults
[0.670s] Level 1:colcon.colcon_core.package_discovery:discover_packages(path) discover
[0.670s] Level 1:colcon.colcon_core.package_discovery:discover_packages(path) using defaults
[0.737s] Level 1:colcon.colcon_core.package_discovery:discover_packages(prefix_path) check parameters
[0.737s] Level 1:colcon.colcon_core.package_discovery:discover_packages(prefix_path) discover
[0.742s] DEBUG:colcon.colcon_installed_package_information.package_discovery:Found 303 installed packages in /opt/ros/humble
[0.744s] Level 1:colcon.colcon_core.package_discovery:discover_packages(prefix_path) using defaults
[0.805s] Level 5:colcon.colcon_core.verb:set package 'custom_interfaces' build argument 'cmake_args' from command line to 'None'
[0.805s] Level 5:colcon.colcon_core.verb:set package 'custom_interfaces' build argument 'cmake_target' from command line to 'None'
[0.805s] Level 5:colcon.colcon_core.verb:set package 'custom_interfaces' build argument 'cmake_target_skip_unavailable' from command line to 'False'
[0.805s] Level 5:colcon.colcon_core.verb:set package 'custom_interfaces' build argument 'cmake_clean_cache' from command line to 'False'
[0.806s] Level 5:colcon.colcon_core.verb:set package 'custom_interfaces' build argument 'cmake_clean_first' from command line to 'False'
[0.806s] Level 5:colcon.colcon_core.verb:set package 'custom_interfaces' build argument 'cmake_force_configure' from command line to 'False'
[0.806s] Level 5:colcon.colcon_core.verb:set package 'custom_interfaces' build argument 'ament_cmake_args' from command line to 'None'
[0.806s] Level 5:colcon.colcon_core.verb:set package 'custom_interfaces' build argument 'catkin_cmake_args' from command line to 'None'
[0.806s] Level 5:colcon.colcon_core.verb:set package 'custom_interfaces' build argument 'catkin_skip_building_tests' from command line to 'False'
[0.806s] DEBUG:colcon.colcon_core.verb:Building package 'custom_interfaces' with the following arguments: {'ament_cmake_args': None, 'build_base': '/home/robocats/Desktop/RobotCode2025/ros2_ws/build/custom_interfaces', 'catkin_cmake_args': None, 'catkin_skip_building_tests': False, 'cmake_args': None, 'cmake_clean_cache': False, 'cmake_clean_first': False, 'cmake_force_configure': False, 'cmake_target': None, 'cmake_target_skip_unavailable': False, 'install_base': '/home/robocats/Desktop/RobotCode2025/ros2_ws/install/custom_interfaces', 'merge_install': False, 'path': '/home/robocats/Desktop/RobotCode2025/ros2_ws/src/custom_interfaces', 'symlink_install': False, 'test_result_base': None}
[0.806s] Level 5:colcon.colcon_core.verb:set package 'py_objectdetection' build argument 'cmake_args' from command line to 'None'
[0.806s] Level 5:colcon.colcon_core.verb:set package 'py_objectdetection' build argument 'cmake_target' from command line to 'None'
[0.806s] Level 5:colcon.colcon_core.verb:set package 'py_objectdetection' build argument 'cmake_target_skip_unavailable' from command line to 'False'
[0.806s] Level 5:colcon.colcon_core.verb:set package 'py_objectdetection' build argument 'cmake_clean_cache' from command line to 'False'
[0.806s] Level 5:colcon.colcon_core.verb:set package 'py_objectdetection' build argument 'cmake_clean_first' from command line to 'False'
[0.806s] Level 5:colcon.colcon_core.verb:set package 'py_objectdetection' build argument 'cmake_force_configure' from command line to 'False'
[0.807s] Level 5:colcon.colcon_core.verb:set package 'py_objectdetection' build argument 'ament_cmake_args' from command line to 'None'
[0.807s] Level 5:colcon.colcon_core.verb:set package 'py_objectdetection' build argument 'catkin_cmake_args' from command line to 'None'
[0.807s] Level 5:colcon.colcon_core.verb:set package 'py_objectdetection' build argument 'catkin_skip_building_tests' from command line to 'False'
[0.807s] DEBUG:colcon.colcon_core.verb:Building package 'py_objectdetection' with the following arguments: {'ament_cmake_args': None, 'build_base': '/home/robocats/Desktop/RobotCode2025/ros2_ws/build/py_objectdetection', 'catkin_cmake_args': None, 'catkin_skip_building_tests': False, 'cmake_args': None, 'cmake_clean_cache': False, 'cmake_clean_first': False, 'cmake_force_configure': False, 'cmake_target': None, 'cmake_target_skip_unavailable': False, 'install_base': '/home/robocats/Desktop/RobotCode2025/ros2_ws/install/py_objectdetection', 'merge_install': False, 'path': '/home/robocats/Desktop/RobotCode2025/ros2_ws/src/py_objectdetection', 'symlink_install': False, 'test_result_base': None}
[0.807s] Level 5:colcon.colcon_core.verb:set package 'usb_cam' build argument 'cmake_args' from command line to 'None'
[0.807s] Level 5:colcon.colcon_core.verb:set package 'usb_cam' build argument 'cmake_target' from command line to 'None'
[0.807s] Level 5:colcon.colcon_core.verb:set package 'usb_cam' build argument 'cmake_target_skip_unavailable' from command line to 'False'
[0.807s] Level 5:colcon.colcon_core.verb:set package 'usb_cam' build argument 'cmake_clean_cache' from command line to 'False'
[0.807s] Level 5:colcon.colcon_core.verb:set package 'usb_cam' build argument 'cmake_clean_first' from command line to 'False'
[0.807s] Level 5:colcon.colcon_core.verb:set package 'usb_cam' build argument 'cmake_force_configure' from command line to 'False'
[0.807s] Level 5:colcon.colcon_core.verb:set package 'usb_cam' build argument 'ament_cmake_args' from command line to 'None'
[0.807s] Level 5:colcon.colcon_core.verb:set package 'usb_cam' build argument 'catkin_cmake_args' from command line to 'None'
[0.807s] Level 5:colcon.colcon_core.verb:set package 'usb_cam' build argument 'catkin_skip_building_tests' from command line to 'False'
[0.807s] DEBUG:colcon.colcon_core.verb:Building package 'usb_cam' with the following arguments: {'ament_cmake_args': None, 'build_base': '/home/robocats/Desktop/RobotCode2025/ros2_ws/build/usb_cam', 'catkin_cmake_args': None, 'catkin_skip_building_tests': False, 'cmake_args': None, 'cmake_clean_cache': False, 'cmake_clean_first': False, 'cmake_force_configure': False, 'cmake_target': None, 'cmake_target_skip_unavailable': False, 'install_base': '/home/robocats/Desktop/RobotCode2025/ros2_ws/install/usb_cam', 'merge_install': False, 'path': '/home/robocats/Desktop/RobotCode2025/ros2_ws/src/usb_cam', 'symlink_install': False, 'test_result_base': None}
[0.808s] Level 5:colcon.colcon_core.verb:set package 'cpp_subcontroller' build argument 'cmake_args' from command line to 'None'
[0.808s] Level 5:colcon.colcon_core.verb:set package 'cpp_subcontroller' build argument 'cmake_target' from command line to 'None'
[0.808s] Level 5:colcon.colcon_core.verb:set package 'cpp_subcontroller' build argument 'cmake_target_skip_unavailable' from command line to 'False'
[0.808s] Level 5:colcon.colcon_core.verb:set package 'cpp_subcontroller' build argument 'cmake_clean_cache' from command line to 'False'
[0.808s] Level 5:colcon.colcon_core.verb:set package 'cpp_subcontroller' build argument 'cmake_clean_first' from command line to 'False'
[0.808s] Level 5:colcon.colcon_core.verb:set package 'cpp_subcontroller' build argument 'cmake_force_configure' from command line to 'False'
[0.808s] Level 5:colcon.colcon_core.verb:set package 'cpp_subcontroller' build argument 'ament_cmake_args' from command line to 'None'
[0.808s] Level 5:colcon.colcon_core.verb:set package 'cpp_subcontroller' build argument 'catkin_cmake_args' from command line to 'None'
[0.808s] Level 5:colcon.colcon_core.verb:set package 'cpp_subcontroller' build argument 'catkin_skip_building_tests' from command line to 'False'
[0.808s] DEBUG:colcon.colcon_core.verb:Building package 'cpp_subcontroller' with the following arguments: {'ament_cmake_args': None, 'build_base': '/home/robocats/Desktop/RobotCode2025/ros2_ws/build/cpp_subcontroller', 'catkin_cmake_args': None, 'catkin_skip_building_tests': False, 'cmake_args': None, 'cmake_clean_cache': False, 'cmake_clean_first': False, 'cmake_force_configure': False, 'cmake_target': None, 'cmake_target_skip_unavailable': False, 'install_base': '/home/robocats/Desktop/RobotCode2025/ros2_ws/install/cpp_subcontroller', 'merge_install': False, 'path': '/home/robocats/Desktop/RobotCode2025/ros2_ws/src/cpp_subcontroller', 'symlink_install': False, 'test_result_base': None}
[0.809s] Level 5:colcon.colcon_core.verb:set package 'py_motors' build argument 'cmake_args' from command line to 'None'
[0.809s] Level 5:colcon.colcon_core.verb:set package 'py_motors' build argument 'cmake_target' from command line to 'None'
[0.809s] Level 5:colcon.colcon_core.verb:set package 'py_motors' build argument 'cmake_target_skip_unavailable' from command line to 'False'
[0.809s] Level 5:colcon.colcon_core.verb:set package 'py_motors' build argument 'cmake_clean_cache' from command line to 'False'
[0.809s] Level 5:colcon.colcon_core.verb:set package 'py_motors' build argument 'cmake_clean_first' from command line to 'False'
[0.809s] Level 5:colcon.colcon_core.verb:set package 'py_motors' build argument 'cmake_force_configure' from command line to 'False'
[0.809s] Level 5:colcon.colcon_core.verb:set package 'py_motors' build argument 'ament_cmake_args' from command line to 'None'
[0.809s] Level 5:colcon.colcon_core.verb:set package 'py_motors' build argument 'catkin_cmake_args' from command line to 'None'
[0.809s] Level 5:colcon.colcon_core.verb:set package 'py_motors' build argument 'catkin_skip_building_tests' from command line to 'False'
[0.809s] DEBUG:colcon.colcon_core.verb:Building package 'py_motors' with the following arguments: {'ament_cmake_args': None, 'build_base': '/home/robocats/Desktop/RobotCode2025/ros2_ws/build/py_motors', 'catkin_cmake_args': None, 'catkin_skip_building_tests': False, 'cmake_args': None, 'cmake_clean_cache': False, 'cmake_clean_first': False, 'cmake_force_configure': False, 'cmake_target': None, 'cmake_target_skip_unavailable': False, 'install_base': '/home/robocats/Desktop/RobotCode2025/ros2_ws/install/py_motors', 'merge_install': False, 'path': '/home/robocats/Desktop/RobotCode2025/ros2_ws/src/py_motors', 'symlink_install': False, 'test_result_base': None}
[0.810s] Level 5:colcon.colcon_core.verb:set package 'py_sensors' build argument 'cmake_args' from command line to 'None'
[0.810s] Level 5:colcon.colcon_core.verb:set package 'py_sensors' build argument 'cmake_target' from command line to 'None'
[0.810s] Level 5:colcon.colcon_core.verb:set package 'py_sensors' build argument 'cmake_target_skip_unavailable' from command line to 'False'
[0.810s] Level 5:colcon.colcon_core.verb:set package 'py_sensors' build argument 'cmake_clean_cache' from command line to 'False'
[0.810s] Level 5:colcon.colcon_core.verb:set package 'py_sensors' build argument 'cmake_clean_first' from command line to 'False'
[0.810s] Level 5:colcon.colcon_core.verb:set package 'py_sensors' build argument 'cmake_force_configure' from command line to 'False'
[0.810s] Level 5:colcon.colcon_core.verb:set package 'py_sensors' build argument 'ament_cmake_args' from command line to 'None'
[0.810s] Level 5:colcon.colcon_core.verb:set package 'py_sensors' build argument 'catkin_cmake_args' from command line to 'None'
[0.810s] Level 5:colcon.colcon_core.verb:set package 'py_sensors' build argument 'catkin_skip_building_tests' from command line to 'False'
[0.810s] DEBUG:colcon.colcon_core.verb:Building package 'py_sensors' with the following arguments: {'ament_cmake_args': None, 'build_base': '/home/robocats/Desktop/RobotCode2025/ros2_ws/build/py_sensors', 'catkin_cmake_args': None, 'catkin_skip_building_tests': False, 'cmake_args': None, 'cmake_clean_cache': False, 'cmake_clean_first': False, 'cmake_force_configure': False, 'cmake_target': None, 'cmake_target_skip_unavailable': False, 'install_base': '/home/robocats/Desktop/RobotCode2025/ros2_ws/install/py_sensors', 'merge_install': False, 'path': '/home/robocats/Desktop/RobotCode2025/ros2_ws/src/py_sensors', 'symlink_install': False, 'test_result_base': None}
[0.810s] INFO:colcon.colcon_core.executor:Executing jobs using 'parallel' executor
[0.812s] DEBUG:colcon.colcon_parallel_executor.executor.parallel:run_until_complete
[0.812s] INFO:colcon.colcon_ros.task.ament_cmake.build:Building ROS package in '/home/robocats/Desktop/RobotCode2025/ros2_ws/src/custom_interfaces' with build type 'ament_cmake'
[0.813s] INFO:colcon.colcon_cmake.task.cmake.build:Building CMake package in '/home/robocats/Desktop/RobotCode2025/ros2_ws/src/custom_interfaces'
[0.819s] INFO:colcon.colcon_core.plugin_system:Skipping extension 'colcon_core.shell.bat': Not used on non-Windows systems
[0.819s] INFO:colcon.colcon_core.shell:Skip shell extension 'powershell' for command environment: Not usable outside of PowerShell
[0.819s] DEBUG:colcon.colcon_core.shell:Skip shell extension 'dsv' for command environment
[0.824s] INFO:colcon.colcon_ros.task.ament_python.build:Building ROS package in '/home/robocats/Desktop/RobotCode2025/ros2_ws/src/py_objectdetection' with build type 'ament_python'
[0.824s] Level 1:colcon.colcon_core.shell:create_environment_hook('py_objectdetection', 'ament_prefix_path')
[0.825s] INFO:colcon.colcon_core.shell:Creating environment hook '/home/robocats/Desktop/RobotCode2025/ros2_ws/install/py_objectdetection/share/py_objectdetection/hook/ament_prefix_path.ps1'
[0.826s] INFO:colcon.colcon_core.shell:Creating environment descriptor '/home/robocats/Desktop/RobotCode2025/ros2_ws/install/py_objectdetection/share/py_objectdetection/hook/ament_prefix_path.dsv'
[0.828s] INFO:colcon.colcon_core.shell:Creating environment hook '/home/robocats/Desktop/RobotCode2025/ros2_ws/install/py_objectdetection/share/py_objectdetection/hook/ament_prefix_path.sh'
[0.829s] INFO:colcon.colcon_core.shell:Skip shell extension 'powershell' for command environment: Not usable outside of PowerShell
[0.829s] DEBUG:colcon.colcon_core.shell:Skip shell extension 'dsv' for command environment
[0.833s] INFO:colcon.colcon_ros.task.ament_cmake.build:Building ROS package in '/home/robocats/Desktop/RobotCode2025/ros2_ws/src/usb_cam' with build type 'ament_cmake'
[0.833s] INFO:colcon.colcon_cmake.task.cmake.build:Building CMake package in '/home/robocats/Desktop/RobotCode2025/ros2_ws/src/usb_cam'
[0.833s] INFO:colcon.colcon_core.shell:Skip shell extension 'powershell' for command environment: Not usable outside of PowerShell
[0.834s] DEBUG:colcon.colcon_core.shell:Skip shell extension 'dsv' for command environment
[0.846s] DEBUG:colcon.colcon_core.event_handler.log_command:Invoking command in '/home/robocats/Desktop/RobotCode2025/ros2_ws/build/custom_interfaces': CMAKE_PREFIX_PATH=/opt/ros/humble /usr/bin/cmake --build /home/robocats/Desktop/RobotCode2025/ros2_ws/build/custom_interfaces -- -j12 -l12
[1.256s] INFO:colcon.colcon_core.task.python.build:Building Python package in '/home/robocats/Desktop/RobotCode2025/ros2_ws/src/py_objectdetection'
[1.256s] INFO:colcon.colcon_core.shell:Skip shell extension 'powershell' for command environment: Not usable outside of PowerShell
[1.256s] DEBUG:colcon.colcon_core.shell:Skip shell extension 'dsv' for command environment
[1.276s] DEBUG:colcon.colcon_core.event_handler.log_command:Invoking command in '/home/robocats/Desktop/RobotCode2025/ros2_ws/build/usb_cam': CMAKE_PREFIX_PATH=/opt/ros/humble /usr/bin/cmake --build /home/robocats/Desktop/RobotCode2025/ros2_ws/build/usb_cam -- -j12 -l12
[1.471s] DEBUG:colcon.colcon_core.event_handler.log_command:Invoked command in '/home/robocats/Desktop/RobotCode2025/ros2_ws/build/usb_cam' returned '0': CMAKE_PREFIX_PATH=/opt/ros/humble /usr/bin/cmake --build /home/robocats/Desktop/RobotCode2025/ros2_ws/build/usb_cam -- -j12 -l12
[1.492s] DEBUG:colcon.colcon_core.event_handler.log_command:Invoking command in '/home/robocats/Desktop/RobotCode2025/ros2_ws/build/usb_cam': CMAKE_PREFIX_PATH=/opt/ros/humble /usr/bin/cmake --install /home/robocats/Desktop/RobotCode2025/ros2_ws/build/usb_cam
[1.520s] Level 1:colcon.colcon_core.environment:create_environment_scripts_only(usb_cam)
[1.521s] DEBUG:colcon.colcon_core.event_handler.log_command:Invoked command in '/home/robocats/Desktop/RobotCode2025/ros2_ws/build/usb_cam' returned '0': CMAKE_PREFIX_PATH=/opt/ros/humble /usr/bin/cmake --install /home/robocats/Desktop/RobotCode2025/ros2_ws/build/usb_cam
[1.532s] Level 1:colcon.colcon_core.environment:checking '/home/robocats/Desktop/RobotCode2025/ros2_ws/install/usb_cam' for CMake module files
[1.534s] Level 1:colcon.colcon_core.environment:checking '/home/robocats/Desktop/RobotCode2025/ros2_ws/install/usb_cam' for CMake config files
[1.535s] Level 1:colcon.colcon_core.shell:create_environment_hook('usb_cam', 'cmake_prefix_path')
[1.536s] INFO:colcon.colcon_core.shell:Creating environment hook '/home/robocats/Desktop/RobotCode2025/ros2_ws/install/usb_cam/share/usb_cam/hook/cmake_prefix_path.ps1'
[1.538s] INFO:colcon.colcon_core.shell:Creating environment descriptor '/home/robocats/Desktop/RobotCode2025/ros2_ws/install/usb_cam/share/usb_cam/hook/cmake_prefix_path.dsv'
[1.539s] INFO:colcon.colcon_core.shell:Creating environment hook '/home/robocats/Desktop/RobotCode2025/ros2_ws/install/usb_cam/share/usb_cam/hook/cmake_prefix_path.sh'
[1.542s] Level 1:colcon.colcon_core.environment:checking '/home/robocats/Desktop/RobotCode2025/ros2_ws/install/usb_cam/lib'
[1.542s] Level 1:colcon.colcon_core.shell:create_environment_hook('usb_cam', 'ld_library_path_lib')
[1.543s] INFO:colcon.colcon_core.shell:Creating environment hook '/home/robocats/Desktop/RobotCode2025/ros2_ws/install/usb_cam/share/usb_cam/hook/ld_library_path_lib.ps1'
[1.545s] INFO:colcon.colcon_core.shell:Creating environment descriptor '/home/robocats/Desktop/RobotCode2025/ros2_ws/install/usb_cam/share/usb_cam/hook/ld_library_path_lib.dsv'
[1.546s] INFO:colcon.colcon_core.shell:Creating environment hook '/home/robocats/Desktop/RobotCode2025/ros2_ws/install/usb_cam/share/usb_cam/hook/ld_library_path_lib.sh'
[1.547s] Level 1:colcon.colcon_core.environment:checking '/home/robocats/Desktop/RobotCode2025/ros2_ws/install/usb_cam/bin'
[1.548s] Level 1:colcon.colcon_core.environment:checking '/home/robocats/Desktop/RobotCode2025/ros2_ws/install/usb_cam/lib/pkgconfig/usb_cam.pc'
[1.549s] Level 1:colcon.colcon_core.environment:checking '/home/robocats/Desktop/RobotCode2025/ros2_ws/install/usb_cam/lib/python3.10/site-packages'
[1.549s] Level 1:colcon.colcon_core.environment:checking '/home/robocats/Desktop/RobotCode2025/ros2_ws/install/usb_cam/bin'
[1.550s] INFO:colcon.colcon_core.shell:Creating package script '/home/robocats/Desktop/RobotCode2025/ros2_ws/install/usb_cam/share/usb_cam/package.ps1'
[1.552s] INFO:colcon.colcon_core.shell:Creating package descriptor '/home/robocats/Desktop/RobotCode2025/ros2_ws/install/usb_cam/share/usb_cam/package.dsv'
[1.554s] INFO:colcon.colcon_core.shell:Creating package script '/home/robocats/Desktop/RobotCode2025/ros2_ws/install/usb_cam/share/usb_cam/package.sh'
[1.555s] INFO:colcon.colcon_core.shell:Creating package script '/home/robocats/Desktop/RobotCode2025/ros2_ws/install/usb_cam/share/usb_cam/package.bash'
[1.559s] INFO:colcon.colcon_core.shell:Creating package script '/home/robocats/Desktop/RobotCode2025/ros2_ws/install/usb_cam/share/usb_cam/package.zsh'
[1.560s] Level 1:colcon.colcon_core.environment:create_file_with_runtime_dependencies(/home/robocats/Desktop/RobotCode2025/ros2_ws/install/usb_cam/share/colcon-core/packages/usb_cam)
[1.563s] Level 1:colcon.colcon_core.environment:create_environment_scripts_only(usb_cam)
[1.563s] Level 1:colcon.colcon_core.environment:checking '/home/robocats/Desktop/RobotCode2025/ros2_ws/install/usb_cam' for CMake module files
[1.565s] Level 1:colcon.colcon_core.environment:checking '/home/robocats/Desktop/RobotCode2025/ros2_ws/install/usb_cam' for CMake config files
[1.566s] Level 1:colcon.colcon_core.shell:create_environment_hook('usb_cam', 'cmake_prefix_path')
[1.566s] INFO:colcon.colcon_core.shell:Creating environment hook '/home/robocats/Desktop/RobotCode2025/ros2_ws/install/usb_cam/share/usb_cam/hook/cmake_prefix_path.ps1'
[1.568s] INFO:colcon.colcon_core.shell:Creating environment descriptor '/home/robocats/Desktop/RobotCode2025/ros2_ws/install/usb_cam/share/usb_cam/hook/cmake_prefix_path.dsv'
[1.569s] INFO:colcon.colcon_core.shell:Creating environment hook '/home/robocats/Desktop/RobotCode2025/ros2_ws/install/usb_cam/share/usb_cam/hook/cmake_prefix_path.sh'
[1.570s] Level 1:colcon.colcon_core.environment:checking '/home/robocats/Desktop/RobotCode2025/ros2_ws/install/usb_cam/lib'
[1.570s] Level 1:colcon.colcon_core.shell:create_environment_hook('usb_cam', 'ld_library_path_lib')
[1.571s] INFO:colcon.colcon_core.shell:Creating environment hook '/home/robocats/Desktop/RobotCode2025/ros2_ws/install/usb_cam/share/usb_cam/hook/ld_library_path_lib.ps1'
[1.572s] INFO:colcon.colcon_core.shell:Creating environment descriptor '/home/robocats/Desktop/RobotCode2025/ros2_ws/install/usb_cam/share/usb_cam/hook/ld_library_path_lib.dsv'
[1.573s] INFO:colcon.colcon_core.shell:Creating environment hook '/home/robocats/Desktop/RobotCode2025/ros2_ws/install/usb_cam/share/usb_cam/hook/ld_library_path_lib.sh'
[1.574s] Level 1:colcon.colcon_core.environment:checking '/home/robocats/Desktop/RobotCode2025/ros2_ws/install/usb_cam/bin'
[1.575s] Level 1:colcon.colcon_core.environment:checking '/home/robocats/Desktop/RobotCode2025/ros2_ws/install/usb_cam/lib/pkgconfig/usb_cam.pc'
[1.575s] Level 1:colcon.colcon_core.environment:checking '/home/robocats/Desktop/RobotCode2025/ros2_ws/install/usb_cam/lib/python3.10/site-packages'
[1.576s] Level 1:colcon.colcon_core.environment:checking '/home/robocats/Desktop/RobotCode2025/ros2_ws/install/usb_cam/bin'
[1.577s] INFO:colcon.colcon_core.shell:Creating package script '/home/robocats/Desktop/RobotCode2025/ros2_ws/install/usb_cam/share/usb_cam/package.ps1'
[1.578s] INFO:colcon.colcon_core.shell:Creating package descriptor '/home/robocats/Desktop/RobotCode2025/ros2_ws/install/usb_cam/share/usb_cam/package.dsv'
[1.579s] INFO:colcon.colcon_core.shell:Creating package script '/home/robocats/Desktop/RobotCode2025/ros2_ws/install/usb_cam/share/usb_cam/package.sh'
[1.581s] INFO:colcon.colcon_core.shell:Creating package script '/home/robocats/Desktop/RobotCode2025/ros2_ws/install/usb_cam/share/usb_cam/package.bash'
[1.582s] INFO:colcon.colcon_core.shell:Creating package script '/home/robocats/Desktop/RobotCode2025/ros2_ws/install/usb_cam/share/usb_cam/package.zsh'
[1.583s] Level 1:colcon.colcon_core.environment:create_file_with_runtime_dependencies(/home/robocats/Desktop/RobotCode2025/ros2_ws/install/usb_cam/share/colcon-core/packages/usb_cam)
[1.782s] DEBUG:colcon.colcon_core.event_handler.log_command:Invoked command in '/home/robocats/Desktop/RobotCode2025/ros2_ws/build/custom_interfaces' returned '2': CMAKE_PREFIX_PATH=/opt/ros/humble /usr/bin/cmake --build /home/robocats/Desktop/RobotCode2025/ros2_ws/build/custom_interfaces -- -j12 -l12
[1.785s] Level 1:colcon.colcon_core.environment:create_environment_scripts_only(custom_interfaces)
[1.786s] Level 1:colcon.colcon_core.environment:checking '/home/robocats/Desktop/RobotCode2025/ros2_ws/install/custom_interfaces' for CMake module files
[1.788s] Level 1:colcon.colcon_core.environment:checking '/home/robocats/Desktop/RobotCode2025/ros2_ws/install/custom_interfaces' for CMake config files
[1.790s] Level 1:colcon.colcon_core.shell:create_environment_hook('custom_interfaces', 'cmake_prefix_path')
[1.791s] INFO:colcon.colcon_core.shell:Creating environment hook '/home/robocats/Desktop/RobotCode2025/ros2_ws/install/custom_interfaces/share/custom_interfaces/hook/cmake_prefix_path.ps1'
[1.793s] INFO:colcon.colcon_core.shell:Creating environment descriptor '/home/robocats/Desktop/RobotCode2025/ros2_ws/install/custom_interfaces/share/custom_interfaces/hook/cmake_prefix_path.dsv'
[1.794s] INFO:colcon.colcon_core.shell:Creating environment hook '/home/robocats/Desktop/RobotCode2025/ros2_ws/install/custom_interfaces/share/custom_interfaces/hook/cmake_prefix_path.sh'
[1.796s] Level 1:colcon.colcon_core.environment:checking '/home/robocats/Desktop/RobotCode2025/ros2_ws/install/custom_interfaces/lib'
[1.797s] Level 1:colcon.colcon_core.shell:create_environment_hook('custom_interfaces', 'ld_library_path_lib')
[1.797s] INFO:colcon.colcon_core.shell:Creating environment hook '/home/robocats/Desktop/RobotCode2025/ros2_ws/install/custom_interfaces/share/custom_interfaces/hook/ld_library_path_lib.ps1'
[1.799s] INFO:colcon.colcon_core.shell:Creating environment descriptor '/home/robocats/Desktop/RobotCode2025/ros2_ws/install/custom_interfaces/share/custom_interfaces/hook/ld_library_path_lib.dsv'
[1.800s] INFO:colcon.colcon_core.shell:Creating environment hook '/home/robocats/Desktop/RobotCode2025/ros2_ws/install/custom_interfaces/share/custom_interfaces/hook/ld_library_path_lib.sh'
[1.802s] Level 1:colcon.colcon_core.environment:checking '/home/robocats/Desktop/RobotCode2025/ros2_ws/install/custom_interfaces/bin'
[1.802s] Level 1:colcon.colcon_core.environment:checking '/home/robocats/Desktop/RobotCode2025/ros2_ws/install/custom_interfaces/lib/pkgconfig/custom_interfaces.pc'
[1.803s] Level 1:colcon.colcon_core.environment:checking '/home/robocats/Desktop/RobotCode2025/ros2_ws/install/custom_interfaces/lib/python3.10/site-packages'
[1.804s] Level 1:colcon.colcon_core.environment:checking '/home/robocats/Desktop/RobotCode2025/ros2_ws/install/custom_interfaces/bin'
[1.805s] INFO:colcon.colcon_core.shell:Creating package script '/home/robocats/Desktop/RobotCode2025/ros2_ws/install/custom_interfaces/share/custom_interfaces/package.ps1'
[1.808s] INFO:colcon.colcon_core.shell:Creating package descriptor '/home/robocats/Desktop/RobotCode2025/ros2_ws/install/custom_interfaces/share/custom_interfaces/package.dsv'
[1.810s] INFO:colcon.colcon_core.shell:Creating package script '/home/robocats/Desktop/RobotCode2025/ros2_ws/install/custom_interfaces/share/custom_interfaces/package.sh'
[1.812s] INFO:colcon.colcon_core.shell:Creating package script '/home/robocats/Desktop/RobotCode2025/ros2_ws/install/custom_interfaces/share/custom_interfaces/package.bash'
[1.814s] INFO:colcon.colcon_core.shell:Creating package script '/home/robocats/Desktop/RobotCode2025/ros2_ws/install/custom_interfaces/share/custom_interfaces/package.zsh'
[1.816s] Level 1:colcon.colcon_core.environment:create_file_with_runtime_dependencies(/home/robocats/Desktop/RobotCode2025/ros2_ws/install/custom_interfaces/share/colcon-core/packages/custom_interfaces)
[1.863s] DEBUG:colcon.colcon_parallel_executor.executor.parallel:closing loop
[1.865s] DEBUG:colcon.colcon_parallel_executor.executor.parallel:loop closed
[1.865s] DEBUG:colcon.colcon_parallel_executor.executor.parallel:run_until_complete finished with '2'
[1.866s] DEBUG:colcon.colcon_core.event_reactor:joining thread
[1.880s] INFO:colcon.colcon_core.plugin_system:Skipping extension 'colcon_notification.desktop_notification.terminal_notifier': Not used on non-Darwin systems
[1.880s] INFO:colcon.colcon_core.plugin_system:Skipping extension 'colcon_notification.desktop_notification.win32': Not used on non-Windows systems
[1.880s] INFO:colcon.colcon_notification.desktop_notification:Sending desktop notification using 'notify2'
[1.949s] DEBUG:colcon.colcon_core.event_reactor:joined thread
[1.950s] INFO:colcon.colcon_core.shell:Creating prefix script '/home/robocats/Desktop/RobotCode2025/ros2_ws/install/local_setup.ps1'
[1.955s] INFO:colcon.colcon_core.shell:Creating prefix util module '/home/robocats/Desktop/RobotCode2025/ros2_ws/install/_local_setup_util_ps1.py'
[1.961s] INFO:colcon.colcon_core.shell:Creating prefix chain script '/home/robocats/Desktop/RobotCode2025/ros2_ws/install/setup.ps1'
[1.965s] INFO:colcon.colcon_core.shell:Creating prefix script '/home/robocats/Desktop/RobotCode2025/ros2_ws/install/local_setup.sh'
[1.968s] INFO:colcon.colcon_core.shell:Creating prefix util module '/home/robocats/Desktop/RobotCode2025/ros2_ws/install/_local_setup_util_sh.py'
[1.970s] INFO:colcon.colcon_core.shell:Creating prefix chain script '/home/robocats/Desktop/RobotCode2025/ros2_ws/install/setup.sh'
[1.974s] INFO:colcon.colcon_core.shell:Creating prefix script '/home/robocats/Desktop/RobotCode2025/ros2_ws/install/local_setup.bash'
[1.977s] INFO:colcon.colcon_core.shell:Creating prefix chain script '/home/robocats/Desktop/RobotCode2025/ros2_ws/install/setup.bash'
[1.981s] INFO:colcon.colcon_core.shell:Creating prefix script '/home/robocats/Desktop/RobotCode2025/ros2_ws/install/local_setup.zsh'
[1.983s] INFO:colcon.colcon_core.shell:Creating prefix chain script '/home/robocats/Desktop/RobotCode2025/ros2_ws/install/setup.zsh'
