/home/robocats/Desktop/RobotCode2025/ros2_ws/install/py_motors/lib/python3.10/site-packages/py_motors/motor_conductor.py
/home/robocats/Desktop/RobotCode2025/ros2_ws/install/py_motors/lib/python3.10/site-packages/py_motors/torpedo_controller.py
/home/robocats/Desktop/RobotCode2025/ros2_ws/install/py_motors/lib/python3.10/site-packages/py_motors/MotorCommands.py
/home/robocats/Desktop/RobotCode2025/ros2_ws/install/py_motors/lib/python3.10/site-packages/py_motors/motor_controller.py
/home/robocats/Desktop/RobotCode2025/ros2_ws/install/py_motors/lib/python3.10/site-packages/py_motors/__init__.py
/home/robocats/Desktop/RobotCode2025/ros2_ws/install/py_motors/lib/python3.10/site-packages/py_motors/__pycache__/motor_conductor.cpython-310.pyc
/home/robocats/Desktop/RobotCode2025/ros2_ws/install/py_motors/lib/python3.10/site-packages/py_motors/__pycache__/torpedo_controller.cpython-310.pyc
/home/robocats/Desktop/RobotCode2025/ros2_ws/install/py_motors/lib/python3.10/site-packages/py_motors/__pycache__/MotorCommands.cpython-310.pyc
/home/robocats/Desktop/RobotCode2025/ros2_ws/install/py_motors/lib/python3.10/site-packages/py_motors/__pycache__/motor_controller.cpython-310.pyc
/home/robocats/Desktop/RobotCode2025/ros2_ws/install/py_motors/lib/python3.10/site-packages/py_motors/__pycache__/__init__.cpython-310.pyc
/home/robocats/Desktop/RobotCode2025/ros2_ws/install/py_motors/share/ament_index/resource_index/packages/py_motors
/home/robocats/Desktop/RobotCode2025/ros2_ws/install/py_motors/share/py_motors/package.xml
/home/robocats/Desktop/RobotCode2025/ros2_ws/install/py_motors/lib/python3.10/site-packages/py_motors-0.0.0-py3.10.egg-info/zip-safe
/home/robocats/Desktop/RobotCode2025/ros2_ws/install/py_motors/lib/python3.10/site-packages/py_motors-0.0.0-py3.10.egg-info/entry_points.txt
/home/robocats/Desktop/RobotCode2025/ros2_ws/install/py_motors/lib/python3.10/site-packages/py_motors-0.0.0-py3.10.egg-info/SOURCES.txt
/home/robocats/Desktop/RobotCode2025/ros2_ws/install/py_motors/lib/python3.10/site-packages/py_motors-0.0.0-py3.10.egg-info/top_level.txt
/home/robocats/Desktop/RobotCode2025/ros2_ws/install/py_motors/lib/python3.10/site-packages/py_motors-0.0.0-py3.10.egg-info/requires.txt
/home/robocats/Desktop/RobotCode2025/ros2_ws/install/py_motors/lib/python3.10/site-packages/py_motors-0.0.0-py3.10.egg-info/dependency_links.txt
/home/robocats/Desktop/RobotCode2025/ros2_ws/install/py_motors/lib/python3.10/site-packages/py_motors-0.0.0-py3.10.egg-info/PKG-INFO
/home/robocats/Desktop/RobotCode2025/ros2_ws/install/py_motors/lib/py_motors/motor_conductor
/home/robocats/Desktop/RobotCode2025/ros2_ws/install/py_motors/lib/py_motors/motor_controller
