[0.018s] Invoking command in '/home/robocatsorin/Desktop/RobotCode2025/ros2_ws/build/custom_interfaces': CMAKE_PREFIX_PATH=/opt/ros/humble /usr/bin/cmake --build /home/robocatsorin/Desktop/RobotCode2025/ros2_ws/build/custom_interfaces -- -j8 -l8
[0.063s] -- Found ament_cmake: 1.3.11 (/opt/ros/humble/share/ament_cmake/cmake)
[0.312s] -- Found geometry_msgs: 4.8.0 (/opt/ros/humble/share/geometry_msgs/cmake)
[0.367s] -- Found rosidl_generator_c: 3.1.6 (/opt/ros/humble/share/rosidl_generator_c/cmake)
[0.371s] -- Found rosidl_adapter: 3.1.6 (/opt/ros/humble/share/rosidl_adapter/cmake)
[0.381s] -- Found rosidl_generator_cpp: 3.1.6 (/opt/ros/humble/share/rosidl_generator_cpp/cmake)
[0.396s] -- Using all available rosidl_typesupport_c: rosidl_typesupport_fastrtps_c;rosidl_typesupport_introspection_c
[0.416s] -- Using all available rosidl_typesupport_cpp: rosidl_typesupport_fastrtps_cpp;rosidl_typesupport_introspection_cpp
[0.473s] -- Found sensor_msgs: 4.8.0 (/opt/ros/humble/share/sensor_msgs/cmake)
[0.499s] -- Found rosidl_default_generators: 1.2.0 (/opt/ros/humble/share/rosidl_default_generators/cmake)
[1.220s] -- Found ament_cmake_ros: 0.10.0 (/opt/ros/humble/share/ament_cmake_ros/cmake)
[2.195s] -- Using all available rosidl_typesupport_c: rosidl_typesupport_fastrtps_c;rosidl_typesupport_introspection_c
[2.595s] -- Using all available rosidl_typesupport_cpp: rosidl_typesupport_fastrtps_cpp;rosidl_typesupport_introspection_cpp
[2.641s] -- Found python_cmake_module: 0.10.0 (/opt/ros/humble/share/python_cmake_module/cmake)
[2.689s] -- Using PYTHON_EXECUTABLE: /usr/bin/python3
[2.689s] -- Using PYTHON_INCLUDE_DIRS: /usr/include/python3.10
[2.689s] -- Using PYTHON_LIBRARIES: /usr/lib/aarch64-linux-gnu/libpython3.10.so
[2.823s] -- Configuring done
[2.935s] -- Generating done
[2.965s] -- Build files have been written to: /home/robocatsorin/Desktop/RobotCode2025/ros2_ws/build/custom_interfaces
[3.024s] [  1%] [34m[1mGenerating C code for ROS interfaces[0m
[3.045s] [  1%] [34m[1mGenerating C++ code for ROS interfaces[0m
[3.066s] [  1%] Built target ament_cmake_python_copy_custom_interfaces
[3.561s] running egg_info
[3.563s] writing custom_interfaces.egg-info/PKG-INFO
[3.563s] writing dependency_links to custom_interfaces.egg-info/dependency_links.txt
[3.564s] writing top-level names to custom_interfaces.egg-info/top_level.txt
[3.569s] reading manifest file 'custom_interfaces.egg-info/SOURCES.txt'
[3.570s] writing manifest file 'custom_interfaces.egg-info/SOURCES.txt'
[3.643s] [  1%] Built target ament_cmake_python_build_custom_interfaces_egg
[5.251s] [  1%] Built target custom_interfaces__cpp
[5.276s] [  2%] [34m[1mGenerating C++ type support dispatch for ROS interfaces[0m
[5.281s] [  2%] [34m[1mGenerating C++ type support for eProsima Fast-RTPS[0m
[5.290s] [35m[1mConsolidate compiler generated dependencies of target custom_interfaces__rosidl_generator_c[0m
[5.297s] [  3%] [34m[1mGenerating C++ introspection for ROS interfaces[0m
[5.322s] [  4%] [32mBuilding C object CMakeFiles/custom_interfaces__rosidl_generator_c.dir/rosidl_generator_c/custom_interfaces/msg/detail/imu_data__functions.c.o[0m
[5.328s] [  5%] [32mBuilding C object CMakeFiles/custom_interfaces__rosidl_generator_c.dir/rosidl_generator_c/custom_interfaces/msg/detail/depth_report__functions.c.o[0m
[5.335s] [  6%] [32mBuilding C object CMakeFiles/custom_interfaces__rosidl_generator_c.dir/rosidl_generator_c/custom_interfaces/msg/detail/motor_command__functions.c.o[0m
[5.341s] [  7%] [32mBuilding C object CMakeFiles/custom_interfaces__rosidl_generator_c.dir/rosidl_generator_c/custom_interfaces/msg/detail/motion_goal__functions.c.o[0m
[5.364s] [  8%] [32mBuilding C object CMakeFiles/custom_interfaces__rosidl_generator_c.dir/rosidl_generator_c/custom_interfaces/msg/detail/bounding_box__functions.c.o[0m
[5.542s] [  9%] [32mBuilding C object CMakeFiles/custom_interfaces__rosidl_generator_c.dir/rosidl_generator_c/custom_interfaces/msg/detail/detection_buffer__functions.c.o[0m
[5.558s] [ 10%] [32mBuilding C object CMakeFiles/custom_interfaces__rosidl_generator_c.dir/rosidl_generator_c/custom_interfaces/msg/detail/aabb__functions.c.o[0m
[5.567s] [ 10%] [32mBuilding C object CMakeFiles/custom_interfaces__rosidl_generator_c.dir/rosidl_generator_c/custom_interfaces/msg/detail/world_map__functions.c.o[0m
[5.605s] [ 11%] [32mBuilding C object CMakeFiles/custom_interfaces__rosidl_generator_c.dir/rosidl_generator_c/custom_interfaces/srv/detail/detection_service__functions.c.o[0m
[5.611s] [ 12%] [32mBuilding C object CMakeFiles/custom_interfaces__rosidl_generator_c.dir/rosidl_generator_c/custom_interfaces/srv/detail/generate_world_map__functions.c.o[0m
[5.694s] [ 13%] [32mBuilding C object CMakeFiles/custom_interfaces__rosidl_generator_c.dir/rosidl_generator_c/custom_interfaces/action/detail/detection_action__functions.c.o[0m
[5.979s] [ 14%] [32m[1mLinking C shared library libcustom_interfaces__rosidl_generator_c.so[0m
[6.097s] [ 14%] Built target custom_interfaces__rosidl_generator_c
[6.124s] [ 15%] [34m[1mGenerating C introspection for ROS interfaces[0m
[6.134s] [ 16%] [34m[1mGenerating C type support for eProsima Fast-RTPS[0m
[6.150s] [ 17%] [34m[1mGenerating C type support dispatch for ROS interfaces[0m
[6.635s] [35m[1mConsolidate compiler generated dependencies of target custom_interfaces__rosidl_typesupport_cpp[0m
[6.693s] [ 18%] [32mBuilding CXX object CMakeFiles/custom_interfaces__rosidl_typesupport_cpp.dir/rosidl_typesupport_cpp/custom_interfaces/msg/imu_data__type_support.cpp.o[0m
[6.694s] [ 19%] [32mBuilding CXX object CMakeFiles/custom_interfaces__rosidl_typesupport_cpp.dir/rosidl_typesupport_cpp/custom_interfaces/msg/depth_report__type_support.cpp.o[0m
[6.742s] [ 20%] [32mBuilding CXX object CMakeFiles/custom_interfaces__rosidl_typesupport_cpp.dir/rosidl_typesupport_cpp/custom_interfaces/msg/motion_goal__type_support.cpp.o[0m
[7.618s] [ 21%] [32mBuilding CXX object CMakeFiles/custom_interfaces__rosidl_typesupport_cpp.dir/rosidl_typesupport_cpp/custom_interfaces/msg/motor_command__type_support.cpp.o[0m
[7.624s] [ 22%] [32mBuilding CXX object CMakeFiles/custom_interfaces__rosidl_typesupport_cpp.dir/rosidl_typesupport_cpp/custom_interfaces/msg/bounding_box__type_support.cpp.o[0m
[7.634s] [35m[1mConsolidate compiler generated dependencies of target custom_interfaces__rosidl_typesupport_c[0m
[7.636s] [ 23%] [32mBuilding CXX object CMakeFiles/custom_interfaces__rosidl_typesupport_cpp.dir/rosidl_typesupport_cpp/custom_interfaces/msg/detection_buffer__type_support.cpp.o[0m
[7.701s] [35m[1mConsolidate compiler generated dependencies of target custom_interfaces__rosidl_typesupport_introspection_cpp[0m
[7.750s] [ 24%] [32mBuilding CXX object CMakeFiles/custom_interfaces__rosidl_typesupport_c.dir/rosidl_typesupport_c/custom_interfaces/msg/imu_data__type_support.cpp.o[0m
[7.776s] [ 25%] [32mBuilding CXX object CMakeFiles/custom_interfaces__rosidl_typesupport_introspection_cpp.dir/rosidl_typesupport_introspection_cpp/custom_interfaces/msg/detail/imu_data__type_support.cpp.o[0m
[7.920s] [ 26%] [32mBuilding CXX object CMakeFiles/custom_interfaces__rosidl_typesupport_c.dir/rosidl_typesupport_c/custom_interfaces/msg/depth_report__type_support.cpp.o[0m
[8.084s] [35m[1mConsolidate compiler generated dependencies of target custom_interfaces__rosidl_typesupport_fastrtps_cpp[0m
[8.167s] [ 26%] [32mBuilding CXX object CMakeFiles/custom_interfaces__rosidl_typesupport_c.dir/rosidl_typesupport_c/custom_interfaces/msg/motion_goal__type_support.cpp.o[0m
[8.291s] [ 27%] [32mBuilding CXX object CMakeFiles/custom_interfaces__rosidl_typesupport_fastrtps_cpp.dir/rosidl_typesupport_fastrtps_cpp/custom_interfaces/msg/detail/dds_fastrtps/imu_data__type_support.cpp.o[0m
[8.346s] [ 28%] [32mBuilding CXX object CMakeFiles/custom_interfaces__rosidl_typesupport_c.dir/rosidl_typesupport_c/custom_interfaces/msg/motor_command__type_support.cpp.o[0m
[8.364s] [ 29%] [32mBuilding CXX object CMakeFiles/custom_interfaces__rosidl_typesupport_c.dir/rosidl_typesupport_c/custom_interfaces/msg/bounding_box__type_support.cpp.o[0m
[8.502s] [ 29%] [32mBuilding CXX object CMakeFiles/custom_interfaces__rosidl_typesupport_introspection_cpp.dir/rosidl_typesupport_introspection_cpp/custom_interfaces/msg/detail/depth_report__type_support.cpp.o[0m
[8.520s] [ 30%] [32mBuilding CXX object CMakeFiles/custom_interfaces__rosidl_typesupport_introspection_cpp.dir/rosidl_typesupport_introspection_cpp/custom_interfaces/msg/detail/motion_goal__type_support.cpp.o[0m
[8.527s] [ 31%] [32mBuilding CXX object CMakeFiles/custom_interfaces__rosidl_typesupport_c.dir/rosidl_typesupport_c/custom_interfaces/msg/detection_buffer__type_support.cpp.o[0m
[8.566s] [ 32%] [32mBuilding CXX object CMakeFiles/custom_interfaces__rosidl_typesupport_cpp.dir/rosidl_typesupport_cpp/custom_interfaces/msg/aabb__type_support.cpp.o[0m
[8.678s] [ 33%] [32mBuilding CXX object CMakeFiles/custom_interfaces__rosidl_typesupport_c.dir/rosidl_typesupport_c/custom_interfaces/msg/aabb__type_support.cpp.o[0m
[8.801s] [ 34%] [32mBuilding CXX object CMakeFiles/custom_interfaces__rosidl_typesupport_c.dir/rosidl_typesupport_c/custom_interfaces/msg/world_map__type_support.cpp.o[0m
[8.801s] [35m[1mConsolidate compiler generated dependencies of target custom_interfaces__rosidl_typesupport_introspection_c[0m
[8.831s] [ 35%] [32mBuilding CXX object CMakeFiles/custom_interfaces__rosidl_typesupport_c.dir/rosidl_typesupport_c/custom_interfaces/srv/generate_world_map__type_support.cpp.o[0m
[8.866s] [ 36%] [32mBuilding C object CMakeFiles/custom_interfaces__rosidl_typesupport_introspection_c.dir/rosidl_typesupport_introspection_c/custom_interfaces/msg/detail/imu_data__type_support.c.o[0m
[8.944s] [ 36%] [32mBuilding CXX object CMakeFiles/custom_interfaces__rosidl_typesupport_cpp.dir/rosidl_typesupport_cpp/custom_interfaces/msg/world_map__type_support.cpp.o[0m
[8.964s] [ 37%] [32mBuilding CXX object CMakeFiles/custom_interfaces__rosidl_typesupport_c.dir/rosidl_typesupport_c/custom_interfaces/srv/detection_service__type_support.cpp.o[0m
[9.042s] [ 38%] [32mBuilding C object CMakeFiles/custom_interfaces__rosidl_typesupport_introspection_c.dir/rosidl_typesupport_introspection_c/custom_interfaces/msg/detail/depth_report__type_support.c.o[0m
[9.101s] [ 39%] [32mBuilding CXX object CMakeFiles/custom_interfaces__rosidl_typesupport_c.dir/rosidl_typesupport_c/custom_interfaces/action/detection_action__type_support.cpp.o[0m
[9.178s] [ 40%] [32mBuilding C object CMakeFiles/custom_interfaces__rosidl_typesupport_introspection_c.dir/rosidl_typesupport_introspection_c/custom_interfaces/msg/detail/motion_goal__type_support.c.o[0m
[9.262s] [ 41%] [32mBuilding C object CMakeFiles/custom_interfaces__rosidl_typesupport_introspection_c.dir/rosidl_typesupport_introspection_c/custom_interfaces/msg/detail/motor_command__type_support.c.o[0m
[9.279s] [ 42%] [32mBuilding CXX object CMakeFiles/custom_interfaces__rosidl_typesupport_cpp.dir/rosidl_typesupport_cpp/custom_interfaces/srv/generate_world_map__type_support.cpp.o[0m
[9.289s] [ 43%] [32m[1mLinking CXX shared library libcustom_interfaces__rosidl_typesupport_c.so[0m
[9.292s] [35m[1mConsolidate compiler generated dependencies of target custom_interfaces__rosidl_typesupport_fastrtps_c[0m
[9.311s] [ 44%] [32mBuilding CXX object CMakeFiles/custom_interfaces__rosidl_typesupport_fastrtps_cpp.dir/rosidl_typesupport_fastrtps_cpp/custom_interfaces/msg/detail/dds_fastrtps/depth_report__type_support.cpp.o[0m
[9.334s] [ 45%] [32mBuilding CXX object CMakeFiles/custom_interfaces__rosidl_typesupport_fastrtps_c.dir/rosidl_typesupport_fastrtps_c/custom_interfaces/msg/detail/imu_data__type_support_c.cpp.o[0m
[9.416s] [ 46%] [32mBuilding CXX object CMakeFiles/custom_interfaces__rosidl_typesupport_introspection_cpp.dir/rosidl_typesupport_introspection_cpp/custom_interfaces/msg/detail/motor_command__type_support.cpp.o[0m
[9.436s] [ 47%] [32mBuilding C object CMakeFiles/custom_interfaces__rosidl_typesupport_introspection_c.dir/rosidl_typesupport_introspection_c/custom_interfaces/msg/detail/bounding_box__type_support.c.o[0m
[9.499s] [ 47%] Built target custom_interfaces__rosidl_typesupport_c
[9.526s] [ 48%] [32mBuilding CXX object CMakeFiles/custom_interfaces__rosidl_typesupport_fastrtps_c.dir/rosidl_typesupport_fastrtps_c/custom_interfaces/msg/detail/depth_report__type_support_c.cpp.o[0m
[9.542s] [ 49%] [32mBuilding C object CMakeFiles/custom_interfaces__rosidl_typesupport_introspection_c.dir/rosidl_typesupport_introspection_c/custom_interfaces/msg/detail/detection_buffer__type_support.c.o[0m
[9.543s] [ 50%] [32mBuilding CXX object CMakeFiles/custom_interfaces__rosidl_typesupport_fastrtps_cpp.dir/rosidl_typesupport_fastrtps_cpp/custom_interfaces/msg/detail/dds_fastrtps/motion_goal__type_support.cpp.o[0m
[9.693s] [ 51%] [32mBuilding CXX object CMakeFiles/custom_interfaces__rosidl_typesupport_fastrtps_cpp.dir/rosidl_typesupport_fastrtps_cpp/custom_interfaces/msg/detail/dds_fastrtps/motor_command__type_support.cpp.o[0m
[9.698s] [ 51%] [32mBuilding C object CMakeFiles/custom_interfaces__rosidl_typesupport_introspection_c.dir/rosidl_typesupport_introspection_c/custom_interfaces/msg/detail/aabb__type_support.c.o[0m
[9.778s] [ 52%] [32mBuilding C object CMakeFiles/custom_interfaces__rosidl_typesupport_introspection_c.dir/rosidl_typesupport_introspection_c/custom_interfaces/msg/detail/world_map__type_support.c.o[0m
[9.918s] [ 53%] [32mBuilding C object CMakeFiles/custom_interfaces__rosidl_typesupport_introspection_c.dir/rosidl_typesupport_introspection_c/custom_interfaces/srv/detail/generate_world_map__type_support.c.o[0m
[10.014s] [ 54%] [32mBuilding CXX object CMakeFiles/custom_interfaces__rosidl_typesupport_cpp.dir/rosidl_typesupport_cpp/custom_interfaces/srv/detection_service__type_support.cpp.o[0m
[10.058s] [ 55%] [32mBuilding C object CMakeFiles/custom_interfaces__rosidl_typesupport_introspection_c.dir/rosidl_typesupport_introspection_c/custom_interfaces/srv/detail/detection_service__type_support.c.o[0m
[10.109s] [ 56%] [32mBuilding CXX object CMakeFiles/custom_interfaces__rosidl_typesupport_fastrtps_c.dir/rosidl_typesupport_fastrtps_c/custom_interfaces/msg/detail/motion_goal__type_support_c.cpp.o[0m
[10.174s] [ 57%] [32mBuilding CXX object CMakeFiles/custom_interfaces__rosidl_typesupport_fastrtps_c.dir/rosidl_typesupport_fastrtps_c/custom_interfaces/msg/detail/motor_command__type_support_c.cpp.o[0m
[10.194s] [ 58%] [32mBuilding C object CMakeFiles/custom_interfaces__rosidl_typesupport_introspection_c.dir/rosidl_typesupport_introspection_c/custom_interfaces/action/detail/detection_action__type_support.c.o[0m
[10.305s] [ 58%] [32mBuilding CXX object CMakeFiles/custom_interfaces__rosidl_typesupport_fastrtps_c.dir/rosidl_typesupport_fastrtps_c/custom_interfaces/msg/detail/bounding_box__type_support_c.cpp.o[0m
[10.338s] [ 59%] [32m[1mLinking C shared library libcustom_interfaces__rosidl_typesupport_introspection_c.so[0m
[10.354s] [ 60%] [32mBuilding CXX object CMakeFiles/custom_interfaces__rosidl_typesupport_introspection_cpp.dir/rosidl_typesupport_introspection_cpp/custom_interfaces/msg/detail/bounding_box__type_support.cpp.o[0m
[10.529s] [ 60%] Built target custom_interfaces__rosidl_typesupport_introspection_c
[10.551s] [ 61%] [32mBuilding CXX object CMakeFiles/custom_interfaces__rosidl_typesupport_fastrtps_cpp.dir/rosidl_typesupport_fastrtps_cpp/custom_interfaces/msg/detail/dds_fastrtps/bounding_box__type_support.cpp.o[0m
[10.572s] [ 62%] [32mBuilding CXX object CMakeFiles/custom_interfaces__rosidl_typesupport_cpp.dir/rosidl_typesupport_cpp/custom_interfaces/action/detection_action__type_support.cpp.o[0m
[10.623s] [ 63%] [32mBuilding CXX object CMakeFiles/custom_interfaces__rosidl_typesupport_fastrtps_c.dir/rosidl_typesupport_fastrtps_c/custom_interfaces/msg/detail/detection_buffer__type_support_c.cpp.o[0m
[10.655s] [ 64%] [32mBuilding CXX object CMakeFiles/custom_interfaces__rosidl_typesupport_fastrtps_cpp.dir/rosidl_typesupport_fastrtps_cpp/custom_interfaces/msg/detail/dds_fastrtps/detection_buffer__type_support.cpp.o[0m
[10.986s] [ 65%] [32mBuilding CXX object CMakeFiles/custom_interfaces__rosidl_typesupport_fastrtps_c.dir/rosidl_typesupport_fastrtps_c/custom_interfaces/msg/detail/aabb__type_support_c.cpp.o[0m
[11.110s] [ 66%] [32mBuilding CXX object CMakeFiles/custom_interfaces__rosidl_typesupport_fastrtps_c.dir/rosidl_typesupport_fastrtps_c/custom_interfaces/srv/detail/generate_world_map__type_support_c.cpp.o[0m
[11.116s] [ 67%] [32mBuilding CXX object CMakeFiles/custom_interfaces__rosidl_typesupport_fastrtps_c.dir/rosidl_typesupport_fastrtps_c/custom_interfaces/msg/detail/world_map__type_support_c.cpp.o[0m
[11.346s] [ 68%] [32mBuilding CXX object CMakeFiles/custom_interfaces__rosidl_typesupport_introspection_cpp.dir/rosidl_typesupport_introspection_cpp/custom_interfaces/msg/detail/detection_buffer__type_support.cpp.o[0m
[11.449s] [ 69%] [32mBuilding CXX object CMakeFiles/custom_interfaces__rosidl_typesupport_fastrtps_c.dir/rosidl_typesupport_fastrtps_c/custom_interfaces/srv/detail/detection_service__type_support_c.cpp.o[0m
[11.614s] [ 70%] [32mBuilding CXX object CMakeFiles/custom_interfaces__rosidl_typesupport_fastrtps_cpp.dir/rosidl_typesupport_fastrtps_cpp/custom_interfaces/msg/detail/dds_fastrtps/aabb__type_support.cpp.o[0m
[11.634s] [ 71%] [32m[1mLinking CXX shared library libcustom_interfaces__rosidl_typesupport_cpp.so[0m
[11.718s] [ 72%] [32mBuilding CXX object CMakeFiles/custom_interfaces__rosidl_typesupport_fastrtps_cpp.dir/rosidl_typesupport_fastrtps_cpp/custom_interfaces/msg/detail/dds_fastrtps/world_map__type_support.cpp.o[0m
[11.814s] [ 72%] Built target custom_interfaces__rosidl_typesupport_cpp
[11.839s] [ 72%] [32mBuilding CXX object CMakeFiles/custom_interfaces__rosidl_typesupport_fastrtps_cpp.dir/rosidl_typesupport_fastrtps_cpp/custom_interfaces/srv/detail/dds_fastrtps/detection_service__type_support.cpp.o[0m
[11.849s] [ 73%] [32mBuilding CXX object CMakeFiles/custom_interfaces__rosidl_typesupport_fastrtps_cpp.dir/rosidl_typesupport_fastrtps_cpp/custom_interfaces/srv/detail/dds_fastrtps/generate_world_map__type_support.cpp.o[0m
[12.034s] [ 74%] [32mBuilding CXX object CMakeFiles/custom_interfaces__rosidl_typesupport_fastrtps_c.dir/rosidl_typesupport_fastrtps_c/custom_interfaces/action/detail/detection_action__type_support_c.cpp.o[0m
[12.100s] [ 75%] [32mBuilding CXX object CMakeFiles/custom_interfaces__rosidl_typesupport_introspection_cpp.dir/rosidl_typesupport_introspection_cpp/custom_interfaces/msg/detail/aabb__type_support.cpp.o[0m
[12.270s] [ 76%] [32mBuilding CXX object CMakeFiles/custom_interfaces__rosidl_typesupport_introspection_cpp.dir/rosidl_typesupport_introspection_cpp/custom_interfaces/msg/detail/world_map__type_support.cpp.o[0m
[12.383s] [ 77%] [32mBuilding CXX object CMakeFiles/custom_interfaces__rosidl_typesupport_fastrtps_cpp.dir/rosidl_typesupport_fastrtps_cpp/custom_interfaces/action/detail/dds_fastrtps/detection_action__type_support.cpp.o[0m
[12.531s] [ 78%] [32mBuilding CXX object CMakeFiles/custom_interfaces__rosidl_typesupport_introspection_cpp.dir/rosidl_typesupport_introspection_cpp/custom_interfaces/srv/detail/generate_world_map__type_support.cpp.o[0m
[12.726s] [ 79%] [32mBuilding CXX object CMakeFiles/custom_interfaces__rosidl_typesupport_introspection_cpp.dir/rosidl_typesupport_introspection_cpp/custom_interfaces/srv/detail/detection_service__type_support.cpp.o[0m
[12.867s] [ 80%] [32mBuilding CXX object CMakeFiles/custom_interfaces__rosidl_typesupport_introspection_cpp.dir/rosidl_typesupport_introspection_cpp/custom_interfaces/action/detail/detection_action__type_support.cpp.o[0m
[12.979s] [ 81%] [32m[1mLinking CXX shared library libcustom_interfaces__rosidl_typesupport_fastrtps_c.so[0m
[13.167s] [ 81%] Built target custom_interfaces__rosidl_typesupport_fastrtps_c
[13.793s] [ 82%] [32m[1mLinking CXX shared library libcustom_interfaces__rosidl_typesupport_fastrtps_cpp.so[0m
[13.947s] [ 82%] Built target custom_interfaces__rosidl_typesupport_fastrtps_cpp
[14.260s] [ 83%] [32m[1mLinking CXX shared library libcustom_interfaces__rosidl_typesupport_introspection_cpp.so[0m
[14.413s] [ 83%] Built target custom_interfaces__rosidl_typesupport_introspection_cpp
[14.450s] [ 83%] Built target custom_interfaces
[14.489s] [ 84%] [34m[1mGenerating Python code for ROS interfaces[0m
[17.765s] [ 84%] Built target custom_interfaces__py
[17.790s] [35m[1mConsolidate compiler generated dependencies of target custom_interfaces__rosidl_generator_py[0m
[17.831s] [ 86%] [32mBuilding C object CMakeFiles/custom_interfaces__rosidl_generator_py.dir/rosidl_generator_py/custom_interfaces/msg/_imu_data_s.c.o[0m
[17.833s] [ 86%] [32mBuilding C object CMakeFiles/custom_interfaces__rosidl_generator_py.dir/rosidl_generator_py/custom_interfaces/msg/_motor_command_s.c.o[0m
[17.839s] [ 87%] [32mBuilding C object CMakeFiles/custom_interfaces__rosidl_generator_py.dir/rosidl_generator_py/custom_interfaces/msg/_depth_report_s.c.o[0m
[17.840s] [ 88%] [32mBuilding C object CMakeFiles/custom_interfaces__rosidl_generator_py.dir/rosidl_generator_py/custom_interfaces/msg/_motion_goal_s.c.o[0m
[17.843s] [ 88%] [32mBuilding C object CMakeFiles/custom_interfaces__rosidl_generator_py.dir/rosidl_generator_py/custom_interfaces/msg/_detection_buffer_s.c.o[0m
[17.846s] [ 89%] [32mBuilding C object CMakeFiles/custom_interfaces__rosidl_generator_py.dir/rosidl_generator_py/custom_interfaces/msg/_bounding_box_s.c.o[0m
[17.851s] [ 90%] [32mBuilding C object CMakeFiles/custom_interfaces__rosidl_generator_py.dir/rosidl_generator_py/custom_interfaces/msg/_aabb_s.c.o[0m
[17.857s] [ 91%] [32mBuilding C object CMakeFiles/custom_interfaces__rosidl_generator_py.dir/rosidl_generator_py/custom_interfaces/msg/_world_map_s.c.o[0m
[18.161s] [ 92%] [32mBuilding C object CMakeFiles/custom_interfaces__rosidl_generator_py.dir/rosidl_generator_py/custom_interfaces/srv/_generate_world_map_s.c.o[0m
[18.216s] [ 93%] [32mBuilding C object CMakeFiles/custom_interfaces__rosidl_generator_py.dir/rosidl_generator_py/custom_interfaces/srv/_detection_service_s.c.o[0m
[18.232s] [ 94%] [32mBuilding C object CMakeFiles/custom_interfaces__rosidl_generator_py.dir/rosidl_generator_py/custom_interfaces/action/_detection_action_s.c.o[0m
[18.584s] [ 95%] [32m[1mLinking C shared library rosidl_generator_py/custom_interfaces/libcustom_interfaces__rosidl_generator_py.so[0m
[18.694s] [ 95%] Built target custom_interfaces__rosidl_generator_py
[18.715s] [35m[1mConsolidate compiler generated dependencies of target custom_interfaces__rosidl_typesupport_introspection_c__pyext[0m
[18.715s] [35m[1mConsolidate compiler generated dependencies of target custom_interfaces__rosidl_typesupport_c__pyext[0m
[18.722s] [35m[1mConsolidate compiler generated dependencies of target custom_interfaces__rosidl_typesupport_fastrtps_c__pyext[0m
[18.740s] [ 95%] [32mBuilding C object CMakeFiles/custom_interfaces__rosidl_typesupport_c__pyext.dir/rosidl_generator_py/custom_interfaces/_custom_interfaces_s.ep.rosidl_typesupport_c.c.o[0m
[18.743s] [ 96%] [32mBuilding C object CMakeFiles/custom_interfaces__rosidl_typesupport_introspection_c__pyext.dir/rosidl_generator_py/custom_interfaces/_custom_interfaces_s.ep.rosidl_typesupport_introspection_c.c.o[0m
[18.776s] [ 97%] [32mBuilding C object CMakeFiles/custom_interfaces__rosidl_typesupport_fastrtps_c__pyext.dir/rosidl_generator_py/custom_interfaces/_custom_interfaces_s.ep.rosidl_typesupport_fastrtps_c.c.o[0m
[19.066s] [ 98%] [32m[1mLinking C shared library rosidl_generator_py/custom_interfaces/custom_interfaces_s__rosidl_typesupport_introspection_c.cpython-310-aarch64-linux-gnu.so[0m
[19.070s] [ 99%] [32m[1mLinking C shared library rosidl_generator_py/custom_interfaces/custom_interfaces_s__rosidl_typesupport_c.cpython-310-aarch64-linux-gnu.so[0m
[19.166s] [ 99%] Built target custom_interfaces__rosidl_typesupport_introspection_c__pyext
[19.167s] [ 99%] Built target custom_interfaces__rosidl_typesupport_c__pyext
[19.192s] [100%] [32m[1mLinking C shared library rosidl_generator_py/custom_interfaces/custom_interfaces_s__rosidl_typesupport_fastrtps_c.cpython-310-aarch64-linux-gnu.so[0m
[19.284s] [100%] Built target custom_interfaces__rosidl_typesupport_fastrtps_c__pyext
[19.315s] Invoked command in '/home/robocatsorin/Desktop/RobotCode2025/ros2_ws/build/custom_interfaces' returned '0': CMAKE_PREFIX_PATH=/opt/ros/humble /usr/bin/cmake --build /home/robocatsorin/Desktop/RobotCode2025/ros2_ws/build/custom_interfaces -- -j8 -l8
[19.338s] Invoking command in '/home/robocatsorin/Desktop/RobotCode2025/ros2_ws/build/custom_interfaces': CMAKE_PREFIX_PATH=/opt/ros/humble /usr/bin/cmake --install /home/robocatsorin/Desktop/RobotCode2025/ros2_ws/build/custom_interfaces
[19.356s] -- Install configuration: ""
[19.356s] -- Installing: /home/robocatsorin/Desktop/RobotCode2025/ros2_ws/install/custom_interfaces/share/ament_index/resource_index/rosidl_interfaces/custom_interfaces
[19.356s] -- Up-to-date: /home/robocatsorin/Desktop/RobotCode2025/ros2_ws/install/custom_interfaces/include/custom_interfaces/custom_interfaces
[19.357s] -- Up-to-date: /home/robocatsorin/Desktop/RobotCode2025/ros2_ws/install/custom_interfaces/include/custom_interfaces/custom_interfaces/action
[19.357s] -- Up-to-date: /home/robocatsorin/Desktop/RobotCode2025/ros2_ws/install/custom_interfaces/include/custom_interfaces/custom_interfaces/action/detail
[19.357s] -- Installing: /home/robocatsorin/Desktop/RobotCode2025/ros2_ws/install/custom_interfaces/include/custom_interfaces/custom_interfaces/action/detail/detection_action__functions.c
[19.357s] -- Installing: /home/robocatsorin/Desktop/RobotCode2025/ros2_ws/install/custom_interfaces/include/custom_interfaces/custom_interfaces/action/detail/detection_action__functions.h
[19.358s] -- Installing: /home/robocatsorin/Desktop/RobotCode2025/ros2_ws/install/custom_interfaces/include/custom_interfaces/custom_interfaces/action/detail/detection_action__type_support.h
[19.358s] -- Installing: /home/robocatsorin/Desktop/RobotCode2025/ros2_ws/install/custom_interfaces/include/custom_interfaces/custom_interfaces/action/detail/detection_action__struct.h
[19.359s] -- Installing: /home/robocatsorin/Desktop/RobotCode2025/ros2_ws/install/custom_interfaces/include/custom_interfaces/custom_interfaces/action/detection_action.h
[19.359s] -- Up-to-date: /home/robocatsorin/Desktop/RobotCode2025/ros2_ws/install/custom_interfaces/include/custom_interfaces/custom_interfaces/srv
[19.359s] -- Up-to-date: /home/robocatsorin/Desktop/RobotCode2025/ros2_ws/install/custom_interfaces/include/custom_interfaces/custom_interfaces/srv/detail
[19.359s] -- Installing: /home/robocatsorin/Desktop/RobotCode2025/ros2_ws/install/custom_interfaces/include/custom_interfaces/custom_interfaces/srv/detail/detection_service__struct.h
[19.359s] -- Installing: /home/robocatsorin/Desktop/RobotCode2025/ros2_ws/install/custom_interfaces/include/custom_interfaces/custom_interfaces/srv/detail/detection_service__type_support.h
[19.360s] -- Installing: /home/robocatsorin/Desktop/RobotCode2025/ros2_ws/install/custom_interfaces/include/custom_interfaces/custom_interfaces/srv/detail/generate_world_map__functions.c
[19.360s] -- Installing: /home/robocatsorin/Desktop/RobotCode2025/ros2_ws/install/custom_interfaces/include/custom_interfaces/custom_interfaces/srv/detail/detection_service__functions.h
[19.362s] -- Installing: /home/robocatsorin/Desktop/RobotCode2025/ros2_ws/install/custom_interfaces/include/custom_interfaces/custom_interfaces/srv/detail/generate_world_map__struct.h
[19.362s] -- Installing: /home/robocatsorin/Desktop/RobotCode2025/ros2_ws/install/custom_interfaces/include/custom_interfaces/custom_interfaces/srv/detail/generate_world_map__type_support.h
[19.362s] -- Installing: /home/robocatsorin/Desktop/RobotCode2025/ros2_ws/install/custom_interfaces/include/custom_interfaces/custom_interfaces/srv/detail/generate_world_map__functions.h
[19.362s] -- Installing: /home/robocatsorin/Desktop/RobotCode2025/ros2_ws/install/custom_interfaces/include/custom_interfaces/custom_interfaces/srv/detail/detection_service__functions.c
[19.362s] -- Installing: /home/robocatsorin/Desktop/RobotCode2025/ros2_ws/install/custom_interfaces/include/custom_interfaces/custom_interfaces/srv/detection_service.h
[19.363s] -- Installing: /home/robocatsorin/Desktop/RobotCode2025/ros2_ws/install/custom_interfaces/include/custom_interfaces/custom_interfaces/srv/generate_world_map.h
[19.363s] -- Up-to-date: /home/robocatsorin/Desktop/RobotCode2025/ros2_ws/install/custom_interfaces/include/custom_interfaces/custom_interfaces/msg
[19.363s] -- Installing: /home/robocatsorin/Desktop/RobotCode2025/ros2_ws/install/custom_interfaces/include/custom_interfaces/custom_interfaces/msg/depth_report.h
[19.364s] -- Installing: /home/robocatsorin/Desktop/RobotCode2025/ros2_ws/install/custom_interfaces/include/custom_interfaces/custom_interfaces/msg/bounding_box.h
[19.364s] -- Installing: /home/robocatsorin/Desktop/RobotCode2025/ros2_ws/install/custom_interfaces/include/custom_interfaces/custom_interfaces/msg/world_map.h
[19.364s] -- Up-to-date: /home/robocatsorin/Desktop/RobotCode2025/ros2_ws/install/custom_interfaces/include/custom_interfaces/custom_interfaces/msg/detail
[19.364s] -- Installing: /home/robocatsorin/Desktop/RobotCode2025/ros2_ws/install/custom_interfaces/include/custom_interfaces/custom_interfaces/msg/detail/aabb__functions.c
[19.364s] -- Installing: /home/robocatsorin/Desktop/RobotCode2025/ros2_ws/install/custom_interfaces/include/custom_interfaces/custom_interfaces/msg/detail/motor_command__type_support.h
[19.364s] -- Installing: /home/robocatsorin/Desktop/RobotCode2025/ros2_ws/install/custom_interfaces/include/custom_interfaces/custom_interfaces/msg/detail/imu_data__functions.c
[19.364s] -- Installing: /home/robocatsorin/Desktop/RobotCode2025/ros2_ws/install/custom_interfaces/include/custom_interfaces/custom_interfaces/msg/detail/world_map__type_support.h
[19.365s] -- Installing: /home/robocatsorin/Desktop/RobotCode2025/ros2_ws/install/custom_interfaces/include/custom_interfaces/custom_interfaces/msg/detail/bounding_box__type_support.h
[19.365s] -- Installing: /home/robocatsorin/Desktop/RobotCode2025/ros2_ws/install/custom_interfaces/include/custom_interfaces/custom_interfaces/msg/detail/detection_buffer__functions.h
[19.365s] -- Installing: /home/robocatsorin/Desktop/RobotCode2025/ros2_ws/install/custom_interfaces/include/custom_interfaces/custom_interfaces/msg/detail/imu_data__functions.h
[19.366s] -- Installing: /home/robocatsorin/Desktop/RobotCode2025/ros2_ws/install/custom_interfaces/include/custom_interfaces/custom_interfaces/msg/detail/detection_buffer__type_support.h
[19.366s] -- Installing: /home/robocatsorin/Desktop/RobotCode2025/ros2_ws/install/custom_interfaces/include/custom_interfaces/custom_interfaces/msg/detail/bounding_box__functions.h
[19.366s] -- Installing: /home/robocatsorin/Desktop/RobotCode2025/ros2_ws/install/custom_interfaces/include/custom_interfaces/custom_interfaces/msg/detail/motion_goal__struct.h
[19.366s] -- Installing: /home/robocatsorin/Desktop/RobotCode2025/ros2_ws/install/custom_interfaces/include/custom_interfaces/custom_interfaces/msg/detail/imu_data__struct.h
[19.367s] -- Installing: /home/robocatsorin/Desktop/RobotCode2025/ros2_ws/install/custom_interfaces/include/custom_interfaces/custom_interfaces/msg/detail/bounding_box__functions.c
[19.368s] -- Installing: /home/robocatsorin/Desktop/RobotCode2025/ros2_ws/install/custom_interfaces/include/custom_interfaces/custom_interfaces/msg/detail/motor_command__struct.h
[19.368s] -- Installing: /home/robocatsorin/Desktop/RobotCode2025/ros2_ws/install/custom_interfaces/include/custom_interfaces/custom_interfaces/msg/detail/motion_goal__type_support.h
[19.368s] -- Installing: /home/robocatsorin/Desktop/RobotCode2025/ros2_ws/install/custom_interfaces/include/custom_interfaces/custom_interfaces/msg/detail/aabb__functions.h
[19.368s] -- Installing: /home/robocatsorin/Desktop/RobotCode2025/ros2_ws/install/custom_interfaces/include/custom_interfaces/custom_interfaces/msg/detail/aabb__type_support.h
[19.369s] -- Installing: /home/robocatsorin/Desktop/RobotCode2025/ros2_ws/install/custom_interfaces/include/custom_interfaces/custom_interfaces/msg/detail/detection_buffer__struct.h
[19.369s] -- Installing: /home/robocatsorin/Desktop/RobotCode2025/ros2_ws/install/custom_interfaces/include/custom_interfaces/custom_interfaces/msg/detail/motion_goal__functions.h
[19.369s] -- Installing: /home/robocatsorin/Desktop/RobotCode2025/ros2_ws/install/custom_interfaces/include/custom_interfaces/custom_interfaces/msg/detail/world_map__struct.h
[19.369s] -- Installing: /home/robocatsorin/Desktop/RobotCode2025/ros2_ws/install/custom_interfaces/include/custom_interfaces/custom_interfaces/msg/detail/motor_command__functions.c
[19.370s] -- Installing: /home/robocatsorin/Desktop/RobotCode2025/ros2_ws/install/custom_interfaces/include/custom_interfaces/custom_interfaces/msg/detail/aabb__struct.h
[19.370s] -- Installing: /home/robocatsorin/Desktop/RobotCode2025/ros2_ws/install/custom_interfaces/include/custom_interfaces/custom_interfaces/msg/detail/motor_command__functions.h
[19.372s] -- Installing: /home/robocatsorin/Desktop/RobotCode2025/ros2_ws/install/custom_interfaces/include/custom_interfaces/custom_interfaces/msg/detail/depth_report__struct.h
[19.372s] -- Installing: /home/robocatsorin/Desktop/RobotCode2025/ros2_ws/install/custom_interfaces/include/custom_interfaces/custom_interfaces/msg/detail/world_map__functions.h
[19.373s] -- Installing: /home/robocatsorin/Desktop/RobotCode2025/ros2_ws/install/custom_interfaces/include/custom_interfaces/custom_interfaces/msg/detail/imu_data__type_support.h
[19.373s] -- Installing: /home/robocatsorin/Desktop/RobotCode2025/ros2_ws/install/custom_interfaces/include/custom_interfaces/custom_interfaces/msg/detail/depth_report__functions.c
[19.373s] -- Installing: /home/robocatsorin/Desktop/RobotCode2025/ros2_ws/install/custom_interfaces/include/custom_interfaces/custom_interfaces/msg/detail/motion_goal__functions.c
[19.373s] -- Installing: /home/robocatsorin/Desktop/RobotCode2025/ros2_ws/install/custom_interfaces/include/custom_interfaces/custom_interfaces/msg/detail/world_map__functions.c
[19.373s] -- Installing: /home/robocatsorin/Desktop/RobotCode2025/ros2_ws/install/custom_interfaces/include/custom_interfaces/custom_interfaces/msg/detail/depth_report__functions.h
[19.373s] -- Installing: /home/robocatsorin/Desktop/RobotCode2025/ros2_ws/install/custom_interfaces/include/custom_interfaces/custom_interfaces/msg/detail/detection_buffer__functions.c
[19.373s] -- Installing: /home/robocatsorin/Desktop/RobotCode2025/ros2_ws/install/custom_interfaces/include/custom_interfaces/custom_interfaces/msg/detail/depth_report__type_support.h
[19.374s] -- Installing: /home/robocatsorin/Desktop/RobotCode2025/ros2_ws/install/custom_interfaces/include/custom_interfaces/custom_interfaces/msg/detail/bounding_box__struct.h
[19.374s] -- Installing: /home/robocatsorin/Desktop/RobotCode2025/ros2_ws/install/custom_interfaces/include/custom_interfaces/custom_interfaces/msg/motion_goal.h
[19.374s] -- Up-to-date: /home/robocatsorin/Desktop/RobotCode2025/ros2_ws/install/custom_interfaces/include/custom_interfaces/custom_interfaces/msg/rosidl_generator_c__visibility_control.h
[19.374s] -- Installing: /home/robocatsorin/Desktop/RobotCode2025/ros2_ws/install/custom_interfaces/include/custom_interfaces/custom_interfaces/msg/detection_buffer.h
[19.374s] -- Installing: /home/robocatsorin/Desktop/RobotCode2025/ros2_ws/install/custom_interfaces/include/custom_interfaces/custom_interfaces/msg/aabb.h
[19.374s] -- Installing: /home/robocatsorin/Desktop/RobotCode2025/ros2_ws/install/custom_interfaces/include/custom_interfaces/custom_interfaces/msg/imu_data.h
[19.375s] -- Installing: /home/robocatsorin/Desktop/RobotCode2025/ros2_ws/install/custom_interfaces/include/custom_interfaces/custom_interfaces/msg/motor_command.h
[19.375s] -- Up-to-date: /home/robocatsorin/Desktop/RobotCode2025/ros2_ws/install/custom_interfaces/share/custom_interfaces/environment/library_path.sh
[19.375s] -- Installing: /home/robocatsorin/Desktop/RobotCode2025/ros2_ws/install/custom_interfaces/share/custom_interfaces/environment/library_path.dsv
[19.377s] -- Installing: /home/robocatsorin/Desktop/RobotCode2025/ros2_ws/install/custom_interfaces/lib/libcustom_interfaces__rosidl_generator_c.so
[19.378s] -- Set runtime path of "/home/robocatsorin/Desktop/RobotCode2025/ros2_ws/install/custom_interfaces/lib/libcustom_interfaces__rosidl_generator_c.so" to ""
[19.378s] -- Up-to-date: /home/robocatsorin/Desktop/RobotCode2025/ros2_ws/install/custom_interfaces/include/custom_interfaces/custom_interfaces
[19.378s] -- Up-to-date: /home/robocatsorin/Desktop/RobotCode2025/ros2_ws/install/custom_interfaces/include/custom_interfaces/custom_interfaces/action
[19.378s] -- Up-to-date: /home/robocatsorin/Desktop/RobotCode2025/ros2_ws/install/custom_interfaces/include/custom_interfaces/custom_interfaces/action/detail
[19.378s] -- Installing: /home/robocatsorin/Desktop/RobotCode2025/ros2_ws/install/custom_interfaces/include/custom_interfaces/custom_interfaces/action/detail/detection_action__rosidl_typesupport_fastrtps_c.h
[19.378s] -- Up-to-date: /home/robocatsorin/Desktop/RobotCode2025/ros2_ws/install/custom_interfaces/include/custom_interfaces/custom_interfaces/srv
[19.379s] -- Up-to-date: /home/robocatsorin/Desktop/RobotCode2025/ros2_ws/install/custom_interfaces/include/custom_interfaces/custom_interfaces/srv/detail
[19.379s] -- Installing: /home/robocatsorin/Desktop/RobotCode2025/ros2_ws/install/custom_interfaces/include/custom_interfaces/custom_interfaces/srv/detail/detection_service__rosidl_typesupport_fastrtps_c.h
[19.379s] -- Installing: /home/robocatsorin/Desktop/RobotCode2025/ros2_ws/install/custom_interfaces/include/custom_interfaces/custom_interfaces/srv/detail/generate_world_map__rosidl_typesupport_fastrtps_c.h
[19.379s] -- Up-to-date: /home/robocatsorin/Desktop/RobotCode2025/ros2_ws/install/custom_interfaces/include/custom_interfaces/custom_interfaces/msg
[19.379s] -- Up-to-date: /home/robocatsorin/Desktop/RobotCode2025/ros2_ws/install/custom_interfaces/include/custom_interfaces/custom_interfaces/msg/detail
[19.379s] -- Installing: /home/robocatsorin/Desktop/RobotCode2025/ros2_ws/install/custom_interfaces/include/custom_interfaces/custom_interfaces/msg/detail/imu_data__rosidl_typesupport_fastrtps_c.h
[19.379s] -- Installing: /home/robocatsorin/Desktop/RobotCode2025/ros2_ws/install/custom_interfaces/include/custom_interfaces/custom_interfaces/msg/detail/motion_goal__rosidl_typesupport_fastrtps_c.h
[19.380s] -- Installing: /home/robocatsorin/Desktop/RobotCode2025/ros2_ws/install/custom_interfaces/include/custom_interfaces/custom_interfaces/msg/detail/world_map__rosidl_typesupport_fastrtps_c.h
[19.380s] -- Installing: /home/robocatsorin/Desktop/RobotCode2025/ros2_ws/install/custom_interfaces/include/custom_interfaces/custom_interfaces/msg/detail/bounding_box__rosidl_typesupport_fastrtps_c.h
[19.380s] -- Installing: /home/robocatsorin/Desktop/RobotCode2025/ros2_ws/install/custom_interfaces/include/custom_interfaces/custom_interfaces/msg/detail/detection_buffer__rosidl_typesupport_fastrtps_c.h
[19.381s] -- Installing: /home/robocatsorin/Desktop/RobotCode2025/ros2_ws/install/custom_interfaces/include/custom_interfaces/custom_interfaces/msg/detail/motor_command__rosidl_typesupport_fastrtps_c.h
[19.381s] -- Installing: /home/robocatsorin/Desktop/RobotCode2025/ros2_ws/install/custom_interfaces/include/custom_interfaces/custom_interfaces/msg/detail/depth_report__rosidl_typesupport_fastrtps_c.h
[19.381s] -- Installing: /home/robocatsorin/Desktop/RobotCode2025/ros2_ws/install/custom_interfaces/include/custom_interfaces/custom_interfaces/msg/detail/aabb__rosidl_typesupport_fastrtps_c.h
[19.382s] -- Up-to-date: /home/robocatsorin/Desktop/RobotCode2025/ros2_ws/install/custom_interfaces/include/custom_interfaces/custom_interfaces/msg/rosidl_typesupport_fastrtps_c__visibility_control.h
[19.382s] -- Installing: /home/robocatsorin/Desktop/RobotCode2025/ros2_ws/install/custom_interfaces/lib/libcustom_interfaces__rosidl_typesupport_fastrtps_c.so
[19.383s] -- Set runtime path of "/home/robocatsorin/Desktop/RobotCode2025/ros2_ws/install/custom_interfaces/lib/libcustom_interfaces__rosidl_typesupport_fastrtps_c.so" to ""
[19.384s] -- Up-to-date: /home/robocatsorin/Desktop/RobotCode2025/ros2_ws/install/custom_interfaces/include/custom_interfaces/custom_interfaces
[19.384s] -- Up-to-date: /home/robocatsorin/Desktop/RobotCode2025/ros2_ws/install/custom_interfaces/include/custom_interfaces/custom_interfaces/action
[19.384s] -- Up-to-date: /home/robocatsorin/Desktop/RobotCode2025/ros2_ws/install/custom_interfaces/include/custom_interfaces/custom_interfaces/action/detail
[19.384s] -- Installing: /home/robocatsorin/Desktop/RobotCode2025/ros2_ws/install/custom_interfaces/include/custom_interfaces/custom_interfaces/action/detail/detection_action__builder.hpp
[19.384s] -- Installing: /home/robocatsorin/Desktop/RobotCode2025/ros2_ws/install/custom_interfaces/include/custom_interfaces/custom_interfaces/action/detail/detection_action__type_support.hpp
[19.384s] -- Installing: /home/robocatsorin/Desktop/RobotCode2025/ros2_ws/install/custom_interfaces/include/custom_interfaces/custom_interfaces/action/detail/detection_action__traits.hpp
[19.385s] -- Installing: /home/robocatsorin/Desktop/RobotCode2025/ros2_ws/install/custom_interfaces/include/custom_interfaces/custom_interfaces/action/detail/detection_action__struct.hpp
[19.385s] -- Installing: /home/robocatsorin/Desktop/RobotCode2025/ros2_ws/install/custom_interfaces/include/custom_interfaces/custom_interfaces/action/detection_action.hpp
[19.385s] -- Up-to-date: /home/robocatsorin/Desktop/RobotCode2025/ros2_ws/install/custom_interfaces/include/custom_interfaces/custom_interfaces/srv
[19.386s] -- Installing: /home/robocatsorin/Desktop/RobotCode2025/ros2_ws/install/custom_interfaces/include/custom_interfaces/custom_interfaces/srv/detection_service.hpp
[19.386s] -- Up-to-date: /home/robocatsorin/Desktop/RobotCode2025/ros2_ws/install/custom_interfaces/include/custom_interfaces/custom_interfaces/srv/detail
[19.386s] -- Installing: /home/robocatsorin/Desktop/RobotCode2025/ros2_ws/install/custom_interfaces/include/custom_interfaces/custom_interfaces/srv/detail/detection_service__traits.hpp
[19.386s] -- Installing: /home/robocatsorin/Desktop/RobotCode2025/ros2_ws/install/custom_interfaces/include/custom_interfaces/custom_interfaces/srv/detail/detection_service__builder.hpp
[19.386s] -- Installing: /home/robocatsorin/Desktop/RobotCode2025/ros2_ws/install/custom_interfaces/include/custom_interfaces/custom_interfaces/srv/detail/detection_service__struct.hpp
[19.387s] -- Installing: /home/robocatsorin/Desktop/RobotCode2025/ros2_ws/install/custom_interfaces/include/custom_interfaces/custom_interfaces/srv/detail/detection_service__type_support.hpp
[19.387s] -- Installing: /home/robocatsorin/Desktop/RobotCode2025/ros2_ws/install/custom_interfaces/include/custom_interfaces/custom_interfaces/srv/detail/generate_world_map__type_support.hpp
[19.387s] -- Installing: /home/robocatsorin/Desktop/RobotCode2025/ros2_ws/install/custom_interfaces/include/custom_interfaces/custom_interfaces/srv/detail/generate_world_map__traits.hpp
[19.387s] -- Installing: /home/robocatsorin/Desktop/RobotCode2025/ros2_ws/install/custom_interfaces/include/custom_interfaces/custom_interfaces/srv/detail/generate_world_map__struct.hpp
[19.388s] -- Installing: /home/robocatsorin/Desktop/RobotCode2025/ros2_ws/install/custom_interfaces/include/custom_interfaces/custom_interfaces/srv/detail/generate_world_map__builder.hpp
[19.388s] -- Installing: /home/robocatsorin/Desktop/RobotCode2025/ros2_ws/install/custom_interfaces/include/custom_interfaces/custom_interfaces/srv/generate_world_map.hpp
[19.388s] -- Up-to-date: /home/robocatsorin/Desktop/RobotCode2025/ros2_ws/install/custom_interfaces/include/custom_interfaces/custom_interfaces/msg
[19.388s] -- Installing: /home/robocatsorin/Desktop/RobotCode2025/ros2_ws/install/custom_interfaces/include/custom_interfaces/custom_interfaces/msg/depth_report.hpp
[19.389s] -- Installing: /home/robocatsorin/Desktop/RobotCode2025/ros2_ws/install/custom_interfaces/include/custom_interfaces/custom_interfaces/msg/motor_command.hpp
[19.389s] -- Installing: /home/robocatsorin/Desktop/RobotCode2025/ros2_ws/install/custom_interfaces/include/custom_interfaces/custom_interfaces/msg/world_map.hpp
[19.389s] -- Installing: /home/robocatsorin/Desktop/RobotCode2025/ros2_ws/install/custom_interfaces/include/custom_interfaces/custom_interfaces/msg/imu_data.hpp
[19.390s] -- Up-to-date: /home/robocatsorin/Desktop/RobotCode2025/ros2_ws/install/custom_interfaces/include/custom_interfaces/custom_interfaces/msg/detail
[19.390s] -- Installing: /home/robocatsorin/Desktop/RobotCode2025/ros2_ws/install/custom_interfaces/include/custom_interfaces/custom_interfaces/msg/detail/motion_goal__type_support.hpp
[19.390s] -- Installing: /home/robocatsorin/Desktop/RobotCode2025/ros2_ws/install/custom_interfaces/include/custom_interfaces/custom_interfaces/msg/detail/world_map__traits.hpp
[19.390s] -- Installing: /home/robocatsorin/Desktop/RobotCode2025/ros2_ws/install/custom_interfaces/include/custom_interfaces/custom_interfaces/msg/detail/motor_command__builder.hpp
[19.391s] -- Installing: /home/robocatsorin/Desktop/RobotCode2025/ros2_ws/install/custom_interfaces/include/custom_interfaces/custom_interfaces/msg/detail/world_map__type_support.hpp
[19.391s] -- Installing: /home/robocatsorin/Desktop/RobotCode2025/ros2_ws/install/custom_interfaces/include/custom_interfaces/custom_interfaces/msg/detail/bounding_box__traits.hpp
[19.392s] -- Installing: /home/robocatsorin/Desktop/RobotCode2025/ros2_ws/install/custom_interfaces/include/custom_interfaces/custom_interfaces/msg/detail/detection_buffer__traits.hpp
[19.392s] -- Installing: /home/robocatsorin/Desktop/RobotCode2025/ros2_ws/install/custom_interfaces/include/custom_interfaces/custom_interfaces/msg/detail/motor_command__struct.hpp
[19.392s] -- Installing: /home/robocatsorin/Desktop/RobotCode2025/ros2_ws/install/custom_interfaces/include/custom_interfaces/custom_interfaces/msg/detail/motor_command__traits.hpp
[19.393s] -- Installing: /home/robocatsorin/Desktop/RobotCode2025/ros2_ws/install/custom_interfaces/include/custom_interfaces/custom_interfaces/msg/detail/bounding_box__struct.hpp
[19.393s] -- Installing: /home/robocatsorin/Desktop/RobotCode2025/ros2_ws/install/custom_interfaces/include/custom_interfaces/custom_interfaces/msg/detail/depth_report__type_support.hpp
[19.393s] -- Installing: /home/robocatsorin/Desktop/RobotCode2025/ros2_ws/install/custom_interfaces/include/custom_interfaces/custom_interfaces/msg/detail/aabb__type_support.hpp
[19.393s] -- Installing: /home/robocatsorin/Desktop/RobotCode2025/ros2_ws/install/custom_interfaces/include/custom_interfaces/custom_interfaces/msg/detail/aabb__traits.hpp
[19.394s] -- Installing: /home/robocatsorin/Desktop/RobotCode2025/ros2_ws/install/custom_interfaces/include/custom_interfaces/custom_interfaces/msg/detail/detection_buffer__struct.hpp
[19.394s] -- Installing: /home/robocatsorin/Desktop/RobotCode2025/ros2_ws/install/custom_interfaces/include/custom_interfaces/custom_interfaces/msg/detail/depth_report__builder.hpp
[19.394s] -- Installing: /home/robocatsorin/Desktop/RobotCode2025/ros2_ws/install/custom_interfaces/include/custom_interfaces/custom_interfaces/msg/detail/motion_goal__builder.hpp
[19.395s] -- Installing: /home/robocatsorin/Desktop/RobotCode2025/ros2_ws/install/custom_interfaces/include/custom_interfaces/custom_interfaces/msg/detail/bounding_box__type_support.hpp
[19.395s] -- Installing: /home/robocatsorin/Desktop/RobotCode2025/ros2_ws/install/custom_interfaces/include/custom_interfaces/custom_interfaces/msg/detail/bounding_box__builder.hpp
[19.395s] -- Installing: /home/robocatsorin/Desktop/RobotCode2025/ros2_ws/install/custom_interfaces/include/custom_interfaces/custom_interfaces/msg/detail/depth_report__traits.hpp
[19.395s] -- Installing: /home/robocatsorin/Desktop/RobotCode2025/ros2_ws/install/custom_interfaces/include/custom_interfaces/custom_interfaces/msg/detail/motion_goal__traits.hpp
[19.395s] -- Installing: /home/robocatsorin/Desktop/RobotCode2025/ros2_ws/install/custom_interfaces/include/custom_interfaces/custom_interfaces/msg/detail/aabb__builder.hpp
[19.396s] -- Installing: /home/robocatsorin/Desktop/RobotCode2025/ros2_ws/install/custom_interfaces/include/custom_interfaces/custom_interfaces/msg/detail/aabb__struct.hpp
[19.396s] -- Installing: /home/robocatsorin/Desktop/RobotCode2025/ros2_ws/install/custom_interfaces/include/custom_interfaces/custom_interfaces/msg/detail/world_map__struct.hpp
[19.396s] -- Installing: /home/robocatsorin/Desktop/RobotCode2025/ros2_ws/install/custom_interfaces/include/custom_interfaces/custom_interfaces/msg/detail/detection_buffer__type_support.hpp
[19.396s] -- Installing: /home/robocatsorin/Desktop/RobotCode2025/ros2_ws/install/custom_interfaces/include/custom_interfaces/custom_interfaces/msg/detail/motor_command__type_support.hpp
[19.397s] -- Installing: /home/robocatsorin/Desktop/RobotCode2025/ros2_ws/install/custom_interfaces/include/custom_interfaces/custom_interfaces/msg/detail/motion_goal__struct.hpp
[19.397s] -- Installing: /home/robocatsorin/Desktop/RobotCode2025/ros2_ws/install/custom_interfaces/include/custom_interfaces/custom_interfaces/msg/detail/world_map__builder.hpp
[19.398s] -- Installing: /home/robocatsorin/Desktop/RobotCode2025/ros2_ws/install/custom_interfaces/include/custom_interfaces/custom_interfaces/msg/detail/imu_data__traits.hpp
[19.398s] -- Installing: /home/robocatsorin/Desktop/RobotCode2025/ros2_ws/install/custom_interfaces/include/custom_interfaces/custom_interfaces/msg/detail/imu_data__builder.hpp
[19.398s] -- Installing: /home/robocatsorin/Desktop/RobotCode2025/ros2_ws/install/custom_interfaces/include/custom_interfaces/custom_interfaces/msg/detail/depth_report__struct.hpp
[19.399s] -- Installing: /home/robocatsorin/Desktop/RobotCode2025/ros2_ws/install/custom_interfaces/include/custom_interfaces/custom_interfaces/msg/detail/imu_data__type_support.hpp
[19.399s] -- Installing: /home/robocatsorin/Desktop/RobotCode2025/ros2_ws/install/custom_interfaces/include/custom_interfaces/custom_interfaces/msg/detail/imu_data__struct.hpp
[19.399s] -- Installing: /home/robocatsorin/Desktop/RobotCode2025/ros2_ws/install/custom_interfaces/include/custom_interfaces/custom_interfaces/msg/detail/detection_buffer__builder.hpp
[19.400s] -- Installing: /home/robocatsorin/Desktop/RobotCode2025/ros2_ws/install/custom_interfaces/include/custom_interfaces/custom_interfaces/msg/motion_goal.hpp
[19.400s] -- Installing: /home/robocatsorin/Desktop/RobotCode2025/ros2_ws/install/custom_interfaces/include/custom_interfaces/custom_interfaces/msg/detection_buffer.hpp
[19.401s] -- Installing: /home/robocatsorin/Desktop/RobotCode2025/ros2_ws/install/custom_interfaces/include/custom_interfaces/custom_interfaces/msg/bounding_box.hpp
[19.401s] -- Up-to-date: /home/robocatsorin/Desktop/RobotCode2025/ros2_ws/install/custom_interfaces/include/custom_interfaces/custom_interfaces/msg/rosidl_generator_cpp__visibility_control.hpp
[19.401s] -- Installing: /home/robocatsorin/Desktop/RobotCode2025/ros2_ws/install/custom_interfaces/include/custom_interfaces/custom_interfaces/msg/aabb.hpp
[19.401s] -- Up-to-date: /home/robocatsorin/Desktop/RobotCode2025/ros2_ws/install/custom_interfaces/include/custom_interfaces/custom_interfaces
[19.402s] -- Up-to-date: /home/robocatsorin/Desktop/RobotCode2025/ros2_ws/install/custom_interfaces/include/custom_interfaces/custom_interfaces/action
[19.402s] -- Up-to-date: /home/robocatsorin/Desktop/RobotCode2025/ros2_ws/install/custom_interfaces/include/custom_interfaces/custom_interfaces/action/detail
[19.402s] -- Installing: /home/robocatsorin/Desktop/RobotCode2025/ros2_ws/install/custom_interfaces/include/custom_interfaces/custom_interfaces/action/detail/detection_action__rosidl_typesupport_fastrtps_cpp.hpp
[19.403s] -- Up-to-date: /home/robocatsorin/Desktop/RobotCode2025/ros2_ws/install/custom_interfaces/include/custom_interfaces/custom_interfaces/action/detail/dds_fastrtps
[19.403s] -- Up-to-date: /home/robocatsorin/Desktop/RobotCode2025/ros2_ws/install/custom_interfaces/include/custom_interfaces/custom_interfaces/srv
[19.403s] -- Up-to-date: /home/robocatsorin/Desktop/RobotCode2025/ros2_ws/install/custom_interfaces/include/custom_interfaces/custom_interfaces/srv/detail
[19.403s] -- Installing: /home/robocatsorin/Desktop/RobotCode2025/ros2_ws/install/custom_interfaces/include/custom_interfaces/custom_interfaces/srv/detail/generate_world_map__rosidl_typesupport_fastrtps_cpp.hpp
[19.403s] -- Installing: /home/robocatsorin/Desktop/RobotCode2025/ros2_ws/install/custom_interfaces/include/custom_interfaces/custom_interfaces/srv/detail/detection_service__rosidl_typesupport_fastrtps_cpp.hpp
[19.403s] -- Up-to-date: /home/robocatsorin/Desktop/RobotCode2025/ros2_ws/install/custom_interfaces/include/custom_interfaces/custom_interfaces/srv/detail/dds_fastrtps
[19.404s] -- Up-to-date: /home/robocatsorin/Desktop/RobotCode2025/ros2_ws/install/custom_interfaces/include/custom_interfaces/custom_interfaces/msg
[19.404s] -- Up-to-date: /home/robocatsorin/Desktop/RobotCode2025/ros2_ws/install/custom_interfaces/include/custom_interfaces/custom_interfaces/msg/detail
[19.404s] -- Installing: /home/robocatsorin/Desktop/RobotCode2025/ros2_ws/install/custom_interfaces/include/custom_interfaces/custom_interfaces/msg/detail/depth_report__rosidl_typesupport_fastrtps_cpp.hpp
[19.404s] -- Installing: /home/robocatsorin/Desktop/RobotCode2025/ros2_ws/install/custom_interfaces/include/custom_interfaces/custom_interfaces/msg/detail/detection_buffer__rosidl_typesupport_fastrtps_cpp.hpp
[19.404s] -- Installing: /home/robocatsorin/Desktop/RobotCode2025/ros2_ws/install/custom_interfaces/include/custom_interfaces/custom_interfaces/msg/detail/world_map__rosidl_typesupport_fastrtps_cpp.hpp
[19.404s] -- Installing: /home/robocatsorin/Desktop/RobotCode2025/ros2_ws/install/custom_interfaces/include/custom_interfaces/custom_interfaces/msg/detail/motor_command__rosidl_typesupport_fastrtps_cpp.hpp
[19.404s] -- Installing: /home/robocatsorin/Desktop/RobotCode2025/ros2_ws/install/custom_interfaces/include/custom_interfaces/custom_interfaces/msg/detail/motion_goal__rosidl_typesupport_fastrtps_cpp.hpp
[19.404s] -- Installing: /home/robocatsorin/Desktop/RobotCode2025/ros2_ws/install/custom_interfaces/include/custom_interfaces/custom_interfaces/msg/detail/bounding_box__rosidl_typesupport_fastrtps_cpp.hpp
[19.405s] -- Up-to-date: /home/robocatsorin/Desktop/RobotCode2025/ros2_ws/install/custom_interfaces/include/custom_interfaces/custom_interfaces/msg/detail/dds_fastrtps
[19.405s] -- Installing: /home/robocatsorin/Desktop/RobotCode2025/ros2_ws/install/custom_interfaces/include/custom_interfaces/custom_interfaces/msg/detail/imu_data__rosidl_typesupport_fastrtps_cpp.hpp
[19.405s] -- Installing: /home/robocatsorin/Desktop/RobotCode2025/ros2_ws/install/custom_interfaces/include/custom_interfaces/custom_interfaces/msg/detail/aabb__rosidl_typesupport_fastrtps_cpp.hpp
[19.406s] -- Up-to-date: /home/robocatsorin/Desktop/RobotCode2025/ros2_ws/install/custom_interfaces/include/custom_interfaces/custom_interfaces/msg/rosidl_typesupport_fastrtps_cpp__visibility_control.h
[19.406s] -- Installing: /home/robocatsorin/Desktop/RobotCode2025/ros2_ws/install/custom_interfaces/lib/libcustom_interfaces__rosidl_typesupport_fastrtps_cpp.so
[19.408s] -- Set runtime path of "/home/robocatsorin/Desktop/RobotCode2025/ros2_ws/install/custom_interfaces/lib/libcustom_interfaces__rosidl_typesupport_fastrtps_cpp.so" to ""
[19.408s] -- Up-to-date: /home/robocatsorin/Desktop/RobotCode2025/ros2_ws/install/custom_interfaces/include/custom_interfaces/custom_interfaces
[19.408s] -- Up-to-date: /home/robocatsorin/Desktop/RobotCode2025/ros2_ws/install/custom_interfaces/include/custom_interfaces/custom_interfaces/action
[19.408s] -- Up-to-date: /home/robocatsorin/Desktop/RobotCode2025/ros2_ws/install/custom_interfaces/include/custom_interfaces/custom_interfaces/action/detail
[19.409s] -- Installing: /home/robocatsorin/Desktop/RobotCode2025/ros2_ws/install/custom_interfaces/include/custom_interfaces/custom_interfaces/action/detail/detection_action__type_support.c
[19.409s] -- Installing: /home/robocatsorin/Desktop/RobotCode2025/ros2_ws/install/custom_interfaces/include/custom_interfaces/custom_interfaces/action/detail/detection_action__rosidl_typesupport_introspection_c.h
[19.409s] -- Up-to-date: /home/robocatsorin/Desktop/RobotCode2025/ros2_ws/install/custom_interfaces/include/custom_interfaces/custom_interfaces/srv
[19.409s] -- Up-to-date: /home/robocatsorin/Desktop/RobotCode2025/ros2_ws/install/custom_interfaces/include/custom_interfaces/custom_interfaces/srv/detail
[19.410s] -- Installing: /home/robocatsorin/Desktop/RobotCode2025/ros2_ws/install/custom_interfaces/include/custom_interfaces/custom_interfaces/srv/detail/detection_service__type_support.c
[19.410s] -- Installing: /home/robocatsorin/Desktop/RobotCode2025/ros2_ws/install/custom_interfaces/include/custom_interfaces/custom_interfaces/srv/detail/detection_service__rosidl_typesupport_introspection_c.h
[19.410s] -- Installing: /home/robocatsorin/Desktop/RobotCode2025/ros2_ws/install/custom_interfaces/include/custom_interfaces/custom_interfaces/srv/detail/generate_world_map__rosidl_typesupport_introspection_c.h
[19.410s] -- Installing: /home/robocatsorin/Desktop/RobotCode2025/ros2_ws/install/custom_interfaces/include/custom_interfaces/custom_interfaces/srv/detail/generate_world_map__type_support.c
[19.410s] -- Up-to-date: /home/robocatsorin/Desktop/RobotCode2025/ros2_ws/install/custom_interfaces/include/custom_interfaces/custom_interfaces/msg
[19.411s] -- Up-to-date: /home/robocatsorin/Desktop/RobotCode2025/ros2_ws/install/custom_interfaces/include/custom_interfaces/custom_interfaces/msg/detail
[19.411s] -- Installing: /home/robocatsorin/Desktop/RobotCode2025/ros2_ws/install/custom_interfaces/include/custom_interfaces/custom_interfaces/msg/detail/bounding_box__rosidl_typesupport_introspection_c.h
[19.411s] -- Installing: /home/robocatsorin/Desktop/RobotCode2025/ros2_ws/install/custom_interfaces/include/custom_interfaces/custom_interfaces/msg/detail/aabb__type_support.c
[19.411s] -- Installing: /home/robocatsorin/Desktop/RobotCode2025/ros2_ws/install/custom_interfaces/include/custom_interfaces/custom_interfaces/msg/detail/detection_buffer__rosidl_typesupport_introspection_c.h
[19.411s] -- Installing: /home/robocatsorin/Desktop/RobotCode2025/ros2_ws/install/custom_interfaces/include/custom_interfaces/custom_interfaces/msg/detail/motion_goal__type_support.c
[19.412s] -- Installing: /home/robocatsorin/Desktop/RobotCode2025/ros2_ws/install/custom_interfaces/include/custom_interfaces/custom_interfaces/msg/detail/bounding_box__type_support.c
[19.412s] -- Installing: /home/robocatsorin/Desktop/RobotCode2025/ros2_ws/install/custom_interfaces/include/custom_interfaces/custom_interfaces/msg/detail/motion_goal__rosidl_typesupport_introspection_c.h
[19.412s] -- Installing: /home/robocatsorin/Desktop/RobotCode2025/ros2_ws/install/custom_interfaces/include/custom_interfaces/custom_interfaces/msg/detail/aabb__rosidl_typesupport_introspection_c.h
[19.412s] -- Installing: /home/robocatsorin/Desktop/RobotCode2025/ros2_ws/install/custom_interfaces/include/custom_interfaces/custom_interfaces/msg/detail/motor_command__rosidl_typesupport_introspection_c.h
[19.413s] -- Installing: /home/robocatsorin/Desktop/RobotCode2025/ros2_ws/install/custom_interfaces/include/custom_interfaces/custom_interfaces/msg/detail/imu_data__type_support.c
[19.413s] -- Installing: /home/robocatsorin/Desktop/RobotCode2025/ros2_ws/install/custom_interfaces/include/custom_interfaces/custom_interfaces/msg/detail/depth_report__type_support.c
[19.413s] -- Installing: /home/robocatsorin/Desktop/RobotCode2025/ros2_ws/install/custom_interfaces/include/custom_interfaces/custom_interfaces/msg/detail/motor_command__type_support.c
[19.414s] -- Installing: /home/robocatsorin/Desktop/RobotCode2025/ros2_ws/install/custom_interfaces/include/custom_interfaces/custom_interfaces/msg/detail/depth_report__rosidl_typesupport_introspection_c.h
[19.414s] -- Installing: /home/robocatsorin/Desktop/RobotCode2025/ros2_ws/install/custom_interfaces/include/custom_interfaces/custom_interfaces/msg/detail/imu_data__rosidl_typesupport_introspection_c.h
[19.415s] -- Installing: /home/robocatsorin/Desktop/RobotCode2025/ros2_ws/install/custom_interfaces/include/custom_interfaces/custom_interfaces/msg/detail/world_map__type_support.c
[19.415s] -- Installing: /home/robocatsorin/Desktop/RobotCode2025/ros2_ws/install/custom_interfaces/include/custom_interfaces/custom_interfaces/msg/detail/detection_buffer__type_support.c
[19.415s] -- Installing: /home/robocatsorin/Desktop/RobotCode2025/ros2_ws/install/custom_interfaces/include/custom_interfaces/custom_interfaces/msg/detail/world_map__rosidl_typesupport_introspection_c.h
[19.416s] -- Up-to-date: /home/robocatsorin/Desktop/RobotCode2025/ros2_ws/install/custom_interfaces/include/custom_interfaces/custom_interfaces/msg/rosidl_typesupport_introspection_c__visibility_control.h
[19.416s] -- Installing: /home/robocatsorin/Desktop/RobotCode2025/ros2_ws/install/custom_interfaces/lib/libcustom_interfaces__rosidl_typesupport_introspection_c.so
[19.417s] -- Set runtime path of "/home/robocatsorin/Desktop/RobotCode2025/ros2_ws/install/custom_interfaces/lib/libcustom_interfaces__rosidl_typesupport_introspection_c.so" to ""
[19.417s] -- Installing: /home/robocatsorin/Desktop/RobotCode2025/ros2_ws/install/custom_interfaces/lib/libcustom_interfaces__rosidl_typesupport_c.so
[19.418s] -- Set runtime path of "/home/robocatsorin/Desktop/RobotCode2025/ros2_ws/install/custom_interfaces/lib/libcustom_interfaces__rosidl_typesupport_c.so" to ""
[19.418s] -- Up-to-date: /home/robocatsorin/Desktop/RobotCode2025/ros2_ws/install/custom_interfaces/include/custom_interfaces/custom_interfaces
[19.418s] -- Up-to-date: /home/robocatsorin/Desktop/RobotCode2025/ros2_ws/install/custom_interfaces/include/custom_interfaces/custom_interfaces/action
[19.419s] -- Up-to-date: /home/robocatsorin/Desktop/RobotCode2025/ros2_ws/install/custom_interfaces/include/custom_interfaces/custom_interfaces/action/detail
[19.419s] -- Installing: /home/robocatsorin/Desktop/RobotCode2025/ros2_ws/install/custom_interfaces/include/custom_interfaces/custom_interfaces/action/detail/detection_action__type_support.cpp
[19.419s] -- Installing: /home/robocatsorin/Desktop/RobotCode2025/ros2_ws/install/custom_interfaces/include/custom_interfaces/custom_interfaces/action/detail/detection_action__rosidl_typesupport_introspection_cpp.hpp
[19.419s] -- Up-to-date: /home/robocatsorin/Desktop/RobotCode2025/ros2_ws/install/custom_interfaces/include/custom_interfaces/custom_interfaces/srv
[19.419s] -- Up-to-date: /home/robocatsorin/Desktop/RobotCode2025/ros2_ws/install/custom_interfaces/include/custom_interfaces/custom_interfaces/srv/detail
[19.420s] -- Installing: /home/robocatsorin/Desktop/RobotCode2025/ros2_ws/install/custom_interfaces/include/custom_interfaces/custom_interfaces/srv/detail/detection_service__type_support.cpp
[19.420s] -- Installing: /home/robocatsorin/Desktop/RobotCode2025/ros2_ws/install/custom_interfaces/include/custom_interfaces/custom_interfaces/srv/detail/generate_world_map__rosidl_typesupport_introspection_cpp.hpp
[19.420s] -- Installing: /home/robocatsorin/Desktop/RobotCode2025/ros2_ws/install/custom_interfaces/include/custom_interfaces/custom_interfaces/srv/detail/generate_world_map__type_support.cpp
[19.420s] -- Installing: /home/robocatsorin/Desktop/RobotCode2025/ros2_ws/install/custom_interfaces/include/custom_interfaces/custom_interfaces/srv/detail/detection_service__rosidl_typesupport_introspection_cpp.hpp
[19.421s] -- Up-to-date: /home/robocatsorin/Desktop/RobotCode2025/ros2_ws/install/custom_interfaces/include/custom_interfaces/custom_interfaces/msg
[19.421s] -- Up-to-date: /home/robocatsorin/Desktop/RobotCode2025/ros2_ws/install/custom_interfaces/include/custom_interfaces/custom_interfaces/msg/detail
[19.421s] -- Installing: /home/robocatsorin/Desktop/RobotCode2025/ros2_ws/install/custom_interfaces/include/custom_interfaces/custom_interfaces/msg/detail/motor_command__type_support.cpp
[19.421s] -- Installing: /home/robocatsorin/Desktop/RobotCode2025/ros2_ws/install/custom_interfaces/include/custom_interfaces/custom_interfaces/msg/detail/world_map__type_support.cpp
[19.421s] -- Installing: /home/robocatsorin/Desktop/RobotCode2025/ros2_ws/install/custom_interfaces/include/custom_interfaces/custom_interfaces/msg/detail/depth_report__rosidl_typesupport_introspection_cpp.hpp
[19.422s] -- Installing: /home/robocatsorin/Desktop/RobotCode2025/ros2_ws/install/custom_interfaces/include/custom_interfaces/custom_interfaces/msg/detail/bounding_box__type_support.cpp
[19.422s] -- Installing: /home/robocatsorin/Desktop/RobotCode2025/ros2_ws/install/custom_interfaces/include/custom_interfaces/custom_interfaces/msg/detail/detection_buffer__rosidl_typesupport_introspection_cpp.hpp
[19.423s] -- Installing: /home/robocatsorin/Desktop/RobotCode2025/ros2_ws/install/custom_interfaces/include/custom_interfaces/custom_interfaces/msg/detail/bounding_box__rosidl_typesupport_introspection_cpp.hpp
[19.423s] -- Installing: /home/robocatsorin/Desktop/RobotCode2025/ros2_ws/install/custom_interfaces/include/custom_interfaces/custom_interfaces/msg/detail/imu_data__rosidl_typesupport_introspection_cpp.hpp
[19.423s] -- Installing: /home/robocatsorin/Desktop/RobotCode2025/ros2_ws/install/custom_interfaces/include/custom_interfaces/custom_interfaces/msg/detail/motor_command__rosidl_typesupport_introspection_cpp.hpp
[19.424s] -- Installing: /home/robocatsorin/Desktop/RobotCode2025/ros2_ws/install/custom_interfaces/include/custom_interfaces/custom_interfaces/msg/detail/aabb__type_support.cpp
[19.424s] -- Installing: /home/robocatsorin/Desktop/RobotCode2025/ros2_ws/install/custom_interfaces/include/custom_interfaces/custom_interfaces/msg/detail/detection_buffer__type_support.cpp
[19.425s] -- Installing: /home/robocatsorin/Desktop/RobotCode2025/ros2_ws/install/custom_interfaces/include/custom_interfaces/custom_interfaces/msg/detail/world_map__rosidl_typesupport_introspection_cpp.hpp
[19.425s] -- Installing: /home/robocatsorin/Desktop/RobotCode2025/ros2_ws/install/custom_interfaces/include/custom_interfaces/custom_interfaces/msg/detail/motion_goal__type_support.cpp
[19.425s] -- Installing: /home/robocatsorin/Desktop/RobotCode2025/ros2_ws/install/custom_interfaces/include/custom_interfaces/custom_interfaces/msg/detail/depth_report__type_support.cpp
[19.425s] -- Installing: /home/robocatsorin/Desktop/RobotCode2025/ros2_ws/install/custom_interfaces/include/custom_interfaces/custom_interfaces/msg/detail/imu_data__type_support.cpp
[19.426s] -- Installing: /home/robocatsorin/Desktop/RobotCode2025/ros2_ws/install/custom_interfaces/include/custom_interfaces/custom_interfaces/msg/detail/aabb__rosidl_typesupport_introspection_cpp.hpp
[19.426s] -- Installing: /home/robocatsorin/Desktop/RobotCode2025/ros2_ws/install/custom_interfaces/include/custom_interfaces/custom_interfaces/msg/detail/motion_goal__rosidl_typesupport_introspection_cpp.hpp
[19.426s] -- Installing: /home/robocatsorin/Desktop/RobotCode2025/ros2_ws/install/custom_interfaces/lib/libcustom_interfaces__rosidl_typesupport_introspection_cpp.so
[19.428s] -- Set runtime path of "/home/robocatsorin/Desktop/RobotCode2025/ros2_ws/install/custom_interfaces/lib/libcustom_interfaces__rosidl_typesupport_introspection_cpp.so" to ""
[19.428s] -- Installing: /home/robocatsorin/Desktop/RobotCode2025/ros2_ws/install/custom_interfaces/lib/libcustom_interfaces__rosidl_typesupport_cpp.so
[19.429s] -- Set runtime path of "/home/robocatsorin/Desktop/RobotCode2025/ros2_ws/install/custom_interfaces/lib/libcustom_interfaces__rosidl_typesupport_cpp.so" to ""
[19.429s] -- Up-to-date: /home/robocatsorin/Desktop/RobotCode2025/ros2_ws/install/custom_interfaces/share/custom_interfaces/environment/pythonpath.sh
[19.429s] -- Installing: /home/robocatsorin/Desktop/RobotCode2025/ros2_ws/install/custom_interfaces/share/custom_interfaces/environment/pythonpath.dsv
[19.430s] -- Up-to-date: /home/robocatsorin/Desktop/RobotCode2025/ros2_ws/install/custom_interfaces/local/lib/python3.10/dist-packages/custom_interfaces-0.0.0-py3.10.egg-info
[19.430s] -- Installing: /home/robocatsorin/Desktop/RobotCode2025/ros2_ws/install/custom_interfaces/local/lib/python3.10/dist-packages/custom_interfaces-0.0.0-py3.10.egg-info/dependency_links.txt
[19.430s] -- Installing: /home/robocatsorin/Desktop/RobotCode2025/ros2_ws/install/custom_interfaces/local/lib/python3.10/dist-packages/custom_interfaces-0.0.0-py3.10.egg-info/SOURCES.txt
[19.431s] -- Installing: /home/robocatsorin/Desktop/RobotCode2025/ros2_ws/install/custom_interfaces/local/lib/python3.10/dist-packages/custom_interfaces-0.0.0-py3.10.egg-info/top_level.txt
[19.431s] -- Installing: /home/robocatsorin/Desktop/RobotCode2025/ros2_ws/install/custom_interfaces/local/lib/python3.10/dist-packages/custom_interfaces-0.0.0-py3.10.egg-info/PKG-INFO
[19.431s] -- Up-to-date: /home/robocatsorin/Desktop/RobotCode2025/ros2_ws/install/custom_interfaces/local/lib/python3.10/dist-packages/custom_interfaces
[19.432s] -- Installing: /home/robocatsorin/Desktop/RobotCode2025/ros2_ws/install/custom_interfaces/local/lib/python3.10/dist-packages/custom_interfaces/custom_interfaces_s__rosidl_typesupport_c.cpython-310-aarch64-linux-gnu.so
[19.432s] -- Installing: /home/robocatsorin/Desktop/RobotCode2025/ros2_ws/install/custom_interfaces/local/lib/python3.10/dist-packages/custom_interfaces/_custom_interfaces_s.ep.rosidl_typesupport_fastrtps_c.c
[19.434s] -- Installing: /home/robocatsorin/Desktop/RobotCode2025/ros2_ws/install/custom_interfaces/local/lib/python3.10/dist-packages/custom_interfaces/__init__.py
[19.434s] -- Installing: /home/robocatsorin/Desktop/RobotCode2025/ros2_ws/install/custom_interfaces/local/lib/python3.10/dist-packages/custom_interfaces/custom_interfaces_s__rosidl_typesupport_introspection_c.cpython-310-aarch64-linux-gnu.so
[19.434s] -- Installing: /home/robocatsorin/Desktop/RobotCode2025/ros2_ws/install/custom_interfaces/local/lib/python3.10/dist-packages/custom_interfaces/_custom_interfaces_s.ep.rosidl_typesupport_introspection_c.c
[19.436s] -- Up-to-date: /home/robocatsorin/Desktop/RobotCode2025/ros2_ws/install/custom_interfaces/local/lib/python3.10/dist-packages/custom_interfaces/action
[19.436s] -- Installing: /home/robocatsorin/Desktop/RobotCode2025/ros2_ws/install/custom_interfaces/local/lib/python3.10/dist-packages/custom_interfaces/action/__init__.py
[19.436s] -- Installing: /home/robocatsorin/Desktop/RobotCode2025/ros2_ws/install/custom_interfaces/local/lib/python3.10/dist-packages/custom_interfaces/action/_detection_action.py
[19.437s] -- Installing: /home/robocatsorin/Desktop/RobotCode2025/ros2_ws/install/custom_interfaces/local/lib/python3.10/dist-packages/custom_interfaces/action/_detection_action_s.c
[19.437s] -- Up-to-date: /home/robocatsorin/Desktop/RobotCode2025/ros2_ws/install/custom_interfaces/local/lib/python3.10/dist-packages/custom_interfaces/srv
[19.437s] -- Installing: /home/robocatsorin/Desktop/RobotCode2025/ros2_ws/install/custom_interfaces/local/lib/python3.10/dist-packages/custom_interfaces/srv/__init__.py
[19.437s] -- Installing: /home/robocatsorin/Desktop/RobotCode2025/ros2_ws/install/custom_interfaces/local/lib/python3.10/dist-packages/custom_interfaces/srv/_generate_world_map_s.c
[19.438s] -- Installing: /home/robocatsorin/Desktop/RobotCode2025/ros2_ws/install/custom_interfaces/local/lib/python3.10/dist-packages/custom_interfaces/srv/_detection_service_s.c
[19.438s] -- Installing: /home/robocatsorin/Desktop/RobotCode2025/ros2_ws/install/custom_interfaces/local/lib/python3.10/dist-packages/custom_interfaces/srv/_detection_service.py
[19.438s] -- Installing: /home/robocatsorin/Desktop/RobotCode2025/ros2_ws/install/custom_interfaces/local/lib/python3.10/dist-packages/custom_interfaces/srv/_generate_world_map.py
[19.439s] -- Installing: /home/robocatsorin/Desktop/RobotCode2025/ros2_ws/install/custom_interfaces/local/lib/python3.10/dist-packages/custom_interfaces/libcustom_interfaces__rosidl_generator_py.so
[19.440s] -- Up-to-date: /home/robocatsorin/Desktop/RobotCode2025/ros2_ws/install/custom_interfaces/local/lib/python3.10/dist-packages/custom_interfaces/msg
[19.440s] -- Installing: /home/robocatsorin/Desktop/RobotCode2025/ros2_ws/install/custom_interfaces/local/lib/python3.10/dist-packages/custom_interfaces/msg/_bounding_box_s.c
[19.440s] -- Installing: /home/robocatsorin/Desktop/RobotCode2025/ros2_ws/install/custom_interfaces/local/lib/python3.10/dist-packages/custom_interfaces/msg/_imu_data.py
[19.440s] -- Installing: /home/robocatsorin/Desktop/RobotCode2025/ros2_ws/install/custom_interfaces/local/lib/python3.10/dist-packages/custom_interfaces/msg/_motion_goal.py
[19.441s] -- Installing: /home/robocatsorin/Desktop/RobotCode2025/ros2_ws/install/custom_interfaces/local/lib/python3.10/dist-packages/custom_interfaces/msg/_imu_data_s.c
[19.441s] -- Installing: /home/robocatsorin/Desktop/RobotCode2025/ros2_ws/install/custom_interfaces/local/lib/python3.10/dist-packages/custom_interfaces/msg/__init__.py
[19.441s] -- Installing: /home/robocatsorin/Desktop/RobotCode2025/ros2_ws/install/custom_interfaces/local/lib/python3.10/dist-packages/custom_interfaces/msg/_motor_command_s.c
[19.441s] -- Installing: /home/robocatsorin/Desktop/RobotCode2025/ros2_ws/install/custom_interfaces/local/lib/python3.10/dist-packages/custom_interfaces/msg/_motion_goal_s.c
[19.442s] -- Installing: /home/robocatsorin/Desktop/RobotCode2025/ros2_ws/install/custom_interfaces/local/lib/python3.10/dist-packages/custom_interfaces/msg/_motor_command.py
[19.442s] -- Installing: /home/robocatsorin/Desktop/RobotCode2025/ros2_ws/install/custom_interfaces/local/lib/python3.10/dist-packages/custom_interfaces/msg/_aabb_s.c
[19.443s] -- Installing: /home/robocatsorin/Desktop/RobotCode2025/ros2_ws/install/custom_interfaces/local/lib/python3.10/dist-packages/custom_interfaces/msg/_depth_report.py
[19.443s] -- Installing: /home/robocatsorin/Desktop/RobotCode2025/ros2_ws/install/custom_interfaces/local/lib/python3.10/dist-packages/custom_interfaces/msg/_detection_buffer.py
[19.443s] -- Installing: /home/robocatsorin/Desktop/RobotCode2025/ros2_ws/install/custom_interfaces/local/lib/python3.10/dist-packages/custom_interfaces/msg/_detection_buffer_s.c
[19.443s] -- Installing: /home/robocatsorin/Desktop/RobotCode2025/ros2_ws/install/custom_interfaces/local/lib/python3.10/dist-packages/custom_interfaces/msg/_depth_report_s.c
[19.444s] -- Installing: /home/robocatsorin/Desktop/RobotCode2025/ros2_ws/install/custom_interfaces/local/lib/python3.10/dist-packages/custom_interfaces/msg/_world_map_s.c
[19.444s] -- Installing: /home/robocatsorin/Desktop/RobotCode2025/ros2_ws/install/custom_interfaces/local/lib/python3.10/dist-packages/custom_interfaces/msg/_bounding_box.py
[19.444s] -- Installing: /home/robocatsorin/Desktop/RobotCode2025/ros2_ws/install/custom_interfaces/local/lib/python3.10/dist-packages/custom_interfaces/msg/_world_map.py
[19.444s] -- Installing: /home/robocatsorin/Desktop/RobotCode2025/ros2_ws/install/custom_interfaces/local/lib/python3.10/dist-packages/custom_interfaces/msg/_aabb.py
[19.445s] -- Installing: /home/robocatsorin/Desktop/RobotCode2025/ros2_ws/install/custom_interfaces/local/lib/python3.10/dist-packages/custom_interfaces/custom_interfaces_s__rosidl_typesupport_fastrtps_c.cpython-310-aarch64-linux-gnu.so
[19.445s] -- Installing: /home/robocatsorin/Desktop/RobotCode2025/ros2_ws/install/custom_interfaces/local/lib/python3.10/dist-packages/custom_interfaces/_custom_interfaces_s.ep.rosidl_typesupport_c.c
[19.555s] Listing '/home/robocatsorin/Desktop/RobotCode2025/ros2_ws/install/custom_interfaces/local/lib/python3.10/dist-packages/custom_interfaces'...
[19.556s] Compiling '/home/robocatsorin/Desktop/RobotCode2025/ros2_ws/install/custom_interfaces/local/lib/python3.10/dist-packages/custom_interfaces/__init__.py'...
[19.556s] Listing '/home/robocatsorin/Desktop/RobotCode2025/ros2_ws/install/custom_interfaces/local/lib/python3.10/dist-packages/custom_interfaces/action'...
[19.556s] Compiling '/home/robocatsorin/Desktop/RobotCode2025/ros2_ws/install/custom_interfaces/local/lib/python3.10/dist-packages/custom_interfaces/action/__init__.py'...
[19.556s] Compiling '/home/robocatsorin/Desktop/RobotCode2025/ros2_ws/install/custom_interfaces/local/lib/python3.10/dist-packages/custom_interfaces/action/_detection_action.py'...
[19.556s] Listing '/home/robocatsorin/Desktop/RobotCode2025/ros2_ws/install/custom_interfaces/local/lib/python3.10/dist-packages/custom_interfaces/msg'...
[19.556s] Compiling '/home/robocatsorin/Desktop/RobotCode2025/ros2_ws/install/custom_interfaces/local/lib/python3.10/dist-packages/custom_interfaces/msg/__init__.py'...
[19.557s] Compiling '/home/robocatsorin/Desktop/RobotCode2025/ros2_ws/install/custom_interfaces/local/lib/python3.10/dist-packages/custom_interfaces/msg/_aabb.py'...
[19.557s] Compiling '/home/robocatsorin/Desktop/RobotCode2025/ros2_ws/install/custom_interfaces/local/lib/python3.10/dist-packages/custom_interfaces/msg/_bounding_box.py'...
[19.557s] Compiling '/home/robocatsorin/Desktop/RobotCode2025/ros2_ws/install/custom_interfaces/local/lib/python3.10/dist-packages/custom_interfaces/msg/_depth_report.py'...
[19.557s] Compiling '/home/robocatsorin/Desktop/RobotCode2025/ros2_ws/install/custom_interfaces/local/lib/python3.10/dist-packages/custom_interfaces/msg/_detection_buffer.py'...
[19.557s] Compiling '/home/robocatsorin/Desktop/RobotCode2025/ros2_ws/install/custom_interfaces/local/lib/python3.10/dist-packages/custom_interfaces/msg/_imu_data.py'...
[19.557s] Compiling '/home/robocatsorin/Desktop/RobotCode2025/ros2_ws/install/custom_interfaces/local/lib/python3.10/dist-packages/custom_interfaces/msg/_motion_goal.py'...
[19.557s] Compiling '/home/robocatsorin/Desktop/RobotCode2025/ros2_ws/install/custom_interfaces/local/lib/python3.10/dist-packages/custom_interfaces/msg/_motor_command.py'...
[19.557s] Compiling '/home/robocatsorin/Desktop/RobotCode2025/ros2_ws/install/custom_interfaces/local/lib/python3.10/dist-packages/custom_interfaces/msg/_world_map.py'...
[19.557s] Listing '/home/robocatsorin/Desktop/RobotCode2025/ros2_ws/install/custom_interfaces/local/lib/python3.10/dist-packages/custom_interfaces/srv'...
[19.558s] Compiling '/home/robocatsorin/Desktop/RobotCode2025/ros2_ws/install/custom_interfaces/local/lib/python3.10/dist-packages/custom_interfaces/srv/__init__.py'...
[19.558s] Compiling '/home/robocatsorin/Desktop/RobotCode2025/ros2_ws/install/custom_interfaces/local/lib/python3.10/dist-packages/custom_interfaces/srv/_detection_service.py'...
[19.558s] Compiling '/home/robocatsorin/Desktop/RobotCode2025/ros2_ws/install/custom_interfaces/local/lib/python3.10/dist-packages/custom_interfaces/srv/_generate_world_map.py'...
[19.570s] -- Installing: /home/robocatsorin/Desktop/RobotCode2025/ros2_ws/install/custom_interfaces/local/lib/python3.10/dist-packages/custom_interfaces/custom_interfaces_s__rosidl_typesupport_fastrtps_c.cpython-310-aarch64-linux-gnu.so
[19.572s] -- Set runtime path of "/home/robocatsorin/Desktop/RobotCode2025/ros2_ws/install/custom_interfaces/local/lib/python3.10/dist-packages/custom_interfaces/custom_interfaces_s__rosidl_typesupport_fastrtps_c.cpython-310-aarch64-linux-gnu.so" to ""
[19.573s] -- Installing: /home/robocatsorin/Desktop/RobotCode2025/ros2_ws/install/custom_interfaces/local/lib/python3.10/dist-packages/custom_interfaces/custom_interfaces_s__rosidl_typesupport_introspection_c.cpython-310-aarch64-linux-gnu.so
[19.574s] -- Set runtime path of "/home/robocatsorin/Desktop/RobotCode2025/ros2_ws/install/custom_interfaces/local/lib/python3.10/dist-packages/custom_interfaces/custom_interfaces_s__rosidl_typesupport_introspection_c.cpython-310-aarch64-linux-gnu.so" to ""
[19.575s] -- Installing: /home/robocatsorin/Desktop/RobotCode2025/ros2_ws/install/custom_interfaces/local/lib/python3.10/dist-packages/custom_interfaces/custom_interfaces_s__rosidl_typesupport_c.cpython-310-aarch64-linux-gnu.so
[19.577s] -- Set runtime path of "/home/robocatsorin/Desktop/RobotCode2025/ros2_ws/install/custom_interfaces/local/lib/python3.10/dist-packages/custom_interfaces/custom_interfaces_s__rosidl_typesupport_c.cpython-310-aarch64-linux-gnu.so" to ""
[19.577s] -- Installing: /home/robocatsorin/Desktop/RobotCode2025/ros2_ws/install/custom_interfaces/lib/libcustom_interfaces__rosidl_generator_py.so
[19.579s] -- Set runtime path of "/home/robocatsorin/Desktop/RobotCode2025/ros2_ws/install/custom_interfaces/lib/libcustom_interfaces__rosidl_generator_py.so" to ""
[19.579s] -- Up-to-date: /home/robocatsorin/Desktop/RobotCode2025/ros2_ws/install/custom_interfaces/share/custom_interfaces/msg/ImuData.idl
[19.580s] -- Up-to-date: /home/robocatsorin/Desktop/RobotCode2025/ros2_ws/install/custom_interfaces/share/custom_interfaces/msg/DepthReport.idl
[19.580s] -- Up-to-date: /home/robocatsorin/Desktop/RobotCode2025/ros2_ws/install/custom_interfaces/share/custom_interfaces/msg/MotionGoal.idl
[19.580s] -- Up-to-date: /home/robocatsorin/Desktop/RobotCode2025/ros2_ws/install/custom_interfaces/share/custom_interfaces/msg/MotorCommand.idl
[19.581s] -- Up-to-date: /home/robocatsorin/Desktop/RobotCode2025/ros2_ws/install/custom_interfaces/share/custom_interfaces/msg/BoundingBox.idl
[19.581s] -- Up-to-date: /home/robocatsorin/Desktop/RobotCode2025/ros2_ws/install/custom_interfaces/share/custom_interfaces/msg/DetectionBuffer.idl
[19.582s] -- Up-to-date: /home/robocatsorin/Desktop/RobotCode2025/ros2_ws/install/custom_interfaces/share/custom_interfaces/msg/AABB.idl
[19.582s] -- Up-to-date: /home/robocatsorin/Desktop/RobotCode2025/ros2_ws/install/custom_interfaces/share/custom_interfaces/msg/WorldMap.idl
[19.583s] -- Installing: /home/robocatsorin/Desktop/RobotCode2025/ros2_ws/install/custom_interfaces/share/custom_interfaces/srv/GenerateWorldMap.idl
[19.583s] -- Up-to-date: /home/robocatsorin/Desktop/RobotCode2025/ros2_ws/install/custom_interfaces/share/custom_interfaces/srv/DetectionService.idl
[19.584s] -- Up-to-date: /home/robocatsorin/Desktop/RobotCode2025/ros2_ws/install/custom_interfaces/share/custom_interfaces/action/DetectionAction.idl
[19.584s] -- Up-to-date: /home/robocatsorin/Desktop/RobotCode2025/ros2_ws/install/custom_interfaces/share/custom_interfaces/msg/ImuData.msg
[19.585s] -- Up-to-date: /home/robocatsorin/Desktop/RobotCode2025/ros2_ws/install/custom_interfaces/share/custom_interfaces/msg/DepthReport.msg
[19.585s] -- Up-to-date: /home/robocatsorin/Desktop/RobotCode2025/ros2_ws/install/custom_interfaces/share/custom_interfaces/msg/MotionGoal.msg
[19.586s] -- Up-to-date: /home/robocatsorin/Desktop/RobotCode2025/ros2_ws/install/custom_interfaces/share/custom_interfaces/msg/MotorCommand.msg
[19.587s] -- Up-to-date: /home/robocatsorin/Desktop/RobotCode2025/ros2_ws/install/custom_interfaces/share/custom_interfaces/msg/BoundingBox.msg
[19.588s] -- Up-to-date: /home/robocatsorin/Desktop/RobotCode2025/ros2_ws/install/custom_interfaces/share/custom_interfaces/msg/DetectionBuffer.msg
[19.588s] -- Up-to-date: /home/robocatsorin/Desktop/RobotCode2025/ros2_ws/install/custom_interfaces/share/custom_interfaces/msg/AABB.msg
[19.588s] -- Up-to-date: /home/robocatsorin/Desktop/RobotCode2025/ros2_ws/install/custom_interfaces/share/custom_interfaces/msg/WorldMap.msg
[19.589s] -- Installing: /home/robocatsorin/Desktop/RobotCode2025/ros2_ws/install/custom_interfaces/share/custom_interfaces/srv/GenerateWorldMap.srv
[19.592s] -- Installing: /home/robocatsorin/Desktop/RobotCode2025/ros2_ws/install/custom_interfaces/share/custom_interfaces/srv/GenerateWorldMap_Request.msg
[19.593s] -- Installing: /home/robocatsorin/Desktop/RobotCode2025/ros2_ws/install/custom_interfaces/share/custom_interfaces/srv/GenerateWorldMap_Response.msg
[19.593s] -- Up-to-date: /home/robocatsorin/Desktop/RobotCode2025/ros2_ws/install/custom_interfaces/share/custom_interfaces/srv/DetectionService.srv
[19.593s] -- Up-to-date: /home/robocatsorin/Desktop/RobotCode2025/ros2_ws/install/custom_interfaces/share/custom_interfaces/srv/DetectionService_Request.msg
[19.593s] -- Up-to-date: /home/robocatsorin/Desktop/RobotCode2025/ros2_ws/install/custom_interfaces/share/custom_interfaces/srv/DetectionService_Response.msg
[19.593s] -- Up-to-date: /home/robocatsorin/Desktop/RobotCode2025/ros2_ws/install/custom_interfaces/share/custom_interfaces/action/DetectionAction.action
[19.593s] -- Up-to-date: /home/robocatsorin/Desktop/RobotCode2025/ros2_ws/install/custom_interfaces/share/ament_index/resource_index/package_run_dependencies/custom_interfaces
[19.594s] -- Up-to-date: /home/robocatsorin/Desktop/RobotCode2025/ros2_ws/install/custom_interfaces/share/ament_index/resource_index/parent_prefix_path/custom_interfaces
[19.594s] -- Up-to-date: /home/robocatsorin/Desktop/RobotCode2025/ros2_ws/install/custom_interfaces/share/custom_interfaces/environment/ament_prefix_path.sh
[19.594s] -- Installing: /home/robocatsorin/Desktop/RobotCode2025/ros2_ws/install/custom_interfaces/share/custom_interfaces/environment/ament_prefix_path.dsv
[19.594s] -- Up-to-date: /home/robocatsorin/Desktop/RobotCode2025/ros2_ws/install/custom_interfaces/share/custom_interfaces/environment/path.sh
[19.594s] -- Installing: /home/robocatsorin/Desktop/RobotCode2025/ros2_ws/install/custom_interfaces/share/custom_interfaces/environment/path.dsv
[19.594s] -- Up-to-date: /home/robocatsorin/Desktop/RobotCode2025/ros2_ws/install/custom_interfaces/share/custom_interfaces/local_setup.bash
[19.594s] -- Up-to-date: /home/robocatsorin/Desktop/RobotCode2025/ros2_ws/install/custom_interfaces/share/custom_interfaces/local_setup.sh
[19.594s] -- Up-to-date: /home/robocatsorin/Desktop/RobotCode2025/ros2_ws/install/custom_interfaces/share/custom_interfaces/local_setup.zsh
[19.595s] -- Installing: /home/robocatsorin/Desktop/RobotCode2025/ros2_ws/install/custom_interfaces/share/custom_interfaces/local_setup.dsv
[19.595s] -- Installing: /home/robocatsorin/Desktop/RobotCode2025/ros2_ws/install/custom_interfaces/share/custom_interfaces/package.dsv
[19.595s] -- Up-to-date: /home/robocatsorin/Desktop/RobotCode2025/ros2_ws/install/custom_interfaces/share/ament_index/resource_index/packages/custom_interfaces
[19.595s] -- Up-to-date: /home/robocatsorin/Desktop/RobotCode2025/ros2_ws/install/custom_interfaces/share/custom_interfaces/cmake/export_custom_interfaces__rosidl_generator_cExport.cmake
[19.596s] -- Up-to-date: /home/robocatsorin/Desktop/RobotCode2025/ros2_ws/install/custom_interfaces/share/custom_interfaces/cmake/export_custom_interfaces__rosidl_generator_cExport-noconfig.cmake
[19.596s] -- Up-to-date: /home/robocatsorin/Desktop/RobotCode2025/ros2_ws/install/custom_interfaces/share/custom_interfaces/cmake/export_custom_interfaces__rosidl_typesupport_fastrtps_cExport.cmake
[19.596s] -- Up-to-date: /home/robocatsorin/Desktop/RobotCode2025/ros2_ws/install/custom_interfaces/share/custom_interfaces/cmake/export_custom_interfaces__rosidl_typesupport_fastrtps_cExport-noconfig.cmake
[19.596s] -- Up-to-date: /home/robocatsorin/Desktop/RobotCode2025/ros2_ws/install/custom_interfaces/share/custom_interfaces/cmake/export_custom_interfaces__rosidl_generator_cppExport.cmake
[19.596s] -- Up-to-date: /home/robocatsorin/Desktop/RobotCode2025/ros2_ws/install/custom_interfaces/share/custom_interfaces/cmake/export_custom_interfaces__rosidl_typesupport_fastrtps_cppExport.cmake
[19.596s] -- Up-to-date: /home/robocatsorin/Desktop/RobotCode2025/ros2_ws/install/custom_interfaces/share/custom_interfaces/cmake/export_custom_interfaces__rosidl_typesupport_fastrtps_cppExport-noconfig.cmake
[19.596s] -- Up-to-date: /home/robocatsorin/Desktop/RobotCode2025/ros2_ws/install/custom_interfaces/share/custom_interfaces/cmake/custom_interfaces__rosidl_typesupport_introspection_cExport.cmake
[19.596s] -- Up-to-date: /home/robocatsorin/Desktop/RobotCode2025/ros2_ws/install/custom_interfaces/share/custom_interfaces/cmake/custom_interfaces__rosidl_typesupport_introspection_cExport-noconfig.cmake
[19.597s] -- Up-to-date: /home/robocatsorin/Desktop/RobotCode2025/ros2_ws/install/custom_interfaces/share/custom_interfaces/cmake/custom_interfaces__rosidl_typesupport_cExport.cmake
[19.597s] -- Up-to-date: /home/robocatsorin/Desktop/RobotCode2025/ros2_ws/install/custom_interfaces/share/custom_interfaces/cmake/custom_interfaces__rosidl_typesupport_cExport-noconfig.cmake
[19.597s] -- Up-to-date: /home/robocatsorin/Desktop/RobotCode2025/ros2_ws/install/custom_interfaces/share/custom_interfaces/cmake/custom_interfaces__rosidl_typesupport_introspection_cppExport.cmake
[19.597s] -- Up-to-date: /home/robocatsorin/Desktop/RobotCode2025/ros2_ws/install/custom_interfaces/share/custom_interfaces/cmake/custom_interfaces__rosidl_typesupport_introspection_cppExport-noconfig.cmake
[19.597s] -- Up-to-date: /home/robocatsorin/Desktop/RobotCode2025/ros2_ws/install/custom_interfaces/share/custom_interfaces/cmake/custom_interfaces__rosidl_typesupport_cppExport.cmake
[19.597s] -- Up-to-date: /home/robocatsorin/Desktop/RobotCode2025/ros2_ws/install/custom_interfaces/share/custom_interfaces/cmake/custom_interfaces__rosidl_typesupport_cppExport-noconfig.cmake
[19.599s] -- Up-to-date: /home/robocatsorin/Desktop/RobotCode2025/ros2_ws/install/custom_interfaces/share/custom_interfaces/cmake/export_custom_interfaces__rosidl_generator_pyExport.cmake
[19.599s] -- Up-to-date: /home/robocatsorin/Desktop/RobotCode2025/ros2_ws/install/custom_interfaces/share/custom_interfaces/cmake/export_custom_interfaces__rosidl_generator_pyExport-noconfig.cmake
[19.599s] -- Installing: /home/robocatsorin/Desktop/RobotCode2025/ros2_ws/install/custom_interfaces/share/custom_interfaces/cmake/rosidl_cmake-extras.cmake
[19.599s] -- Up-to-date: /home/robocatsorin/Desktop/RobotCode2025/ros2_ws/install/custom_interfaces/share/custom_interfaces/cmake/ament_cmake_export_dependencies-extras.cmake
[19.600s] -- Up-to-date: /home/robocatsorin/Desktop/RobotCode2025/ros2_ws/install/custom_interfaces/share/custom_interfaces/cmake/ament_cmake_export_include_directories-extras.cmake
[19.600s] -- Up-to-date: /home/robocatsorin/Desktop/RobotCode2025/ros2_ws/install/custom_interfaces/share/custom_interfaces/cmake/ament_cmake_export_libraries-extras.cmake
[19.600s] -- Up-to-date: /home/robocatsorin/Desktop/RobotCode2025/ros2_ws/install/custom_interfaces/share/custom_interfaces/cmake/ament_cmake_export_targets-extras.cmake
[19.600s] -- Up-to-date: /home/robocatsorin/Desktop/RobotCode2025/ros2_ws/install/custom_interfaces/share/custom_interfaces/cmake/rosidl_cmake_export_typesupport_targets-extras.cmake
[19.600s] -- Up-to-date: /home/robocatsorin/Desktop/RobotCode2025/ros2_ws/install/custom_interfaces/share/custom_interfaces/cmake/rosidl_cmake_export_typesupport_libraries-extras.cmake
[19.600s] -- Up-to-date: /home/robocatsorin/Desktop/RobotCode2025/ros2_ws/install/custom_interfaces/share/custom_interfaces/cmake/custom_interfacesConfig.cmake
[19.600s] -- Up-to-date: /home/robocatsorin/Desktop/RobotCode2025/ros2_ws/install/custom_interfaces/share/custom_interfaces/cmake/custom_interfacesConfig-version.cmake
[19.601s] -- Up-to-date: /home/robocatsorin/Desktop/RobotCode2025/ros2_ws/install/custom_interfaces/share/custom_interfaces/package.xml
[19.607s] Invoked command in '/home/robocatsorin/Desktop/RobotCode2025/ros2_ws/build/custom_interfaces' returned '0': CMAKE_PREFIX_PATH=/opt/ros/humble /usr/bin/cmake --install /home/robocatsorin/Desktop/RobotCode2025/ros2_ws/build/custom_interfaces
