[1.956s] Invoking command in '/home/robocats/Desktop/RobotCode2025/ros2_ws/src/py_objectdetection': CMAKE_PREFIX_PATH=/home/robocats/Desktop/RobotCode2025/ros2_ws/install/custom_interfaces:/home/robocats/Desktop/RobotCode2025/ros2_ws/install/usb_cam:/home/robocats/Desktop/RobotCode2025/ros2_ws/install/cpp_subcontroller LD_LIBRARY_PATH=/home/robocats/Desktop/RobotCode2025/ros2_ws/install/custom_interfaces/lib:/home/robocats/Desktop/RobotCode2025/ros2_ws/install/usb_cam/lib:/opt/ros/humble/opt/rviz_ogre_vendor/lib:/opt/ros/humble/lib/aarch64-linux-gnu:/opt/ros/humble/lib:/usr/local/cuda-12.2/lib64 PYTHONPATH=/home/robocats/Desktop/RobotCode2025/ros2_ws/build/py_objectdetection/prefix_override:/usr/lib/python3/dist-packages/colcon_core/task/python/colcon_distutils_commands:/home/robocats/Desktop/RobotCode2025/ros2_ws/install/py_objectdetection/lib/python3.10/site-packages:${PYTHONPATH} /usr/bin/python3 -W ignore:setup.py install is deprecated -W ignore:easy_install command is deprecated setup.py egg_info --egg-base ../../build/py_objectdetection build --build-base /home/robocats/Desktop/RobotCode2025/ros2_ws/build/py_objectdetection/build install --record /home/robocats/Desktop/RobotCode2025/ros2_ws/build/py_objectdetection/install.log --single-version-externally-managed install_data
[2.352s] running egg_info
[2.353s] writing ../../build/py_objectdetection/py_objectdetection.egg-info/PKG-INFO
[2.353s] writing dependency_links to ../../build/py_objectdetection/py_objectdetection.egg-info/dependency_links.txt
[2.354s] writing entry points to ../../build/py_objectdetection/py_objectdetection.egg-info/entry_points.txt
[2.354s] writing requirements to ../../build/py_objectdetection/py_objectdetection.egg-info/requires.txt
[2.354s] writing top-level names to ../../build/py_objectdetection/py_objectdetection.egg-info/top_level.txt
[2.357s] reading manifest file '../../build/py_objectdetection/py_objectdetection.egg-info/SOURCES.txt'
[2.357s] adding license file 'LICENSE'
[2.358s] writing manifest file '../../build/py_objectdetection/py_objectdetection.egg-info/SOURCES.txt'
[2.358s] running build
[2.358s] running build_py
[2.359s] running install
[2.359s] running install_lib
[2.361s] running install_data
[2.362s] running install_egg_info
[2.364s] removing '/home/robocats/Desktop/RobotCode2025/ros2_ws/install/py_objectdetection/lib/python3.10/site-packages/py_objectdetection-0.0.0-py3.10.egg-info' (and everything under it)
[2.365s] Copying ../../build/py_objectdetection/py_objectdetection.egg-info to /home/robocats/Desktop/RobotCode2025/ros2_ws/install/py_objectdetection/lib/python3.10/site-packages/py_objectdetection-0.0.0-py3.10.egg-info
[2.366s] running install_scripts
[2.399s] Installing detector script to /home/robocats/Desktop/RobotCode2025/ros2_ws/install/py_objectdetection/lib/py_objectdetection
[2.399s] writing list of installed files to '/home/robocats/Desktop/RobotCode2025/ros2_ws/build/py_objectdetection/install.log'
[2.466s] Invoked command in '/home/robocats/Desktop/RobotCode2025/ros2_ws/src/py_objectdetection' returned '0': CMAKE_PREFIX_PATH=/home/robocats/Desktop/RobotCode2025/ros2_ws/install/custom_interfaces:/home/robocats/Desktop/RobotCode2025/ros2_ws/install/usb_cam:/home/robocats/Desktop/RobotCode2025/ros2_ws/install/cpp_subcontroller LD_LIBRARY_PATH=/home/robocats/Desktop/RobotCode2025/ros2_ws/install/custom_interfaces/lib:/home/robocats/Desktop/RobotCode2025/ros2_ws/install/usb_cam/lib:/opt/ros/humble/opt/rviz_ogre_vendor/lib:/opt/ros/humble/lib/aarch64-linux-gnu:/opt/ros/humble/lib:/usr/local/cuda-12.2/lib64 PYTHONPATH=/home/robocats/Desktop/RobotCode2025/ros2_ws/build/py_objectdetection/prefix_override:/usr/lib/python3/dist-packages/colcon_core/task/python/colcon_distutils_commands:/home/robocats/Desktop/RobotCode2025/ros2_ws/install/py_objectdetection/lib/python3.10/site-packages:${PYTHONPATH} /usr/bin/python3 -W ignore:setup.py install is deprecated -W ignore:easy_install command is deprecated setup.py egg_info --egg-base ../../build/py_objectdetection build --build-base /home/robocats/Desktop/RobotCode2025/ros2_ws/build/py_objectdetection/build install --record /home/robocats/Desktop/RobotCode2025/ros2_ws/build/py_objectdetection/install.log --single-version-externally-managed install_data
