running egg_info
creating ../../build/py_motors/py_motors.egg-info
writing ../../build/py_motors/py_motors.egg-info/PKG-INFO
writing dependency_links to ../../build/py_motors/py_motors.egg-info/dependency_links.txt
writing entry points to ../../build/py_motors/py_motors.egg-info/entry_points.txt
writing requirements to ../../build/py_motors/py_motors.egg-info/requires.txt
writing top-level names to ../../build/py_motors/py_motors.egg-info/top_level.txt
writing manifest file '../../build/py_motors/py_motors.egg-info/SOURCES.txt'
reading manifest file '../../build/py_motors/py_motors.egg-info/SOURCES.txt'
adding license file 'LICENSE'
writing manifest file '../../build/py_motors/py_motors.egg-info/SOURCES.txt'
running build
running build_py
creating /home/robocatsorin/Desktop/RobotCode2025/ros2_ws/build/py_motors/build
creating /home/robocatsorin/Desktop/RobotCode2025/ros2_ws/build/py_motors/build/lib
creating /home/robocatsorin/Desktop/RobotCode2025/ros2_ws/build/py_motors/build/lib/py_motors
copying py_motors/motor_conductor.py -> /home/robocatsorin/Desktop/RobotCode2025/ros2_ws/build/py_motors/build/lib/py_motors
copying py_motors/motor_controller.py -> /home/robocatsorin/Desktop/RobotCode2025/ros2_ws/build/py_motors/build/lib/py_motors
copying py_motors/MotorCommands.py -> /home/robocatsorin/Desktop/RobotCode2025/ros2_ws/build/py_motors/build/lib/py_motors
copying py_motors/__init__.py -> /home/robocatsorin/Desktop/RobotCode2025/ros2_ws/build/py_motors/build/lib/py_motors
copying py_motors/torpedo_controller.py -> /home/robocatsorin/Desktop/RobotCode2025/ros2_ws/build/py_motors/build/lib/py_motors
running install
running install_lib
running install_data
running install_egg_info
removing '/home/robocatsorin/Desktop/RobotCode2025/ros2_ws/install/py_motors/lib/python3.10/site-packages/py_motors-0.0.0-py3.10.egg-info' (and everything under it)
Copying ../../build/py_motors/py_motors.egg-info to /home/robocatsorin/Desktop/RobotCode2025/ros2_ws/install/py_motors/lib/python3.10/site-packages/py_motors-0.0.0-py3.10.egg-info
running install_scripts
Installing motor_conductor script to /home/robocatsorin/Desktop/RobotCode2025/ros2_ws/install/py_motors/lib/py_motors
Installing motor_controller script to /home/robocatsorin/Desktop/RobotCode2025/ros2_ws/install/py_motors/lib/py_motors
writing list of installed files to '/home/robocatsorin/Desktop/RobotCode2025/ros2_ws/build/py_motors/install.log'
