[1.388s] Invoking command in '/home/robocatsorin/Desktop/RobotCode2025/ros2_ws/src/py_objectdetection': CMAKE_PREFIX_PATH=/home/robocatsorin/Desktop/RobotCode2025/ros2_ws/install/custom_interfaces:/home/robocatsorin/Desktop/RobotCode2025/ros2_ws/install/usb_cam:/home/robocatsorin/Desktop/RobotCode2025/ros2_ws/install/cpp_subcontroller LD_LIBRARY_PATH=/home/robocatsorin/Desktop/RobotCode2025/ros2_ws/install/custom_interfaces/lib:/home/robocatsorin/Desktop/RobotCode2025/ros2_ws/install/usb_cam/lib:/opt/ros/humble/opt/rviz_ogre_vendor/lib:/opt/ros/humble/lib/aarch64-linux-gnu:/opt/ros/humble/lib:/usr/local/cuda-12.6/lib64 PYTHONPATH=/home/robocatsorin/Desktop/RobotCode2025/ros2_ws/build/py_objectdetection/prefix_override:/usr/lib/python3/dist-packages/colcon_core/task/python/colcon_distutils_commands:/home/robocatsorin/Desktop/RobotCode2025/ros2_ws/install/py_objectdetection/lib/python3.10/site-packages:${PYTHONPATH} /usr/bin/python3 -W ignore:setup.py install is deprecated -W ignore:easy_install command is deprecated setup.py egg_info --egg-base ../../build/py_objectdetection build --build-base /home/robocatsorin/Desktop/RobotCode2025/ros2_ws/build/py_objectdetection/build install --record /home/robocatsorin/Desktop/RobotCode2025/ros2_ws/build/py_objectdetection/install.log --single-version-externally-managed install_data
[1.864s] running egg_info
[1.865s] writing ../../build/py_objectdetection/py_objectdetection.egg-info/PKG-INFO
[1.866s] writing dependency_links to ../../build/py_objectdetection/py_objectdetection.egg-info/dependency_links.txt
[1.866s] writing entry points to ../../build/py_objectdetection/py_objectdetection.egg-info/entry_points.txt
[1.867s] writing requirements to ../../build/py_objectdetection/py_objectdetection.egg-info/requires.txt
[1.867s] writing top-level names to ../../build/py_objectdetection/py_objectdetection.egg-info/top_level.txt
[1.871s] reading manifest file '../../build/py_objectdetection/py_objectdetection.egg-info/SOURCES.txt'
[1.871s] adding license file 'LICENSE'
[1.872s] writing manifest file '../../build/py_objectdetection/py_objectdetection.egg-info/SOURCES.txt'
[1.873s] running build
[1.873s] running build_py
[1.873s] copying py_objectdetection/DItM_tester.py -> /home/robocatsorin/Desktop/RobotCode2025/ros2_ws/build/py_objectdetection/build/lib/py_objectdetection
[1.874s] running install
[1.875s] running install_lib
[1.876s] copying /home/robocatsorin/Desktop/RobotCode2025/ros2_ws/build/py_objectdetection/build/lib/py_objectdetection/DItM_tester.py -> /home/robocatsorin/Desktop/RobotCode2025/ros2_ws/install/py_objectdetection/lib/python3.10/site-packages/py_objectdetection
[1.878s] byte-compiling /home/robocatsorin/Desktop/RobotCode2025/ros2_ws/install/py_objectdetection/lib/python3.10/site-packages/py_objectdetection/DItM_tester.py to DItM_tester.cpython-310.pyc
[1.880s] running install_data
[1.880s] running install_egg_info
[1.884s] removing '/home/robocatsorin/Desktop/RobotCode2025/ros2_ws/install/py_objectdetection/lib/python3.10/site-packages/py_objectdetection-0.0.0-py3.10.egg-info' (and everything under it)
[1.884s] Copying ../../build/py_objectdetection/py_objectdetection.egg-info to /home/robocatsorin/Desktop/RobotCode2025/ros2_ws/install/py_objectdetection/lib/python3.10/site-packages/py_objectdetection-0.0.0-py3.10.egg-info
[1.886s] running install_scripts
[1.926s] Installing detector script to /home/robocatsorin/Desktop/RobotCode2025/ros2_ws/install/py_objectdetection/lib/py_objectdetection
[1.927s] Installing mapper script to /home/robocatsorin/Desktop/RobotCode2025/ros2_ws/install/py_objectdetection/lib/py_objectdetection
[1.928s] Installing tester script to /home/robocatsorin/Desktop/RobotCode2025/ros2_ws/install/py_objectdetection/lib/py_objectdetection
[1.929s] writing list of installed files to '/home/robocatsorin/Desktop/RobotCode2025/ros2_ws/build/py_objectdetection/install.log'
[1.995s] Invoked command in '/home/robocatsorin/Desktop/RobotCode2025/ros2_ws/src/py_objectdetection' returned '0': CMAKE_PREFIX_PATH=/home/robocatsorin/Desktop/RobotCode2025/ros2_ws/install/custom_interfaces:/home/robocatsorin/Desktop/RobotCode2025/ros2_ws/install/usb_cam:/home/robocatsorin/Desktop/RobotCode2025/ros2_ws/install/cpp_subcontroller LD_LIBRARY_PATH=/home/robocatsorin/Desktop/RobotCode2025/ros2_ws/install/custom_interfaces/lib:/home/robocatsorin/Desktop/RobotCode2025/ros2_ws/install/usb_cam/lib:/opt/ros/humble/opt/rviz_ogre_vendor/lib:/opt/ros/humble/lib/aarch64-linux-gnu:/opt/ros/humble/lib:/usr/local/cuda-12.6/lib64 PYTHONPATH=/home/robocatsorin/Desktop/RobotCode2025/ros2_ws/build/py_objectdetection/prefix_override:/usr/lib/python3/dist-packages/colcon_core/task/python/colcon_distutils_commands:/home/robocatsorin/Desktop/RobotCode2025/ros2_ws/install/py_objectdetection/lib/python3.10/site-packages:${PYTHONPATH} /usr/bin/python3 -W ignore:setup.py install is deprecated -W ignore:easy_install command is deprecated setup.py egg_info --egg-base ../../build/py_objectdetection build --build-base /home/robocatsorin/Desktop/RobotCode2025/ros2_ws/build/py_objectdetection/build install --record /home/robocatsorin/Desktop/RobotCode2025/ros2_ws/build/py_objectdetection/install.log --single-version-externally-managed install_data
