[1.045s] Invoking command in '/home/robocats/Desktop/RobotCode2025/ros2_ws/src/py_sensors': CMAKE_PREFIX_PATH=/home/robocats/Desktop/RobotCode2025/ros2_ws/install/custom_interfaces:/home/robocats/Desktop/RobotCode2025/ros2_ws/install/cpp_subcontroller LD_LIBRARY_PATH=/home/robocats/Desktop/RobotCode2025/ros2_ws/install/custom_interfaces/lib:/opt/ros/humble/opt/rviz_ogre_vendor/lib:/opt/ros/humble/lib/aarch64-linux-gnu:/opt/ros/humble/lib:/usr/local/cuda-12.2/lib64 PYTHONPATH=/home/robocats/Desktop/RobotCode2025/ros2_ws/build/py_sensors/prefix_override:/usr/lib/python3/dist-packages/colcon_core/task/python/colcon_distutils_commands:/home/robocats/Desktop/RobotCode2025/ros2_ws/install/py_sensors/lib/python3.10/site-packages:${PYTHONPATH} /usr/bin/python3 -W ignore:setup.py install is deprecated -W ignore:easy_install command is deprecated setup.py egg_info --egg-base ../../build/py_sensors build --build-base /home/robocats/Desktop/RobotCode2025/ros2_ws/build/py_sensors/build install --record /home/robocats/Desktop/RobotCode2025/ros2_ws/build/py_sensors/install.log --single-version-externally-managed install_data
[1.421s] running egg_info
[1.422s] writing ../../build/py_sensors/py_sensors.egg-info/PKG-INFO
[1.427s] writing dependency_links to ../../build/py_sensors/py_sensors.egg-info/dependency_links.txt
[1.428s] writing entry points to ../../build/py_sensors/py_sensors.egg-info/entry_points.txt
[1.428s] writing requirements to ../../build/py_sensors/py_sensors.egg-info/requires.txt
[1.428s] writing top-level names to ../../build/py_sensors/py_sensors.egg-info/top_level.txt
[1.431s] reading manifest file '../../build/py_sensors/py_sensors.egg-info/SOURCES.txt'
[1.431s] adding license file 'LICENSE'
[1.433s] writing manifest file '../../build/py_sensors/py_sensors.egg-info/SOURCES.txt'
[1.433s] running build
[1.433s] running build_py
[1.434s] copying py_sensors/video_publisher.py -> /home/robocats/Desktop/RobotCode2025/ros2_ws/build/py_sensors/build/lib/py_sensors
[1.435s] running install
[1.436s] running install_lib
[1.437s] copying /home/robocats/Desktop/RobotCode2025/ros2_ws/build/py_sensors/build/lib/py_sensors/video_publisher.py -> /home/robocats/Desktop/RobotCode2025/ros2_ws/install/py_sensors/lib/python3.10/site-packages/py_sensors
[1.440s] byte-compiling /home/robocats/Desktop/RobotCode2025/ros2_ws/install/py_sensors/lib/python3.10/site-packages/py_sensors/video_publisher.py to video_publisher.cpython-310.pyc
[1.442s] running install_data
[1.442s] running install_egg_info
[1.445s] removing '/home/robocats/Desktop/RobotCode2025/ros2_ws/install/py_sensors/lib/python3.10/site-packages/py_sensors-0.0.0-py3.10.egg-info' (and everything under it)
[1.445s] Copying ../../build/py_sensors/py_sensors.egg-info to /home/robocats/Desktop/RobotCode2025/ros2_ws/install/py_sensors/lib/python3.10/site-packages/py_sensors-0.0.0-py3.10.egg-info
[1.447s] running install_scripts
[1.476s] Installing bar02 script to /home/robocats/Desktop/RobotCode2025/ros2_ws/install/py_sensors/lib/py_sensors
[1.477s] Installing camera script to /home/robocats/Desktop/RobotCode2025/ros2_ws/install/py_sensors/lib/py_sensors
[1.477s] Installing imu script to /home/robocats/Desktop/RobotCode2025/ros2_ws/install/py_sensors/lib/py_sensors
[1.478s] writing list of installed files to '/home/robocats/Desktop/RobotCode2025/ros2_ws/build/py_sensors/install.log'
[1.535s] Invoked command in '/home/robocats/Desktop/RobotCode2025/ros2_ws/src/py_sensors' returned '0': CMAKE_PREFIX_PATH=/home/robocats/Desktop/RobotCode2025/ros2_ws/install/custom_interfaces:/home/robocats/Desktop/RobotCode2025/ros2_ws/install/cpp_subcontroller LD_LIBRARY_PATH=/home/robocats/Desktop/RobotCode2025/ros2_ws/install/custom_interfaces/lib:/opt/ros/humble/opt/rviz_ogre_vendor/lib:/opt/ros/humble/lib/aarch64-linux-gnu:/opt/ros/humble/lib:/usr/local/cuda-12.2/lib64 PYTHONPATH=/home/robocats/Desktop/RobotCode2025/ros2_ws/build/py_sensors/prefix_override:/usr/lib/python3/dist-packages/colcon_core/task/python/colcon_distutils_commands:/home/robocats/Desktop/RobotCode2025/ros2_ws/install/py_sensors/lib/python3.10/site-packages:${PYTHONPATH} /usr/bin/python3 -W ignore:setup.py install is deprecated -W ignore:easy_install command is deprecated setup.py egg_info --egg-base ../../build/py_sensors build --build-base /home/robocats/Desktop/RobotCode2025/ros2_ws/build/py_sensors/build install --record /home/robocats/Desktop/RobotCode2025/ros2_ws/build/py_sensors/install.log --single-version-externally-managed install_data
