In file included from [01m[K/home/robocats/Desktop/RobotCode2025/ros2_ws/build/custom_interfaces/rosidl_generator_c/custom_interfaces/action/detail/detection_action__functions.h:19[m[K,
                 from [01m[K/home/robocats/Desktop/RobotCode2025/ros2_ws/build/custom_interfaces/rosidl_generator_c/custom_interfaces/action/detail/detection_action__functions.c:4[m[K:
[01m[K/home/robocats/Desktop/RobotCode2025/ros2_ws/build/custom_interfaces/rosidl_generator_c/custom_interfaces/action/detail/detection_action__struct.h:45:10:[m[K [01;31m[Kfatal error: [m[Kcustom_interfaces/msg/detail/bounding_box__struct.h: No such file or directory
   45 | #include [01;31m[K"custom_interfaces/msg/detail/bounding_box__struct.h"[m[K
      |          [01;31m[K^~~~~~~~~~~~~~~~~~~~~~~~~~~~~~~~~~~~~~~~~~~~~~~~~~~~~[m[K
compilation terminated.
gmake[2]: *** [CMakeFiles/custom_interfaces__rosidl_generator_c.dir/build.make:292: CMakeFiles/custom_interfaces__rosidl_generator_c.dir/rosidl_generator_c/custom_interfaces/action/detail/detection_action__functions.c.o] Error 1
gmake[2]: *** Waiting for unfinished jobs....
gmake[1]: *** [CMakeFiles/Makefile2:213: CMakeFiles/custom_interfaces__rosidl_generator_c.dir/all] Error 2
gmake[1]: *** Waiting for unfinished jobs....
In file included from [01m[K/home/robocats/Desktop/RobotCode2025/ros2_ws/build/custom_interfaces/rosidl_typesupport_cpp/custom_interfaces/action/detection_action__type_support.cpp:7[m[K:
[01m[K/home/robocats/Desktop/RobotCode2025/ros2_ws/build/custom_interfaces/rosidl_generator_cpp/custom_interfaces/action/detail/detection_action__struct.hpp:134:10:[m[K [01;31m[Kfatal error: [m[Kcustom_interfaces/msg/detail/bounding_box__struct.hpp: No such file or directory
  134 | #include [01;31m[K"custom_interfaces/msg/detail/bounding_box__struct.hpp"[m[K
      |          [01;31m[K^~~~~~~~~~~~~~~~~~~~~~~~~~~~~~~~~~~~~~~~~~~~~~~~~~~~~~~[m[K
compilation terminated.
gmake[2]: *** [CMakeFiles/custom_interfaces__rosidl_typesupport_cpp.dir/build.make:225: CMakeFiles/custom_interfaces__rosidl_typesupport_cpp.dir/rosidl_typesupport_cpp/custom_interfaces/action/detection_action__type_support.cpp.o] Error 1
gmake[2]: *** Waiting for unfinished jobs....
In file included from [01m[K/home/robocats/Desktop/RobotCode2025/ros2_ws/build/custom_interfaces/rosidl_typesupport_introspection_cpp/custom_interfaces/action/detail/detection_action__type_support.cpp:12[m[K:
[01m[K/home/robocats/Desktop/RobotCode2025/ros2_ws/build/custom_interfaces/rosidl_generator_cpp/custom_interfaces/action/detail/detection_action__struct.hpp:134:10:[m[K [01;31m[Kfatal error: [m[Kcustom_interfaces/msg/detail/bounding_box__struct.hpp: No such file or directory
  134 | #include [01;31m[K"custom_interfaces/msg/detail/bounding_box__struct.hpp"[m[K
      |          [01;31m[K^~~~~~~~~~~~~~~~~~~~~~~~~~~~~~~~~~~~~~~~~~~~~~~~~~~~~~~[m[K
compilation terminated.
gmake[2]: *** [CMakeFiles/custom_interfaces__rosidl_typesupport_introspection_cpp.dir/build.make:242: CMakeFiles/custom_interfaces__rosidl_typesupport_introspection_cpp.dir/rosidl_typesupport_introspection_cpp/custom_interfaces/action/detail/detection_action__type_support.cpp.o] Error 1
gmake[2]: *** Waiting for unfinished jobs....
gmake[1]: *** [CMakeFiles/Makefile2:395: CMakeFiles/custom_interfaces__rosidl_typesupport_cpp.dir/all] Error 2
In file included from [01m[K/home/robocats/Desktop/RobotCode2025/ros2_ws/build/custom_interfaces/rosidl_typesupport_fastrtps_cpp/custom_interfaces/action/detail/detection_action__rosidl_typesupport_fastrtps_cpp.hpp:11[m[K,
                 from [01m[K/home/robocats/Desktop/RobotCode2025/ros2_ws/build/custom_interfaces/rosidl_typesupport_fastrtps_cpp/custom_interfaces/action/detail/dds_fastrtps/detection_action__type_support.cpp:4[m[K:
[01m[K/home/robocats/Desktop/RobotCode2025/ros2_ws/build/custom_interfaces/rosidl_generator_cpp/custom_interfaces/action/detail/detection_action__struct.hpp:134:10:[m[K [01;31m[Kfatal error: [m[Kcustom_interfaces/msg/detail/bounding_box__struct.hpp: No such file or directory
  134 | #include [01;31m[K"custom_interfaces/msg/detail/bounding_box__struct.hpp"[m[K
      |          [01;31m[K^~~~~~~~~~~~~~~~~~~~~~~~~~~~~~~~~~~~~~~~~~~~~~~~~~~~~~~[m[K
compilation terminated.
gmake[2]: *** [CMakeFiles/custom_interfaces__rosidl_typesupport_fastrtps_cpp.dir/build.make:242: CMakeFiles/custom_interfaces__rosidl_typesupport_fastrtps_cpp.dir/rosidl_typesupport_fastrtps_cpp/custom_interfaces/action/detail/dds_fastrtps/detection_action__type_support.cpp.o] Error 1
gmake[2]: *** Waiting for unfinished jobs....
gmake[1]: *** [CMakeFiles/Makefile2:369: CMakeFiles/custom_interfaces__rosidl_typesupport_introspection_cpp.dir/all] Error 2
gmake[1]: *** [CMakeFiles/Makefile2:291: CMakeFiles/custom_interfaces__rosidl_typesupport_fastrtps_cpp.dir/all] Error 2
gmake: *** [Makefile:146: all] Error 2
