[0.032s] Invoking command in '/home/robocats/Desktop/RobotCode2025/ros2_ws/build/custom_interfaces': CMAKE_PREFIX_PATH=${CMAKE_PREFIX_PATH}:/home/robocats/Desktop/RobotCode2025/ros2_ws/install/py_sensors:/home/robocats/Desktop/RobotCode2025/ros2_ws/install/py_motors:/opt/ros/humble /usr/bin/cmake --build /home/robocats/Desktop/RobotCode2025/ros2_ws/build/custom_interfaces -- -j12 -l12
[0.443s] -- Found ament_cmake: 1.3.11 (/opt/ros/humble/share/ament_cmake/cmake)
[0.444s] -- Found geometry_msgs: 4.8.0 (/opt/ros/humble/share/geometry_msgs/cmake)
[0.444s] -- Found rosidl_generator_c: 3.1.6 (/opt/ros/humble/share/rosidl_generator_c/cmake)
[0.444s] -- Found rosidl_adapter: 3.1.6 (/opt/ros/humble/share/rosidl_adapter/cmake)
[0.445s] -- Found rosidl_generator_cpp: 3.1.6 (/opt/ros/humble/share/rosidl_generator_cpp/cmake)
[0.445s] -- Using all available rosidl_typesupport_c: rosidl_typesupport_fastrtps_c;rosidl_typesupport_introspection_c
[0.445s] -- Using all available rosidl_typesupport_cpp: rosidl_typesupport_fastrtps_cpp;rosidl_typesupport_introspection_cpp
[0.455s] -- Found rosidl_default_generators: 1.2.0 (/opt/ros/humble/share/rosidl_default_generators/cmake)
[1.130s] -- Found ament_cmake_ros: 0.10.0 (/opt/ros/humble/share/ament_cmake_ros/cmake)
[1.972s] -- Using all available rosidl_typesupport_c: rosidl_typesupport_fastrtps_c;rosidl_typesupport_introspection_c
[2.334s] -- Using all available rosidl_typesupport_cpp: rosidl_typesupport_fastrtps_cpp;rosidl_typesupport_introspection_cpp
[2.380s] -- Found python_cmake_module: 0.10.0 (/opt/ros/humble/share/python_cmake_module/cmake)
[2.434s] -- Using PYTHON_EXECUTABLE: /usr/bin/python3
[2.434s] -- Using PYTHON_INCLUDE_DIRS: /usr/include/python3.10
[2.434s] -- Using PYTHON_LIBRARIES: /usr/lib/aarch64-linux-gnu/libpython3.10.so
[2.578s] -- Configuring done
[2.693s] -- Generating done
[2.721s] -- Build files have been written to: /home/robocats/Desktop/RobotCode2025/ros2_ws/build/custom_interfaces
[2.775s] [  1%] [34m[1mGenerating C code for ROS interfaces[0m
[2.795s] [  3%] [34m[1mGenerating C++ code for ROS interfaces[0m
[2.819s] [  3%] Built target ament_cmake_python_copy_custom_interfaces
[3.209s] running egg_info
[3.210s] writing custom_interfaces.egg-info/PKG-INFO
[3.210s] writing dependency_links to custom_interfaces.egg-info/dependency_links.txt
[3.210s] writing top-level names to custom_interfaces.egg-info/top_level.txt
[3.214s] reading manifest file 'custom_interfaces.egg-info/SOURCES.txt'
[3.215s] writing manifest file 'custom_interfaces.egg-info/SOURCES.txt'
[3.279s] [  3%] Built target ament_cmake_python_build_custom_interfaces_egg
[3.784s] [35m[1mConsolidate compiler generated dependencies of target custom_interfaces__rosidl_generator_c[0m
[3.809s] [  6%] [32mBuilding C object CMakeFiles/custom_interfaces__rosidl_generator_c.dir/rosidl_generator_c/custom_interfaces/msg/detail/depth_report__functions.c.o[0m
[3.809s] [ 11%] [32mBuilding C object CMakeFiles/custom_interfaces__rosidl_generator_c.dir/rosidl_generator_c/custom_interfaces/msg/detail/motion_goal__functions.c.o[0m
[3.809s] [ 11%] [32mBuilding C object CMakeFiles/custom_interfaces__rosidl_generator_c.dir/rosidl_generator_c/custom_interfaces/msg/detail/imu_data__functions.c.o[0m
[3.809s] [ 11%] [32mBuilding C object CMakeFiles/custom_interfaces__rosidl_generator_c.dir/rosidl_generator_c/custom_interfaces/action/detail/detection_action__functions.c.o[0m
[3.810s] [ 11%] [32mBuilding C object CMakeFiles/custom_interfaces__rosidl_generator_c.dir/rosidl_generator_c/custom_interfaces/msg/detail/motor_command__functions.c.o[0m
[3.812s] [ 11%] Built target custom_interfaces__cpp
[3.831s] [ 15%] [34m[1mGenerating C++ type support dispatch for ROS interfaces[0m
[3.831s] [ 15%] [34m[1mGenerating C++ type support for eProsima Fast-RTPS[0m
[3.831s] [ 15%] [34m[1mGenerating C++ introspection for ROS interfaces[0m
[3.848s] In file included from [01m[K/home/robocats/Desktop/RobotCode2025/ros2_ws/build/custom_interfaces/rosidl_generator_c/custom_interfaces/action/detail/detection_action__functions.h:19[m[K,
[3.848s]                  from [01m[K/home/robocats/Desktop/RobotCode2025/ros2_ws/build/custom_interfaces/rosidl_generator_c/custom_interfaces/action/detail/detection_action__functions.c:4[m[K:
[3.848s] [01m[K/home/robocats/Desktop/RobotCode2025/ros2_ws/build/custom_interfaces/rosidl_generator_c/custom_interfaces/action/detail/detection_action__struct.h:45:10:[m[K [01;31m[Kfatal error: [m[Kcustom_interfaces/msg/detail/bounding_box__struct.h: No such file or directory
[3.848s]    45 | #include [01;31m[K"custom_interfaces/msg/detail/bounding_box__struct.h"[m[K
[3.849s]       |          [01;31m[K^~~~~~~~~~~~~~~~~~~~~~~~~~~~~~~~~~~~~~~~~~~~~~~~~~~~~[m[K
[3.849s] compilation terminated.
[3.851s] gmake[2]: *** [CMakeFiles/custom_interfaces__rosidl_generator_c.dir/build.make:292: CMakeFiles/custom_interfaces__rosidl_generator_c.dir/rosidl_generator_c/custom_interfaces/action/detail/detection_action__functions.c.o] Error 1
[3.851s] gmake[2]: *** Waiting for unfinished jobs....
[3.911s] gmake[1]: *** [CMakeFiles/Makefile2:213: CMakeFiles/custom_interfaces__rosidl_generator_c.dir/all] Error 2
[3.911s] gmake[1]: *** Waiting for unfinished jobs....
[4.448s] [35m[1mConsolidate compiler generated dependencies of target custom_interfaces__rosidl_typesupport_cpp[0m
[4.473s] [ 23%] [32mBuilding CXX object CMakeFiles/custom_interfaces__rosidl_typesupport_cpp.dir/rosidl_typesupport_cpp/custom_interfaces/action/detection_action__type_support.cpp.o[0m
[4.473s] [ 23%] [32mBuilding CXX object CMakeFiles/custom_interfaces__rosidl_typesupport_cpp.dir/rosidl_typesupport_cpp/custom_interfaces/msg/motor_command__type_support.cpp.o[0m
[4.474s] [ 23%] [32mBuilding CXX object CMakeFiles/custom_interfaces__rosidl_typesupport_cpp.dir/rosidl_typesupport_cpp/custom_interfaces/msg/depth_report__type_support.cpp.o[0m
[4.474s] [ 23%] [32mBuilding CXX object CMakeFiles/custom_interfaces__rosidl_typesupport_cpp.dir/rosidl_typesupport_cpp/custom_interfaces/msg/motion_goal__type_support.cpp.o[0m
[4.474s] [ 23%] [32mBuilding CXX object CMakeFiles/custom_interfaces__rosidl_typesupport_cpp.dir/rosidl_typesupport_cpp/custom_interfaces/msg/imu_data__type_support.cpp.o[0m
[4.570s] In file included from [01m[K/home/robocats/Desktop/RobotCode2025/ros2_ws/build/custom_interfaces/rosidl_typesupport_cpp/custom_interfaces/action/detection_action__type_support.cpp:7[m[K:
[4.570s] [01m[K/home/robocats/Desktop/RobotCode2025/ros2_ws/build/custom_interfaces/rosidl_generator_cpp/custom_interfaces/action/detail/detection_action__struct.hpp:134:10:[m[K [01;31m[Kfatal error: [m[Kcustom_interfaces/msg/detail/bounding_box__struct.hpp: No such file or directory
[4.570s]   134 | #include [01;31m[K"custom_interfaces/msg/detail/bounding_box__struct.hpp"[m[K
[4.570s]       |          [01;31m[K^~~~~~~~~~~~~~~~~~~~~~~~~~~~~~~~~~~~~~~~~~~~~~~~~~~~~~~[m[K
[4.571s] compilation terminated.
[4.578s] gmake[2]: *** [CMakeFiles/custom_interfaces__rosidl_typesupport_cpp.dir/build.make:225: CMakeFiles/custom_interfaces__rosidl_typesupport_cpp.dir/rosidl_typesupport_cpp/custom_interfaces/action/detection_action__type_support.cpp.o] Error 1
[4.579s] gmake[2]: *** Waiting for unfinished jobs....
[4.601s] [35m[1mConsolidate compiler generated dependencies of target custom_interfaces__rosidl_typesupport_introspection_cpp[0m
[4.628s] [ 31%] [32mBuilding CXX object CMakeFiles/custom_interfaces__rosidl_typesupport_introspection_cpp.dir/rosidl_typesupport_introspection_cpp/custom_interfaces/msg/detail/motion_goal__type_support.cpp.o[0m
[4.628s] [ 31%] [32mBuilding CXX object CMakeFiles/custom_interfaces__rosidl_typesupport_introspection_cpp.dir/rosidl_typesupport_introspection_cpp/custom_interfaces/msg/detail/motor_command__type_support.cpp.o[0m
[4.628s] [ 31%] [32mBuilding CXX object CMakeFiles/custom_interfaces__rosidl_typesupport_introspection_cpp.dir/rosidl_typesupport_introspection_cpp/custom_interfaces/action/detail/detection_action__type_support.cpp.o[0m
[4.628s] [ 31%] [32mBuilding CXX object CMakeFiles/custom_interfaces__rosidl_typesupport_introspection_cpp.dir/rosidl_typesupport_introspection_cpp/custom_interfaces/msg/detail/imu_data__type_support.cpp.o[0m
[4.628s] [ 31%] [32mBuilding CXX object CMakeFiles/custom_interfaces__rosidl_typesupport_introspection_cpp.dir/rosidl_typesupport_introspection_cpp/custom_interfaces/msg/detail/depth_report__type_support.cpp.o[0m
[4.729s] [35m[1mConsolidate compiler generated dependencies of target custom_interfaces__rosidl_typesupport_fastrtps_cpp[0m
[4.742s] In file included from [01m[K/home/robocats/Desktop/RobotCode2025/ros2_ws/build/custom_interfaces/rosidl_typesupport_introspection_cpp/custom_interfaces/action/detail/detection_action__type_support.cpp:12[m[K:
[4.742s] [01m[K/home/robocats/Desktop/RobotCode2025/ros2_ws/build/custom_interfaces/rosidl_generator_cpp/custom_interfaces/action/detail/detection_action__struct.hpp:134:10:[m[K [01;31m[Kfatal error: [m[Kcustom_interfaces/msg/detail/bounding_box__struct.hpp: No such file or directory
[4.742s]   134 | #include [01;31m[K"custom_interfaces/msg/detail/bounding_box__struct.hpp"[m[K
[4.742s]       |          [01;31m[K^~~~~~~~~~~~~~~~~~~~~~~~~~~~~~~~~~~~~~~~~~~~~~~~~~~~~~~[m[K
[4.742s] compilation terminated.
[4.746s] gmake[2]: *** [CMakeFiles/custom_interfaces__rosidl_typesupport_introspection_cpp.dir/build.make:242: CMakeFiles/custom_interfaces__rosidl_typesupport_introspection_cpp.dir/rosidl_typesupport_introspection_cpp/custom_interfaces/action/detail/detection_action__type_support.cpp.o] Error 1
[4.746s] gmake[2]: *** Waiting for unfinished jobs....
[4.761s] [ 33%] [32mBuilding CXX object CMakeFiles/custom_interfaces__rosidl_typesupport_fastrtps_cpp.dir/rosidl_typesupport_fastrtps_cpp/custom_interfaces/msg/detail/dds_fastrtps/motion_goal__type_support.cpp.o[0m
[4.764s] [ 34%] [32mBuilding CXX object CMakeFiles/custom_interfaces__rosidl_typesupport_fastrtps_cpp.dir/rosidl_typesupport_fastrtps_cpp/custom_interfaces/msg/detail/dds_fastrtps/imu_data__type_support.cpp.o[0m
[4.771s] [ 36%] [32mBuilding CXX object CMakeFiles/custom_interfaces__rosidl_typesupport_fastrtps_cpp.dir/rosidl_typesupport_fastrtps_cpp/custom_interfaces/msg/detail/dds_fastrtps/depth_report__type_support.cpp.o[0m
[4.777s] [ 38%] [32mBuilding CXX object CMakeFiles/custom_interfaces__rosidl_typesupport_fastrtps_cpp.dir/rosidl_typesupport_fastrtps_cpp/custom_interfaces/msg/detail/dds_fastrtps/motor_command__type_support.cpp.o[0m
[4.968s] gmake[1]: *** [CMakeFiles/Makefile2:395: CMakeFiles/custom_interfaces__rosidl_typesupport_cpp.dir/all] Error 2
[4.975s] [ 39%] [32mBuilding CXX object CMakeFiles/custom_interfaces__rosidl_typesupport_fastrtps_cpp.dir/rosidl_typesupport_fastrtps_cpp/custom_interfaces/action/detail/dds_fastrtps/detection_action__type_support.cpp.o[0m
[5.070s] In file included from [01m[K/home/robocats/Desktop/RobotCode2025/ros2_ws/build/custom_interfaces/rosidl_typesupport_fastrtps_cpp/custom_interfaces/action/detail/detection_action__rosidl_typesupport_fastrtps_cpp.hpp:11[m[K,
[5.070s]                  from [01m[K/home/robocats/Desktop/RobotCode2025/ros2_ws/build/custom_interfaces/rosidl_typesupport_fastrtps_cpp/custom_interfaces/action/detail/dds_fastrtps/detection_action__type_support.cpp:4[m[K:
[5.071s] [01m[K/home/robocats/Desktop/RobotCode2025/ros2_ws/build/custom_interfaces/rosidl_generator_cpp/custom_interfaces/action/detail/detection_action__struct.hpp:134:10:[m[K [01;31m[Kfatal error: [m[Kcustom_interfaces/msg/detail/bounding_box__struct.hpp: No such file or directory
[5.071s]   134 | #include [01;31m[K"custom_interfaces/msg/detail/bounding_box__struct.hpp"[m[K
[5.071s]       |          [01;31m[K^~~~~~~~~~~~~~~~~~~~~~~~~~~~~~~~~~~~~~~~~~~~~~~~~~~~~~~[m[K
[5.071s] compilation terminated.
[5.074s] gmake[2]: *** [CMakeFiles/custom_interfaces__rosidl_typesupport_fastrtps_cpp.dir/build.make:242: CMakeFiles/custom_interfaces__rosidl_typesupport_fastrtps_cpp.dir/rosidl_typesupport_fastrtps_cpp/custom_interfaces/action/detail/dds_fastrtps/detection_action__type_support.cpp.o] Error 1
[5.074s] gmake[2]: *** Waiting for unfinished jobs....
[5.297s] gmake[1]: *** [CMakeFiles/Makefile2:369: CMakeFiles/custom_interfaces__rosidl_typesupport_introspection_cpp.dir/all] Error 2
[5.476s] gmake[1]: *** [CMakeFiles/Makefile2:291: CMakeFiles/custom_interfaces__rosidl_typesupport_fastrtps_cpp.dir/all] Error 2
[5.476s] gmake: *** [Makefile:146: all] Error 2
[5.482s] Invoked command in '/home/robocats/Desktop/RobotCode2025/ros2_ws/build/custom_interfaces' returned '2': CMAKE_PREFIX_PATH=${CMAKE_PREFIX_PATH}:/home/robocats/Desktop/RobotCode2025/ros2_ws/install/py_sensors:/home/robocats/Desktop/RobotCode2025/ros2_ws/install/py_motors:/opt/ros/humble /usr/bin/cmake --build /home/robocats/Desktop/RobotCode2025/ros2_ws/build/custom_interfaces -- -j12 -l12
