[1.323s] Invoking command in '/home/robocatsorin/Desktop/RobotCode2025/ros2_ws/build/py_objectdetection': CMAKE_PREFIX_PATH=/home/robocatsorin/Desktop/RobotCode2025/ros2_ws/install/custom_interfaces:/home/robocatsorin/Desktop/RobotCode2025/ros2_ws/install/cpp_subcontroller LD_LIBRARY_PATH=/home/robocatsorin/Desktop/RobotCode2025/ros2_ws/install/custom_interfaces/lib:/opt/ros/humble/opt/rviz_ogre_vendor/lib:/opt/ros/humble/lib/aarch64-linux-gnu:/opt/ros/humble/lib:/usr/local/cuda-12.6/lib64 PYTHONPATH=/home/robocatsorin/Desktop/RobotCode2025/ros2_ws/build/py_objectdetection/prefix_override:/usr/lib/python3/dist-packages/colcon_core/task/python/colcon_distutils_commands:/home/robocatsorin/Desktop/RobotCode2025/ros2_ws/install/py_objectdetection/lib/python3.10/site-packages:${PYTHONPATH} /usr/bin/python3 -W ignore:setup.py install is deprecated -W ignore:easy_install command is deprecated setup.py develop --editable --build-directory /home/robocatsorin/Desktop/RobotCode2025/ros2_ws/build/py_objectdetection/build --no-deps symlink_data --force
[1.922s] running develop
[2.349s] running egg_info
[2.349s] writing py_objectdetection.egg-info/PKG-INFO
[2.350s] writing dependency_links to py_objectdetection.egg-info/dependency_links.txt
[2.350s] writing entry points to py_objectdetection.egg-info/entry_points.txt
[2.351s] writing requirements to py_objectdetection.egg-info/requires.txt
[2.351s] writing top-level names to py_objectdetection.egg-info/top_level.txt
[2.356s] reading manifest file 'py_objectdetection.egg-info/SOURCES.txt'
[2.357s] writing manifest file 'py_objectdetection.egg-info/SOURCES.txt'
[2.361s] running build_ext
[2.362s] Creating /home/robocatsorin/Desktop/RobotCode2025/ros2_ws/install/py_objectdetection/lib/python3.10/site-packages/py-objectdetection.egg-link (link to .)
[2.363s] Installing detector script to /home/robocatsorin/Desktop/RobotCode2025/ros2_ws/install/py_objectdetection/lib/py_objectdetection
[2.364s] Installing mapper script to /home/robocatsorin/Desktop/RobotCode2025/ros2_ws/install/py_objectdetection/lib/py_objectdetection
[2.364s] Installing tester script to /home/robocatsorin/Desktop/RobotCode2025/ros2_ws/install/py_objectdetection/lib/py_objectdetection
[2.364s] 
[2.365s] Installed /home/robocatsorin/Desktop/RobotCode2025/ros2_ws/build/py_objectdetection
[2.365s] running symlink_data
[2.365s] symbolically linking /home/robocatsorin/Desktop/RobotCode2025/ros2_ws/build/py_objectdetection/resource/py_objectdetection -> /home/robocatsorin/Desktop/RobotCode2025/ros2_ws/install/py_objectdetection/share/ament_index/resource_index/packages
[2.365s] symbolically linking /home/robocatsorin/Desktop/RobotCode2025/ros2_ws/build/py_objectdetection/package.xml -> /home/robocatsorin/Desktop/RobotCode2025/ros2_ws/install/py_objectdetection/share/py_objectdetection
[2.455s] Invoked command in '/home/robocatsorin/Desktop/RobotCode2025/ros2_ws/build/py_objectdetection' returned '0': CMAKE_PREFIX_PATH=/home/robocatsorin/Desktop/RobotCode2025/ros2_ws/install/custom_interfaces:/home/robocatsorin/Desktop/RobotCode2025/ros2_ws/install/cpp_subcontroller LD_LIBRARY_PATH=/home/robocatsorin/Desktop/RobotCode2025/ros2_ws/install/custom_interfaces/lib:/opt/ros/humble/opt/rviz_ogre_vendor/lib:/opt/ros/humble/lib/aarch64-linux-gnu:/opt/ros/humble/lib:/usr/local/cuda-12.6/lib64 PYTHONPATH=/home/robocatsorin/Desktop/RobotCode2025/ros2_ws/build/py_objectdetection/prefix_override:/usr/lib/python3/dist-packages/colcon_core/task/python/colcon_distutils_commands:/home/robocatsorin/Desktop/RobotCode2025/ros2_ws/install/py_objectdetection/lib/python3.10/site-packages:${PYTHONPATH} /usr/bin/python3 -W ignore:setup.py install is deprecated -W ignore:easy_install command is deprecated setup.py develop --editable --build-directory /home/robocatsorin/Desktop/RobotCode2025/ros2_ws/build/py_objectdetection/build --no-deps symlink_data --force
