[2.614s] Invoking command in '/home/robocatsorin/Desktop/RobotCode2025/ros2_ws/src/py_objectdetection': CMAKE_PREFIX_PATH=/home/robocatsorin/Desktop/RobotCode2025/ros2_ws/install/custom_interfaces:/home/robocatsorin/Desktop/RobotCode2025/ros2_ws/install/cpp_subcontroller LD_LIBRARY_PATH=/home/robocatsorin/Desktop/RobotCode2025/ros2_ws/install/custom_interfaces/lib:/opt/ros/humble/opt/rviz_ogre_vendor/lib:/opt/ros/humble/lib/aarch64-linux-gnu:/opt/ros/humble/lib:/usr/local/cuda-12.6/lib64 PYTHONPATH=/home/robocatsorin/Desktop/RobotCode2025/ros2_ws/build/py_objectdetection/prefix_override:/usr/lib/python3/dist-packages/colcon_core/task/python/colcon_distutils_commands:/home/robocatsorin/Desktop/RobotCode2025/ros2_ws/install/py_objectdetection/lib/python3.10/site-packages:${PYTHONPATH} /usr/bin/python3 -W ignore:setup.py install is deprecated -W ignore:easy_install command is deprecated setup.py egg_info --egg-base ../../build/py_objectdetection build --build-base /home/robocatsorin/Desktop/RobotCode2025/ros2_ws/build/py_objectdetection/build install --record /home/robocatsorin/Desktop/RobotCode2025/ros2_ws/build/py_objectdetection/install.log --single-version-externally-managed install_data
[3.570s] running egg_info
[3.571s] writing ../../build/py_objectdetection/py_objectdetection.egg-info/PKG-INFO
[3.571s] writing dependency_links to ../../build/py_objectdetection/py_objectdetection.egg-info/dependency_links.txt
[3.571s] writing entry points to ../../build/py_objectdetection/py_objectdetection.egg-info/entry_points.txt
[3.572s] writing requirements to ../../build/py_objectdetection/py_objectdetection.egg-info/requires.txt
[3.572s] writing top-level names to ../../build/py_objectdetection/py_objectdetection.egg-info/top_level.txt
[3.577s] reading manifest file '../../build/py_objectdetection/py_objectdetection.egg-info/SOURCES.txt'
[3.577s] adding license file 'LICENSE'
[3.579s] writing manifest file '../../build/py_objectdetection/py_objectdetection.egg-info/SOURCES.txt'
[3.579s] running build
[3.579s] running build_py
[3.580s] running install
[3.581s] running install_lib
[3.584s] running install_data
[3.584s] running install_egg_info
[3.589s] removing '/home/robocatsorin/Desktop/RobotCode2025/ros2_ws/install/py_objectdetection/lib/python3.10/site-packages/py_objectdetection-0.0.0-py3.10.egg-info' (and everything under it)
[3.590s] Copying ../../build/py_objectdetection/py_objectdetection.egg-info to /home/robocatsorin/Desktop/RobotCode2025/ros2_ws/install/py_objectdetection/lib/python3.10/site-packages/py_objectdetection-0.0.0-py3.10.egg-info
[3.594s] running install_scripts
[3.649s] Installing detector script to /home/robocatsorin/Desktop/RobotCode2025/ros2_ws/install/py_objectdetection/lib/py_objectdetection
[3.649s] Installing mapper script to /home/robocatsorin/Desktop/RobotCode2025/ros2_ws/install/py_objectdetection/lib/py_objectdetection
[3.649s] Installing tester script to /home/robocatsorin/Desktop/RobotCode2025/ros2_ws/install/py_objectdetection/lib/py_objectdetection
[3.650s] writing list of installed files to '/home/robocatsorin/Desktop/RobotCode2025/ros2_ws/build/py_objectdetection/install.log'
[3.790s] Invoked command in '/home/robocatsorin/Desktop/RobotCode2025/ros2_ws/src/py_objectdetection' returned '0': CMAKE_PREFIX_PATH=/home/robocatsorin/Desktop/RobotCode2025/ros2_ws/install/custom_interfaces:/home/robocatsorin/Desktop/RobotCode2025/ros2_ws/install/cpp_subcontroller LD_LIBRARY_PATH=/home/robocatsorin/Desktop/RobotCode2025/ros2_ws/install/custom_interfaces/lib:/opt/ros/humble/opt/rviz_ogre_vendor/lib:/opt/ros/humble/lib/aarch64-linux-gnu:/opt/ros/humble/lib:/usr/local/cuda-12.6/lib64 PYTHONPATH=/home/robocatsorin/Desktop/RobotCode2025/ros2_ws/build/py_objectdetection/prefix_override:/usr/lib/python3/dist-packages/colcon_core/task/python/colcon_distutils_commands:/home/robocatsorin/Desktop/RobotCode2025/ros2_ws/install/py_objectdetection/lib/python3.10/site-packages:${PYTHONPATH} /usr/bin/python3 -W ignore:setup.py install is deprecated -W ignore:easy_install command is deprecated setup.py egg_info --egg-base ../../build/py_objectdetection build --build-base /home/robocatsorin/Desktop/RobotCode2025/ros2_ws/build/py_objectdetection/build install --record /home/robocatsorin/Desktop/RobotCode2025/ros2_ws/build/py_objectdetection/install.log --single-version-externally-managed install_data
