[0.049s] Invoking command in '/home/robocatsorin/Desktop/RobotCode2025/ros2_ws/build/cpp_subcontroller': CMAKE_PREFIX_PATH=/home/robocatsorin/Desktop/RobotCode2025/ros2_ws/install/custom_interfaces:/home/robocatsorin/Desktop/RobotCode2025/ros2_ws/install/usb_cam:/home/robocatsorin/Desktop/RobotCode2025/ros2_ws/install/cpp_subcontroller:/home/robocatsorin/Desktop/RobotCode2025/ros2_ws/install/py_sensors:/home/robocatsorin/Desktop/RobotCode2025/ros2_ws/install/py_objectdetection:/home/robocatsorin/Desktop/RobotCode2025/ros2_ws/install/py_motors:/opt/ros/humble LD_LIBRARY_PATH=/home/robocatsorin/Desktop/RobotCode2025/ros2_ws/install/custom_interfaces/lib:/home/robocatsorin/Desktop/RobotCode2025/ros2_ws/install/usb_cam/lib:/opt/ros/humble/opt/rviz_ogre_vendor/lib:/opt/ros/humble/lib/aarch64-linux-gnu:/opt/ros/humble/lib:/usr/local/cuda-12.6/lib64 /usr/bin/cmake --build /home/robocatsorin/Desktop/RobotCode2025/ros2_ws/build/cpp_subcontroller -- -j8 -l8
[1.167s] [35m[1mConsolidate compiler generated dependencies of target motion_director[0m
[1.167s] [35m[1mConsolidate compiler generated dependencies of target navigator[0m
[1.167s] [100%] Built target motion_director
[1.168s] [100%] Built target navigator
[1.945s] Invoked command in '/home/robocatsorin/Desktop/RobotCode2025/ros2_ws/build/cpp_subcontroller' returned '0': CMAKE_PREFIX_PATH=/home/robocatsorin/Desktop/RobotCode2025/ros2_ws/install/custom_interfaces:/home/robocatsorin/Desktop/RobotCode2025/ros2_ws/install/usb_cam:/home/robocatsorin/Desktop/RobotCode2025/ros2_ws/install/cpp_subcontroller:/home/robocatsorin/Desktop/RobotCode2025/ros2_ws/install/py_sensors:/home/robocatsorin/Desktop/RobotCode2025/ros2_ws/install/py_objectdetection:/home/robocatsorin/Desktop/RobotCode2025/ros2_ws/install/py_motors:/opt/ros/humble LD_LIBRARY_PATH=/home/robocatsorin/Desktop/RobotCode2025/ros2_ws/install/custom_interfaces/lib:/home/robocatsorin/Desktop/RobotCode2025/ros2_ws/install/usb_cam/lib:/opt/ros/humble/opt/rviz_ogre_vendor/lib:/opt/ros/humble/lib/aarch64-linux-gnu:/opt/ros/humble/lib:/usr/local/cuda-12.6/lib64 /usr/bin/cmake --build /home/robocatsorin/Desktop/RobotCode2025/ros2_ws/build/cpp_subcontroller -- -j8 -l8
[1.948s] Invoking command in '/home/robocatsorin/Desktop/RobotCode2025/ros2_ws/build/cpp_subcontroller': CMAKE_PREFIX_PATH=/home/robocatsorin/Desktop/RobotCode2025/ros2_ws/install/custom_interfaces:/home/robocatsorin/Desktop/RobotCode2025/ros2_ws/install/usb_cam:/home/robocatsorin/Desktop/RobotCode2025/ros2_ws/install/cpp_subcontroller:/home/robocatsorin/Desktop/RobotCode2025/ros2_ws/install/py_sensors:/home/robocatsorin/Desktop/RobotCode2025/ros2_ws/install/py_objectdetection:/home/robocatsorin/Desktop/RobotCode2025/ros2_ws/install/py_motors:/opt/ros/humble LD_LIBRARY_PATH=/home/robocatsorin/Desktop/RobotCode2025/ros2_ws/install/custom_interfaces/lib:/home/robocatsorin/Desktop/RobotCode2025/ros2_ws/install/usb_cam/lib:/opt/ros/humble/opt/rviz_ogre_vendor/lib:/opt/ros/humble/lib/aarch64-linux-gnu:/opt/ros/humble/lib:/usr/local/cuda-12.6/lib64 /usr/bin/cmake --install /home/robocatsorin/Desktop/RobotCode2025/ros2_ws/build/cpp_subcontroller
[2.970s] -- Install configuration: ""
[2.971s] -- Up-to-date: /home/robocatsorin/Desktop/RobotCode2025/ros2_ws/install/cpp_subcontroller/lib/cpp_subcontroller/motion_director
[2.972s] -- Up-to-date: /home/robocatsorin/Desktop/RobotCode2025/ros2_ws/install/cpp_subcontroller/lib/cpp_subcontroller/navigator
[2.973s] -- Up-to-date: /home/robocatsorin/Desktop/RobotCode2025/ros2_ws/install/cpp_subcontroller/share/ament_index/resource_index/package_run_dependencies/cpp_subcontroller
[2.973s] -- Up-to-date: /home/robocatsorin/Desktop/RobotCode2025/ros2_ws/install/cpp_subcontroller/share/ament_index/resource_index/parent_prefix_path/cpp_subcontroller
[2.973s] -- Up-to-date: /home/robocatsorin/Desktop/RobotCode2025/ros2_ws/install/cpp_subcontroller/share/cpp_subcontroller/environment/ament_prefix_path.sh
[2.974s] -- Up-to-date: /home/robocatsorin/Desktop/RobotCode2025/ros2_ws/install/cpp_subcontroller/share/cpp_subcontroller/environment/ament_prefix_path.dsv
[2.974s] -- Up-to-date: /home/robocatsorin/Desktop/RobotCode2025/ros2_ws/install/cpp_subcontroller/share/cpp_subcontroller/environment/path.sh
[2.975s] -- Up-to-date: /home/robocatsorin/Desktop/RobotCode2025/ros2_ws/install/cpp_subcontroller/share/cpp_subcontroller/environment/path.dsv
[2.975s] -- Up-to-date: /home/robocatsorin/Desktop/RobotCode2025/ros2_ws/install/cpp_subcontroller/share/cpp_subcontroller/local_setup.bash
[2.976s] -- Up-to-date: /home/robocatsorin/Desktop/RobotCode2025/ros2_ws/install/cpp_subcontroller/share/cpp_subcontroller/local_setup.sh
[2.976s] -- Up-to-date: /home/robocatsorin/Desktop/RobotCode2025/ros2_ws/install/cpp_subcontroller/share/cpp_subcontroller/local_setup.zsh
[2.976s] -- Up-to-date: /home/robocatsorin/Desktop/RobotCode2025/ros2_ws/install/cpp_subcontroller/share/cpp_subcontroller/local_setup.dsv
[2.976s] -- Installing: /home/robocatsorin/Desktop/RobotCode2025/ros2_ws/install/cpp_subcontroller/share/cpp_subcontroller/package.dsv
[2.977s] -- Up-to-date: /home/robocatsorin/Desktop/RobotCode2025/ros2_ws/install/cpp_subcontroller/share/ament_index/resource_index/packages/cpp_subcontroller
[2.977s] -- Up-to-date: /home/robocatsorin/Desktop/RobotCode2025/ros2_ws/install/cpp_subcontroller/share/cpp_subcontroller/cmake/cpp_subcontrollerConfig.cmake
[2.979s] -- Up-to-date: /home/robocatsorin/Desktop/RobotCode2025/ros2_ws/install/cpp_subcontroller/share/cpp_subcontroller/cmake/cpp_subcontrollerConfig-version.cmake
[2.979s] -- Up-to-date: /home/robocatsorin/Desktop/RobotCode2025/ros2_ws/install/cpp_subcontroller/share/cpp_subcontroller/package.xml
[2.995s] Invoked command in '/home/robocatsorin/Desktop/RobotCode2025/ros2_ws/build/cpp_subcontroller' returned '0': CMAKE_PREFIX_PATH=/home/robocatsorin/Desktop/RobotCode2025/ros2_ws/install/custom_interfaces:/home/robocatsorin/Desktop/RobotCode2025/ros2_ws/install/usb_cam:/home/robocatsorin/Desktop/RobotCode2025/ros2_ws/install/cpp_subcontroller:/home/robocatsorin/Desktop/RobotCode2025/ros2_ws/install/py_sensors:/home/robocatsorin/Desktop/RobotCode2025/ros2_ws/install/py_objectdetection:/home/robocatsorin/Desktop/RobotCode2025/ros2_ws/install/py_motors:/opt/ros/humble LD_LIBRARY_PATH=/home/robocatsorin/Desktop/RobotCode2025/ros2_ws/install/custom_interfaces/lib:/home/robocatsorin/Desktop/RobotCode2025/ros2_ws/install/usb_cam/lib:/opt/ros/humble/opt/rviz_ogre_vendor/lib:/opt/ros/humble/lib/aarch64-linux-gnu:/opt/ros/humble/lib:/usr/local/cuda-12.6/lib64 /usr/bin/cmake --install /home/robocatsorin/Desktop/RobotCode2025/ros2_ws/build/cpp_subcontroller
