running egg_info
writing ../../build/py_motors/py_motors.egg-info/PKG-INFO
writing dependency_links to ../../build/py_motors/py_motors.egg-info/dependency_links.txt
writing entry points to ../../build/py_motors/py_motors.egg-info/entry_points.txt
writing requirements to ../../build/py_motors/py_motors.egg-info/requires.txt
writing top-level names to ../../build/py_motors/py_motors.egg-info/top_level.txt
reading manifest file '../../build/py_motors/py_motors.egg-info/SOURCES.txt'
adding license file 'LICENSE'
writing manifest file '../../build/py_motors/py_motors.egg-info/SOURCES.txt'
running build
running build_py
copying py_motors/keyboard_input.py -> /home/robocatsorin/Desktop/RobotCode2025/ros2_ws/build/py_motors/build/lib/py_motors
running install
running install_lib
copying /home/robocatsorin/Desktop/RobotCode2025/ros2_ws/build/py_motors/build/lib/py_motors/keyboard_input.py -> /home/robocatsorin/Desktop/RobotCode2025/ros2_ws/install/py_motors/lib/python3.10/site-packages/py_motors
byte-compiling /home/robocatsorin/Desktop/RobotCode2025/ros2_ws/install/py_motors/lib/python3.10/site-packages/py_motors/keyboard_input.py to keyboard_input.cpython-310.pyc
running install_data
running install_egg_info
removing '/home/robocatsorin/Desktop/RobotCode2025/ros2_ws/install/py_motors/lib/python3.10/site-packages/py_motors-0.0.0-py3.10.egg-info' (and everything under it)
Copying ../../build/py_motors/py_motors.egg-info to /home/robocatsorin/Desktop/RobotCode2025/ros2_ws/install/py_motors/lib/python3.10/site-packages/py_motors-0.0.0-py3.10.egg-info
running install_scripts
Installing keyboard_controller script to /home/robocatsorin/Desktop/RobotCode2025/ros2_ws/install/py_motors/lib/py_motors
Installing motor_conductor script to /home/robocatsorin/Desktop/RobotCode2025/ros2_ws/install/py_motors/lib/py_motors
Installing motor_controller script to /home/robocatsorin/Desktop/RobotCode2025/ros2_ws/install/py_motors/lib/py_motors
writing list of installed files to '/home/robocatsorin/Desktop/RobotCode2025/ros2_ws/build/py_motors/install.log'
