[0.032s] Invoking command in '/home/robocatsorin/Desktop/RobotCode2025/ros2_ws/build/custom_interfaces': CMAKE_PREFIX_PATH=${CMAKE_PREFIX_PATH}:/home/robocatsorin/Desktop/RobotCode2025/ros2_ws/install/py_sensors:/home/robocatsorin/Desktop/RobotCode2025/ros2_ws/install/py_objectdetection:/home/robocatsorin/Desktop/RobotCode2025/ros2_ws/install/py_motors:/opt/ros/humble /usr/bin/cmake /home/robocatsorin/Desktop/RobotCode2025/ros2_ws/src/custom_interfaces -DCMAKE_INSTALL_PREFIX=/home/robocatsorin/Desktop/RobotCode2025/ros2_ws/install/custom_interfaces
[0.163s] -- The C compiler identification is GNU 11.4.0
[0.267s] -- The CXX compiler identification is GNU 11.4.0
[0.284s] -- Detecting C compiler ABI info
[0.416s] -- Detecting C compiler ABI info - done
[0.438s] -- Check for working C compiler: /usr/bin/cc - skipped
[0.439s] -- Detecting C compile features
[0.441s] -- Detecting C compile features - done
[0.452s] -- Detecting CXX compiler ABI info
[0.605s] -- Detecting CXX compiler ABI info - done
[0.620s] -- Check for working CXX compiler: /usr/bin/c++ - skipped
[0.621s] -- Detecting CXX compile features
[0.622s] -- Detecting CXX compile features - done
[0.633s] -- Found ament_cmake: 1.3.11 (/opt/ros/humble/share/ament_cmake/cmake)
[0.955s] -- Found Python3: /usr/bin/python3 (found version "3.10.12") found components: Interpreter 
[1.154s] -- Found geometry_msgs: 4.8.0 (/opt/ros/humble/share/geometry_msgs/cmake)
[1.223s] -- Found rosidl_generator_c: 3.1.6 (/opt/ros/humble/share/rosidl_generator_c/cmake)
[1.235s] -- Found rosidl_adapter: 3.1.6 (/opt/ros/humble/share/rosidl_adapter/cmake)
[1.250s] -- Found rosidl_generator_cpp: 3.1.6 (/opt/ros/humble/share/rosidl_generator_cpp/cmake)
[1.271s] -- Using all available rosidl_typesupport_c: rosidl_typesupport_fastrtps_c;rosidl_typesupport_introspection_c
[1.299s] -- Using all available rosidl_typesupport_cpp: rosidl_typesupport_fastrtps_cpp;rosidl_typesupport_introspection_cpp
[1.366s] -- Found sensor_msgs: 4.8.0 (/opt/ros/humble/share/sensor_msgs/cmake)
[1.395s] -- Found rosidl_default_generators: 1.2.0 (/opt/ros/humble/share/rosidl_default_generators/cmake)
[1.816s] [31mCMake Error at /opt/ros/humble/share/rosidl_adapter/cmake/rosidl_adapt_interfaces.cmake:59 (message):
[1.817s]   execute_process(/usr/bin/python3 -m rosidl_adapter --package-name
[1.817s]   custom_interfaces --arguments-file
[1.817s]   /home/robocatsorin/Desktop/RobotCode2025/ros2_ws/build/custom_interfaces/rosidl_adapter__arguments__custom_interfaces.json
[1.817s]   --output-dir
[1.818s]   /home/robocatsorin/Desktop/RobotCode2025/ros2_ws/build/custom_interfaces/rosidl_adapter/custom_interfaces
[1.818s]   --output-file
[1.818s]   /home/robocatsorin/Desktop/RobotCode2025/ros2_ws/build/custom_interfaces/rosidl_adapter/custom_interfaces.idls)
[1.818s]   returned error code 1:
[1.818s] 
[1.818s]   Error with: custom_interfaces WorldMap geometry_msgs/Polygon[]
[1.819s] 
[1.819s]   Traceback (most recent call last):
[1.819s] 
[1.819s]     File "/usr/lib/python3.10/runpy.py", line 196, in _run_module_as_main
[1.819s]       return _run_code(code, main_globals, None,
[1.819s]     File "/usr/lib/python3.10/runpy.py", line 86, in _run_code
[1.819s]       exec(code, run_globals)
[1.820s]     File "/opt/ros/humble/local/lib/python3.10/dist-packages/rosidl_adapter/__main__.py", line 19, in <module>
[1.820s]       sys.exit(main())
[1.820s]     File "/opt/ros/humble/local/lib/python3.10/dist-packages/rosidl_adapter/main.py", line 53, in main
[1.820s]       abs_idl_file = convert_to_idl(
[1.820s]     File "/opt/ros/humble/local/lib/python3.10/dist-packages/rosidl_adapter/__init__.py", line 19, in convert_to_idl
[1.820s]       return convert_msg_to_idl(
[1.820s]     File "/opt/ros/humble/local/lib/python3.10/dist-packages/rosidl_adapter/msg/__init__.py", line 28, in convert_msg_to_idl
[1.820s]       msg = parse_message_string(package_name, input_file.stem, content)
[1.821s]     File "/opt/ros/humble/local/lib/python3.10/dist-packages/rosidl_adapter/parser.py", line 510, in parse_message_string
[1.821s]       raise InvalidFieldDefinition(line)
[1.821s] 
[1.821s]   rosidl_adapter.parser.InvalidFieldDefinition: geometry_msgs/Polygon[]
[1.821s] 
[1.821s] Call Stack (most recent call first):
[1.821s]   /opt/ros/humble/share/rosidl_cmake/cmake/rosidl_generate_interfaces.cmake:130 (rosidl_adapt_interfaces)
[1.821s]   CMakeLists.txt:15 (rosidl_generate_interfaces)
[1.822s] 
[1.822s] [0m
[1.822s] -- Configuring incomplete, errors occurred!
[1.822s] See also "/home/robocatsorin/Desktop/RobotCode2025/ros2_ws/build/custom_interfaces/CMakeFiles/CMakeOutput.log".
[1.842s] Invoked command in '/home/robocatsorin/Desktop/RobotCode2025/ros2_ws/build/custom_interfaces' returned '1': CMAKE_PREFIX_PATH=${CMAKE_PREFIX_PATH}:/home/robocatsorin/Desktop/RobotCode2025/ros2_ws/install/py_sensors:/home/robocatsorin/Desktop/RobotCode2025/ros2_ws/install/py_objectdetection:/home/robocatsorin/Desktop/RobotCode2025/ros2_ws/install/py_motors:/opt/ros/humble /usr/bin/cmake /home/robocatsorin/Desktop/RobotCode2025/ros2_ws/src/custom_interfaces -DCMAKE_INSTALL_PREFIX=/home/robocatsorin/Desktop/RobotCode2025/ros2_ws/install/custom_interfaces
