[0.050s] Invoking command in '/home/robocatsorin/Desktop/RobotCode2025/ros2_ws/build/cpp_subcontroller': CMAKE_PREFIX_PATH=/home/robocatsorin/Desktop/RobotCode2025/ros2_ws/install/custom_interfaces:/home/robocatsorin/Desktop/RobotCode2025/ros2_ws/install/usb_cam:/home/robocatsorin/Desktop/RobotCode2025/ros2_ws/install/cpp_subcontroller:/home/robocatsorin/Desktop/RobotCode2025/ros2_ws/install/py_sensors:/home/robocatsorin/Desktop/RobotCode2025/ros2_ws/install/py_objectdetection:/home/robocatsorin/Desktop/RobotCode2025/ros2_ws/install/py_motors:/opt/ros/humble LD_LIBRARY_PATH=/home/robocatsorin/Desktop/RobotCode2025/ros2_ws/install/custom_interfaces/lib:/home/robocatsorin/Desktop/RobotCode2025/ros2_ws/install/usb_cam/lib:/opt/ros/humble/opt/rviz_ogre_vendor/lib:/opt/ros/humble/lib/aarch64-linux-gnu:/opt/ros/humble/lib:/usr/local/cuda-12.6/lib64 /usr/bin/cmake --build /home/robocatsorin/Desktop/RobotCode2025/ros2_ws/build/cpp_subcontroller -- -j8 -l8
[1.171s] [ 50%] Built target motion_director
[1.173s] [100%] Built target navigator
[1.745s] Invoked command in '/home/robocatsorin/Desktop/RobotCode2025/ros2_ws/build/cpp_subcontroller' returned '0': CMAKE_PREFIX_PATH=/home/robocatsorin/Desktop/RobotCode2025/ros2_ws/install/custom_interfaces:/home/robocatsorin/Desktop/RobotCode2025/ros2_ws/install/usb_cam:/home/robocatsorin/Desktop/RobotCode2025/ros2_ws/install/cpp_subcontroller:/home/robocatsorin/Desktop/RobotCode2025/ros2_ws/install/py_sensors:/home/robocatsorin/Desktop/RobotCode2025/ros2_ws/install/py_objectdetection:/home/robocatsorin/Desktop/RobotCode2025/ros2_ws/install/py_motors:/opt/ros/humble LD_LIBRARY_PATH=/home/robocatsorin/Desktop/RobotCode2025/ros2_ws/install/custom_interfaces/lib:/home/robocatsorin/Desktop/RobotCode2025/ros2_ws/install/usb_cam/lib:/opt/ros/humble/opt/rviz_ogre_vendor/lib:/opt/ros/humble/lib/aarch64-linux-gnu:/opt/ros/humble/lib:/usr/local/cuda-12.6/lib64 /usr/bin/cmake --build /home/robocatsorin/Desktop/RobotCode2025/ros2_ws/build/cpp_subcontroller -- -j8 -l8
[1.752s] Invoking command in '/home/robocatsorin/Desktop/RobotCode2025/ros2_ws/build/cpp_subcontroller': CMAKE_PREFIX_PATH=/home/robocatsorin/Desktop/RobotCode2025/ros2_ws/install/custom_interfaces:/home/robocatsorin/Desktop/RobotCode2025/ros2_ws/install/usb_cam:/home/robocatsorin/Desktop/RobotCode2025/ros2_ws/install/cpp_subcontroller:/home/robocatsorin/Desktop/RobotCode2025/ros2_ws/install/py_sensors:/home/robocatsorin/Desktop/RobotCode2025/ros2_ws/install/py_objectdetection:/home/robocatsorin/Desktop/RobotCode2025/ros2_ws/install/py_motors:/opt/ros/humble LD_LIBRARY_PATH=/home/robocatsorin/Desktop/RobotCode2025/ros2_ws/install/custom_interfaces/lib:/home/robocatsorin/Desktop/RobotCode2025/ros2_ws/install/usb_cam/lib:/opt/ros/humble/opt/rviz_ogre_vendor/lib:/opt/ros/humble/lib/aarch64-linux-gnu:/opt/ros/humble/lib:/usr/local/cuda-12.6/lib64 /usr/bin/cmake --install /home/robocatsorin/Desktop/RobotCode2025/ros2_ws/build/cpp_subcontroller
[1.778s] -- Install configuration: ""
[1.779s] -- Up-to-date: /home/robocatsorin/Desktop/RobotCode2025/ros2_ws/install/cpp_subcontroller/lib/cpp_subcontroller/motion_director
[1.779s] -- Up-to-date: /home/robocatsorin/Desktop/RobotCode2025/ros2_ws/install/cpp_subcontroller/lib/cpp_subcontroller/navigator
[1.779s] -- Up-to-date: /home/robocatsorin/Desktop/RobotCode2025/ros2_ws/install/cpp_subcontroller/share/ament_index/resource_index/package_run_dependencies/cpp_subcontroller
[1.780s] -- Up-to-date: /home/robocatsorin/Desktop/RobotCode2025/ros2_ws/install/cpp_subcontroller/share/ament_index/resource_index/parent_prefix_path/cpp_subcontroller
[1.780s] -- Up-to-date: /home/robocatsorin/Desktop/RobotCode2025/ros2_ws/install/cpp_subcontroller/share/cpp_subcontroller/environment/ament_prefix_path.sh
[1.780s] -- Up-to-date: /home/robocatsorin/Desktop/RobotCode2025/ros2_ws/install/cpp_subcontroller/share/cpp_subcontroller/environment/ament_prefix_path.dsv
[1.780s] -- Up-to-date: /home/robocatsorin/Desktop/RobotCode2025/ros2_ws/install/cpp_subcontroller/share/cpp_subcontroller/environment/path.sh
[1.781s] -- Up-to-date: /home/robocatsorin/Desktop/RobotCode2025/ros2_ws/install/cpp_subcontroller/share/cpp_subcontroller/environment/path.dsv
[1.781s] -- Up-to-date: /home/robocatsorin/Desktop/RobotCode2025/ros2_ws/install/cpp_subcontroller/share/cpp_subcontroller/local_setup.bash
[1.782s] -- Up-to-date: /home/robocatsorin/Desktop/RobotCode2025/ros2_ws/install/cpp_subcontroller/share/cpp_subcontroller/local_setup.sh
[1.782s] -- Up-to-date: /home/robocatsorin/Desktop/RobotCode2025/ros2_ws/install/cpp_subcontroller/share/cpp_subcontroller/local_setup.zsh
[1.782s] -- Up-to-date: /home/robocatsorin/Desktop/RobotCode2025/ros2_ws/install/cpp_subcontroller/share/cpp_subcontroller/local_setup.dsv
[1.782s] -- Installing: /home/robocatsorin/Desktop/RobotCode2025/ros2_ws/install/cpp_subcontroller/share/cpp_subcontroller/package.dsv
[1.782s] -- Up-to-date: /home/robocatsorin/Desktop/RobotCode2025/ros2_ws/install/cpp_subcontroller/share/ament_index/resource_index/packages/cpp_subcontroller
[1.782s] -- Up-to-date: /home/robocatsorin/Desktop/RobotCode2025/ros2_ws/install/cpp_subcontroller/share/cpp_subcontroller/cmake/cpp_subcontrollerConfig.cmake
[1.783s] -- Up-to-date: /home/robocatsorin/Desktop/RobotCode2025/ros2_ws/install/cpp_subcontroller/share/cpp_subcontroller/cmake/cpp_subcontrollerConfig-version.cmake
[1.783s] -- Up-to-date: /home/robocatsorin/Desktop/RobotCode2025/ros2_ws/install/cpp_subcontroller/share/cpp_subcontroller/package.xml
[1.783s] Invoked command in '/home/robocatsorin/Desktop/RobotCode2025/ros2_ws/build/cpp_subcontroller' returned '0': CMAKE_PREFIX_PATH=/home/robocatsorin/Desktop/RobotCode2025/ros2_ws/install/custom_interfaces:/home/robocatsorin/Desktop/RobotCode2025/ros2_ws/install/usb_cam:/home/robocatsorin/Desktop/RobotCode2025/ros2_ws/install/cpp_subcontroller:/home/robocatsorin/Desktop/RobotCode2025/ros2_ws/install/py_sensors:/home/robocatsorin/Desktop/RobotCode2025/ros2_ws/install/py_objectdetection:/home/robocatsorin/Desktop/RobotCode2025/ros2_ws/install/py_motors:/opt/ros/humble LD_LIBRARY_PATH=/home/robocatsorin/Desktop/RobotCode2025/ros2_ws/install/custom_interfaces/lib:/home/robocatsorin/Desktop/RobotCode2025/ros2_ws/install/usb_cam/lib:/opt/ros/humble/opt/rviz_ogre_vendor/lib:/opt/ros/humble/lib/aarch64-linux-gnu:/opt/ros/humble/lib:/usr/local/cuda-12.6/lib64 /usr/bin/cmake --install /home/robocatsorin/Desktop/RobotCode2025/ros2_ws/build/cpp_subcontroller
