running egg_info
creating ../../build/py_sensors/py_sensors.egg-info
writing ../../build/py_sensors/py_sensors.egg-info/PKG-INFO
writing dependency_links to ../../build/py_sensors/py_sensors.egg-info/dependency_links.txt
writing entry points to ../../build/py_sensors/py_sensors.egg-info/entry_points.txt
writing requirements to ../../build/py_sensors/py_sensors.egg-info/requires.txt
writing top-level names to ../../build/py_sensors/py_sensors.egg-info/top_level.txt
writing manifest file '../../build/py_sensors/py_sensors.egg-info/SOURCES.txt'
reading manifest file '../../build/py_sensors/py_sensors.egg-info/SOURCES.txt'
adding license file 'LICENSE'
writing manifest file '../../build/py_sensors/py_sensors.egg-info/SOURCES.txt'
running build
running build_py
creating /home/robocats/Desktop/RobotCode2025/ros2_ws/build/py_sensors/build
creating /home/robocats/Desktop/RobotCode2025/ros2_ws/build/py_sensors/build/lib
creating /home/robocats/Desktop/RobotCode2025/ros2_ws/build/py_sensors/build/lib/py_sensors
copying py_sensors/depth_publisher.py -> /home/robocats/Desktop/RobotCode2025/ros2_ws/build/py_sensors/build/lib/py_sensors
copying py_sensors/BAR02.py -> /home/robocats/Desktop/RobotCode2025/ros2_ws/build/py_sensors/build/lib/py_sensors
copying py_sensors/imu_publisher.py -> /home/robocats/Desktop/RobotCode2025/ros2_ws/build/py_sensors/build/lib/py_sensors
copying py_sensors/BNO.py -> /home/robocats/Desktop/RobotCode2025/ros2_ws/build/py_sensors/build/lib/py_sensors
copying py_sensors/__init__.py -> /home/robocats/Desktop/RobotCode2025/ros2_ws/build/py_sensors/build/lib/py_sensors
creating /home/robocats/Desktop/RobotCode2025/ros2_ws/build/py_sensors/build/lib/py_sensors/ms5837
copying py_sensors/ms5837/__init__.py -> /home/robocats/Desktop/RobotCode2025/ros2_ws/build/py_sensors/build/lib/py_sensors/ms5837
copying py_sensors/ms5837/ms5837.py -> /home/robocats/Desktop/RobotCode2025/ros2_ws/build/py_sensors/build/lib/py_sensors/ms5837
running install
running install_lib
running install_data
running install_egg_info
removing '/home/robocats/Desktop/RobotCode2025/ros2_ws/install/py_sensors/lib/python3.10/site-packages/py_sensors-0.0.0-py3.10.egg-info' (and everything under it)
Copying ../../build/py_sensors/py_sensors.egg-info to /home/robocats/Desktop/RobotCode2025/ros2_ws/install/py_sensors/lib/python3.10/site-packages/py_sensors-0.0.0-py3.10.egg-info
running install_scripts
Installing bar02 script to /home/robocats/Desktop/RobotCode2025/ros2_ws/install/py_sensors/lib/py_sensors
Installing camera script to /home/robocats/Desktop/RobotCode2025/ros2_ws/install/py_sensors/lib/py_sensors
Installing imu script to /home/robocats/Desktop/RobotCode2025/ros2_ws/install/py_sensors/lib/py_sensors
writing list of installed files to '/home/robocats/Desktop/RobotCode2025/ros2_ws/build/py_sensors/install.log'
