[2.478s] Invoking command in '/home/robocatsorin/Desktop/RobotCode2025/ros2_ws/src/py_sensors': CMAKE_PREFIX_PATH=/home/robocatsorin/Desktop/RobotCode2025/ros2_ws/install/custom_interfaces:/home/robocatsorin/Desktop/RobotCode2025/ros2_ws/install/usb_cam:/home/robocatsorin/Desktop/RobotCode2025/ros2_ws/install/cpp_subcontroller LD_LIBRARY_PATH=/home/robocatsorin/Desktop/RobotCode2025/ros2_ws/install/custom_interfaces/lib:/home/robocatsorin/Desktop/RobotCode2025/ros2_ws/install/usb_cam/lib:/opt/ros/humble/opt/rviz_ogre_vendor/lib:/opt/ros/humble/lib/aarch64-linux-gnu:/opt/ros/humble/lib:/usr/local/cuda-12.6/lib64 PYTHONPATH=/home/robocatsorin/Desktop/RobotCode2025/ros2_ws/build/py_sensors/prefix_override:/usr/lib/python3/dist-packages/colcon_core/task/python/colcon_distutils_commands:/home/robocatsorin/Desktop/RobotCode2025/ros2_ws/install/py_sensors/lib/python3.10/site-packages:${PYTHONPATH} /usr/bin/python3 -W ignore:setup.py install is deprecated -W ignore:easy_install command is deprecated setup.py egg_info --egg-base ../../build/py_sensors build --build-base /home/robocatsorin/Desktop/RobotCode2025/ros2_ws/build/py_sensors/build install --record /home/robocatsorin/Desktop/RobotCode2025/ros2_ws/build/py_sensors/install.log --single-version-externally-managed install_data
[2.988s] running egg_info
[2.989s] writing ../../build/py_sensors/py_sensors.egg-info/PKG-INFO
[2.990s] writing dependency_links to ../../build/py_sensors/py_sensors.egg-info/dependency_links.txt
[2.990s] writing entry points to ../../build/py_sensors/py_sensors.egg-info/entry_points.txt
[2.991s] writing requirements to ../../build/py_sensors/py_sensors.egg-info/requires.txt
[2.991s] writing top-level names to ../../build/py_sensors/py_sensors.egg-info/top_level.txt
[2.996s] reading manifest file '../../build/py_sensors/py_sensors.egg-info/SOURCES.txt'
[2.996s] adding license file 'LICENSE'
[2.998s] writing manifest file '../../build/py_sensors/py_sensors.egg-info/SOURCES.txt'
[2.998s] running build
[2.998s] running build_py
[3.000s] running install
[3.000s] running install_lib
[3.004s] running install_data
[3.005s] running install_egg_info
[3.008s] removing '/home/robocatsorin/Desktop/RobotCode2025/ros2_ws/install/py_sensors/lib/python3.10/site-packages/py_sensors-0.0.0-py3.10.egg-info' (and everything under it)
[3.009s] Copying ../../build/py_sensors/py_sensors.egg-info to /home/robocatsorin/Desktop/RobotCode2025/ros2_ws/install/py_sensors/lib/python3.10/site-packages/py_sensors-0.0.0-py3.10.egg-info
[3.011s] running install_scripts
[3.059s] Installing bar02 script to /home/robocatsorin/Desktop/RobotCode2025/ros2_ws/install/py_sensors/lib/py_sensors
[3.059s] Installing camera script to /home/robocatsorin/Desktop/RobotCode2025/ros2_ws/install/py_sensors/lib/py_sensors
[3.060s] Installing imu script to /home/robocatsorin/Desktop/RobotCode2025/ros2_ws/install/py_sensors/lib/py_sensors
[3.060s] writing list of installed files to '/home/robocatsorin/Desktop/RobotCode2025/ros2_ws/build/py_sensors/install.log'
[3.163s] Invoked command in '/home/robocatsorin/Desktop/RobotCode2025/ros2_ws/src/py_sensors' returned '0': CMAKE_PREFIX_PATH=/home/robocatsorin/Desktop/RobotCode2025/ros2_ws/install/custom_interfaces:/home/robocatsorin/Desktop/RobotCode2025/ros2_ws/install/usb_cam:/home/robocatsorin/Desktop/RobotCode2025/ros2_ws/install/cpp_subcontroller LD_LIBRARY_PATH=/home/robocatsorin/Desktop/RobotCode2025/ros2_ws/install/custom_interfaces/lib:/home/robocatsorin/Desktop/RobotCode2025/ros2_ws/install/usb_cam/lib:/opt/ros/humble/opt/rviz_ogre_vendor/lib:/opt/ros/humble/lib/aarch64-linux-gnu:/opt/ros/humble/lib:/usr/local/cuda-12.6/lib64 PYTHONPATH=/home/robocatsorin/Desktop/RobotCode2025/ros2_ws/build/py_sensors/prefix_override:/usr/lib/python3/dist-packages/colcon_core/task/python/colcon_distutils_commands:/home/robocatsorin/Desktop/RobotCode2025/ros2_ws/install/py_sensors/lib/python3.10/site-packages:${PYTHONPATH} /usr/bin/python3 -W ignore:setup.py install is deprecated -W ignore:easy_install command is deprecated setup.py egg_info --egg-base ../../build/py_sensors build --build-base /home/robocatsorin/Desktop/RobotCode2025/ros2_ws/build/py_sensors/build install --record /home/robocatsorin/Desktop/RobotCode2025/ros2_ws/build/py_sensors/install.log --single-version-externally-managed install_data
