[0.026s] Invoking command in '/home/robocatsorin/Desktop/RobotCode2025/ros2_ws/build/custom_interfaces': CMAKE_PREFIX_PATH=${CMAKE_PREFIX_PATH}:/home/robocatsorin/Desktop/RobotCode2025/ros2_ws/install/py_sensors:/home/robocatsorin/Desktop/RobotCode2025/ros2_ws/install/py_objectdetection:/home/robocatsorin/Desktop/RobotCode2025/ros2_ws/install/py_motors:/opt/ros/humble /usr/bin/cmake --build /home/robocatsorin/Desktop/RobotCode2025/ros2_ws/build/custom_interfaces -- -j8 -l8
[0.077s] -- Found ament_cmake: 1.3.11 (/opt/ros/humble/share/ament_cmake/cmake)
[0.354s] -- Found geometry_msgs: 4.8.0 (/opt/ros/humble/share/geometry_msgs/cmake)
[0.419s] -- Found rosidl_generator_c: 3.1.6 (/opt/ros/humble/share/rosidl_generator_c/cmake)
[0.423s] -- Found rosidl_adapter: 3.1.6 (/opt/ros/humble/share/rosidl_adapter/cmake)
[0.433s] -- Found rosidl_generator_cpp: 3.1.6 (/opt/ros/humble/share/rosidl_generator_cpp/cmake)
[0.448s] -- Using all available rosidl_typesupport_c: rosidl_typesupport_fastrtps_c;rosidl_typesupport_introspection_c
[0.468s] -- Using all available rosidl_typesupport_cpp: rosidl_typesupport_fastrtps_cpp;rosidl_typesupport_introspection_cpp
[0.525s] -- Found sensor_msgs: 4.8.0 (/opt/ros/humble/share/sensor_msgs/cmake)
[0.551s] -- Found rosidl_default_generators: 1.2.0 (/opt/ros/humble/share/rosidl_default_generators/cmake)
[0.971s] [31mCMake Error at /opt/ros/humble/share/rosidl_adapter/cmake/rosidl_adapt_interfaces.cmake:59 (message):
[0.971s]   execute_process(/usr/bin/python3 -m rosidl_adapter --package-name
[0.972s]   custom_interfaces --arguments-file
[0.972s]   /home/robocatsorin/Desktop/RobotCode2025/ros2_ws/build/custom_interfaces/rosidl_adapter__arguments__custom_interfaces.json
[0.972s]   --output-dir
[0.973s]   /home/robocatsorin/Desktop/RobotCode2025/ros2_ws/build/custom_interfaces/rosidl_adapter/custom_interfaces
[0.973s]   --output-file
[0.973s]   /home/robocatsorin/Desktop/RobotCode2025/ros2_ws/build/custom_interfaces/rosidl_adapter/custom_interfaces.idls)
[0.973s]   returned error code 1:
[0.974s] 
[0.974s]   Error with: custom_interfaces WorldMap geometry_msgs/Polygon[]
[0.974s] 
[0.974s]   Traceback (most recent call last):
[0.975s] 
[0.975s]     File "/usr/lib/python3.10/runpy.py", line 196, in _run_module_as_main
[0.975s]       return _run_code(code, main_globals, None,
[0.975s]     File "/usr/lib/python3.10/runpy.py", line 86, in _run_code
[0.976s]       exec(code, run_globals)
[0.976s]     File "/opt/ros/humble/local/lib/python3.10/dist-packages/rosidl_adapter/__main__.py", line 19, in <module>
[0.976s]       sys.exit(main())
[0.976s]     File "/opt/ros/humble/local/lib/python3.10/dist-packages/rosidl_adapter/main.py", line 53, in main
[0.977s]       abs_idl_file = convert_to_idl(
[0.977s]     File "/opt/ros/humble/local/lib/python3.10/dist-packages/rosidl_adapter/__init__.py", line 19, in convert_to_idl
[0.977s]       return convert_msg_to_idl(
[0.978s]     File "/opt/ros/humble/local/lib/python3.10/dist-packages/rosidl_adapter/msg/__init__.py", line 28, in convert_msg_to_idl
[0.978s]       msg = parse_message_string(package_name, input_file.stem, content)
[0.978s]     File "/opt/ros/humble/local/lib/python3.10/dist-packages/rosidl_adapter/parser.py", line 510, in parse_message_string
[0.978s]       raise InvalidFieldDefinition(line)
[0.979s] 
[0.980s]   rosidl_adapter.parser.InvalidFieldDefinition: geometry_msgs/Polygon[]
[0.980s] 
[0.980s] Call Stack (most recent call first):
[0.980s]   /opt/ros/humble/share/rosidl_cmake/cmake/rosidl_generate_interfaces.cmake:130 (rosidl_adapt_interfaces)
[0.980s]   CMakeLists.txt:15 (rosidl_generate_interfaces)
[0.980s] 
[0.981s] [0m
[0.981s] -- Configuring incomplete, errors occurred!
[0.981s] See also "/home/robocatsorin/Desktop/RobotCode2025/ros2_ws/build/custom_interfaces/CMakeFiles/CMakeOutput.log".
[0.992s] gmake: *** [Makefile:2907: cmake_check_build_system] Error 1
[0.996s] Invoked command in '/home/robocatsorin/Desktop/RobotCode2025/ros2_ws/build/custom_interfaces' returned '2': CMAKE_PREFIX_PATH=${CMAKE_PREFIX_PATH}:/home/robocatsorin/Desktop/RobotCode2025/ros2_ws/install/py_sensors:/home/robocatsorin/Desktop/RobotCode2025/ros2_ws/install/py_objectdetection:/home/robocatsorin/Desktop/RobotCode2025/ros2_ws/install/py_motors:/opt/ros/humble /usr/bin/cmake --build /home/robocatsorin/Desktop/RobotCode2025/ros2_ws/build/custom_interfaces -- -j8 -l8
